[2020-12-22 14:40:00,196] {taskinstance.py:655} INFO - Dependencies all met for <TaskInstance: loan_prediction_train_model.preprocess_data 2020-12-22T14:38:54.958604+00:00 [queued]>
[2020-12-22 14:40:00,210] {taskinstance.py:655} INFO - Dependencies all met for <TaskInstance: loan_prediction_train_model.preprocess_data 2020-12-22T14:38:54.958604+00:00 [queued]>
[2020-12-22 14:40:00,211] {taskinstance.py:866} INFO - 
--------------------------------------------------------------------------------
[2020-12-22 14:40:00,211] {taskinstance.py:867} INFO - Starting attempt 2 of 6
[2020-12-22 14:40:00,211] {taskinstance.py:868} INFO - 
--------------------------------------------------------------------------------
[2020-12-22 14:40:00,222] {taskinstance.py:887} INFO - Executing <Task(LivyBatchOperator): preprocess_data> on 2020-12-22T14:38:54.958604+00:00
[2020-12-22 14:40:00,225] {standard_task_runner.py:53} INFO - Started process 2387 to run task
[2020-12-22 14:40:00,285] {logging_mixin.py:112} INFO - Running %s on host %s <TaskInstance: loan_prediction_train_model.preprocess_data 2020-12-22T14:38:54.958604+00:00 [running]> 6e29624e1b8e
[2020-12-22 14:40:00,318] {logging_mixin.py:112} INFO - [2020-12-22 14:40:00,318] {batch.py:214} INFO - Submitting the batch to Livy... Payload:
{
  "file": "s3a://alanchn31-loan-default-prediction/dist/main.py",
  "args": [
    "--job",
    "preprocess_data",
    "--phase",
    "train",
    "--mode",
    "aws",
    "--awsKey",
    "AKIAUW4FKHTMR2UR3INH",
    "--awsSecretKey",
    "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",
    "--s3Bucket",
    "alanchn31-loan-default-prediction"
  ],
  "pyFiles": [
    "s3a://alanchn31-loan-default-prediction/dist/src.zip"
  ],
  "name": "preprocess_data_scheduled__2020-12-22T14:38:54.958604+00:00"
}
[2020-12-22 14:40:00,329] {logging_mixin.py:112} INFO - [2020-12-22 14:40:00,328] {base_hook.py:84} INFO - Using connection to: id: livy. Host: ec2-3-236-26-7.compute-1.amazonaws.com, Port: 8998, Schema: None, Login: None, Password: None, extra: None
[2020-12-22 14:40:00,332] {logging_mixin.py:112} INFO - [2020-12-22 14:40:00,332] {http_hook.py:136} INFO - Sending 'POST' to url: http://ec2-3-236-26-7.compute-1.amazonaws.com:8998/batches
[2020-12-22 14:40:01,208] {logging_mixin.py:112} INFO - [2020-12-22 14:40:01,208] {batch.py:166} INFO - Batch successfully submitted with id = 0.
[2020-12-22 14:40:01,210] {logging_mixin.py:112} INFO - [2020-12-22 14:40:01,209] {batch.py:80} INFO - Getting batch 0 status...
[2020-12-22 14:40:01,220] {logging_mixin.py:112} INFO - [2020-12-22 14:40:01,220] {base_hook.py:84} INFO - Using connection to: id: livy. Host: ec2-3-236-26-7.compute-1.amazonaws.com, Port: 8998, Schema: None, Login: None, Password: None, extra: None
[2020-12-22 14:40:01,227] {logging_mixin.py:112} INFO - [2020-12-22 14:40:01,226] {http_hook.py:136} INFO - Sending 'GET' to url: http://ec2-3-236-26-7.compute-1.amazonaws.com:8998/batches/0
[2020-12-22 14:40:01,256] {logging_mixin.py:112} INFO - [2020-12-22 14:40:01,256] {batch.py:90} INFO - Batch 0 has not finished yet (state is 'starting')
[2020-12-22 14:40:21,278] {logging_mixin.py:112} INFO - [2020-12-22 14:40:21,278] {batch.py:80} INFO - Getting batch 0 status...
[2020-12-22 14:40:21,286] {logging_mixin.py:112} INFO - [2020-12-22 14:40:21,286] {base_hook.py:84} INFO - Using connection to: id: livy. Host: ec2-3-236-26-7.compute-1.amazonaws.com, Port: 8998, Schema: None, Login: None, Password: None, extra: None
[2020-12-22 14:40:21,288] {logging_mixin.py:112} INFO - [2020-12-22 14:40:21,288] {http_hook.py:136} INFO - Sending 'GET' to url: http://ec2-3-236-26-7.compute-1.amazonaws.com:8998/batches/0
[2020-12-22 14:40:21,305] {logging_mixin.py:112} INFO - [2020-12-22 14:40:21,305] {batch.py:90} INFO - Batch 0 has not finished yet (state is 'starting')
[2020-12-22 14:40:41,326] {logging_mixin.py:112} INFO - [2020-12-22 14:40:41,326] {batch.py:80} INFO - Getting batch 0 status...
[2020-12-22 14:40:41,333] {logging_mixin.py:112} INFO - [2020-12-22 14:40:41,333] {base_hook.py:84} INFO - Using connection to: id: livy. Host: ec2-3-236-26-7.compute-1.amazonaws.com, Port: 8998, Schema: None, Login: None, Password: None, extra: None
[2020-12-22 14:40:41,334] {logging_mixin.py:112} INFO - [2020-12-22 14:40:41,334] {http_hook.py:136} INFO - Sending 'GET' to url: http://ec2-3-236-26-7.compute-1.amazonaws.com:8998/batches/0
[2020-12-22 14:40:41,379] {logging_mixin.py:112} INFO - [2020-12-22 14:40:41,379] {batch.py:90} INFO - Batch 0 has not finished yet (state is 'running')
[2020-12-22 14:41:01,400] {logging_mixin.py:112} INFO - [2020-12-22 14:41:01,399] {batch.py:80} INFO - Getting batch 0 status...
[2020-12-22 14:41:01,407] {logging_mixin.py:112} INFO - [2020-12-22 14:41:01,407] {base_hook.py:84} INFO - Using connection to: id: livy. Host: ec2-3-236-26-7.compute-1.amazonaws.com, Port: 8998, Schema: None, Login: None, Password: None, extra: None
[2020-12-22 14:41:01,408] {logging_mixin.py:112} INFO - [2020-12-22 14:41:01,408] {http_hook.py:136} INFO - Sending 'GET' to url: http://ec2-3-236-26-7.compute-1.amazonaws.com:8998/batches/0
[2020-12-22 14:41:01,421] {logging_mixin.py:112} INFO - [2020-12-22 14:41:01,421] {batch.py:299} INFO - --------------------------------------------------Full log for batch 0--------------------------------------------------
[2020-12-22 14:41:01,428] {logging_mixin.py:112} INFO - [2020-12-22 14:41:01,428] {base_hook.py:84} INFO - Using connection to: id: livy. Host: ec2-3-236-26-7.compute-1.amazonaws.com, Port: 8998, Schema: None, Login: None, Password: None, extra: None
[2020-12-22 14:41:01,429] {logging_mixin.py:112} INFO - [2020-12-22 14:41:01,429] {http_hook.py:136} INFO - Sending 'GET' to url: http://ec2-3-236-26-7.compute-1.amazonaws.com:8998/batches/0/log?from=0&size=100
[2020-12-22 14:41:01,502] {logging_mixin.py:112} INFO - [2020-12-22 14:41:01,502] {batch.py:309} INFO - stdout: 
[2020-12-22 14:41:01,503] {logging_mixin.py:112} INFO - [2020-12-22 14:41:01,503] {batch.py:309} INFO - 2020-12-22 14:40:09,416 INFO yarn.Client: Source and destination file systems are the same. Not copying hdfs://master:9000/spark-jars/jackson-module-paranamer-2.7.9.jar
[2020-12-22 14:41:01,503] {logging_mixin.py:112} INFO - [2020-12-22 14:41:01,503] {batch.py:309} INFO - 2020-12-22 14:40:09,419 INFO yarn.Client: Source and destination file systems are the same. Not copying hdfs://master:9000/spark-jars/jackson-module-scala_2.11-2.6.7.1.jar
[2020-12-22 14:41:01,503] {logging_mixin.py:112} INFO - [2020-12-22 14:41:01,503] {batch.py:309} INFO - 2020-12-22 14:40:09,422 INFO yarn.Client: Source and destination file systems are the same. Not copying hdfs://master:9000/spark-jars/janino-3.0.9.jar
[2020-12-22 14:41:01,504] {logging_mixin.py:112} INFO - [2020-12-22 14:41:01,504] {batch.py:309} INFO - 2020-12-22 14:40:09,439 INFO yarn.Client: Source and destination file systems are the same. Not copying hdfs://master:9000/spark-jars/javassist-3.18.1-GA.jar
[2020-12-22 14:41:01,504] {logging_mixin.py:112} INFO - [2020-12-22 14:41:01,504] {batch.py:309} INFO - 2020-12-22 14:40:09,443 INFO yarn.Client: Source and destination file systems are the same. Not copying hdfs://master:9000/spark-jars/javax.annotation-api-1.2.jar
[2020-12-22 14:41:01,504] {logging_mixin.py:112} INFO - [2020-12-22 14:41:01,504] {batch.py:309} INFO - 2020-12-22 14:40:09,447 INFO yarn.Client: Source and destination file systems are the same. Not copying hdfs://master:9000/spark-jars/javax.inject-2.4.0-b34.jar
[2020-12-22 14:41:01,504] {logging_mixin.py:112} INFO - [2020-12-22 14:41:01,504] {batch.py:309} INFO - 2020-12-22 14:40:09,465 INFO yarn.Client: Source and destination file systems are the same. Not copying hdfs://master:9000/spark-jars/javax.servlet-api-3.1.0.jar
[2020-12-22 14:41:01,504] {logging_mixin.py:112} INFO - [2020-12-22 14:41:01,504] {batch.py:309} INFO - 2020-12-22 14:40:09,469 INFO yarn.Client: Source and destination file systems are the same. Not copying hdfs://master:9000/spark-jars/javax.ws.rs-api-2.0.1.jar
[2020-12-22 14:41:01,505] {logging_mixin.py:112} INFO - [2020-12-22 14:41:01,504] {batch.py:309} INFO - 2020-12-22 14:40:09,473 INFO yarn.Client: Source and destination file systems are the same. Not copying hdfs://master:9000/spark-jars/jcl-over-slf4j-1.7.16.jar
[2020-12-22 14:41:01,505] {logging_mixin.py:112} INFO - [2020-12-22 14:41:01,505] {batch.py:309} INFO - 2020-12-22 14:40:09,474 INFO yarn.Client: Source and destination file systems are the same. Not copying hdfs://master:9000/spark-jars/jersey-client-2.22.2.jar
[2020-12-22 14:41:01,505] {logging_mixin.py:112} INFO - [2020-12-22 14:41:01,505] {batch.py:309} INFO - 2020-12-22 14:40:09,483 INFO yarn.Client: Source and destination file systems are the same. Not copying hdfs://master:9000/spark-jars/jersey-common-2.22.2.jar
[2020-12-22 14:41:01,505] {logging_mixin.py:112} INFO - [2020-12-22 14:41:01,505] {batch.py:309} INFO - 2020-12-22 14:40:09,491 INFO yarn.Client: Source and destination file systems are the same. Not copying hdfs://master:9000/spark-jars/jersey-container-servlet-2.22.2.jar
[2020-12-22 14:41:01,505] {logging_mixin.py:112} INFO - [2020-12-22 14:41:01,505] {batch.py:309} INFO - 2020-12-22 14:40:09,494 INFO yarn.Client: Source and destination file systems are the same. Not copying hdfs://master:9000/spark-jars/jersey-container-servlet-core-2.22.2.jar
[2020-12-22 14:41:01,506] {logging_mixin.py:112} INFO - [2020-12-22 14:41:01,506] {batch.py:309} INFO - 2020-12-22 14:40:09,510 INFO yarn.Client: Source and destination file systems are the same. Not copying hdfs://master:9000/spark-jars/jersey-guava-2.22.2.jar
[2020-12-22 14:41:01,506] {logging_mixin.py:112} INFO - [2020-12-22 14:41:01,506] {batch.py:309} INFO - 2020-12-22 14:40:09,520 INFO yarn.Client: Source and destination file systems are the same. Not copying hdfs://master:9000/spark-jars/jersey-media-jaxb-2.22.2.jar
[2020-12-22 14:41:01,506] {logging_mixin.py:112} INFO - [2020-12-22 14:41:01,506] {batch.py:309} INFO - 2020-12-22 14:40:09,523 INFO yarn.Client: Source and destination file systems are the same. Not copying hdfs://master:9000/spark-jars/jersey-server-2.22.2.jar
[2020-12-22 14:41:01,506] {logging_mixin.py:112} INFO - [2020-12-22 14:41:01,506] {batch.py:309} INFO - 2020-12-22 14:40:09,531 INFO yarn.Client: Source and destination file systems are the same. Not copying hdfs://master:9000/spark-jars/joda-time-2.9.3.jar
[2020-12-22 14:41:01,506] {logging_mixin.py:112} INFO - [2020-12-22 14:41:01,506] {batch.py:309} INFO - 2020-12-22 14:40:09,533 INFO yarn.Client: Source and destination file systems are the same. Not copying hdfs://master:9000/spark-jars/json4s-ast_2.11-3.5.3.jar
[2020-12-22 14:41:01,507] {logging_mixin.py:112} INFO - [2020-12-22 14:41:01,507] {batch.py:309} INFO - 2020-12-22 14:40:09,538 INFO yarn.Client: Source and destination file systems are the same. Not copying hdfs://master:9000/spark-jars/json4s-core_2.11-3.5.3.jar
[2020-12-22 14:41:01,507] {logging_mixin.py:112} INFO - [2020-12-22 14:41:01,507] {batch.py:309} INFO - 2020-12-22 14:40:09,541 INFO yarn.Client: Source and destination file systems are the same. Not copying hdfs://master:9000/spark-jars/json4s-jackson_2.11-3.5.3.jar
[2020-12-22 14:41:01,507] {logging_mixin.py:112} INFO - [2020-12-22 14:41:01,507] {batch.py:309} INFO - 2020-12-22 14:40:09,544 INFO yarn.Client: Source and destination file systems are the same. Not copying hdfs://master:9000/spark-jars/json4s-scalap_2.11-3.5.3.jar
[2020-12-22 14:41:01,507] {logging_mixin.py:112} INFO - [2020-12-22 14:41:01,507] {batch.py:309} INFO - 2020-12-22 14:40:09,547 INFO yarn.Client: Source and destination file systems are the same. Not copying hdfs://master:9000/spark-jars/jsr305-1.3.9.jar
[2020-12-22 14:41:01,507] {logging_mixin.py:112} INFO - [2020-12-22 14:41:01,507] {batch.py:309} INFO - 2020-12-22 14:40:09,559 INFO yarn.Client: Source and destination file systems are the same. Not copying hdfs://master:9000/spark-jars/jtransforms-2.4.0.jar
[2020-12-22 14:41:01,508] {logging_mixin.py:112} INFO - [2020-12-22 14:41:01,507] {batch.py:309} INFO - 2020-12-22 14:40:09,564 INFO yarn.Client: Source and destination file systems are the same. Not copying hdfs://master:9000/spark-jars/jul-to-slf4j-1.7.16.jar
[2020-12-22 14:41:01,508] {logging_mixin.py:112} INFO - [2020-12-22 14:41:01,508] {batch.py:309} INFO - 2020-12-22 14:40:09,580 INFO yarn.Client: Source and destination file systems are the same. Not copying hdfs://master:9000/spark-jars/kryo-shaded-4.0.2.jar
[2020-12-22 14:41:01,508] {logging_mixin.py:112} INFO - [2020-12-22 14:41:01,508] {batch.py:309} INFO - 2020-12-22 14:40:09,585 INFO yarn.Client: Source and destination file systems are the same. Not copying hdfs://master:9000/spark-jars/kubernetes-client-4.6.1.jar
[2020-12-22 14:41:01,510] {logging_mixin.py:112} INFO - [2020-12-22 14:41:01,510] {batch.py:309} INFO - 2020-12-22 14:40:09,590 INFO yarn.Client: Source and destination file systems are the same. Not copying hdfs://master:9000/spark-jars/kubernetes-model-4.6.1.jar
[2020-12-22 14:41:01,510] {logging_mixin.py:112} INFO - [2020-12-22 14:41:01,510] {batch.py:309} INFO - 2020-12-22 14:40:09,593 INFO yarn.Client: Source and destination file systems are the same. Not copying hdfs://master:9000/spark-jars/kubernetes-model-common-4.6.1.jar
[2020-12-22 14:41:01,510] {logging_mixin.py:112} INFO - [2020-12-22 14:41:01,510] {batch.py:309} INFO - 2020-12-22 14:40:09,596 INFO yarn.Client: Source and destination file systems are the same. Not copying hdfs://master:9000/spark-jars/leveldbjni-all-1.8.jar
[2020-12-22 14:41:01,510] {logging_mixin.py:112} INFO - [2020-12-22 14:41:01,510] {batch.py:309} INFO - 2020-12-22 14:40:09,600 INFO yarn.Client: Source and destination file systems are the same. Not copying hdfs://master:9000/spark-jars/logging-interceptor-3.12.0.jar
[2020-12-22 14:41:01,511] {logging_mixin.py:112} INFO - [2020-12-22 14:41:01,510] {batch.py:309} INFO - 2020-12-22 14:40:09,603 INFO yarn.Client: Source and destination file systems are the same. Not copying hdfs://master:9000/spark-jars/lz4-java-1.4.0.jar
[2020-12-22 14:41:01,511] {logging_mixin.py:112} INFO - [2020-12-22 14:41:01,511] {batch.py:309} INFO - 2020-12-22 14:40:09,604 INFO yarn.Client: Source and destination file systems are the same. Not copying hdfs://master:9000/spark-jars/machinist_2.11-0.6.1.jar
[2020-12-22 14:41:01,511] {logging_mixin.py:112} INFO - [2020-12-22 14:41:01,511] {batch.py:309} INFO - 2020-12-22 14:40:09,609 INFO yarn.Client: Source and destination file systems are the same. Not copying hdfs://master:9000/spark-jars/macro-compat_2.11-1.1.1.jar
[2020-12-22 14:41:01,511] {logging_mixin.py:112} INFO - [2020-12-22 14:41:01,511] {batch.py:309} INFO - 2020-12-22 14:40:09,611 INFO yarn.Client: Source and destination file systems are the same. Not copying hdfs://master:9000/spark-jars/mesos-1.4.0-shaded-protobuf.jar
[2020-12-22 14:41:01,511] {logging_mixin.py:112} INFO - [2020-12-22 14:41:01,511] {batch.py:309} INFO - 2020-12-22 14:40:09,615 INFO yarn.Client: Source and destination file systems are the same. Not copying hdfs://master:9000/spark-jars/metrics-core-3.1.5.jar
[2020-12-22 14:41:01,511] {logging_mixin.py:112} INFO - [2020-12-22 14:41:01,511] {batch.py:309} INFO - 2020-12-22 14:40:09,618 INFO yarn.Client: Source and destination file systems are the same. Not copying hdfs://master:9000/spark-jars/metrics-graphite-3.1.5.jar
[2020-12-22 14:41:01,512] {logging_mixin.py:112} INFO - [2020-12-22 14:41:01,512] {batch.py:309} INFO - 2020-12-22 14:40:09,620 INFO yarn.Client: Source and destination file systems are the same. Not copying hdfs://master:9000/spark-jars/metrics-json-3.1.5.jar
[2020-12-22 14:41:01,512] {logging_mixin.py:112} INFO - [2020-12-22 14:41:01,512] {batch.py:309} INFO - 2020-12-22 14:40:09,622 INFO yarn.Client: Source and destination file systems are the same. Not copying hdfs://master:9000/spark-jars/metrics-jvm-3.1.5.jar
[2020-12-22 14:41:01,512] {logging_mixin.py:112} INFO - [2020-12-22 14:41:01,512] {batch.py:309} INFO - 2020-12-22 14:40:09,625 INFO yarn.Client: Source and destination file systems are the same. Not copying hdfs://master:9000/spark-jars/minlog-1.3.0.jar
[2020-12-22 14:41:01,512] {logging_mixin.py:112} INFO - [2020-12-22 14:41:01,512] {batch.py:309} INFO - 2020-12-22 14:40:09,631 INFO yarn.Client: Source and destination file systems are the same. Not copying hdfs://master:9000/spark-jars/netty-3.9.9.Final.jar
[2020-12-22 14:41:01,513] {logging_mixin.py:112} INFO - [2020-12-22 14:41:01,513] {batch.py:309} INFO - 2020-12-22 14:40:09,636 INFO yarn.Client: Source and destination file systems are the same. Not copying hdfs://master:9000/spark-jars/netty-all-4.1.42.Final.jar
[2020-12-22 14:41:01,513] {logging_mixin.py:112} INFO - [2020-12-22 14:41:01,513] {batch.py:309} INFO - 2020-12-22 14:40:09,638 INFO yarn.Client: Source and destination file systems are the same. Not copying hdfs://master:9000/spark-jars/objenesis-2.5.1.jar
[2020-12-22 14:41:01,513] {logging_mixin.py:112} INFO - [2020-12-22 14:41:01,513] {batch.py:309} INFO - 2020-12-22 14:40:09,640 INFO yarn.Client: Source and destination file systems are the same. Not copying hdfs://master:9000/spark-jars/okhttp-3.12.0.jar
[2020-12-22 14:41:01,513] {logging_mixin.py:112} INFO - [2020-12-22 14:41:01,513] {batch.py:309} INFO - 2020-12-22 14:40:09,643 INFO yarn.Client: Source and destination file systems are the same. Not copying hdfs://master:9000/spark-jars/okio-1.15.0.jar
[2020-12-22 14:41:01,513] {logging_mixin.py:112} INFO - [2020-12-22 14:41:01,513] {batch.py:309} INFO - 2020-12-22 14:40:09,646 INFO yarn.Client: Source and destination file systems are the same. Not copying hdfs://master:9000/spark-jars/opencsv-2.3.jar
[2020-12-22 14:41:01,514] {logging_mixin.py:112} INFO - [2020-12-22 14:41:01,514] {batch.py:309} INFO - 2020-12-22 14:40:09,649 INFO yarn.Client: Source and destination file systems are the same. Not copying hdfs://master:9000/spark-jars/orc-core-1.5.5-nohive.jar
[2020-12-22 14:41:01,514] {logging_mixin.py:112} INFO - [2020-12-22 14:41:01,514] {batch.py:309} INFO - 2020-12-22 14:40:09,655 INFO yarn.Client: Source and destination file systems are the same. Not copying hdfs://master:9000/spark-jars/orc-mapreduce-1.5.5-nohive.jar
[2020-12-22 14:41:01,518] {logging_mixin.py:112} INFO - [2020-12-22 14:41:01,517] {batch.py:309} INFO - 2020-12-22 14:40:09,657 INFO yarn.Client: Source and destination file systems are the same. Not copying hdfs://master:9000/spark-jars/orc-shims-1.5.5.jar
[2020-12-22 14:41:01,518] {logging_mixin.py:112} INFO - [2020-12-22 14:41:01,518] {batch.py:309} INFO - 2020-12-22 14:40:09,666 INFO yarn.Client: Source and destination file systems are the same. Not copying hdfs://master:9000/spark-jars/oro-2.0.8.jar
[2020-12-22 14:41:01,518] {logging_mixin.py:112} INFO - [2020-12-22 14:41:01,518] {batch.py:309} INFO - 2020-12-22 14:40:09,670 INFO yarn.Client: Source and destination file systems are the same. Not copying hdfs://master:9000/spark-jars/osgi-resource-locator-1.0.1.jar
[2020-12-22 14:41:01,518] {logging_mixin.py:112} INFO - [2020-12-22 14:41:01,518] {batch.py:309} INFO - 2020-12-22 14:40:09,671 INFO yarn.Client: Source and destination file systems are the same. Not copying hdfs://master:9000/spark-jars/paranamer-2.8.jar
[2020-12-22 14:41:01,518] {logging_mixin.py:112} INFO - [2020-12-22 14:41:01,518] {batch.py:309} INFO - 2020-12-22 14:40:09,675 INFO yarn.Client: Source and destination file systems are the same. Not copying hdfs://master:9000/spark-jars/parquet-column-1.10.1.jar
[2020-12-22 14:41:01,519] {logging_mixin.py:112} INFO - [2020-12-22 14:41:01,518] {batch.py:309} INFO - 2020-12-22 14:40:09,676 INFO yarn.Client: Source and destination file systems are the same. Not copying hdfs://master:9000/spark-jars/parquet-common-1.10.1.jar
[2020-12-22 14:41:01,519] {logging_mixin.py:112} INFO - [2020-12-22 14:41:01,519] {batch.py:309} INFO - 2020-12-22 14:40:09,679 INFO yarn.Client: Source and destination file systems are the same. Not copying hdfs://master:9000/spark-jars/parquet-encoding-1.10.1.jar
[2020-12-22 14:41:01,519] {logging_mixin.py:112} INFO - [2020-12-22 14:41:01,519] {batch.py:309} INFO - 2020-12-22 14:40:09,680 INFO yarn.Client: Source and destination file systems are the same. Not copying hdfs://master:9000/spark-jars/parquet-format-2.4.0.jar
[2020-12-22 14:41:01,519] {logging_mixin.py:112} INFO - [2020-12-22 14:41:01,519] {batch.py:309} INFO - 2020-12-22 14:40:09,682 INFO yarn.Client: Source and destination file systems are the same. Not copying hdfs://master:9000/spark-jars/parquet-hadoop-1.10.1.jar
[2020-12-22 14:41:01,519] {logging_mixin.py:112} INFO - [2020-12-22 14:41:01,519] {batch.py:309} INFO - 2020-12-22 14:40:09,684 INFO yarn.Client: Source and destination file systems are the same. Not copying hdfs://master:9000/spark-jars/parquet-jackson-1.10.1.jar
[2020-12-22 14:41:01,519] {logging_mixin.py:112} INFO - [2020-12-22 14:41:01,519] {batch.py:309} INFO - 2020-12-22 14:40:09,686 INFO yarn.Client: Source and destination file systems are the same. Not copying hdfs://master:9000/spark-jars/py4j-0.10.7.jar
[2020-12-22 14:41:01,519] {logging_mixin.py:112} INFO - [2020-12-22 14:41:01,519] {batch.py:309} INFO - 2020-12-22 14:40:09,689 INFO yarn.Client: Source and destination file systems are the same. Not copying hdfs://master:9000/spark-jars/pyrolite-4.13.jar
[2020-12-22 14:41:01,520] {logging_mixin.py:112} INFO - [2020-12-22 14:41:01,519] {batch.py:309} INFO - 2020-12-22 14:40:09,690 INFO yarn.Client: Source and destination file systems are the same. Not copying hdfs://master:9000/spark-jars/scala-compiler-2.11.12.jar
[2020-12-22 14:41:01,520] {logging_mixin.py:112} INFO - [2020-12-22 14:41:01,520] {batch.py:309} INFO - 2020-12-22 14:40:09,692 INFO yarn.Client: Source and destination file systems are the same. Not copying hdfs://master:9000/spark-jars/scala-library-2.11.12.jar
[2020-12-22 14:41:01,520] {logging_mixin.py:112} INFO - [2020-12-22 14:41:01,520] {batch.py:309} INFO - 2020-12-22 14:40:09,693 INFO yarn.Client: Source and destination file systems are the same. Not copying hdfs://master:9000/spark-jars/scala-parser-combinators_2.11-1.1.0.jar
[2020-12-22 14:41:01,520] {logging_mixin.py:112} INFO - [2020-12-22 14:41:01,520] {batch.py:309} INFO - 2020-12-22 14:40:09,698 INFO yarn.Client: Source and destination file systems are the same. Not copying hdfs://master:9000/spark-jars/scala-reflect-2.11.12.jar
[2020-12-22 14:41:01,520] {logging_mixin.py:112} INFO - [2020-12-22 14:41:01,520] {batch.py:309} INFO - 2020-12-22 14:40:09,699 INFO yarn.Client: Source and destination file systems are the same. Not copying hdfs://master:9000/spark-jars/scala-xml_2.11-1.0.5.jar
[2020-12-22 14:41:01,520] {logging_mixin.py:112} INFO - [2020-12-22 14:41:01,520] {batch.py:309} INFO - 2020-12-22 14:40:09,700 INFO yarn.Client: Source and destination file systems are the same. Not copying hdfs://master:9000/spark-jars/shapeless_2.11-2.3.2.jar
[2020-12-22 14:41:01,520] {logging_mixin.py:112} INFO - [2020-12-22 14:41:01,520] {batch.py:309} INFO - 2020-12-22 14:40:09,702 INFO yarn.Client: Source and destination file systems are the same. Not copying hdfs://master:9000/spark-jars/shims-0.7.45.jar
[2020-12-22 14:41:01,521] {logging_mixin.py:112} INFO - [2020-12-22 14:41:01,520] {batch.py:309} INFO - 2020-12-22 14:40:09,703 INFO yarn.Client: Source and destination file systems are the same. Not copying hdfs://master:9000/spark-jars/snakeyaml-1.15.jar
[2020-12-22 14:41:01,521] {logging_mixin.py:112} INFO - [2020-12-22 14:41:01,521] {batch.py:309} INFO - 2020-12-22 14:40:09,708 INFO yarn.Client: Source and destination file systems are the same. Not copying hdfs://master:9000/spark-jars/snappy-java-1.1.7.3.jar
[2020-12-22 14:41:01,521] {logging_mixin.py:112} INFO - [2020-12-22 14:41:01,521] {batch.py:309} INFO - 2020-12-22 14:40:09,710 INFO yarn.Client: Source and destination file systems are the same. Not copying hdfs://master:9000/spark-jars/spark-catalyst_2.11-2.4.5.jar
[2020-12-22 14:41:01,521] {logging_mixin.py:112} INFO - [2020-12-22 14:41:01,521] {batch.py:309} INFO - 2020-12-22 14:40:09,711 INFO yarn.Client: Source and destination file systems are the same. Not copying hdfs://master:9000/spark-jars/spark-core_2.11-2.4.5.jar
[2020-12-22 14:41:01,521] {logging_mixin.py:112} INFO - [2020-12-22 14:41:01,521] {batch.py:309} INFO - 2020-12-22 14:40:09,713 INFO yarn.Client: Source and destination file systems are the same. Not copying hdfs://master:9000/spark-jars/spark-graphx_2.11-2.4.5.jar
[2020-12-22 14:41:01,521] {logging_mixin.py:112} INFO - [2020-12-22 14:41:01,521] {batch.py:309} INFO - 2020-12-22 14:40:09,715 INFO yarn.Client: Source and destination file systems are the same. Not copying hdfs://master:9000/spark-jars/spark-hive_2.11-2.4.5.jar
[2020-12-22 14:41:01,522] {logging_mixin.py:112} INFO - [2020-12-22 14:41:01,521] {batch.py:309} INFO - 2020-12-22 14:40:09,716 INFO yarn.Client: Source and destination file systems are the same. Not copying hdfs://master:9000/spark-jars/spark-kubernetes_2.11-2.4.5.jar
[2020-12-22 14:41:01,522] {logging_mixin.py:112} INFO - [2020-12-22 14:41:01,522] {batch.py:309} INFO - 2020-12-22 14:40:09,718 INFO yarn.Client: Source and destination file systems are the same. Not copying hdfs://master:9000/spark-jars/spark-kvstore_2.11-2.4.5.jar
[2020-12-22 14:41:01,522] {logging_mixin.py:112} INFO - [2020-12-22 14:41:01,522] {batch.py:309} INFO - 2020-12-22 14:40:09,720 INFO yarn.Client: Source and destination file systems are the same. Not copying hdfs://master:9000/spark-jars/spark-launcher_2.11-2.4.5.jar
[2020-12-22 14:41:01,522] {logging_mixin.py:112} INFO - [2020-12-22 14:41:01,522] {batch.py:309} INFO - 2020-12-22 14:40:09,724 INFO yarn.Client: Source and destination file systems are the same. Not copying hdfs://master:9000/spark-jars/spark-mesos_2.11-2.4.5.jar
[2020-12-22 14:41:01,522] {logging_mixin.py:112} INFO - [2020-12-22 14:41:01,522] {batch.py:309} INFO - 2020-12-22 14:40:09,725 INFO yarn.Client: Source and destination file systems are the same. Not copying hdfs://master:9000/spark-jars/spark-mllib-local_2.11-2.4.5.jar
[2020-12-22 14:41:01,522] {logging_mixin.py:112} INFO - [2020-12-22 14:41:01,522] {batch.py:309} INFO - 2020-12-22 14:40:09,727 INFO yarn.Client: Source and destination file systems are the same. Not copying hdfs://master:9000/spark-jars/spark-mllib_2.11-2.4.5.jar
[2020-12-22 14:41:01,523] {logging_mixin.py:112} INFO - [2020-12-22 14:41:01,522] {batch.py:309} INFO - 2020-12-22 14:40:09,728 INFO yarn.Client: Source and destination file systems are the same. Not copying hdfs://master:9000/spark-jars/spark-network-common_2.11-2.4.5.jar
[2020-12-22 14:41:01,523] {logging_mixin.py:112} INFO - [2020-12-22 14:41:01,523] {batch.py:309} INFO - 2020-12-22 14:40:09,729 INFO yarn.Client: Source and destination file systems are the same. Not copying hdfs://master:9000/spark-jars/spark-network-shuffle_2.11-2.4.5.jar
[2020-12-22 14:41:01,523] {logging_mixin.py:112} INFO - [2020-12-22 14:41:01,523] {batch.py:309} INFO - 2020-12-22 14:40:09,731 INFO yarn.Client: Source and destination file systems are the same. Not copying hdfs://master:9000/spark-jars/spark-repl_2.11-2.4.5.jar
[2020-12-22 14:41:01,523] {logging_mixin.py:112} INFO - [2020-12-22 14:41:01,523] {batch.py:309} INFO - 2020-12-22 14:40:09,732 INFO yarn.Client: Source and destination file systems are the same. Not copying hdfs://master:9000/spark-jars/spark-sketch_2.11-2.4.5.jar
[2020-12-22 14:41:01,523] {logging_mixin.py:112} INFO - [2020-12-22 14:41:01,523] {batch.py:309} INFO - 2020-12-22 14:40:09,733 INFO yarn.Client: Source and destination file systems are the same. Not copying hdfs://master:9000/spark-jars/spark-sql_2.11-2.4.5.jar
[2020-12-22 14:41:01,523] {logging_mixin.py:112} INFO - [2020-12-22 14:41:01,523] {batch.py:309} INFO - 2020-12-22 14:40:09,737 INFO yarn.Client: Source and destination file systems are the same. Not copying hdfs://master:9000/spark-jars/spark-streaming_2.11-2.4.5.jar
[2020-12-22 14:41:01,523] {logging_mixin.py:112} INFO - [2020-12-22 14:41:01,523] {batch.py:309} INFO - 2020-12-22 14:40:09,739 INFO yarn.Client: Source and destination file systems are the same. Not copying hdfs://master:9000/spark-jars/spark-tags_2.11-2.4.5-tests.jar
[2020-12-22 14:41:01,524] {logging_mixin.py:112} INFO - [2020-12-22 14:41:01,523] {batch.py:309} INFO - 2020-12-22 14:40:09,740 INFO yarn.Client: Source and destination file systems are the same. Not copying hdfs://master:9000/spark-jars/spark-tags_2.11-2.4.5.jar
[2020-12-22 14:41:01,524] {logging_mixin.py:112} INFO - [2020-12-22 14:41:01,524] {batch.py:309} INFO - 2020-12-22 14:40:09,742 INFO yarn.Client: Source and destination file systems are the same. Not copying hdfs://master:9000/spark-jars/spark-unsafe_2.11-2.4.5.jar
[2020-12-22 14:41:01,524] {logging_mixin.py:112} INFO - [2020-12-22 14:41:01,524] {batch.py:309} INFO - 2020-12-22 14:40:09,744 INFO yarn.Client: Source and destination file systems are the same. Not copying hdfs://master:9000/spark-jars/spark-yarn_2.11-2.4.5.jar
[2020-12-22 14:41:01,524] {logging_mixin.py:112} INFO - [2020-12-22 14:41:01,524] {batch.py:309} INFO - 2020-12-22 14:40:09,746 INFO yarn.Client: Source and destination file systems are the same. Not copying hdfs://master:9000/spark-jars/spire-macros_2.11-0.13.0.jar
[2020-12-22 14:41:01,524] {logging_mixin.py:112} INFO - [2020-12-22 14:41:01,524] {batch.py:309} INFO - 2020-12-22 14:40:09,747 INFO yarn.Client: Source and destination file systems are the same. Not copying hdfs://master:9000/spark-jars/spire_2.11-0.13.0.jar
[2020-12-22 14:41:01,524] {logging_mixin.py:112} INFO - [2020-12-22 14:41:01,524] {batch.py:309} INFO - 2020-12-22 14:40:09,749 INFO yarn.Client: Source and destination file systems are the same. Not copying hdfs://master:9000/spark-jars/stream-2.7.0.jar
[2020-12-22 14:41:01,524] {logging_mixin.py:112} INFO - [2020-12-22 14:41:01,524] {batch.py:309} INFO - 2020-12-22 14:40:09,751 INFO yarn.Client: Source and destination file systems are the same. Not copying hdfs://master:9000/spark-jars/univocity-parsers-2.7.3.jar
[2020-12-22 14:41:01,525] {logging_mixin.py:112} INFO - [2020-12-22 14:41:01,524] {batch.py:309} INFO - 2020-12-22 14:40:09,753 INFO yarn.Client: Source and destination file systems are the same. Not copying hdfs://master:9000/spark-jars/validation-api-1.1.0.Final.jar
[2020-12-22 14:41:01,525] {logging_mixin.py:112} INFO - [2020-12-22 14:41:01,525] {batch.py:309} INFO - 2020-12-22 14:40:09,754 INFO yarn.Client: Source and destination file systems are the same. Not copying hdfs://master:9000/spark-jars/xbean-asm6-shaded-4.8.jar
[2020-12-22 14:41:01,525] {logging_mixin.py:112} INFO - [2020-12-22 14:41:01,525] {batch.py:309} INFO - 2020-12-22 14:40:09,755 INFO yarn.Client: Source and destination file systems are the same. Not copying hdfs://master:9000/spark-jars/xz-1.5.jar
[2020-12-22 14:41:01,525] {logging_mixin.py:112} INFO - [2020-12-22 14:41:01,525] {batch.py:309} INFO - 2020-12-22 14:40:09,756 INFO yarn.Client: Source and destination file systems are the same. Not copying hdfs://master:9000/spark-jars/zjsonpatch-0.3.0.jar
[2020-12-22 14:41:01,525] {logging_mixin.py:112} INFO - [2020-12-22 14:41:01,525] {batch.py:309} INFO - 2020-12-22 14:40:09,757 INFO yarn.Client: Source and destination file systems are the same. Not copying hdfs://master:9000/spark-jars/zstd-jni-1.3.2-2.jar
[2020-12-22 14:41:01,525] {logging_mixin.py:112} INFO - [2020-12-22 14:41:01,525] {batch.py:309} INFO - 2020-12-22 14:40:09,763 INFO yarn.Client: Uploading resource file:/usr/spark/python/lib/pyspark.zip -> hdfs://master:9000/user/root/.sparkStaging/application_1608647635904_0001/pyspark.zip
[2020-12-22 14:41:01,527] {logging_mixin.py:112} INFO - [2020-12-22 14:41:01,527] {batch.py:309} INFO - 2020-12-22 14:40:10,006 INFO yarn.Client: Uploading resource file:/usr/spark/python/lib/py4j-0.10.7-src.zip -> hdfs://master:9000/user/root/.sparkStaging/application_1608647635904_0001/py4j-0.10.7-src.zip
[2020-12-22 14:41:01,536] {logging_mixin.py:112} INFO - [2020-12-22 14:41:01,536] {base_hook.py:84} INFO - Using connection to: id: livy. Host: ec2-3-236-26-7.compute-1.amazonaws.com, Port: 8998, Schema: None, Login: None, Password: None, extra: None
[2020-12-22 14:41:01,537] {logging_mixin.py:112} INFO - [2020-12-22 14:41:01,537] {http_hook.py:136} INFO - Sending 'GET' to url: http://ec2-3-236-26-7.compute-1.amazonaws.com:8998/batches/0/log?from=100&size=100
[2020-12-22 14:41:01,549] {logging_mixin.py:112} INFO - [2020-12-22 14:41:01,549] {batch.py:309} INFO - 2020-12-22 14:40:10,041 INFO yarn.Client: Uploading resource s3a://alanchn31-loan-default-prediction/dist/src.zip -> hdfs://master:9000/user/root/.sparkStaging/application_1608647635904_0001/src.zip
[2020-12-22 14:41:01,550] {logging_mixin.py:112} INFO - [2020-12-22 14:41:01,550] {batch.py:309} INFO - 2020-12-22 14:40:11,100 INFO yarn.Client: Uploading resource file:/tmp/spark-784eb822-a9b3-4d00-b1b7-5e65abae3bf2/__spark_conf__3458935340631689716.zip -> hdfs://master:9000/user/root/.sparkStaging/application_1608647635904_0001/__spark_conf__.zip
[2020-12-22 14:41:01,551] {logging_mixin.py:112} INFO - [2020-12-22 14:41:01,550] {batch.py:309} INFO - 2020-12-22 14:40:11,388 INFO spark.SecurityManager: Changing view acls to: root
[2020-12-22 14:41:01,551] {logging_mixin.py:112} INFO - [2020-12-22 14:41:01,551] {batch.py:309} INFO - 2020-12-22 14:40:11,388 INFO spark.SecurityManager: Changing modify acls to: root
[2020-12-22 14:41:01,552] {logging_mixin.py:112} INFO - [2020-12-22 14:41:01,552] {batch.py:309} INFO - 2020-12-22 14:40:11,389 INFO spark.SecurityManager: Changing view acls groups to: 
[2020-12-22 14:41:01,553] {logging_mixin.py:112} INFO - [2020-12-22 14:41:01,553] {batch.py:309} INFO - 2020-12-22 14:40:11,397 INFO spark.SecurityManager: Changing modify acls groups to: 
[2020-12-22 14:41:01,553] {logging_mixin.py:112} INFO - [2020-12-22 14:41:01,553] {batch.py:309} INFO - 2020-12-22 14:40:11,403 INFO spark.SecurityManager: SecurityManager: authentication disabled; ui acls disabled; users  with view permissions: Set(root); groups with view permissions: Set(); users  with modify permissions: Set(root); groups with modify permissions: Set()
[2020-12-22 14:41:01,553] {logging_mixin.py:112} INFO - [2020-12-22 14:41:01,553] {batch.py:309} INFO - 2020-12-22 14:40:14,213 INFO yarn.Client: Submitting application application_1608647635904_0001 to ResourceManager
[2020-12-22 14:41:01,554] {logging_mixin.py:112} INFO - [2020-12-22 14:41:01,554] {batch.py:309} INFO - 2020-12-22 14:40:14,946 INFO impl.YarnClientImpl: Submitted application application_1608647635904_0001
[2020-12-22 14:41:01,554] {logging_mixin.py:112} INFO - [2020-12-22 14:41:01,554] {batch.py:309} INFO - 2020-12-22 14:40:14,949 INFO cluster.SchedulerExtensionServices: Starting Yarn extension services with app application_1608647635904_0001 and attemptId None
[2020-12-22 14:41:01,554] {logging_mixin.py:112} INFO - [2020-12-22 14:41:01,554] {batch.py:309} INFO - 2020-12-22 14:40:15,964 INFO yarn.Client: Application report for application_1608647635904_0001 (state: ACCEPTED)
[2020-12-22 14:41:01,554] {logging_mixin.py:112} INFO - [2020-12-22 14:41:01,554] {batch.py:309} INFO - 2020-12-22 14:40:15,968 INFO yarn.Client: 
[2020-12-22 14:41:01,555] {logging_mixin.py:112} INFO - [2020-12-22 14:41:01,555] {batch.py:309} INFO - 	 client token: N/A
[2020-12-22 14:41:01,555] {logging_mixin.py:112} INFO - [2020-12-22 14:41:01,555] {batch.py:309} INFO - 	 diagnostics: N/A
[2020-12-22 14:41:01,556] {logging_mixin.py:112} INFO - [2020-12-22 14:41:01,555] {batch.py:309} INFO - 	 ApplicationMaster host: N/A
[2020-12-22 14:41:01,556] {logging_mixin.py:112} INFO - [2020-12-22 14:41:01,556] {batch.py:309} INFO - 	 ApplicationMaster RPC port: -1
[2020-12-22 14:41:01,556] {logging_mixin.py:112} INFO - [2020-12-22 14:41:01,556] {batch.py:309} INFO - 	 queue: root.root
[2020-12-22 14:41:01,556] {logging_mixin.py:112} INFO - [2020-12-22 14:41:01,556] {batch.py:309} INFO - 	 start time: 1608648014417
[2020-12-22 14:41:01,557] {logging_mixin.py:112} INFO - [2020-12-22 14:41:01,556] {batch.py:309} INFO - 	 final status: UNDEFINED
[2020-12-22 14:41:01,557] {logging_mixin.py:112} INFO - [2020-12-22 14:41:01,557] {batch.py:309} INFO - 	 tracking URL: http://master:8088/proxy/application_1608647635904_0001/
[2020-12-22 14:41:01,557] {logging_mixin.py:112} INFO - [2020-12-22 14:41:01,557] {batch.py:309} INFO - 	 user: root
[2020-12-22 14:41:01,557] {logging_mixin.py:112} INFO - [2020-12-22 14:41:01,557] {batch.py:309} INFO - 2020-12-22 14:40:16,973 INFO yarn.Client: Application report for application_1608647635904_0001 (state: ACCEPTED)
[2020-12-22 14:41:01,558] {logging_mixin.py:112} INFO - [2020-12-22 14:41:01,557] {batch.py:309} INFO - 2020-12-22 14:40:17,975 INFO yarn.Client: Application report for application_1608647635904_0001 (state: ACCEPTED)
[2020-12-22 14:41:01,558] {logging_mixin.py:112} INFO - [2020-12-22 14:41:01,558] {batch.py:309} INFO - 2020-12-22 14:40:18,978 INFO yarn.Client: Application report for application_1608647635904_0001 (state: ACCEPTED)
[2020-12-22 14:41:01,558] {logging_mixin.py:112} INFO - [2020-12-22 14:41:01,558] {batch.py:309} INFO - 2020-12-22 14:40:19,981 INFO yarn.Client: Application report for application_1608647635904_0001 (state: ACCEPTED)
[2020-12-22 14:41:01,558] {logging_mixin.py:112} INFO - [2020-12-22 14:41:01,558] {batch.py:309} INFO - 2020-12-22 14:40:20,984 INFO yarn.Client: Application report for application_1608647635904_0001 (state: ACCEPTED)
[2020-12-22 14:41:01,558] {logging_mixin.py:112} INFO - [2020-12-22 14:41:01,558] {batch.py:309} INFO - 2020-12-22 14:40:21,987 INFO yarn.Client: Application report for application_1608647635904_0001 (state: ACCEPTED)
[2020-12-22 14:41:01,559] {logging_mixin.py:112} INFO - [2020-12-22 14:41:01,559] {batch.py:309} INFO - 2020-12-22 14:40:22,990 INFO yarn.Client: Application report for application_1608647635904_0001 (state: ACCEPTED)
[2020-12-22 14:41:01,559] {logging_mixin.py:112} INFO - [2020-12-22 14:41:01,559] {batch.py:309} INFO - 2020-12-22 14:40:23,994 INFO yarn.Client: Application report for application_1608647635904_0001 (state: ACCEPTED)
[2020-12-22 14:41:01,559] {logging_mixin.py:112} INFO - [2020-12-22 14:41:01,559] {batch.py:309} INFO - 2020-12-22 14:40:25,000 INFO yarn.Client: Application report for application_1608647635904_0001 (state: ACCEPTED)
[2020-12-22 14:41:01,559] {logging_mixin.py:112} INFO - [2020-12-22 14:41:01,559] {batch.py:309} INFO - 2020-12-22 14:40:26,005 INFO yarn.Client: Application report for application_1608647635904_0001 (state: ACCEPTED)
[2020-12-22 14:41:01,560] {logging_mixin.py:112} INFO - [2020-12-22 14:41:01,559] {batch.py:309} INFO - 2020-12-22 14:40:27,008 INFO yarn.Client: Application report for application_1608647635904_0001 (state: ACCEPTED)
[2020-12-22 14:41:01,560] {logging_mixin.py:112} INFO - [2020-12-22 14:41:01,560] {batch.py:309} INFO - 2020-12-22 14:40:28,010 INFO yarn.Client: Application report for application_1608647635904_0001 (state: RUNNING)
[2020-12-22 14:41:01,560] {logging_mixin.py:112} INFO - [2020-12-22 14:41:01,560] {batch.py:309} INFO - 2020-12-22 14:40:28,011 INFO yarn.Client: 
[2020-12-22 14:41:01,560] {logging_mixin.py:112} INFO - [2020-12-22 14:41:01,560] {batch.py:309} INFO - 	 client token: N/A
[2020-12-22 14:41:01,560] {logging_mixin.py:112} INFO - [2020-12-22 14:41:01,560] {batch.py:309} INFO - 	 diagnostics: N/A
[2020-12-22 14:41:01,561] {logging_mixin.py:112} INFO - [2020-12-22 14:41:01,560] {batch.py:309} INFO - 	 ApplicationMaster host: 172.18.0.8
[2020-12-22 14:41:01,561] {logging_mixin.py:112} INFO - [2020-12-22 14:41:01,561] {batch.py:309} INFO - 	 ApplicationMaster RPC port: -1
[2020-12-22 14:41:01,561] {logging_mixin.py:112} INFO - [2020-12-22 14:41:01,561] {batch.py:309} INFO - 	 queue: root.root
[2020-12-22 14:41:01,561] {logging_mixin.py:112} INFO - [2020-12-22 14:41:01,561] {batch.py:309} INFO - 	 start time: 1608648014417
[2020-12-22 14:41:01,561] {logging_mixin.py:112} INFO - [2020-12-22 14:41:01,561] {batch.py:309} INFO - 	 final status: UNDEFINED
[2020-12-22 14:41:01,562] {logging_mixin.py:112} INFO - [2020-12-22 14:41:01,561] {batch.py:309} INFO - 	 tracking URL: http://master:8088/proxy/application_1608647635904_0001/
[2020-12-22 14:41:01,562] {logging_mixin.py:112} INFO - [2020-12-22 14:41:01,562] {batch.py:309} INFO - 	 user: root
[2020-12-22 14:41:01,562] {logging_mixin.py:112} INFO - [2020-12-22 14:41:01,562] {batch.py:309} INFO - 2020-12-22 14:40:28,015 INFO cluster.YarnClientSchedulerBackend: Application application_1608647635904_0001 has started running.
[2020-12-22 14:41:01,562] {logging_mixin.py:112} INFO - [2020-12-22 14:41:01,562] {batch.py:309} INFO - 2020-12-22 14:40:28,037 INFO util.Utils: Successfully started service 'org.apache.spark.network.netty.NettyBlockTransferService' on port 7002.
[2020-12-22 14:41:01,562] {logging_mixin.py:112} INFO - [2020-12-22 14:41:01,562] {batch.py:309} INFO - 2020-12-22 14:40:28,039 INFO netty.NettyBlockTransferService: Server created on livy:7002
[2020-12-22 14:41:01,563] {logging_mixin.py:112} INFO - [2020-12-22 14:41:01,563] {batch.py:309} INFO - 2020-12-22 14:40:28,044 INFO storage.BlockManager: Using org.apache.spark.storage.RandomBlockReplicationPolicy for block replication policy
[2020-12-22 14:41:01,563] {logging_mixin.py:112} INFO - [2020-12-22 14:41:01,563] {batch.py:309} INFO - 2020-12-22 14:40:28,089 INFO storage.BlockManagerMaster: Registering BlockManager BlockManagerId(driver, livy, 7002, None)
[2020-12-22 14:41:01,563] {logging_mixin.py:112} INFO - [2020-12-22 14:41:01,563] {batch.py:309} INFO - 2020-12-22 14:40:28,100 INFO storage.BlockManagerMasterEndpoint: Registering block manager livy:7002 with 366.3 MB RAM, BlockManagerId(driver, livy, 7002, None)
[2020-12-22 14:41:01,563] {logging_mixin.py:112} INFO - [2020-12-22 14:41:01,563] {batch.py:309} INFO - 2020-12-22 14:40:28,112 INFO storage.BlockManagerMaster: Registered BlockManager BlockManagerId(driver, livy, 7002, None)
[2020-12-22 14:41:01,563] {logging_mixin.py:112} INFO - [2020-12-22 14:41:01,563] {batch.py:309} INFO - 2020-12-22 14:40:28,115 INFO storage.BlockManager: Initialized BlockManager: BlockManagerId(driver, livy, 7002, None)
[2020-12-22 14:41:01,564] {logging_mixin.py:112} INFO - [2020-12-22 14:41:01,564] {batch.py:309} INFO - 2020-12-22 14:40:28,421 INFO handler.ContextHandler: Started o.s.j.s.ServletContextHandler@6efc4f48{/metrics/json,null,AVAILABLE,@Spark}
[2020-12-22 14:41:01,564] {logging_mixin.py:112} INFO - [2020-12-22 14:41:01,564] {batch.py:309} INFO - 2020-12-22 14:40:28,714 INFO cluster.YarnClientSchedulerBackend: Add WebUI Filter. org.apache.hadoop.yarn.server.webproxy.amfilter.AmIpFilter, Map(PROXY_HOSTS -> master, PROXY_URI_BASES -> http://master:8088/proxy/application_1608647635904_0001), /proxy/application_1608647635904_0001
[2020-12-22 14:41:01,564] {logging_mixin.py:112} INFO - [2020-12-22 14:41:01,564] {batch.py:309} INFO - 2020-12-22 14:40:28,740 INFO scheduler.EventLoggingListener: Logging events to hdfs:/log/spark/application_1608647635904_0001
[2020-12-22 14:41:01,564] {logging_mixin.py:112} INFO - [2020-12-22 14:41:01,564] {batch.py:309} INFO - 2020-12-22 14:40:29,139 INFO cluster.YarnSchedulerBackend$YarnSchedulerEndpoint: ApplicationMaster registered as NettyRpcEndpointRef(spark-client://YarnAM)
[2020-12-22 14:41:01,565] {logging_mixin.py:112} INFO - [2020-12-22 14:41:01,564] {batch.py:309} INFO - 2020-12-22 14:40:37,149 INFO cluster.YarnSchedulerBackend$YarnDriverEndpoint: Registered executor NettyRpcEndpointRef(spark-client://Executor) (172.18.0.8:40246) with ID 2
[2020-12-22 14:41:01,565] {logging_mixin.py:112} INFO - [2020-12-22 14:41:01,565] {batch.py:309} INFO - 2020-12-22 14:40:37,254 INFO cluster.YarnClientSchedulerBackend: SchedulerBackend is ready for scheduling beginning after waiting maxRegisteredResourcesWaitingTime: 30000(ms)
[2020-12-22 14:41:01,565] {logging_mixin.py:112} INFO - [2020-12-22 14:41:01,565] {batch.py:309} INFO - 2020-12-22 14:40:37,525 INFO storage.BlockManagerMasterEndpoint: Registering block manager worker1:7002 with 366.3 MB RAM, BlockManagerId(2, worker1, 7002, None)
[2020-12-22 14:41:01,565] {logging_mixin.py:112} INFO - [2020-12-22 14:41:01,565] {batch.py:309} INFO - 2020-12-22 14:40:37,813 INFO internal.SharedState: Setting hive.metastore.warehouse.dir ('null') to the value of spark.sql.warehouse.dir ('file:/spark-warehouse').
[2020-12-22 14:41:01,565] {logging_mixin.py:112} INFO - [2020-12-22 14:41:01,565] {batch.py:309} INFO - 2020-12-22 14:40:37,814 INFO internal.SharedState: Warehouse path is 'file:/spark-warehouse'.
[2020-12-22 14:41:01,566] {logging_mixin.py:112} INFO - [2020-12-22 14:41:01,566] {batch.py:309} INFO - 2020-12-22 14:40:37,845 INFO ui.JettyUtils: Adding filter org.apache.hadoop.yarn.server.webproxy.amfilter.AmIpFilter to /SQL.
[2020-12-22 14:41:01,566] {logging_mixin.py:112} INFO - [2020-12-22 14:41:01,566] {batch.py:309} INFO - 2020-12-22 14:40:37,867 INFO handler.ContextHandler: Started o.s.j.s.ServletContextHandler@1a27d7e7{/SQL,null,AVAILABLE,@Spark}
[2020-12-22 14:41:01,566] {logging_mixin.py:112} INFO - [2020-12-22 14:41:01,566] {batch.py:309} INFO - 2020-12-22 14:40:37,874 INFO ui.JettyUtils: Adding filter org.apache.hadoop.yarn.server.webproxy.amfilter.AmIpFilter to /SQL/json.
[2020-12-22 14:41:01,566] {logging_mixin.py:112} INFO - [2020-12-22 14:41:01,566] {batch.py:309} INFO - 2020-12-22 14:40:37,879 INFO handler.ContextHandler: Started o.s.j.s.ServletContextHandler@f5e1d3{/SQL/json,null,AVAILABLE,@Spark}
[2020-12-22 14:41:01,567] {logging_mixin.py:112} INFO - [2020-12-22 14:41:01,567] {batch.py:309} INFO - 2020-12-22 14:40:37,882 INFO ui.JettyUtils: Adding filter org.apache.hadoop.yarn.server.webproxy.amfilter.AmIpFilter to /SQL/execution.
[2020-12-22 14:41:01,567] {logging_mixin.py:112} INFO - [2020-12-22 14:41:01,567] {batch.py:309} INFO - 2020-12-22 14:40:37,883 INFO handler.ContextHandler: Started o.s.j.s.ServletContextHandler@207e841d{/SQL/execution,null,AVAILABLE,@Spark}
[2020-12-22 14:41:01,567] {logging_mixin.py:112} INFO - [2020-12-22 14:41:01,567] {batch.py:309} INFO - 2020-12-22 14:40:37,898 INFO ui.JettyUtils: Adding filter org.apache.hadoop.yarn.server.webproxy.amfilter.AmIpFilter to /SQL/execution/json.
[2020-12-22 14:41:01,567] {logging_mixin.py:112} INFO - [2020-12-22 14:41:01,567] {batch.py:309} INFO - 2020-12-22 14:40:37,899 INFO handler.ContextHandler: Started o.s.j.s.ServletContextHandler@5c2fcfaf{/SQL/execution/json,null,AVAILABLE,@Spark}
[2020-12-22 14:41:01,567] {logging_mixin.py:112} INFO - [2020-12-22 14:41:01,567] {batch.py:309} INFO - 2020-12-22 14:40:37,903 INFO ui.JettyUtils: Adding filter org.apache.hadoop.yarn.server.webproxy.amfilter.AmIpFilter to /static/sql.
[2020-12-22 14:41:01,568] {logging_mixin.py:112} INFO - [2020-12-22 14:41:01,568] {batch.py:309} INFO - 2020-12-22 14:40:37,917 INFO handler.ContextHandler: Started o.s.j.s.ServletContextHandler@4668f8b6{/static/sql,null,AVAILABLE,@Spark}
[2020-12-22 14:41:01,568] {logging_mixin.py:112} INFO - [2020-12-22 14:41:01,568] {batch.py:309} INFO - 2020-12-22 14:40:39,413 INFO state.StateStoreCoordinatorRef: Registered StateStoreCoordinator endpoint
[2020-12-22 14:41:01,568] {logging_mixin.py:112} INFO - [2020-12-22 14:41:01,568] {batch.py:309} INFO - Traceback (most recent call last):
[2020-12-22 14:41:01,568] {logging_mixin.py:112} INFO - [2020-12-22 14:41:01,568] {batch.py:309} INFO -   File "/tmp/spark-a131f607-7d71-4ce7-9d6a-69fd9a24ca2e/main.py", line 87, in <module>
[2020-12-22 14:41:01,569] {logging_mixin.py:112} INFO - [2020-12-22 14:41:01,568] {batch.py:309} INFO -     main()
[2020-12-22 14:41:01,569] {logging_mixin.py:112} INFO - [2020-12-22 14:41:01,569] {batch.py:309} INFO -   File "/tmp/spark-a131f607-7d71-4ce7-9d6a-69fd9a24ca2e/main.py", line 70, in main
[2020-12-22 14:41:01,569] {logging_mixin.py:112} INFO - [2020-12-22 14:41:01,569] {batch.py:309} INFO -     spark_logger.warn('no config file found')
[2020-12-22 14:41:01,569] {logging_mixin.py:112} INFO - [2020-12-22 14:41:01,569] {batch.py:309} INFO - NameError: name 'spark_logger' is not defined
[2020-12-22 14:41:01,569] {logging_mixin.py:112} INFO - [2020-12-22 14:41:01,569] {batch.py:309} INFO - 2020-12-22 14:40:39,524 INFO spark.SparkContext: Invoking stop() from shutdown hook
[2020-12-22 14:41:01,570] {logging_mixin.py:112} INFO - [2020-12-22 14:41:01,569] {batch.py:309} INFO - 2020-12-22 14:40:39,573 INFO server.AbstractConnector: Stopped Spark@7ed01700{HTTP/1.1,[http/1.1]}{0.0.0.0:4040}
[2020-12-22 14:41:01,570] {logging_mixin.py:112} INFO - [2020-12-22 14:41:01,570] {batch.py:309} INFO - 2020-12-22 14:40:39,588 INFO ui.SparkUI: Stopped Spark web UI at http://livy:4040
[2020-12-22 14:41:01,570] {logging_mixin.py:112} INFO - [2020-12-22 14:41:01,570] {batch.py:309} INFO - 2020-12-22 14:40:39,595 INFO cluster.YarnClientSchedulerBackend: Interrupting monitor thread
[2020-12-22 14:41:01,570] {logging_mixin.py:112} INFO - [2020-12-22 14:41:01,570] {batch.py:309} INFO - 2020-12-22 14:40:39,761 INFO cluster.YarnClientSchedulerBackend: Shutting down all executors
[2020-12-22 14:41:01,570] {logging_mixin.py:112} INFO - [2020-12-22 14:41:01,570] {batch.py:309} INFO - 2020-12-22 14:40:39,762 INFO cluster.YarnSchedulerBackend$YarnDriverEndpoint: Asking each executor to shut down
[2020-12-22 14:41:01,571] {logging_mixin.py:112} INFO - [2020-12-22 14:41:01,571] {batch.py:309} INFO - 2020-12-22 14:40:39,786 INFO cluster.SchedulerExtensionServices: Stopping SchedulerExtensionServices
[2020-12-22 14:41:01,571] {logging_mixin.py:112} INFO - [2020-12-22 14:41:01,571] {batch.py:309} INFO - (serviceOption=None,
[2020-12-22 14:41:01,571] {logging_mixin.py:112} INFO - [2020-12-22 14:41:01,571] {batch.py:309} INFO -  services=List(),
[2020-12-22 14:41:01,571] {logging_mixin.py:112} INFO - [2020-12-22 14:41:01,571] {batch.py:309} INFO -  started=false)
[2020-12-22 14:41:01,572] {logging_mixin.py:112} INFO - [2020-12-22 14:41:01,572] {batch.py:309} INFO - 2020-12-22 14:40:39,804 INFO cluster.YarnClientSchedulerBackend: Stopped
[2020-12-22 14:41:01,572] {logging_mixin.py:112} INFO - [2020-12-22 14:41:01,572] {batch.py:309} INFO - 2020-12-22 14:40:39,975 INFO spark.MapOutputTrackerMasterEndpoint: MapOutputTrackerMasterEndpoint stopped!
[2020-12-22 14:41:01,572] {logging_mixin.py:112} INFO - [2020-12-22 14:41:01,572] {batch.py:309} INFO - 2020-12-22 14:40:40,075 INFO memory.MemoryStore: MemoryStore cleared
[2020-12-22 14:41:01,572] {logging_mixin.py:112} INFO - [2020-12-22 14:41:01,572] {batch.py:309} INFO - 2020-12-22 14:40:40,076 INFO storage.BlockManager: BlockManager stopped
[2020-12-22 14:41:01,573] {logging_mixin.py:112} INFO - [2020-12-22 14:41:01,572] {batch.py:309} INFO - 2020-12-22 14:40:40,118 INFO storage.BlockManagerMaster: BlockManagerMaster stopped
[2020-12-22 14:41:01,573] {logging_mixin.py:112} INFO - [2020-12-22 14:41:01,573] {batch.py:309} INFO - 2020-12-22 14:40:40,143 INFO scheduler.OutputCommitCoordinator$OutputCommitCoordinatorEndpoint: OutputCommitCoordinator stopped!
[2020-12-22 14:41:01,573] {logging_mixin.py:112} INFO - [2020-12-22 14:41:01,573] {batch.py:309} INFO - 2020-12-22 14:40:40,202 INFO spark.SparkContext: Successfully stopped SparkContext
[2020-12-22 14:41:01,573] {logging_mixin.py:112} INFO - [2020-12-22 14:41:01,573] {batch.py:309} INFO - 2020-12-22 14:40:40,203 INFO util.ShutdownHookManager: Shutdown hook called
[2020-12-22 14:41:01,573] {logging_mixin.py:112} INFO - [2020-12-22 14:41:01,573] {batch.py:309} INFO - 2020-12-22 14:40:40,204 INFO util.ShutdownHookManager: Deleting directory /tmp/spark-784eb822-a9b3-4d00-b1b7-5e65abae3bf2
[2020-12-22 14:41:01,574] {logging_mixin.py:112} INFO - [2020-12-22 14:41:01,573] {batch.py:309} INFO - 2020-12-22 14:40:40,218 INFO util.ShutdownHookManager: Deleting directory /tmp/spark-784eb822-a9b3-4d00-b1b7-5e65abae3bf2/pyspark-07afc88c-afee-4477-9bbc-70c7e450509d
[2020-12-22 14:41:01,574] {logging_mixin.py:112} INFO - [2020-12-22 14:41:01,574] {batch.py:309} INFO - 2020-12-22 14:40:40,221 INFO util.ShutdownHookManager: Deleting directory /tmp/spark-a131f607-7d71-4ce7-9d6a-69fd9a24ca2e
[2020-12-22 14:41:01,574] {logging_mixin.py:112} INFO - [2020-12-22 14:41:01,574] {batch.py:309} INFO - 2020-12-22 14:40:40,248 INFO impl.MetricsSystemImpl: Stopping s3a-file-system metrics system...
[2020-12-22 14:41:01,574] {logging_mixin.py:112} INFO - [2020-12-22 14:41:01,574] {batch.py:309} INFO - 2020-12-22 14:40:40,248 INFO impl.MetricsSystemImpl: s3a-file-system metrics system stopped.
[2020-12-22 14:41:01,581] {logging_mixin.py:112} INFO - [2020-12-22 14:41:01,581] {base_hook.py:84} INFO - Using connection to: id: livy. Host: ec2-3-236-26-7.compute-1.amazonaws.com, Port: 8998, Schema: None, Login: None, Password: None, extra: None
[2020-12-22 14:41:01,582] {logging_mixin.py:112} INFO - [2020-12-22 14:41:01,582] {http_hook.py:136} INFO - Sending 'GET' to url: http://ec2-3-236-26-7.compute-1.amazonaws.com:8998/batches/0/log?from=200&size=100
[2020-12-22 14:41:01,590] {logging_mixin.py:112} INFO - [2020-12-22 14:41:01,590] {batch.py:309} INFO - 2020-12-22 14:40:40,248 INFO impl.MetricsSystemImpl: s3a-file-system metrics system shutdown complete.
[2020-12-22 14:41:01,591] {logging_mixin.py:112} INFO - [2020-12-22 14:41:01,590] {batch.py:309} INFO - 
stderr: 
[2020-12-22 14:41:01,591] {logging_mixin.py:112} INFO - [2020-12-22 14:41:01,591] {batch.py:309} INFO - 
YARN Diagnostics: 
[2020-12-22 14:41:01,591] {logging_mixin.py:112} INFO - [2020-12-22 14:41:01,591] {batch.py:318} INFO - --------------------------------------------------End of full log for batch 0--------------------------------------------------
[2020-12-22 14:41:01,591] {logging_mixin.py:112} INFO - [2020-12-22 14:41:01,591] {batch.py:335} INFO - Closing batch with id = 0
[2020-12-22 14:41:01,598] {logging_mixin.py:112} INFO - [2020-12-22 14:41:01,598] {base_hook.py:84} INFO - Using connection to: id: livy. Host: ec2-3-236-26-7.compute-1.amazonaws.com, Port: 8998, Schema: None, Login: None, Password: None, extra: None
[2020-12-22 14:41:01,599] {logging_mixin.py:112} INFO - [2020-12-22 14:41:01,599] {http_hook.py:136} INFO - Sending 'DELETE' to url: http://ec2-3-236-26-7.compute-1.amazonaws.com:8998/batches/0
[2020-12-22 14:41:01,615] {logging_mixin.py:112} INFO - [2020-12-22 14:41:01,615] {batch.py:340} INFO - Batch 0 has been closed
[2020-12-22 14:41:01,624] {taskinstance.py:1128} ERROR - Batch 0 failed with state 'dead'
Traceback (most recent call last):
  File "/opt/bitnami/python/lib/python3.6/site-packages/airflow/models/taskinstance.py", line 966, in _run_raw_task
    result = task_copy.execute(context=context)
  File "/usr/local/airflow/plugins/airflow_livy/batch.py", line 173, in execute
    ).execute(context)
  File "/opt/bitnami/python/lib/python3.6/site-packages/airflow/sensors/base_sensor_operator.py", line 107, in execute
    while not self.poke(context):
  File "/usr/local/airflow/plugins/airflow_livy/batch.py", line 96, in poke
    raise AirflowException(f"Batch {self.batch_id} failed with state '{state}'")
airflow.exceptions.AirflowException: Batch 0 failed with state 'dead'
[2020-12-22 14:41:01,627] {taskinstance.py:1151} INFO - Marking task as UP_FOR_RETRY
[2020-12-22 14:41:05,460] {logging_mixin.py:112} INFO - [2020-12-22 14:41:05,459] {local_task_job.py:103} INFO - Task exited with return code 1
