[2020-12-22 14:42:05,137] {taskinstance.py:655} INFO - Dependencies all met for <TaskInstance: loan_prediction_train_model.preprocess_data 2020-12-22T14:38:54.958604+00:00 [queued]>
[2020-12-22 14:42:05,172] {taskinstance.py:655} INFO - Dependencies all met for <TaskInstance: loan_prediction_train_model.preprocess_data 2020-12-22T14:38:54.958604+00:00 [queued]>
[2020-12-22 14:42:05,172] {taskinstance.py:866} INFO - 
--------------------------------------------------------------------------------
[2020-12-22 14:42:05,174] {taskinstance.py:867} INFO - Starting attempt 3 of 6
[2020-12-22 14:42:05,176] {taskinstance.py:868} INFO - 
--------------------------------------------------------------------------------
[2020-12-22 14:42:05,193] {taskinstance.py:887} INFO - Executing <Task(LivyBatchOperator): preprocess_data> on 2020-12-22T14:38:54.958604+00:00
[2020-12-22 14:42:05,197] {standard_task_runner.py:53} INFO - Started process 3051 to run task
[2020-12-22 14:42:05,283] {logging_mixin.py:112} INFO - Running %s on host %s <TaskInstance: loan_prediction_train_model.preprocess_data 2020-12-22T14:38:54.958604+00:00 [running]> 6e29624e1b8e
[2020-12-22 14:42:05,316] {logging_mixin.py:112} INFO - [2020-12-22 14:42:05,315] {batch.py:214} INFO - Submitting the batch to Livy... Payload:
{
  "file": "s3a://alanchn31-loan-default-prediction/dist/main.py",
  "args": [
    "--job",
    "preprocess_data",
    "--phase",
    "train",
    "--mode",
    "aws",
    "--awsKey",
    "AKIAUW4FKHTMR2UR3INH",
    "--awsSecretKey",
    "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",
    "--s3Bucket",
    "alanchn31-loan-default-prediction"
  ],
  "pyFiles": [
    "s3a://alanchn31-loan-default-prediction/dist/src.zip"
  ],
  "name": "preprocess_data_scheduled__2020-12-22T14:38:54.958604+00:00"
}
[2020-12-22 14:42:05,328] {logging_mixin.py:112} INFO - [2020-12-22 14:42:05,327] {base_hook.py:84} INFO - Using connection to: id: livy. Host: ec2-3-236-26-7.compute-1.amazonaws.com, Port: 8998, Schema: None, Login: None, Password: None, extra: None
[2020-12-22 14:42:05,331] {logging_mixin.py:112} INFO - [2020-12-22 14:42:05,331] {http_hook.py:136} INFO - Sending 'POST' to url: http://ec2-3-236-26-7.compute-1.amazonaws.com:8998/batches
[2020-12-22 14:42:05,354] {logging_mixin.py:112} INFO - [2020-12-22 14:42:05,353] {batch.py:166} INFO - Batch successfully submitted with id = 1.
[2020-12-22 14:42:05,355] {logging_mixin.py:112} INFO - [2020-12-22 14:42:05,355] {batch.py:80} INFO - Getting batch 1 status...
[2020-12-22 14:42:05,363] {logging_mixin.py:112} INFO - [2020-12-22 14:42:05,363] {base_hook.py:84} INFO - Using connection to: id: livy. Host: ec2-3-236-26-7.compute-1.amazonaws.com, Port: 8998, Schema: None, Login: None, Password: None, extra: None
[2020-12-22 14:42:05,364] {logging_mixin.py:112} INFO - [2020-12-22 14:42:05,364] {http_hook.py:136} INFO - Sending 'GET' to url: http://ec2-3-236-26-7.compute-1.amazonaws.com:8998/batches/1
[2020-12-22 14:42:05,379] {logging_mixin.py:112} INFO - [2020-12-22 14:42:05,378] {batch.py:90} INFO - Batch 1 has not finished yet (state is 'starting')
[2020-12-22 14:42:25,398] {logging_mixin.py:112} INFO - [2020-12-22 14:42:25,398] {batch.py:80} INFO - Getting batch 1 status...
[2020-12-22 14:42:25,417] {logging_mixin.py:112} INFO - [2020-12-22 14:42:25,417] {base_hook.py:84} INFO - Using connection to: id: livy. Host: ec2-3-236-26-7.compute-1.amazonaws.com, Port: 8998, Schema: None, Login: None, Password: None, extra: None
[2020-12-22 14:42:25,420] {logging_mixin.py:112} INFO - [2020-12-22 14:42:25,420] {http_hook.py:136} INFO - Sending 'GET' to url: http://ec2-3-236-26-7.compute-1.amazonaws.com:8998/batches/1
[2020-12-22 14:42:25,434] {logging_mixin.py:112} INFO - [2020-12-22 14:42:25,433] {batch.py:90} INFO - Batch 1 has not finished yet (state is 'running')
[2020-12-22 14:42:45,454] {logging_mixin.py:112} INFO - [2020-12-22 14:42:45,454] {batch.py:80} INFO - Getting batch 1 status...
[2020-12-22 14:42:45,476] {logging_mixin.py:112} INFO - [2020-12-22 14:42:45,476] {base_hook.py:84} INFO - Using connection to: id: livy. Host: ec2-3-236-26-7.compute-1.amazonaws.com, Port: 8998, Schema: None, Login: None, Password: None, extra: None
[2020-12-22 14:42:45,478] {logging_mixin.py:112} INFO - [2020-12-22 14:42:45,478] {http_hook.py:136} INFO - Sending 'GET' to url: http://ec2-3-236-26-7.compute-1.amazonaws.com:8998/batches/1
[2020-12-22 14:42:45,500] {logging_mixin.py:112} INFO - [2020-12-22 14:42:45,499] {batch.py:299} INFO - --------------------------------------------------Full log for batch 1--------------------------------------------------
[2020-12-22 14:42:45,514] {logging_mixin.py:112} INFO - [2020-12-22 14:42:45,514] {base_hook.py:84} INFO - Using connection to: id: livy. Host: ec2-3-236-26-7.compute-1.amazonaws.com, Port: 8998, Schema: None, Login: None, Password: None, extra: None
[2020-12-22 14:42:45,516] {logging_mixin.py:112} INFO - [2020-12-22 14:42:45,516] {http_hook.py:136} INFO - Sending 'GET' to url: http://ec2-3-236-26-7.compute-1.amazonaws.com:8998/batches/1/log?from=0&size=100
[2020-12-22 14:42:45,534] {logging_mixin.py:112} INFO - [2020-12-22 14:42:45,534] {batch.py:309} INFO - stdout: 
[2020-12-22 14:42:45,535] {logging_mixin.py:112} INFO - [2020-12-22 14:42:45,535] {batch.py:309} INFO - 2020-12-22 14:42:14,698 INFO yarn.Client: Source and destination file systems are the same. Not copying hdfs://master:9000/spark-jars/jackson-core-2.6.7.jar
[2020-12-22 14:42:45,536] {logging_mixin.py:112} INFO - [2020-12-22 14:42:45,535] {batch.py:309} INFO - 2020-12-22 14:42:14,700 INFO yarn.Client: Source and destination file systems are the same. Not copying hdfs://master:9000/spark-jars/jackson-databind-2.6.7.3.jar
[2020-12-22 14:42:45,536] {logging_mixin.py:112} INFO - [2020-12-22 14:42:45,536] {batch.py:309} INFO - 2020-12-22 14:42:14,701 INFO yarn.Client: Source and destination file systems are the same. Not copying hdfs://master:9000/spark-jars/jackson-dataformat-yaml-2.6.7.jar
[2020-12-22 14:42:45,537] {logging_mixin.py:112} INFO - [2020-12-22 14:42:45,537] {batch.py:309} INFO - 2020-12-22 14:42:14,704 INFO yarn.Client: Source and destination file systems are the same. Not copying hdfs://master:9000/spark-jars/jackson-module-jaxb-annotations-2.6.7.jar
[2020-12-22 14:42:45,537] {logging_mixin.py:112} INFO - [2020-12-22 14:42:45,537] {batch.py:309} INFO - 2020-12-22 14:42:14,706 INFO yarn.Client: Source and destination file systems are the same. Not copying hdfs://master:9000/spark-jars/jackson-module-paranamer-2.7.9.jar
[2020-12-22 14:42:45,538] {logging_mixin.py:112} INFO - [2020-12-22 14:42:45,538] {batch.py:309} INFO - 2020-12-22 14:42:14,710 INFO yarn.Client: Source and destination file systems are the same. Not copying hdfs://master:9000/spark-jars/jackson-module-scala_2.11-2.6.7.1.jar
[2020-12-22 14:42:45,539] {logging_mixin.py:112} INFO - [2020-12-22 14:42:45,539] {batch.py:309} INFO - 2020-12-22 14:42:14,711 INFO yarn.Client: Source and destination file systems are the same. Not copying hdfs://master:9000/spark-jars/janino-3.0.9.jar
[2020-12-22 14:42:45,539] {logging_mixin.py:112} INFO - [2020-12-22 14:42:45,539] {batch.py:309} INFO - 2020-12-22 14:42:14,716 INFO yarn.Client: Source and destination file systems are the same. Not copying hdfs://master:9000/spark-jars/javassist-3.18.1-GA.jar
[2020-12-22 14:42:45,539] {logging_mixin.py:112} INFO - [2020-12-22 14:42:45,539] {batch.py:309} INFO - 2020-12-22 14:42:14,718 INFO yarn.Client: Source and destination file systems are the same. Not copying hdfs://master:9000/spark-jars/javax.annotation-api-1.2.jar
[2020-12-22 14:42:45,540] {logging_mixin.py:112} INFO - [2020-12-22 14:42:45,539] {batch.py:309} INFO - 2020-12-22 14:42:14,724 INFO yarn.Client: Source and destination file systems are the same. Not copying hdfs://master:9000/spark-jars/javax.inject-2.4.0-b34.jar
[2020-12-22 14:42:45,541] {logging_mixin.py:112} INFO - [2020-12-22 14:42:45,541] {batch.py:309} INFO - 2020-12-22 14:42:14,726 INFO yarn.Client: Source and destination file systems are the same. Not copying hdfs://master:9000/spark-jars/javax.servlet-api-3.1.0.jar
[2020-12-22 14:42:45,542] {logging_mixin.py:112} INFO - [2020-12-22 14:42:45,542] {batch.py:309} INFO - 2020-12-22 14:42:14,729 INFO yarn.Client: Source and destination file systems are the same. Not copying hdfs://master:9000/spark-jars/javax.ws.rs-api-2.0.1.jar
[2020-12-22 14:42:45,543] {logging_mixin.py:112} INFO - [2020-12-22 14:42:45,543] {batch.py:309} INFO - 2020-12-22 14:42:14,731 INFO yarn.Client: Source and destination file systems are the same. Not copying hdfs://master:9000/spark-jars/jcl-over-slf4j-1.7.16.jar
[2020-12-22 14:42:45,543] {logging_mixin.py:112} INFO - [2020-12-22 14:42:45,543] {batch.py:309} INFO - 2020-12-22 14:42:14,734 INFO yarn.Client: Source and destination file systems are the same. Not copying hdfs://master:9000/spark-jars/jersey-client-2.22.2.jar
[2020-12-22 14:42:45,544] {logging_mixin.py:112} INFO - [2020-12-22 14:42:45,544] {batch.py:309} INFO - 2020-12-22 14:42:14,736 INFO yarn.Client: Source and destination file systems are the same. Not copying hdfs://master:9000/spark-jars/jersey-common-2.22.2.jar
[2020-12-22 14:42:45,545] {logging_mixin.py:112} INFO - [2020-12-22 14:42:45,544] {batch.py:309} INFO - 2020-12-22 14:42:14,739 INFO yarn.Client: Source and destination file systems are the same. Not copying hdfs://master:9000/spark-jars/jersey-container-servlet-2.22.2.jar
[2020-12-22 14:42:45,545] {logging_mixin.py:112} INFO - [2020-12-22 14:42:45,545] {batch.py:309} INFO - 2020-12-22 14:42:14,742 INFO yarn.Client: Source and destination file systems are the same. Not copying hdfs://master:9000/spark-jars/jersey-container-servlet-core-2.22.2.jar
[2020-12-22 14:42:45,546] {logging_mixin.py:112} INFO - [2020-12-22 14:42:45,546] {batch.py:309} INFO - 2020-12-22 14:42:14,744 INFO yarn.Client: Source and destination file systems are the same. Not copying hdfs://master:9000/spark-jars/jersey-guava-2.22.2.jar
[2020-12-22 14:42:45,547] {logging_mixin.py:112} INFO - [2020-12-22 14:42:45,547] {batch.py:309} INFO - 2020-12-22 14:42:14,746 INFO yarn.Client: Source and destination file systems are the same. Not copying hdfs://master:9000/spark-jars/jersey-media-jaxb-2.22.2.jar
[2020-12-22 14:42:45,548] {logging_mixin.py:112} INFO - [2020-12-22 14:42:45,548] {batch.py:309} INFO - 2020-12-22 14:42:14,749 INFO yarn.Client: Source and destination file systems are the same. Not copying hdfs://master:9000/spark-jars/jersey-server-2.22.2.jar
[2020-12-22 14:42:45,548] {logging_mixin.py:112} INFO - [2020-12-22 14:42:45,548] {batch.py:309} INFO - 2020-12-22 14:42:14,750 INFO yarn.Client: Source and destination file systems are the same. Not copying hdfs://master:9000/spark-jars/joda-time-2.9.3.jar
[2020-12-22 14:42:45,549] {logging_mixin.py:112} INFO - [2020-12-22 14:42:45,549] {batch.py:309} INFO - 2020-12-22 14:42:14,752 INFO yarn.Client: Source and destination file systems are the same. Not copying hdfs://master:9000/spark-jars/json4s-ast_2.11-3.5.3.jar
[2020-12-22 14:42:45,550] {logging_mixin.py:112} INFO - [2020-12-22 14:42:45,550] {batch.py:309} INFO - 2020-12-22 14:42:14,755 INFO yarn.Client: Source and destination file systems are the same. Not copying hdfs://master:9000/spark-jars/json4s-core_2.11-3.5.3.jar
[2020-12-22 14:42:45,550] {logging_mixin.py:112} INFO - [2020-12-22 14:42:45,550] {batch.py:309} INFO - 2020-12-22 14:42:14,757 INFO yarn.Client: Source and destination file systems are the same. Not copying hdfs://master:9000/spark-jars/json4s-jackson_2.11-3.5.3.jar
[2020-12-22 14:42:45,551] {logging_mixin.py:112} INFO - [2020-12-22 14:42:45,551] {batch.py:309} INFO - 2020-12-22 14:42:14,760 INFO yarn.Client: Source and destination file systems are the same. Not copying hdfs://master:9000/spark-jars/json4s-scalap_2.11-3.5.3.jar
[2020-12-22 14:42:45,552] {logging_mixin.py:112} INFO - [2020-12-22 14:42:45,552] {batch.py:309} INFO - 2020-12-22 14:42:14,761 INFO yarn.Client: Source and destination file systems are the same. Not copying hdfs://master:9000/spark-jars/jsr305-1.3.9.jar
[2020-12-22 14:42:45,552] {logging_mixin.py:112} INFO - [2020-12-22 14:42:45,552] {batch.py:309} INFO - 2020-12-22 14:42:14,763 INFO yarn.Client: Source and destination file systems are the same. Not copying hdfs://master:9000/spark-jars/jtransforms-2.4.0.jar
[2020-12-22 14:42:45,553] {logging_mixin.py:112} INFO - [2020-12-22 14:42:45,553] {batch.py:309} INFO - 2020-12-22 14:42:14,767 INFO yarn.Client: Source and destination file systems are the same. Not copying hdfs://master:9000/spark-jars/jul-to-slf4j-1.7.16.jar
[2020-12-22 14:42:45,554] {logging_mixin.py:112} INFO - [2020-12-22 14:42:45,554] {batch.py:309} INFO - 2020-12-22 14:42:14,775 INFO yarn.Client: Source and destination file systems are the same. Not copying hdfs://master:9000/spark-jars/kryo-shaded-4.0.2.jar
[2020-12-22 14:42:45,554] {logging_mixin.py:112} INFO - [2020-12-22 14:42:45,554] {batch.py:309} INFO - 2020-12-22 14:42:14,781 INFO yarn.Client: Source and destination file systems are the same. Not copying hdfs://master:9000/spark-jars/kubernetes-client-4.6.1.jar
[2020-12-22 14:42:45,555] {logging_mixin.py:112} INFO - [2020-12-22 14:42:45,555] {batch.py:309} INFO - 2020-12-22 14:42:14,782 INFO yarn.Client: Source and destination file systems are the same. Not copying hdfs://master:9000/spark-jars/kubernetes-model-4.6.1.jar
[2020-12-22 14:42:45,555] {logging_mixin.py:112} INFO - [2020-12-22 14:42:45,555] {batch.py:309} INFO - 2020-12-22 14:42:14,784 INFO yarn.Client: Source and destination file systems are the same. Not copying hdfs://master:9000/spark-jars/kubernetes-model-common-4.6.1.jar
[2020-12-22 14:42:45,556] {logging_mixin.py:112} INFO - [2020-12-22 14:42:45,555] {batch.py:309} INFO - 2020-12-22 14:42:14,789 INFO yarn.Client: Source and destination file systems are the same. Not copying hdfs://master:9000/spark-jars/leveldbjni-all-1.8.jar
[2020-12-22 14:42:45,556] {logging_mixin.py:112} INFO - [2020-12-22 14:42:45,556] {batch.py:309} INFO - 2020-12-22 14:42:14,790 INFO yarn.Client: Source and destination file systems are the same. Not copying hdfs://master:9000/spark-jars/logging-interceptor-3.12.0.jar
[2020-12-22 14:42:45,557] {logging_mixin.py:112} INFO - [2020-12-22 14:42:45,556] {batch.py:309} INFO - 2020-12-22 14:42:14,792 INFO yarn.Client: Source and destination file systems are the same. Not copying hdfs://master:9000/spark-jars/lz4-java-1.4.0.jar
[2020-12-22 14:42:45,558] {logging_mixin.py:112} INFO - [2020-12-22 14:42:45,557] {batch.py:309} INFO - 2020-12-22 14:42:14,805 INFO yarn.Client: Source and destination file systems are the same. Not copying hdfs://master:9000/spark-jars/machinist_2.11-0.6.1.jar
[2020-12-22 14:42:45,559] {logging_mixin.py:112} INFO - [2020-12-22 14:42:45,559] {batch.py:309} INFO - 2020-12-22 14:42:14,807 INFO yarn.Client: Source and destination file systems are the same. Not copying hdfs://master:9000/spark-jars/macro-compat_2.11-1.1.1.jar
[2020-12-22 14:42:45,559] {logging_mixin.py:112} INFO - [2020-12-22 14:42:45,559] {batch.py:309} INFO - 2020-12-22 14:42:14,812 INFO yarn.Client: Source and destination file systems are the same. Not copying hdfs://master:9000/spark-jars/mesos-1.4.0-shaded-protobuf.jar
[2020-12-22 14:42:45,560] {logging_mixin.py:112} INFO - [2020-12-22 14:42:45,560] {batch.py:309} INFO - 2020-12-22 14:42:14,813 INFO yarn.Client: Source and destination file systems are the same. Not copying hdfs://master:9000/spark-jars/metrics-core-3.1.5.jar
[2020-12-22 14:42:45,561] {logging_mixin.py:112} INFO - [2020-12-22 14:42:45,561] {batch.py:309} INFO - 2020-12-22 14:42:14,814 INFO yarn.Client: Source and destination file systems are the same. Not copying hdfs://master:9000/spark-jars/metrics-graphite-3.1.5.jar
[2020-12-22 14:42:45,561] {logging_mixin.py:112} INFO - [2020-12-22 14:42:45,561] {batch.py:309} INFO - 2020-12-22 14:42:14,815 INFO yarn.Client: Source and destination file systems are the same. Not copying hdfs://master:9000/spark-jars/metrics-json-3.1.5.jar
[2020-12-22 14:42:45,562] {logging_mixin.py:112} INFO - [2020-12-22 14:42:45,562] {batch.py:309} INFO - 2020-12-22 14:42:14,823 INFO yarn.Client: Source and destination file systems are the same. Not copying hdfs://master:9000/spark-jars/metrics-jvm-3.1.5.jar
[2020-12-22 14:42:45,563] {logging_mixin.py:112} INFO - [2020-12-22 14:42:45,562] {batch.py:309} INFO - 2020-12-22 14:42:14,824 INFO yarn.Client: Source and destination file systems are the same. Not copying hdfs://master:9000/spark-jars/minlog-1.3.0.jar
[2020-12-22 14:42:45,563] {logging_mixin.py:112} INFO - [2020-12-22 14:42:45,563] {batch.py:309} INFO - 2020-12-22 14:42:14,829 INFO yarn.Client: Source and destination file systems are the same. Not copying hdfs://master:9000/spark-jars/netty-3.9.9.Final.jar
[2020-12-22 14:42:45,564] {logging_mixin.py:112} INFO - [2020-12-22 14:42:45,564] {batch.py:309} INFO - 2020-12-22 14:42:14,831 INFO yarn.Client: Source and destination file systems are the same. Not copying hdfs://master:9000/spark-jars/netty-all-4.1.42.Final.jar
[2020-12-22 14:42:45,565] {logging_mixin.py:112} INFO - [2020-12-22 14:42:45,564] {batch.py:309} INFO - 2020-12-22 14:42:14,833 INFO yarn.Client: Source and destination file systems are the same. Not copying hdfs://master:9000/spark-jars/objenesis-2.5.1.jar
[2020-12-22 14:42:45,565] {logging_mixin.py:112} INFO - [2020-12-22 14:42:45,565] {batch.py:309} INFO - 2020-12-22 14:42:14,836 INFO yarn.Client: Source and destination file systems are the same. Not copying hdfs://master:9000/spark-jars/okhttp-3.12.0.jar
[2020-12-22 14:42:45,566] {logging_mixin.py:112} INFO - [2020-12-22 14:42:45,566] {batch.py:309} INFO - 2020-12-22 14:42:14,837 INFO yarn.Client: Source and destination file systems are the same. Not copying hdfs://master:9000/spark-jars/okio-1.15.0.jar
[2020-12-22 14:42:45,567] {logging_mixin.py:112} INFO - [2020-12-22 14:42:45,567] {batch.py:309} INFO - 2020-12-22 14:42:14,844 INFO yarn.Client: Source and destination file systems are the same. Not copying hdfs://master:9000/spark-jars/opencsv-2.3.jar
[2020-12-22 14:42:45,568] {logging_mixin.py:112} INFO - [2020-12-22 14:42:45,567] {batch.py:309} INFO - 2020-12-22 14:42:14,847 INFO yarn.Client: Source and destination file systems are the same. Not copying hdfs://master:9000/spark-jars/orc-core-1.5.5-nohive.jar
[2020-12-22 14:42:45,568] {logging_mixin.py:112} INFO - [2020-12-22 14:42:45,568] {batch.py:309} INFO - 2020-12-22 14:42:14,849 INFO yarn.Client: Source and destination file systems are the same. Not copying hdfs://master:9000/spark-jars/orc-mapreduce-1.5.5-nohive.jar
[2020-12-22 14:42:45,569] {logging_mixin.py:112} INFO - [2020-12-22 14:42:45,569] {batch.py:309} INFO - 2020-12-22 14:42:14,854 INFO yarn.Client: Source and destination file systems are the same. Not copying hdfs://master:9000/spark-jars/orc-shims-1.5.5.jar
[2020-12-22 14:42:45,569] {logging_mixin.py:112} INFO - [2020-12-22 14:42:45,569] {batch.py:309} INFO - 2020-12-22 14:42:14,866 INFO yarn.Client: Source and destination file systems are the same. Not copying hdfs://master:9000/spark-jars/oro-2.0.8.jar
[2020-12-22 14:42:45,570] {logging_mixin.py:112} INFO - [2020-12-22 14:42:45,570] {batch.py:309} INFO - 2020-12-22 14:42:14,869 INFO yarn.Client: Source and destination file systems are the same. Not copying hdfs://master:9000/spark-jars/osgi-resource-locator-1.0.1.jar
[2020-12-22 14:42:45,578] {logging_mixin.py:112} INFO - [2020-12-22 14:42:45,578] {batch.py:309} INFO - 2020-12-22 14:42:14,878 INFO yarn.Client: Source and destination file systems are the same. Not copying hdfs://master:9000/spark-jars/paranamer-2.8.jar
[2020-12-22 14:42:45,578] {logging_mixin.py:112} INFO - [2020-12-22 14:42:45,578] {batch.py:309} INFO - 2020-12-22 14:42:14,880 INFO yarn.Client: Source and destination file systems are the same. Not copying hdfs://master:9000/spark-jars/parquet-column-1.10.1.jar
[2020-12-22 14:42:45,578] {logging_mixin.py:112} INFO - [2020-12-22 14:42:45,578] {batch.py:309} INFO - 2020-12-22 14:42:14,881 INFO yarn.Client: Source and destination file systems are the same. Not copying hdfs://master:9000/spark-jars/parquet-common-1.10.1.jar
[2020-12-22 14:42:45,578] {logging_mixin.py:112} INFO - [2020-12-22 14:42:45,578] {batch.py:309} INFO - 2020-12-22 14:42:14,883 INFO yarn.Client: Source and destination file systems are the same. Not copying hdfs://master:9000/spark-jars/parquet-encoding-1.10.1.jar
[2020-12-22 14:42:45,578] {logging_mixin.py:112} INFO - [2020-12-22 14:42:45,578] {batch.py:309} INFO - 2020-12-22 14:42:14,888 INFO yarn.Client: Source and destination file systems are the same. Not copying hdfs://master:9000/spark-jars/parquet-format-2.4.0.jar
[2020-12-22 14:42:45,579] {logging_mixin.py:112} INFO - [2020-12-22 14:42:45,578] {batch.py:309} INFO - 2020-12-22 14:42:14,892 INFO yarn.Client: Source and destination file systems are the same. Not copying hdfs://master:9000/spark-jars/parquet-hadoop-1.10.1.jar
[2020-12-22 14:42:45,579] {logging_mixin.py:112} INFO - [2020-12-22 14:42:45,579] {batch.py:309} INFO - 2020-12-22 14:42:14,893 INFO yarn.Client: Source and destination file systems are the same. Not copying hdfs://master:9000/spark-jars/parquet-jackson-1.10.1.jar
[2020-12-22 14:42:45,579] {logging_mixin.py:112} INFO - [2020-12-22 14:42:45,579] {batch.py:309} INFO - 2020-12-22 14:42:14,898 INFO yarn.Client: Source and destination file systems are the same. Not copying hdfs://master:9000/spark-jars/py4j-0.10.7.jar
[2020-12-22 14:42:45,579] {logging_mixin.py:112} INFO - [2020-12-22 14:42:45,579] {batch.py:309} INFO - 2020-12-22 14:42:14,899 INFO yarn.Client: Source and destination file systems are the same. Not copying hdfs://master:9000/spark-jars/pyrolite-4.13.jar
[2020-12-22 14:42:45,579] {logging_mixin.py:112} INFO - [2020-12-22 14:42:45,579] {batch.py:309} INFO - 2020-12-22 14:42:14,900 INFO yarn.Client: Source and destination file systems are the same. Not copying hdfs://master:9000/spark-jars/scala-compiler-2.11.12.jar
[2020-12-22 14:42:45,579] {logging_mixin.py:112} INFO - [2020-12-22 14:42:45,579] {batch.py:309} INFO - 2020-12-22 14:42:14,902 INFO yarn.Client: Source and destination file systems are the same. Not copying hdfs://master:9000/spark-jars/scala-library-2.11.12.jar
[2020-12-22 14:42:45,580] {logging_mixin.py:112} INFO - [2020-12-22 14:42:45,579] {batch.py:309} INFO - 2020-12-22 14:42:14,905 INFO yarn.Client: Source and destination file systems are the same. Not copying hdfs://master:9000/spark-jars/scala-parser-combinators_2.11-1.1.0.jar
[2020-12-22 14:42:45,580] {logging_mixin.py:112} INFO - [2020-12-22 14:42:45,580] {batch.py:309} INFO - 2020-12-22 14:42:14,912 INFO yarn.Client: Source and destination file systems are the same. Not copying hdfs://master:9000/spark-jars/scala-reflect-2.11.12.jar
[2020-12-22 14:42:45,580] {logging_mixin.py:112} INFO - [2020-12-22 14:42:45,580] {batch.py:309} INFO - 2020-12-22 14:42:14,913 INFO yarn.Client: Source and destination file systems are the same. Not copying hdfs://master:9000/spark-jars/scala-xml_2.11-1.0.5.jar
[2020-12-22 14:42:45,580] {logging_mixin.py:112} INFO - [2020-12-22 14:42:45,580] {batch.py:309} INFO - 2020-12-22 14:42:14,919 INFO yarn.Client: Source and destination file systems are the same. Not copying hdfs://master:9000/spark-jars/shapeless_2.11-2.3.2.jar
[2020-12-22 14:42:45,580] {logging_mixin.py:112} INFO - [2020-12-22 14:42:45,580] {batch.py:309} INFO - 2020-12-22 14:42:14,920 INFO yarn.Client: Source and destination file systems are the same. Not copying hdfs://master:9000/spark-jars/shims-0.7.45.jar
[2020-12-22 14:42:45,580] {logging_mixin.py:112} INFO - [2020-12-22 14:42:45,580] {batch.py:309} INFO - 2020-12-22 14:42:14,921 INFO yarn.Client: Source and destination file systems are the same. Not copying hdfs://master:9000/spark-jars/snakeyaml-1.15.jar
[2020-12-22 14:42:45,580] {logging_mixin.py:112} INFO - [2020-12-22 14:42:45,580] {batch.py:309} INFO - 2020-12-22 14:42:14,922 INFO yarn.Client: Source and destination file systems are the same. Not copying hdfs://master:9000/spark-jars/snappy-java-1.1.7.3.jar
[2020-12-22 14:42:45,581] {logging_mixin.py:112} INFO - [2020-12-22 14:42:45,580] {batch.py:309} INFO - 2020-12-22 14:42:14,923 INFO yarn.Client: Source and destination file systems are the same. Not copying hdfs://master:9000/spark-jars/spark-catalyst_2.11-2.4.5.jar
[2020-12-22 14:42:45,581] {logging_mixin.py:112} INFO - [2020-12-22 14:42:45,581] {batch.py:309} INFO - 2020-12-22 14:42:14,925 INFO yarn.Client: Source and destination file systems are the same. Not copying hdfs://master:9000/spark-jars/spark-core_2.11-2.4.5.jar
[2020-12-22 14:42:45,581] {logging_mixin.py:112} INFO - [2020-12-22 14:42:45,581] {batch.py:309} INFO - 2020-12-22 14:42:14,926 INFO yarn.Client: Source and destination file systems are the same. Not copying hdfs://master:9000/spark-jars/spark-graphx_2.11-2.4.5.jar
[2020-12-22 14:42:45,581] {logging_mixin.py:112} INFO - [2020-12-22 14:42:45,581] {batch.py:309} INFO - 2020-12-22 14:42:14,927 INFO yarn.Client: Source and destination file systems are the same. Not copying hdfs://master:9000/spark-jars/spark-hive_2.11-2.4.5.jar
[2020-12-22 14:42:45,581] {logging_mixin.py:112} INFO - [2020-12-22 14:42:45,581] {batch.py:309} INFO - 2020-12-22 14:42:14,930 INFO yarn.Client: Source and destination file systems are the same. Not copying hdfs://master:9000/spark-jars/spark-kubernetes_2.11-2.4.5.jar
[2020-12-22 14:42:45,581] {logging_mixin.py:112} INFO - [2020-12-22 14:42:45,581] {batch.py:309} INFO - 2020-12-22 14:42:14,932 INFO yarn.Client: Source and destination file systems are the same. Not copying hdfs://master:9000/spark-jars/spark-kvstore_2.11-2.4.5.jar
[2020-12-22 14:42:45,590] {logging_mixin.py:112} INFO - [2020-12-22 14:42:45,581] {batch.py:309} INFO - 2020-12-22 14:42:14,937 INFO yarn.Client: Source and destination file systems are the same. Not copying hdfs://master:9000/spark-jars/spark-launcher_2.11-2.4.5.jar
[2020-12-22 14:42:45,590] {logging_mixin.py:112} INFO - [2020-12-22 14:42:45,590] {batch.py:309} INFO - 2020-12-22 14:42:14,941 INFO yarn.Client: Source and destination file systems are the same. Not copying hdfs://master:9000/spark-jars/spark-mesos_2.11-2.4.5.jar
[2020-12-22 14:42:45,590] {logging_mixin.py:112} INFO - [2020-12-22 14:42:45,590] {batch.py:309} INFO - 2020-12-22 14:42:14,943 INFO yarn.Client: Source and destination file systems are the same. Not copying hdfs://master:9000/spark-jars/spark-mllib-local_2.11-2.4.5.jar
[2020-12-22 14:42:45,590] {logging_mixin.py:112} INFO - [2020-12-22 14:42:45,590] {batch.py:309} INFO - 2020-12-22 14:42:14,944 INFO yarn.Client: Source and destination file systems are the same. Not copying hdfs://master:9000/spark-jars/spark-mllib_2.11-2.4.5.jar
[2020-12-22 14:42:45,591] {logging_mixin.py:112} INFO - [2020-12-22 14:42:45,590] {batch.py:309} INFO - 2020-12-22 14:42:14,945 INFO yarn.Client: Source and destination file systems are the same. Not copying hdfs://master:9000/spark-jars/spark-network-common_2.11-2.4.5.jar
[2020-12-22 14:42:45,591] {logging_mixin.py:112} INFO - [2020-12-22 14:42:45,591] {batch.py:309} INFO - 2020-12-22 14:42:14,946 INFO yarn.Client: Source and destination file systems are the same. Not copying hdfs://master:9000/spark-jars/spark-network-shuffle_2.11-2.4.5.jar
[2020-12-22 14:42:45,591] {logging_mixin.py:112} INFO - [2020-12-22 14:42:45,591] {batch.py:309} INFO - 2020-12-22 14:42:14,948 INFO yarn.Client: Source and destination file systems are the same. Not copying hdfs://master:9000/spark-jars/spark-repl_2.11-2.4.5.jar
[2020-12-22 14:42:45,591] {logging_mixin.py:112} INFO - [2020-12-22 14:42:45,591] {batch.py:309} INFO - 2020-12-22 14:42:14,953 INFO yarn.Client: Source and destination file systems are the same. Not copying hdfs://master:9000/spark-jars/spark-sketch_2.11-2.4.5.jar
[2020-12-22 14:42:45,591] {logging_mixin.py:112} INFO - [2020-12-22 14:42:45,591] {batch.py:309} INFO - 2020-12-22 14:42:14,954 INFO yarn.Client: Source and destination file systems are the same. Not copying hdfs://master:9000/spark-jars/spark-sql_2.11-2.4.5.jar
[2020-12-22 14:42:45,592] {logging_mixin.py:112} INFO - [2020-12-22 14:42:45,592] {batch.py:309} INFO - 2020-12-22 14:42:14,972 INFO yarn.Client: Source and destination file systems are the same. Not copying hdfs://master:9000/spark-jars/spark-streaming_2.11-2.4.5.jar
[2020-12-22 14:42:45,592] {logging_mixin.py:112} INFO - [2020-12-22 14:42:45,592] {batch.py:309} INFO - 2020-12-22 14:42:14,973 INFO yarn.Client: Source and destination file systems are the same. Not copying hdfs://master:9000/spark-jars/spark-tags_2.11-2.4.5-tests.jar
[2020-12-22 14:42:45,592] {logging_mixin.py:112} INFO - [2020-12-22 14:42:45,592] {batch.py:309} INFO - 2020-12-22 14:42:14,976 INFO yarn.Client: Source and destination file systems are the same. Not copying hdfs://master:9000/spark-jars/spark-tags_2.11-2.4.5.jar
[2020-12-22 14:42:45,592] {logging_mixin.py:112} INFO - [2020-12-22 14:42:45,592] {batch.py:309} INFO - 2020-12-22 14:42:14,981 INFO yarn.Client: Source and destination file systems are the same. Not copying hdfs://master:9000/spark-jars/spark-unsafe_2.11-2.4.5.jar
[2020-12-22 14:42:45,592] {logging_mixin.py:112} INFO - [2020-12-22 14:42:45,592] {batch.py:309} INFO - 2020-12-22 14:42:14,986 INFO yarn.Client: Source and destination file systems are the same. Not copying hdfs://master:9000/spark-jars/spark-yarn_2.11-2.4.5.jar
[2020-12-22 14:42:45,592] {logging_mixin.py:112} INFO - [2020-12-22 14:42:45,592] {batch.py:309} INFO - 2020-12-22 14:42:14,987 INFO yarn.Client: Source and destination file systems are the same. Not copying hdfs://master:9000/spark-jars/spire-macros_2.11-0.13.0.jar
[2020-12-22 14:42:45,593] {logging_mixin.py:112} INFO - [2020-12-22 14:42:45,592] {batch.py:309} INFO - 2020-12-22 14:42:14,994 INFO yarn.Client: Source and destination file systems are the same. Not copying hdfs://master:9000/spark-jars/spire_2.11-0.13.0.jar
[2020-12-22 14:42:45,593] {logging_mixin.py:112} INFO - [2020-12-22 14:42:45,593] {batch.py:309} INFO - 2020-12-22 14:42:14,996 INFO yarn.Client: Source and destination file systems are the same. Not copying hdfs://master:9000/spark-jars/stream-2.7.0.jar
[2020-12-22 14:42:45,593] {logging_mixin.py:112} INFO - [2020-12-22 14:42:45,593] {batch.py:309} INFO - 2020-12-22 14:42:14,997 INFO yarn.Client: Source and destination file systems are the same. Not copying hdfs://master:9000/spark-jars/univocity-parsers-2.7.3.jar
[2020-12-22 14:42:45,593] {logging_mixin.py:112} INFO - [2020-12-22 14:42:45,593] {batch.py:309} INFO - 2020-12-22 14:42:14,999 INFO yarn.Client: Source and destination file systems are the same. Not copying hdfs://master:9000/spark-jars/validation-api-1.1.0.Final.jar
[2020-12-22 14:42:45,593] {logging_mixin.py:112} INFO - [2020-12-22 14:42:45,593] {batch.py:309} INFO - 2020-12-22 14:42:15,001 INFO yarn.Client: Source and destination file systems are the same. Not copying hdfs://master:9000/spark-jars/xbean-asm6-shaded-4.8.jar
[2020-12-22 14:42:45,593] {logging_mixin.py:112} INFO - [2020-12-22 14:42:45,593] {batch.py:309} INFO - 2020-12-22 14:42:15,003 INFO yarn.Client: Source and destination file systems are the same. Not copying hdfs://master:9000/spark-jars/xz-1.5.jar
[2020-12-22 14:42:45,602] {logging_mixin.py:112} INFO - [2020-12-22 14:42:45,602] {base_hook.py:84} INFO - Using connection to: id: livy. Host: ec2-3-236-26-7.compute-1.amazonaws.com, Port: 8998, Schema: None, Login: None, Password: None, extra: None
[2020-12-22 14:42:45,603] {logging_mixin.py:112} INFO - [2020-12-22 14:42:45,603] {http_hook.py:136} INFO - Sending 'GET' to url: http://ec2-3-236-26-7.compute-1.amazonaws.com:8998/batches/1/log?from=100&size=100
[2020-12-22 14:42:45,616] {logging_mixin.py:112} INFO - [2020-12-22 14:42:45,616] {batch.py:309} INFO - 2020-12-22 14:42:15,007 INFO yarn.Client: Source and destination file systems are the same. Not copying hdfs://master:9000/spark-jars/zjsonpatch-0.3.0.jar
[2020-12-22 14:42:45,616] {logging_mixin.py:112} INFO - [2020-12-22 14:42:45,616] {batch.py:309} INFO - 2020-12-22 14:42:15,008 INFO yarn.Client: Source and destination file systems are the same. Not copying hdfs://master:9000/spark-jars/zstd-jni-1.3.2-2.jar
[2020-12-22 14:42:45,616] {logging_mixin.py:112} INFO - [2020-12-22 14:42:45,616] {batch.py:309} INFO - 2020-12-22 14:42:15,014 INFO yarn.Client: Uploading resource file:/usr/spark/python/lib/pyspark.zip -> hdfs://master:9000/user/root/.sparkStaging/application_1608647635904_0002/pyspark.zip
[2020-12-22 14:42:45,616] {logging_mixin.py:112} INFO - [2020-12-22 14:42:45,616] {batch.py:309} INFO - 2020-12-22 14:42:15,412 INFO yarn.Client: Uploading resource file:/usr/spark/python/lib/py4j-0.10.7-src.zip -> hdfs://master:9000/user/root/.sparkStaging/application_1608647635904_0002/py4j-0.10.7-src.zip
[2020-12-22 14:42:45,617] {logging_mixin.py:112} INFO - [2020-12-22 14:42:45,617] {batch.py:309} INFO - 2020-12-22 14:42:15,467 INFO yarn.Client: Uploading resource s3a://alanchn31-loan-default-prediction/dist/src.zip -> hdfs://master:9000/user/root/.sparkStaging/application_1608647635904_0002/src.zip
[2020-12-22 14:42:45,617] {logging_mixin.py:112} INFO - [2020-12-22 14:42:45,617] {batch.py:309} INFO - 2020-12-22 14:42:15,948 INFO yarn.Client: Uploading resource file:/tmp/spark-c92e4509-1697-4821-9f35-bb76cc0a555a/__spark_conf__780536289573564521.zip -> hdfs://master:9000/user/root/.sparkStaging/application_1608647635904_0002/__spark_conf__.zip
[2020-12-22 14:42:45,617] {logging_mixin.py:112} INFO - [2020-12-22 14:42:45,617] {batch.py:309} INFO - 2020-12-22 14:42:16,005 INFO spark.SecurityManager: Changing view acls to: root
[2020-12-22 14:42:45,618] {logging_mixin.py:112} INFO - [2020-12-22 14:42:45,617] {batch.py:309} INFO - 2020-12-22 14:42:16,005 INFO spark.SecurityManager: Changing modify acls to: root
[2020-12-22 14:42:45,618] {logging_mixin.py:112} INFO - [2020-12-22 14:42:45,618] {batch.py:309} INFO - 2020-12-22 14:42:16,006 INFO spark.SecurityManager: Changing view acls groups to: 
[2020-12-22 14:42:45,618] {logging_mixin.py:112} INFO - [2020-12-22 14:42:45,618] {batch.py:309} INFO - 2020-12-22 14:42:16,007 INFO spark.SecurityManager: Changing modify acls groups to: 
[2020-12-22 14:42:45,618] {logging_mixin.py:112} INFO - [2020-12-22 14:42:45,618] {batch.py:309} INFO - 2020-12-22 14:42:16,007 INFO spark.SecurityManager: SecurityManager: authentication disabled; ui acls disabled; users  with view permissions: Set(root); groups with view permissions: Set(); users  with modify permissions: Set(root); groups with modify permissions: Set()
[2020-12-22 14:42:45,619] {logging_mixin.py:112} INFO - [2020-12-22 14:42:45,618] {batch.py:309} INFO - 2020-12-22 14:42:17,507 INFO yarn.Client: Submitting application application_1608647635904_0002 to ResourceManager
[2020-12-22 14:42:45,619] {logging_mixin.py:112} INFO - [2020-12-22 14:42:45,619] {batch.py:309} INFO - 2020-12-22 14:42:17,569 INFO impl.YarnClientImpl: Submitted application application_1608647635904_0002
[2020-12-22 14:42:45,619] {logging_mixin.py:112} INFO - [2020-12-22 14:42:45,619] {batch.py:309} INFO - 2020-12-22 14:42:17,572 INFO cluster.SchedulerExtensionServices: Starting Yarn extension services with app application_1608647635904_0002 and attemptId None
[2020-12-22 14:42:45,620] {logging_mixin.py:112} INFO - [2020-12-22 14:42:45,620] {batch.py:309} INFO - 2020-12-22 14:42:18,579 INFO yarn.Client: Application report for application_1608647635904_0002 (state: ACCEPTED)
[2020-12-22 14:42:45,620] {logging_mixin.py:112} INFO - [2020-12-22 14:42:45,620] {batch.py:309} INFO - 2020-12-22 14:42:18,583 INFO yarn.Client: 
[2020-12-22 14:42:45,621] {logging_mixin.py:112} INFO - [2020-12-22 14:42:45,621] {batch.py:309} INFO - 	 client token: N/A
[2020-12-22 14:42:45,621] {logging_mixin.py:112} INFO - [2020-12-22 14:42:45,621] {batch.py:309} INFO - 	 diagnostics: AM container is launched, waiting for AM container to Register with RM
[2020-12-22 14:42:45,622] {logging_mixin.py:112} INFO - [2020-12-22 14:42:45,621] {batch.py:309} INFO - 	 ApplicationMaster host: N/A
[2020-12-22 14:42:45,622] {logging_mixin.py:112} INFO - [2020-12-22 14:42:45,622] {batch.py:309} INFO - 	 ApplicationMaster RPC port: -1
[2020-12-22 14:42:45,622] {logging_mixin.py:112} INFO - [2020-12-22 14:42:45,622] {batch.py:309} INFO - 	 queue: root.root
[2020-12-22 14:42:45,623] {logging_mixin.py:112} INFO - [2020-12-22 14:42:45,622] {batch.py:309} INFO - 	 start time: 1608648137530
[2020-12-22 14:42:45,623] {logging_mixin.py:112} INFO - [2020-12-22 14:42:45,623] {batch.py:309} INFO - 	 final status: UNDEFINED
[2020-12-22 14:42:45,623] {logging_mixin.py:112} INFO - [2020-12-22 14:42:45,623] {batch.py:309} INFO - 	 tracking URL: http://master:8088/proxy/application_1608647635904_0002/
[2020-12-22 14:42:45,623] {logging_mixin.py:112} INFO - [2020-12-22 14:42:45,623] {batch.py:309} INFO - 	 user: root
[2020-12-22 14:42:45,624] {logging_mixin.py:112} INFO - [2020-12-22 14:42:45,623] {batch.py:309} INFO - 2020-12-22 14:42:19,586 INFO yarn.Client: Application report for application_1608647635904_0002 (state: ACCEPTED)
[2020-12-22 14:42:45,624] {logging_mixin.py:112} INFO - [2020-12-22 14:42:45,624] {batch.py:309} INFO - 2020-12-22 14:42:20,588 INFO yarn.Client: Application report for application_1608647635904_0002 (state: ACCEPTED)
[2020-12-22 14:42:45,624] {logging_mixin.py:112} INFO - [2020-12-22 14:42:45,624] {batch.py:309} INFO - 2020-12-22 14:42:21,595 INFO yarn.Client: Application report for application_1608647635904_0002 (state: ACCEPTED)
[2020-12-22 14:42:45,625] {logging_mixin.py:112} INFO - [2020-12-22 14:42:45,624] {batch.py:309} INFO - 2020-12-22 14:42:22,598 INFO yarn.Client: Application report for application_1608647635904_0002 (state: ACCEPTED)
[2020-12-22 14:42:45,625] {logging_mixin.py:112} INFO - [2020-12-22 14:42:45,625] {batch.py:309} INFO - 2020-12-22 14:42:23,351 INFO cluster.YarnClientSchedulerBackend: Add WebUI Filter. org.apache.hadoop.yarn.server.webproxy.amfilter.AmIpFilter, Map(PROXY_HOSTS -> master, PROXY_URI_BASES -> http://master:8088/proxy/application_1608647635904_0002), /proxy/application_1608647635904_0002
[2020-12-22 14:42:45,625] {logging_mixin.py:112} INFO - [2020-12-22 14:42:45,625] {batch.py:309} INFO - 2020-12-22 14:42:23,606 INFO yarn.Client: Application report for application_1608647635904_0002 (state: RUNNING)
[2020-12-22 14:42:45,626] {logging_mixin.py:112} INFO - [2020-12-22 14:42:45,625] {batch.py:309} INFO - 2020-12-22 14:42:23,607 INFO yarn.Client: 
[2020-12-22 14:42:45,626] {logging_mixin.py:112} INFO - [2020-12-22 14:42:45,626] {batch.py:309} INFO - 	 client token: N/A
[2020-12-22 14:42:45,626] {logging_mixin.py:112} INFO - [2020-12-22 14:42:45,626] {batch.py:309} INFO - 	 diagnostics: N/A
[2020-12-22 14:42:45,626] {logging_mixin.py:112} INFO - [2020-12-22 14:42:45,626] {batch.py:309} INFO - 	 ApplicationMaster host: 172.18.0.8
[2020-12-22 14:42:45,627] {logging_mixin.py:112} INFO - [2020-12-22 14:42:45,627] {batch.py:309} INFO - 	 ApplicationMaster RPC port: -1
[2020-12-22 14:42:45,627] {logging_mixin.py:112} INFO - [2020-12-22 14:42:45,627] {batch.py:309} INFO - 	 queue: root.root
[2020-12-22 14:42:45,627] {logging_mixin.py:112} INFO - [2020-12-22 14:42:45,627] {batch.py:309} INFO - 	 start time: 1608648137530
[2020-12-22 14:42:45,628] {logging_mixin.py:112} INFO - [2020-12-22 14:42:45,627] {batch.py:309} INFO - 	 final status: UNDEFINED
[2020-12-22 14:42:45,628] {logging_mixin.py:112} INFO - [2020-12-22 14:42:45,628] {batch.py:309} INFO - 	 tracking URL: http://master:8088/proxy/application_1608647635904_0002/
[2020-12-22 14:42:45,628] {logging_mixin.py:112} INFO - [2020-12-22 14:42:45,628] {batch.py:309} INFO - 	 user: root
[2020-12-22 14:42:45,628] {logging_mixin.py:112} INFO - [2020-12-22 14:42:45,628] {batch.py:309} INFO - 2020-12-22 14:42:23,611 INFO cluster.YarnClientSchedulerBackend: Application application_1608647635904_0002 has started running.
[2020-12-22 14:42:45,629] {logging_mixin.py:112} INFO - [2020-12-22 14:42:45,629] {batch.py:309} INFO - 2020-12-22 14:42:23,636 INFO util.Utils: Successfully started service 'org.apache.spark.network.netty.NettyBlockTransferService' on port 7002.
[2020-12-22 14:42:45,629] {logging_mixin.py:112} INFO - [2020-12-22 14:42:45,629] {batch.py:309} INFO - 2020-12-22 14:42:23,638 INFO netty.NettyBlockTransferService: Server created on livy:7002
[2020-12-22 14:42:45,629] {logging_mixin.py:112} INFO - [2020-12-22 14:42:45,629] {batch.py:309} INFO - 2020-12-22 14:42:23,639 INFO storage.BlockManager: Using org.apache.spark.storage.RandomBlockReplicationPolicy for block replication policy
[2020-12-22 14:42:45,630] {logging_mixin.py:112} INFO - [2020-12-22 14:42:45,629] {batch.py:309} INFO - 2020-12-22 14:42:23,704 INFO storage.BlockManagerMaster: Registering BlockManager BlockManagerId(driver, livy, 7002, None)
[2020-12-22 14:42:45,630] {logging_mixin.py:112} INFO - [2020-12-22 14:42:45,630] {batch.py:309} INFO - 2020-12-22 14:42:23,712 INFO storage.BlockManagerMasterEndpoint: Registering block manager livy:7002 with 366.3 MB RAM, BlockManagerId(driver, livy, 7002, None)
[2020-12-22 14:42:45,630] {logging_mixin.py:112} INFO - [2020-12-22 14:42:45,630] {batch.py:309} INFO - 2020-12-22 14:42:23,728 INFO storage.BlockManagerMaster: Registered BlockManager BlockManagerId(driver, livy, 7002, None)
[2020-12-22 14:42:45,631] {logging_mixin.py:112} INFO - [2020-12-22 14:42:45,630] {batch.py:309} INFO - 2020-12-22 14:42:23,729 INFO storage.BlockManager: Initialized BlockManager: BlockManagerId(driver, livy, 7002, None)
[2020-12-22 14:42:45,631] {logging_mixin.py:112} INFO - [2020-12-22 14:42:45,631] {batch.py:309} INFO - 2020-12-22 14:42:23,783 INFO cluster.YarnSchedulerBackend$YarnSchedulerEndpoint: ApplicationMaster registered as NettyRpcEndpointRef(spark-client://YarnAM)
[2020-12-22 14:42:45,631] {logging_mixin.py:112} INFO - [2020-12-22 14:42:45,631] {batch.py:309} INFO - 2020-12-22 14:42:24,024 INFO ui.JettyUtils: Adding filter org.apache.hadoop.yarn.server.webproxy.amfilter.AmIpFilter to /metrics/json.
[2020-12-22 14:42:45,631] {logging_mixin.py:112} INFO - [2020-12-22 14:42:45,631] {batch.py:309} INFO - 2020-12-22 14:42:24,044 INFO handler.ContextHandler: Started o.s.j.s.ServletContextHandler@743f04d0{/metrics/json,null,AVAILABLE,@Spark}
[2020-12-22 14:42:45,632] {logging_mixin.py:112} INFO - [2020-12-22 14:42:45,631] {batch.py:309} INFO - 2020-12-22 14:42:24,302 INFO scheduler.EventLoggingListener: Logging events to hdfs:/log/spark/application_1608647635904_0002
[2020-12-22 14:42:45,632] {logging_mixin.py:112} INFO - [2020-12-22 14:42:45,632] {batch.py:309} INFO - 2020-12-22 14:42:31,578 INFO cluster.YarnSchedulerBackend$YarnDriverEndpoint: Registered executor NettyRpcEndpointRef(spark-client://Executor) (172.18.0.6:60930) with ID 2
[2020-12-22 14:42:45,632] {logging_mixin.py:112} INFO - [2020-12-22 14:42:45,632] {batch.py:309} INFO - 2020-12-22 14:42:31,722 INFO cluster.YarnSchedulerBackend$YarnDriverEndpoint: Registered executor NettyRpcEndpointRef(spark-client://Executor) (172.18.0.8:40716) with ID 1
[2020-12-22 14:42:45,632] {logging_mixin.py:112} INFO - [2020-12-22 14:42:45,632] {batch.py:309} INFO - 2020-12-22 14:42:31,816 INFO cluster.YarnClientSchedulerBackend: SchedulerBackend is ready for scheduling beginning after reached minRegisteredResourcesRatio: 0.8
[2020-12-22 14:42:45,632] {logging_mixin.py:112} INFO - [2020-12-22 14:42:45,632] {batch.py:309} INFO - 2020-12-22 14:42:31,829 INFO storage.BlockManagerMasterEndpoint: Registering block manager worker2:7002 with 366.3 MB RAM, BlockManagerId(2, worker2, 7002, None)
[2020-12-22 14:42:45,633] {logging_mixin.py:112} INFO - [2020-12-22 14:42:45,632] {batch.py:309} INFO - 2020-12-22 14:42:32,115 INFO storage.BlockManagerMasterEndpoint: Registering block manager worker1:7002 with 366.3 MB RAM, BlockManagerId(1, worker1, 7002, None)
[2020-12-22 14:42:45,633] {logging_mixin.py:112} INFO - [2020-12-22 14:42:45,633] {batch.py:309} INFO - 2020-12-22 14:42:32,228 INFO internal.SharedState: Setting hive.metastore.warehouse.dir ('null') to the value of spark.sql.warehouse.dir ('file:/spark-warehouse').
[2020-12-22 14:42:45,633] {logging_mixin.py:112} INFO - [2020-12-22 14:42:45,633] {batch.py:309} INFO - 2020-12-22 14:42:32,232 INFO internal.SharedState: Warehouse path is 'file:/spark-warehouse'.
[2020-12-22 14:42:45,633] {logging_mixin.py:112} INFO - [2020-12-22 14:42:45,633] {batch.py:309} INFO - 2020-12-22 14:42:32,252 INFO ui.JettyUtils: Adding filter org.apache.hadoop.yarn.server.webproxy.amfilter.AmIpFilter to /SQL.
[2020-12-22 14:42:45,634] {logging_mixin.py:112} INFO - [2020-12-22 14:42:45,633] {batch.py:309} INFO - 2020-12-22 14:42:32,253 INFO handler.ContextHandler: Started o.s.j.s.ServletContextHandler@3a45d576{/SQL,null,AVAILABLE,@Spark}
[2020-12-22 14:42:45,634] {logging_mixin.py:112} INFO - [2020-12-22 14:42:45,634] {batch.py:309} INFO - 2020-12-22 14:42:32,253 INFO ui.JettyUtils: Adding filter org.apache.hadoop.yarn.server.webproxy.amfilter.AmIpFilter to /SQL/json.
[2020-12-22 14:42:45,634] {logging_mixin.py:112} INFO - [2020-12-22 14:42:45,634] {batch.py:309} INFO - 2020-12-22 14:42:32,254 INFO handler.ContextHandler: Started o.s.j.s.ServletContextHandler@7e67a5e1{/SQL/json,null,AVAILABLE,@Spark}
[2020-12-22 14:42:45,634] {logging_mixin.py:112} INFO - [2020-12-22 14:42:45,634] {batch.py:309} INFO - 2020-12-22 14:42:32,254 INFO ui.JettyUtils: Adding filter org.apache.hadoop.yarn.server.webproxy.amfilter.AmIpFilter to /SQL/execution.
[2020-12-22 14:42:45,634] {logging_mixin.py:112} INFO - [2020-12-22 14:42:45,634] {batch.py:309} INFO - 2020-12-22 14:42:32,256 INFO handler.ContextHandler: Started o.s.j.s.ServletContextHandler@65b8e1ea{/SQL/execution,null,AVAILABLE,@Spark}
[2020-12-22 14:42:45,635] {logging_mixin.py:112} INFO - [2020-12-22 14:42:45,634] {batch.py:309} INFO - 2020-12-22 14:42:32,256 INFO ui.JettyUtils: Adding filter org.apache.hadoop.yarn.server.webproxy.amfilter.AmIpFilter to /SQL/execution/json.
[2020-12-22 14:42:45,635] {logging_mixin.py:112} INFO - [2020-12-22 14:42:45,635] {batch.py:309} INFO - 2020-12-22 14:42:32,258 INFO handler.ContextHandler: Started o.s.j.s.ServletContextHandler@7888b31e{/SQL/execution/json,null,AVAILABLE,@Spark}
[2020-12-22 14:42:45,635] {logging_mixin.py:112} INFO - [2020-12-22 14:42:45,635] {batch.py:309} INFO - 2020-12-22 14:42:32,265 INFO ui.JettyUtils: Adding filter org.apache.hadoop.yarn.server.webproxy.amfilter.AmIpFilter to /static/sql.
[2020-12-22 14:42:45,635] {logging_mixin.py:112} INFO - [2020-12-22 14:42:45,635] {batch.py:309} INFO - 2020-12-22 14:42:32,266 INFO handler.ContextHandler: Started o.s.j.s.ServletContextHandler@4399d858{/static/sql,null,AVAILABLE,@Spark}
[2020-12-22 14:42:45,635] {logging_mixin.py:112} INFO - [2020-12-22 14:42:45,635] {batch.py:309} INFO - 2020-12-22 14:42:33,151 INFO state.StateStoreCoordinatorRef: Registered StateStoreCoordinator endpoint
[2020-12-22 14:42:45,636] {logging_mixin.py:112} INFO - [2020-12-22 14:42:45,635] {batch.py:309} INFO - Traceback (most recent call last):
[2020-12-22 14:42:45,636] {logging_mixin.py:112} INFO - [2020-12-22 14:42:45,636] {batch.py:309} INFO -   File "/tmp/spark-f7858556-2595-41e2-a97d-73c3c656f8cc/main.py", line 87, in <module>
[2020-12-22 14:42:45,636] {logging_mixin.py:112} INFO - [2020-12-22 14:42:45,636] {batch.py:309} INFO -     main()
[2020-12-22 14:42:45,636] {logging_mixin.py:112} INFO - [2020-12-22 14:42:45,636] {batch.py:309} INFO -   File "/tmp/spark-f7858556-2595-41e2-a97d-73c3c656f8cc/main.py", line 70, in main
[2020-12-22 14:42:45,636] {logging_mixin.py:112} INFO - [2020-12-22 14:42:45,636] {batch.py:309} INFO -     spark_logger.warn('no config file found')
[2020-12-22 14:42:45,637] {logging_mixin.py:112} INFO - [2020-12-22 14:42:45,637] {batch.py:309} INFO - NameError: name 'spark_logger' is not defined
[2020-12-22 14:42:45,637] {logging_mixin.py:112} INFO - [2020-12-22 14:42:45,637] {batch.py:309} INFO - 2020-12-22 14:42:33,211 INFO spark.SparkContext: Invoking stop() from shutdown hook
[2020-12-22 14:42:45,637] {logging_mixin.py:112} INFO - [2020-12-22 14:42:45,637] {batch.py:309} INFO - 2020-12-22 14:42:33,218 INFO server.AbstractConnector: Stopped Spark@68f55f55{HTTP/1.1,[http/1.1]}{0.0.0.0:4040}
[2020-12-22 14:42:45,638] {logging_mixin.py:112} INFO - [2020-12-22 14:42:45,637] {batch.py:309} INFO - 2020-12-22 14:42:33,221 INFO ui.SparkUI: Stopped Spark web UI at http://livy:4040
[2020-12-22 14:42:45,638] {logging_mixin.py:112} INFO - [2020-12-22 14:42:45,638] {batch.py:309} INFO - 2020-12-22 14:42:33,226 INFO cluster.YarnClientSchedulerBackend: Interrupting monitor thread
[2020-12-22 14:42:45,638] {logging_mixin.py:112} INFO - [2020-12-22 14:42:45,638] {batch.py:309} INFO - 2020-12-22 14:42:33,263 INFO cluster.YarnClientSchedulerBackend: Shutting down all executors
[2020-12-22 14:42:45,638] {logging_mixin.py:112} INFO - [2020-12-22 14:42:45,638] {batch.py:309} INFO - 2020-12-22 14:42:33,265 INFO cluster.YarnSchedulerBackend$YarnDriverEndpoint: Asking each executor to shut down
[2020-12-22 14:42:45,639] {logging_mixin.py:112} INFO - [2020-12-22 14:42:45,639] {batch.py:309} INFO - 2020-12-22 14:42:33,280 INFO cluster.SchedulerExtensionServices: Stopping SchedulerExtensionServices
[2020-12-22 14:42:45,639] {logging_mixin.py:112} INFO - [2020-12-22 14:42:45,639] {batch.py:309} INFO - (serviceOption=None,
[2020-12-22 14:42:45,639] {logging_mixin.py:112} INFO - [2020-12-22 14:42:45,639] {batch.py:309} INFO -  services=List(),
[2020-12-22 14:42:45,639] {logging_mixin.py:112} INFO - [2020-12-22 14:42:45,639] {batch.py:309} INFO -  started=false)
[2020-12-22 14:42:45,640] {logging_mixin.py:112} INFO - [2020-12-22 14:42:45,640] {batch.py:309} INFO - 2020-12-22 14:42:33,284 INFO cluster.YarnClientSchedulerBackend: Stopped
[2020-12-22 14:42:45,640] {logging_mixin.py:112} INFO - [2020-12-22 14:42:45,640] {batch.py:309} INFO - 2020-12-22 14:42:33,327 INFO spark.MapOutputTrackerMasterEndpoint: MapOutputTrackerMasterEndpoint stopped!
[2020-12-22 14:42:45,640] {logging_mixin.py:112} INFO - [2020-12-22 14:42:45,640] {batch.py:309} INFO - 2020-12-22 14:42:33,360 INFO memory.MemoryStore: MemoryStore cleared
[2020-12-22 14:42:45,641] {logging_mixin.py:112} INFO - [2020-12-22 14:42:45,641] {batch.py:309} INFO - 2020-12-22 14:42:33,361 INFO storage.BlockManager: BlockManager stopped
[2020-12-22 14:42:45,641] {logging_mixin.py:112} INFO - [2020-12-22 14:42:45,641] {batch.py:309} INFO - 2020-12-22 14:42:33,380 INFO storage.BlockManagerMaster: BlockManagerMaster stopped
[2020-12-22 14:42:45,641] {logging_mixin.py:112} INFO - [2020-12-22 14:42:45,641] {batch.py:309} INFO - 2020-12-22 14:42:33,385 INFO scheduler.OutputCommitCoordinator$OutputCommitCoordinatorEndpoint: OutputCommitCoordinator stopped!
[2020-12-22 14:42:45,642] {logging_mixin.py:112} INFO - [2020-12-22 14:42:45,642] {batch.py:309} INFO - 2020-12-22 14:42:33,422 INFO spark.SparkContext: Successfully stopped SparkContext
[2020-12-22 14:42:45,642] {logging_mixin.py:112} INFO - [2020-12-22 14:42:45,642] {batch.py:309} INFO - 2020-12-22 14:42:33,429 INFO util.ShutdownHookManager: Shutdown hook called
[2020-12-22 14:42:45,642] {logging_mixin.py:112} INFO - [2020-12-22 14:42:45,642] {batch.py:309} INFO - 2020-12-22 14:42:33,433 INFO util.ShutdownHookManager: Deleting directory /tmp/spark-f7858556-2595-41e2-a97d-73c3c656f8cc
[2020-12-22 14:42:45,643] {logging_mixin.py:112} INFO - [2020-12-22 14:42:45,642] {batch.py:309} INFO - 2020-12-22 14:42:33,445 INFO util.ShutdownHookManager: Deleting directory /tmp/spark-c92e4509-1697-4821-9f35-bb76cc0a555a/pyspark-0d751f76-a68f-427f-ae5f-06251ebbfc82
[2020-12-22 14:42:45,643] {logging_mixin.py:112} INFO - [2020-12-22 14:42:45,643] {batch.py:309} INFO - 2020-12-22 14:42:33,457 INFO util.ShutdownHookManager: Deleting directory /tmp/spark-c92e4509-1697-4821-9f35-bb76cc0a555a
[2020-12-22 14:42:45,643] {logging_mixin.py:112} INFO - [2020-12-22 14:42:45,643] {batch.py:309} INFO - 2020-12-22 14:42:33,467 INFO impl.MetricsSystemImpl: Stopping s3a-file-system metrics system...
[2020-12-22 14:42:45,643] {logging_mixin.py:112} INFO - [2020-12-22 14:42:45,643] {batch.py:309} INFO - 2020-12-22 14:42:33,467 INFO impl.MetricsSystemImpl: s3a-file-system metrics system stopped.
[2020-12-22 14:42:45,650] {logging_mixin.py:112} INFO - [2020-12-22 14:42:45,650] {base_hook.py:84} INFO - Using connection to: id: livy. Host: ec2-3-236-26-7.compute-1.amazonaws.com, Port: 8998, Schema: None, Login: None, Password: None, extra: None
[2020-12-22 14:42:45,651] {logging_mixin.py:112} INFO - [2020-12-22 14:42:45,651] {http_hook.py:136} INFO - Sending 'GET' to url: http://ec2-3-236-26-7.compute-1.amazonaws.com:8998/batches/1/log?from=200&size=100
[2020-12-22 14:42:45,669] {logging_mixin.py:112} INFO - [2020-12-22 14:42:45,668] {batch.py:309} INFO - 2020-12-22 14:42:33,469 INFO impl.MetricsSystemImpl: s3a-file-system metrics system shutdown complete.
[2020-12-22 14:42:45,669] {logging_mixin.py:112} INFO - [2020-12-22 14:42:45,669] {batch.py:309} INFO - 
stderr: 
[2020-12-22 14:42:45,670] {logging_mixin.py:112} INFO - [2020-12-22 14:42:45,670] {batch.py:309} INFO - 
YARN Diagnostics: 
[2020-12-22 14:42:45,671] {logging_mixin.py:112} INFO - [2020-12-22 14:42:45,670] {batch.py:318} INFO - --------------------------------------------------End of full log for batch 1--------------------------------------------------
[2020-12-22 14:42:45,671] {logging_mixin.py:112} INFO - [2020-12-22 14:42:45,671] {batch.py:335} INFO - Closing batch with id = 1
[2020-12-22 14:42:45,678] {logging_mixin.py:112} INFO - [2020-12-22 14:42:45,677] {base_hook.py:84} INFO - Using connection to: id: livy. Host: ec2-3-236-26-7.compute-1.amazonaws.com, Port: 8998, Schema: None, Login: None, Password: None, extra: None
[2020-12-22 14:42:45,679] {logging_mixin.py:112} INFO - [2020-12-22 14:42:45,679] {http_hook.py:136} INFO - Sending 'DELETE' to url: http://ec2-3-236-26-7.compute-1.amazonaws.com:8998/batches/1
[2020-12-22 14:42:45,688] {logging_mixin.py:112} INFO - [2020-12-22 14:42:45,688] {batch.py:340} INFO - Batch 1 has been closed
[2020-12-22 14:42:45,696] {taskinstance.py:1128} ERROR - Batch 1 failed with state 'dead'
Traceback (most recent call last):
  File "/opt/bitnami/python/lib/python3.6/site-packages/airflow/models/taskinstance.py", line 966, in _run_raw_task
    result = task_copy.execute(context=context)
  File "/usr/local/airflow/plugins/airflow_livy/batch.py", line 173, in execute
    ).execute(context)
  File "/opt/bitnami/python/lib/python3.6/site-packages/airflow/sensors/base_sensor_operator.py", line 107, in execute
    while not self.poke(context):
  File "/usr/local/airflow/plugins/airflow_livy/batch.py", line 96, in poke
    raise AirflowException(f"Batch {self.batch_id} failed with state '{state}'")
airflow.exceptions.AirflowException: Batch 1 failed with state 'dead'
[2020-12-22 14:42:45,698] {taskinstance.py:1151} INFO - Marking task as UP_FOR_RETRY
[2020-12-22 14:42:50,279] {logging_mixin.py:112} INFO - [2020-12-22 14:42:50,278] {local_task_job.py:103} INFO - Task exited with return code 1
