[2020-12-22 15:00:45,707] {taskinstance.py:655} INFO - Dependencies all met for <TaskInstance: loan_prediction_train_model.preprocess_data 2020-12-22T15:00:43.230845+00:00 [queued]>
[2020-12-22 15:00:45,721] {taskinstance.py:655} INFO - Dependencies all met for <TaskInstance: loan_prediction_train_model.preprocess_data 2020-12-22T15:00:43.230845+00:00 [queued]>
[2020-12-22 15:00:45,722] {taskinstance.py:866} INFO - 
--------------------------------------------------------------------------------
[2020-12-22 15:00:45,722] {taskinstance.py:867} INFO - Starting attempt 1 of 6
[2020-12-22 15:00:45,722] {taskinstance.py:868} INFO - 
--------------------------------------------------------------------------------
[2020-12-22 15:00:45,733] {taskinstance.py:887} INFO - Executing <Task(LivyBatchOperator): preprocess_data> on 2020-12-22T15:00:43.230845+00:00
[2020-12-22 15:00:45,736] {standard_task_runner.py:53} INFO - Started process 8969 to run task
[2020-12-22 15:00:45,798] {logging_mixin.py:112} INFO - Running %s on host %s <TaskInstance: loan_prediction_train_model.preprocess_data 2020-12-22T15:00:43.230845+00:00 [running]> 6e29624e1b8e
[2020-12-22 15:00:45,822] {logging_mixin.py:112} INFO - [2020-12-22 15:00:45,821] {batch.py:214} INFO - Submitting the batch to Livy... Payload:
{
  "file": "s3a://alanchn31-loan-default-prediction/dist/main.py",
  "args": [
    "--job",
    "preprocess_data",
    "--phase",
    "train",
    "--mode",
    "aws",
    "--awsKey",
    "AKIAUW4FKHTMR2UR3INH",
    "--awsSecretKey",
    "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",
    "--s3Bucket",
    "alanchn31-loan-default-prediction"
  ],
  "pyFiles": [
    "s3a://alanchn31-loan-default-prediction/dist/src.zip"
  ],
  "files": [
    "s3a://alanchn31-loan-default-prediction/dist/config.json"
  ],
  "name": "preprocess_data_scheduled__2020-12-22T15:00:43.230845+00:00"
}
[2020-12-22 15:00:45,831] {logging_mixin.py:112} INFO - [2020-12-22 15:00:45,830] {base_hook.py:84} INFO - Using connection to: id: livy. Host: ec2-3-236-26-7.compute-1.amazonaws.com, Port: 8998, Schema: None, Login: None, Password: None, extra: None
[2020-12-22 15:00:45,833] {logging_mixin.py:112} INFO - [2020-12-22 15:00:45,833] {http_hook.py:136} INFO - Sending 'POST' to url: http://ec2-3-236-26-7.compute-1.amazonaws.com:8998/batches
[2020-12-22 15:00:45,854] {logging_mixin.py:112} INFO - [2020-12-22 15:00:45,854] {batch.py:166} INFO - Batch successfully submitted with id = 5.
[2020-12-22 15:00:45,855] {logging_mixin.py:112} INFO - [2020-12-22 15:00:45,854] {batch.py:80} INFO - Getting batch 5 status...
[2020-12-22 15:00:45,861] {logging_mixin.py:112} INFO - [2020-12-22 15:00:45,861] {base_hook.py:84} INFO - Using connection to: id: livy. Host: ec2-3-236-26-7.compute-1.amazonaws.com, Port: 8998, Schema: None, Login: None, Password: None, extra: None
[2020-12-22 15:00:45,863] {logging_mixin.py:112} INFO - [2020-12-22 15:00:45,863] {http_hook.py:136} INFO - Sending 'GET' to url: http://ec2-3-236-26-7.compute-1.amazonaws.com:8998/batches/5
[2020-12-22 15:00:45,877] {logging_mixin.py:112} INFO - [2020-12-22 15:00:45,877] {batch.py:90} INFO - Batch 5 has not finished yet (state is 'starting')
[2020-12-22 15:01:05,897] {logging_mixin.py:112} INFO - [2020-12-22 15:01:05,897] {batch.py:80} INFO - Getting batch 5 status...
[2020-12-22 15:01:05,929] {logging_mixin.py:112} INFO - [2020-12-22 15:01:05,929] {base_hook.py:84} INFO - Using connection to: id: livy. Host: ec2-3-236-26-7.compute-1.amazonaws.com, Port: 8998, Schema: None, Login: None, Password: None, extra: None
[2020-12-22 15:01:05,934] {logging_mixin.py:112} INFO - [2020-12-22 15:01:05,934] {http_hook.py:136} INFO - Sending 'GET' to url: http://ec2-3-236-26-7.compute-1.amazonaws.com:8998/batches/5
[2020-12-22 15:01:05,983] {logging_mixin.py:112} INFO - [2020-12-22 15:01:05,982] {batch.py:90} INFO - Batch 5 has not finished yet (state is 'running')
[2020-12-22 15:01:25,996] {logging_mixin.py:112} INFO - [2020-12-22 15:01:25,996] {batch.py:80} INFO - Getting batch 5 status...
[2020-12-22 15:01:26,003] {logging_mixin.py:112} INFO - [2020-12-22 15:01:26,002] {base_hook.py:84} INFO - Using connection to: id: livy. Host: ec2-3-236-26-7.compute-1.amazonaws.com, Port: 8998, Schema: None, Login: None, Password: None, extra: None
[2020-12-22 15:01:26,003] {logging_mixin.py:112} INFO - [2020-12-22 15:01:26,003] {http_hook.py:136} INFO - Sending 'GET' to url: http://ec2-3-236-26-7.compute-1.amazonaws.com:8998/batches/5
[2020-12-22 15:01:26,013] {logging_mixin.py:112} INFO - [2020-12-22 15:01:26,013] {batch.py:299} INFO - --------------------------------------------------Full log for batch 5--------------------------------------------------
[2020-12-22 15:01:26,020] {logging_mixin.py:112} INFO - [2020-12-22 15:01:26,020] {base_hook.py:84} INFO - Using connection to: id: livy. Host: ec2-3-236-26-7.compute-1.amazonaws.com, Port: 8998, Schema: None, Login: None, Password: None, extra: None
[2020-12-22 15:01:26,022] {logging_mixin.py:112} INFO - [2020-12-22 15:01:26,022] {http_hook.py:136} INFO - Sending 'GET' to url: http://ec2-3-236-26-7.compute-1.amazonaws.com:8998/batches/5/log?from=0&size=100
[2020-12-22 15:01:26,036] {logging_mixin.py:112} INFO - [2020-12-22 15:01:26,036] {batch.py:309} INFO - stdout: 
[2020-12-22 15:01:26,036] {logging_mixin.py:112} INFO - [2020-12-22 15:01:26,036] {batch.py:309} INFO - 2020-12-22 15:00:54,168 INFO yarn.Client: Source and destination file systems are the same. Not copying hdfs://master:9000/spark-jars/jackson-dataformat-yaml-2.6.7.jar
[2020-12-22 15:01:26,036] {logging_mixin.py:112} INFO - [2020-12-22 15:01:26,036] {batch.py:309} INFO - 2020-12-22 15:00:54,169 INFO yarn.Client: Source and destination file systems are the same. Not copying hdfs://master:9000/spark-jars/jackson-module-jaxb-annotations-2.6.7.jar
[2020-12-22 15:01:26,037] {logging_mixin.py:112} INFO - [2020-12-22 15:01:26,036] {batch.py:309} INFO - 2020-12-22 15:00:54,171 INFO yarn.Client: Source and destination file systems are the same. Not copying hdfs://master:9000/spark-jars/jackson-module-paranamer-2.7.9.jar
[2020-12-22 15:01:26,037] {logging_mixin.py:112} INFO - [2020-12-22 15:01:26,037] {batch.py:309} INFO - 2020-12-22 15:00:54,174 INFO yarn.Client: Source and destination file systems are the same. Not copying hdfs://master:9000/spark-jars/jackson-module-scala_2.11-2.6.7.1.jar
[2020-12-22 15:01:26,037] {logging_mixin.py:112} INFO - [2020-12-22 15:01:26,037] {batch.py:309} INFO - 2020-12-22 15:00:54,175 INFO yarn.Client: Source and destination file systems are the same. Not copying hdfs://master:9000/spark-jars/janino-3.0.9.jar
[2020-12-22 15:01:26,037] {logging_mixin.py:112} INFO - [2020-12-22 15:01:26,037] {batch.py:309} INFO - 2020-12-22 15:00:54,177 INFO yarn.Client: Source and destination file systems are the same. Not copying hdfs://master:9000/spark-jars/javassist-3.18.1-GA.jar
[2020-12-22 15:01:26,037] {logging_mixin.py:112} INFO - [2020-12-22 15:01:26,037] {batch.py:309} INFO - 2020-12-22 15:00:54,179 INFO yarn.Client: Source and destination file systems are the same. Not copying hdfs://master:9000/spark-jars/javax.annotation-api-1.2.jar
[2020-12-22 15:01:26,037] {logging_mixin.py:112} INFO - [2020-12-22 15:01:26,037] {batch.py:309} INFO - 2020-12-22 15:00:54,180 INFO yarn.Client: Source and destination file systems are the same. Not copying hdfs://master:9000/spark-jars/javax.inject-2.4.0-b34.jar
[2020-12-22 15:01:26,038] {logging_mixin.py:112} INFO - [2020-12-22 15:01:26,037] {batch.py:309} INFO - 2020-12-22 15:00:54,182 INFO yarn.Client: Source and destination file systems are the same. Not copying hdfs://master:9000/spark-jars/javax.servlet-api-3.1.0.jar
[2020-12-22 15:01:26,038] {logging_mixin.py:112} INFO - [2020-12-22 15:01:26,038] {batch.py:309} INFO - 2020-12-22 15:00:54,183 INFO yarn.Client: Source and destination file systems are the same. Not copying hdfs://master:9000/spark-jars/javax.ws.rs-api-2.0.1.jar
[2020-12-22 15:01:26,038] {logging_mixin.py:112} INFO - [2020-12-22 15:01:26,038] {batch.py:309} INFO - 2020-12-22 15:00:54,185 INFO yarn.Client: Source and destination file systems are the same. Not copying hdfs://master:9000/spark-jars/jcl-over-slf4j-1.7.16.jar
[2020-12-22 15:01:26,038] {logging_mixin.py:112} INFO - [2020-12-22 15:01:26,038] {batch.py:309} INFO - 2020-12-22 15:00:54,186 INFO yarn.Client: Source and destination file systems are the same. Not copying hdfs://master:9000/spark-jars/jersey-client-2.22.2.jar
[2020-12-22 15:01:26,038] {logging_mixin.py:112} INFO - [2020-12-22 15:01:26,038] {batch.py:309} INFO - 2020-12-22 15:00:54,188 INFO yarn.Client: Source and destination file systems are the same. Not copying hdfs://master:9000/spark-jars/jersey-common-2.22.2.jar
[2020-12-22 15:01:26,038] {logging_mixin.py:112} INFO - [2020-12-22 15:01:26,038] {batch.py:309} INFO - 2020-12-22 15:00:54,189 INFO yarn.Client: Source and destination file systems are the same. Not copying hdfs://master:9000/spark-jars/jersey-container-servlet-2.22.2.jar
[2020-12-22 15:01:26,038] {logging_mixin.py:112} INFO - [2020-12-22 15:01:26,038] {batch.py:309} INFO - 2020-12-22 15:00:54,191 INFO yarn.Client: Source and destination file systems are the same. Not copying hdfs://master:9000/spark-jars/jersey-container-servlet-core-2.22.2.jar
[2020-12-22 15:01:26,039] {logging_mixin.py:112} INFO - [2020-12-22 15:01:26,039] {batch.py:309} INFO - 2020-12-22 15:00:54,192 INFO yarn.Client: Source and destination file systems are the same. Not copying hdfs://master:9000/spark-jars/jersey-guava-2.22.2.jar
[2020-12-22 15:01:26,039] {logging_mixin.py:112} INFO - [2020-12-22 15:01:26,039] {batch.py:309} INFO - 2020-12-22 15:00:54,194 INFO yarn.Client: Source and destination file systems are the same. Not copying hdfs://master:9000/spark-jars/jersey-media-jaxb-2.22.2.jar
[2020-12-22 15:01:26,039] {logging_mixin.py:112} INFO - [2020-12-22 15:01:26,039] {batch.py:309} INFO - 2020-12-22 15:00:54,195 INFO yarn.Client: Source and destination file systems are the same. Not copying hdfs://master:9000/spark-jars/jersey-server-2.22.2.jar
[2020-12-22 15:01:26,039] {logging_mixin.py:112} INFO - [2020-12-22 15:01:26,039] {batch.py:309} INFO - 2020-12-22 15:00:54,197 INFO yarn.Client: Source and destination file systems are the same. Not copying hdfs://master:9000/spark-jars/joda-time-2.9.3.jar
[2020-12-22 15:01:26,039] {logging_mixin.py:112} INFO - [2020-12-22 15:01:26,039] {batch.py:309} INFO - 2020-12-22 15:00:54,198 INFO yarn.Client: Source and destination file systems are the same. Not copying hdfs://master:9000/spark-jars/json4s-ast_2.11-3.5.3.jar
[2020-12-22 15:01:26,039] {logging_mixin.py:112} INFO - [2020-12-22 15:01:26,039] {batch.py:309} INFO - 2020-12-22 15:00:54,200 INFO yarn.Client: Source and destination file systems are the same. Not copying hdfs://master:9000/spark-jars/json4s-core_2.11-3.5.3.jar
[2020-12-22 15:01:26,040] {logging_mixin.py:112} INFO - [2020-12-22 15:01:26,039] {batch.py:309} INFO - 2020-12-22 15:00:54,201 INFO yarn.Client: Source and destination file systems are the same. Not copying hdfs://master:9000/spark-jars/json4s-jackson_2.11-3.5.3.jar
[2020-12-22 15:01:26,040] {logging_mixin.py:112} INFO - [2020-12-22 15:01:26,040] {batch.py:309} INFO - 2020-12-22 15:00:54,209 INFO yarn.Client: Source and destination file systems are the same. Not copying hdfs://master:9000/spark-jars/json4s-scalap_2.11-3.5.3.jar
[2020-12-22 15:01:26,040] {logging_mixin.py:112} INFO - [2020-12-22 15:01:26,040] {batch.py:309} INFO - 2020-12-22 15:00:54,212 INFO yarn.Client: Source and destination file systems are the same. Not copying hdfs://master:9000/spark-jars/jsr305-1.3.9.jar
[2020-12-22 15:01:26,040] {logging_mixin.py:112} INFO - [2020-12-22 15:01:26,040] {batch.py:309} INFO - 2020-12-22 15:00:54,214 INFO yarn.Client: Source and destination file systems are the same. Not copying hdfs://master:9000/spark-jars/jtransforms-2.4.0.jar
[2020-12-22 15:01:26,040] {logging_mixin.py:112} INFO - [2020-12-22 15:01:26,040] {batch.py:309} INFO - 2020-12-22 15:00:54,229 INFO yarn.Client: Source and destination file systems are the same. Not copying hdfs://master:9000/spark-jars/jul-to-slf4j-1.7.16.jar
[2020-12-22 15:01:26,040] {logging_mixin.py:112} INFO - [2020-12-22 15:01:26,040] {batch.py:309} INFO - 2020-12-22 15:00:54,233 INFO yarn.Client: Source and destination file systems are the same. Not copying hdfs://master:9000/spark-jars/kryo-shaded-4.0.2.jar
[2020-12-22 15:01:26,040] {logging_mixin.py:112} INFO - [2020-12-22 15:01:26,040] {batch.py:309} INFO - 2020-12-22 15:00:54,235 INFO yarn.Client: Source and destination file systems are the same. Not copying hdfs://master:9000/spark-jars/kubernetes-client-4.6.1.jar
[2020-12-22 15:01:26,041] {logging_mixin.py:112} INFO - [2020-12-22 15:01:26,040] {batch.py:309} INFO - 2020-12-22 15:00:54,238 INFO yarn.Client: Source and destination file systems are the same. Not copying hdfs://master:9000/spark-jars/kubernetes-model-4.6.1.jar
[2020-12-22 15:01:26,041] {logging_mixin.py:112} INFO - [2020-12-22 15:01:26,041] {batch.py:309} INFO - 2020-12-22 15:00:54,240 INFO yarn.Client: Source and destination file systems are the same. Not copying hdfs://master:9000/spark-jars/kubernetes-model-common-4.6.1.jar
[2020-12-22 15:01:26,041] {logging_mixin.py:112} INFO - [2020-12-22 15:01:26,041] {batch.py:309} INFO - 2020-12-22 15:00:54,242 INFO yarn.Client: Source and destination file systems are the same. Not copying hdfs://master:9000/spark-jars/leveldbjni-all-1.8.jar
[2020-12-22 15:01:26,041] {logging_mixin.py:112} INFO - [2020-12-22 15:01:26,041] {batch.py:309} INFO - 2020-12-22 15:00:54,245 INFO yarn.Client: Source and destination file systems are the same. Not copying hdfs://master:9000/spark-jars/logging-interceptor-3.12.0.jar
[2020-12-22 15:01:26,041] {logging_mixin.py:112} INFO - [2020-12-22 15:01:26,041] {batch.py:309} INFO - 2020-12-22 15:00:54,247 INFO yarn.Client: Source and destination file systems are the same. Not copying hdfs://master:9000/spark-jars/lz4-java-1.4.0.jar
[2020-12-22 15:01:26,041] {logging_mixin.py:112} INFO - [2020-12-22 15:01:26,041] {batch.py:309} INFO - 2020-12-22 15:00:54,248 INFO yarn.Client: Source and destination file systems are the same. Not copying hdfs://master:9000/spark-jars/machinist_2.11-0.6.1.jar
[2020-12-22 15:01:26,041] {logging_mixin.py:112} INFO - [2020-12-22 15:01:26,041] {batch.py:309} INFO - 2020-12-22 15:00:54,251 INFO yarn.Client: Source and destination file systems are the same. Not copying hdfs://master:9000/spark-jars/macro-compat_2.11-1.1.1.jar
[2020-12-22 15:01:26,042] {logging_mixin.py:112} INFO - [2020-12-22 15:01:26,042] {batch.py:309} INFO - 2020-12-22 15:00:54,253 INFO yarn.Client: Source and destination file systems are the same. Not copying hdfs://master:9000/spark-jars/mesos-1.4.0-shaded-protobuf.jar
[2020-12-22 15:01:26,042] {logging_mixin.py:112} INFO - [2020-12-22 15:01:26,042] {batch.py:309} INFO - 2020-12-22 15:00:54,255 INFO yarn.Client: Source and destination file systems are the same. Not copying hdfs://master:9000/spark-jars/metrics-core-3.1.5.jar
[2020-12-22 15:01:26,042] {logging_mixin.py:112} INFO - [2020-12-22 15:01:26,042] {batch.py:309} INFO - 2020-12-22 15:00:54,257 INFO yarn.Client: Source and destination file systems are the same. Not copying hdfs://master:9000/spark-jars/metrics-graphite-3.1.5.jar
[2020-12-22 15:01:26,042] {logging_mixin.py:112} INFO - [2020-12-22 15:01:26,042] {batch.py:309} INFO - 2020-12-22 15:00:54,259 INFO yarn.Client: Source and destination file systems are the same. Not copying hdfs://master:9000/spark-jars/metrics-json-3.1.5.jar
[2020-12-22 15:01:26,042] {logging_mixin.py:112} INFO - [2020-12-22 15:01:26,042] {batch.py:309} INFO - 2020-12-22 15:00:54,263 INFO yarn.Client: Source and destination file systems are the same. Not copying hdfs://master:9000/spark-jars/metrics-jvm-3.1.5.jar
[2020-12-22 15:01:26,042] {logging_mixin.py:112} INFO - [2020-12-22 15:01:26,042] {batch.py:309} INFO - 2020-12-22 15:00:54,274 INFO yarn.Client: Source and destination file systems are the same. Not copying hdfs://master:9000/spark-jars/minlog-1.3.0.jar
[2020-12-22 15:01:26,043] {logging_mixin.py:112} INFO - [2020-12-22 15:01:26,042] {batch.py:309} INFO - 2020-12-22 15:00:54,276 INFO yarn.Client: Source and destination file systems are the same. Not copying hdfs://master:9000/spark-jars/netty-3.9.9.Final.jar
[2020-12-22 15:01:26,043] {logging_mixin.py:112} INFO - [2020-12-22 15:01:26,043] {batch.py:309} INFO - 2020-12-22 15:00:54,278 INFO yarn.Client: Source and destination file systems are the same. Not copying hdfs://master:9000/spark-jars/netty-all-4.1.42.Final.jar
[2020-12-22 15:01:26,043] {logging_mixin.py:112} INFO - [2020-12-22 15:01:26,043] {batch.py:309} INFO - 2020-12-22 15:00:54,283 INFO yarn.Client: Source and destination file systems are the same. Not copying hdfs://master:9000/spark-jars/objenesis-2.5.1.jar
[2020-12-22 15:01:26,043] {logging_mixin.py:112} INFO - [2020-12-22 15:01:26,043] {batch.py:309} INFO - 2020-12-22 15:00:54,284 INFO yarn.Client: Source and destination file systems are the same. Not copying hdfs://master:9000/spark-jars/okhttp-3.12.0.jar
[2020-12-22 15:01:26,043] {logging_mixin.py:112} INFO - [2020-12-22 15:01:26,043] {batch.py:309} INFO - 2020-12-22 15:00:54,286 INFO yarn.Client: Source and destination file systems are the same. Not copying hdfs://master:9000/spark-jars/okio-1.15.0.jar
[2020-12-22 15:01:26,043] {logging_mixin.py:112} INFO - [2020-12-22 15:01:26,043] {batch.py:309} INFO - 2020-12-22 15:00:54,292 INFO yarn.Client: Source and destination file systems are the same. Not copying hdfs://master:9000/spark-jars/opencsv-2.3.jar
[2020-12-22 15:01:26,043] {logging_mixin.py:112} INFO - [2020-12-22 15:01:26,043] {batch.py:309} INFO - 2020-12-22 15:00:54,294 INFO yarn.Client: Source and destination file systems are the same. Not copying hdfs://master:9000/spark-jars/orc-core-1.5.5-nohive.jar
[2020-12-22 15:01:26,044] {logging_mixin.py:112} INFO - [2020-12-22 15:01:26,043] {batch.py:309} INFO - 2020-12-22 15:00:54,296 INFO yarn.Client: Source and destination file systems are the same. Not copying hdfs://master:9000/spark-jars/orc-mapreduce-1.5.5-nohive.jar
[2020-12-22 15:01:26,044] {logging_mixin.py:112} INFO - [2020-12-22 15:01:26,044] {batch.py:309} INFO - 2020-12-22 15:00:54,299 INFO yarn.Client: Source and destination file systems are the same. Not copying hdfs://master:9000/spark-jars/orc-shims-1.5.5.jar
[2020-12-22 15:01:26,044] {logging_mixin.py:112} INFO - [2020-12-22 15:01:26,044] {batch.py:309} INFO - 2020-12-22 15:00:54,300 INFO yarn.Client: Source and destination file systems are the same. Not copying hdfs://master:9000/spark-jars/oro-2.0.8.jar
[2020-12-22 15:01:26,044] {logging_mixin.py:112} INFO - [2020-12-22 15:01:26,044] {batch.py:309} INFO - 2020-12-22 15:00:54,303 INFO yarn.Client: Source and destination file systems are the same. Not copying hdfs://master:9000/spark-jars/osgi-resource-locator-1.0.1.jar
[2020-12-22 15:01:26,044] {logging_mixin.py:112} INFO - [2020-12-22 15:01:26,044] {batch.py:309} INFO - 2020-12-22 15:00:54,306 INFO yarn.Client: Source and destination file systems are the same. Not copying hdfs://master:9000/spark-jars/paranamer-2.8.jar
[2020-12-22 15:01:26,044] {logging_mixin.py:112} INFO - [2020-12-22 15:01:26,044] {batch.py:309} INFO - 2020-12-22 15:00:54,311 INFO yarn.Client: Source and destination file systems are the same. Not copying hdfs://master:9000/spark-jars/parquet-column-1.10.1.jar
[2020-12-22 15:01:26,044] {logging_mixin.py:112} INFO - [2020-12-22 15:01:26,044] {batch.py:309} INFO - 2020-12-22 15:00:54,313 INFO yarn.Client: Source and destination file systems are the same. Not copying hdfs://master:9000/spark-jars/parquet-common-1.10.1.jar
[2020-12-22 15:01:26,045] {logging_mixin.py:112} INFO - [2020-12-22 15:01:26,044] {batch.py:309} INFO - 2020-12-22 15:00:54,314 INFO yarn.Client: Source and destination file systems are the same. Not copying hdfs://master:9000/spark-jars/parquet-encoding-1.10.1.jar
[2020-12-22 15:01:26,045] {logging_mixin.py:112} INFO - [2020-12-22 15:01:26,045] {batch.py:309} INFO - 2020-12-22 15:00:54,317 INFO yarn.Client: Source and destination file systems are the same. Not copying hdfs://master:9000/spark-jars/parquet-format-2.4.0.jar
[2020-12-22 15:01:26,045] {logging_mixin.py:112} INFO - [2020-12-22 15:01:26,045] {batch.py:309} INFO - 2020-12-22 15:00:54,318 INFO yarn.Client: Source and destination file systems are the same. Not copying hdfs://master:9000/spark-jars/parquet-hadoop-1.10.1.jar
[2020-12-22 15:01:26,045] {logging_mixin.py:112} INFO - [2020-12-22 15:01:26,045] {batch.py:309} INFO - 2020-12-22 15:00:54,328 INFO yarn.Client: Source and destination file systems are the same. Not copying hdfs://master:9000/spark-jars/parquet-jackson-1.10.1.jar
[2020-12-22 15:01:26,045] {logging_mixin.py:112} INFO - [2020-12-22 15:01:26,045] {batch.py:309} INFO - 2020-12-22 15:00:54,329 INFO yarn.Client: Source and destination file systems are the same. Not copying hdfs://master:9000/spark-jars/py4j-0.10.7.jar
[2020-12-22 15:01:26,046] {logging_mixin.py:112} INFO - [2020-12-22 15:01:26,045] {batch.py:309} INFO - 2020-12-22 15:00:54,331 INFO yarn.Client: Source and destination file systems are the same. Not copying hdfs://master:9000/spark-jars/pyrolite-4.13.jar
[2020-12-22 15:01:26,046] {logging_mixin.py:112} INFO - [2020-12-22 15:01:26,046] {batch.py:309} INFO - 2020-12-22 15:00:54,332 INFO yarn.Client: Source and destination file systems are the same. Not copying hdfs://master:9000/spark-jars/scala-compiler-2.11.12.jar
[2020-12-22 15:01:26,046] {logging_mixin.py:112} INFO - [2020-12-22 15:01:26,046] {batch.py:309} INFO - 2020-12-22 15:00:54,334 INFO yarn.Client: Source and destination file systems are the same. Not copying hdfs://master:9000/spark-jars/scala-library-2.11.12.jar
[2020-12-22 15:01:26,046] {logging_mixin.py:112} INFO - [2020-12-22 15:01:26,046] {batch.py:309} INFO - 2020-12-22 15:00:54,336 INFO yarn.Client: Source and destination file systems are the same. Not copying hdfs://master:9000/spark-jars/scala-parser-combinators_2.11-1.1.0.jar
[2020-12-22 15:01:26,046] {logging_mixin.py:112} INFO - [2020-12-22 15:01:26,046] {batch.py:309} INFO - 2020-12-22 15:00:54,338 INFO yarn.Client: Source and destination file systems are the same. Not copying hdfs://master:9000/spark-jars/scala-reflect-2.11.12.jar
[2020-12-22 15:01:26,046] {logging_mixin.py:112} INFO - [2020-12-22 15:01:26,046] {batch.py:309} INFO - 2020-12-22 15:00:54,342 INFO yarn.Client: Source and destination file systems are the same. Not copying hdfs://master:9000/spark-jars/scala-xml_2.11-1.0.5.jar
[2020-12-22 15:01:26,047] {logging_mixin.py:112} INFO - [2020-12-22 15:01:26,046] {batch.py:309} INFO - 2020-12-22 15:00:54,344 INFO yarn.Client: Source and destination file systems are the same. Not copying hdfs://master:9000/spark-jars/shapeless_2.11-2.3.2.jar
[2020-12-22 15:01:26,047] {logging_mixin.py:112} INFO - [2020-12-22 15:01:26,047] {batch.py:309} INFO - 2020-12-22 15:00:54,348 INFO yarn.Client: Source and destination file systems are the same. Not copying hdfs://master:9000/spark-jars/shims-0.7.45.jar
[2020-12-22 15:01:26,047] {logging_mixin.py:112} INFO - [2020-12-22 15:01:26,047] {batch.py:309} INFO - 2020-12-22 15:00:54,350 INFO yarn.Client: Source and destination file systems are the same. Not copying hdfs://master:9000/spark-jars/snakeyaml-1.15.jar
[2020-12-22 15:01:26,047] {logging_mixin.py:112} INFO - [2020-12-22 15:01:26,047] {batch.py:309} INFO - 2020-12-22 15:00:54,352 INFO yarn.Client: Source and destination file systems are the same. Not copying hdfs://master:9000/spark-jars/snappy-java-1.1.7.3.jar
[2020-12-22 15:01:26,047] {logging_mixin.py:112} INFO - [2020-12-22 15:01:26,047] {batch.py:309} INFO - 2020-12-22 15:00:54,355 INFO yarn.Client: Source and destination file systems are the same. Not copying hdfs://master:9000/spark-jars/spark-catalyst_2.11-2.4.5.jar
[2020-12-22 15:01:26,047] {logging_mixin.py:112} INFO - [2020-12-22 15:01:26,047] {batch.py:309} INFO - 2020-12-22 15:00:54,359 INFO yarn.Client: Source and destination file systems are the same. Not copying hdfs://master:9000/spark-jars/spark-core_2.11-2.4.5.jar
[2020-12-22 15:01:26,047] {logging_mixin.py:112} INFO - [2020-12-22 15:01:26,047] {batch.py:309} INFO - 2020-12-22 15:00:54,361 INFO yarn.Client: Source and destination file systems are the same. Not copying hdfs://master:9000/spark-jars/spark-graphx_2.11-2.4.5.jar
[2020-12-22 15:01:26,048] {logging_mixin.py:112} INFO - [2020-12-22 15:01:26,047] {batch.py:309} INFO - 2020-12-22 15:00:54,364 INFO yarn.Client: Source and destination file systems are the same. Not copying hdfs://master:9000/spark-jars/spark-hive_2.11-2.4.5.jar
[2020-12-22 15:01:26,048] {logging_mixin.py:112} INFO - [2020-12-22 15:01:26,048] {batch.py:309} INFO - 2020-12-22 15:00:54,369 INFO yarn.Client: Source and destination file systems are the same. Not copying hdfs://master:9000/spark-jars/spark-kubernetes_2.11-2.4.5.jar
[2020-12-22 15:01:26,048] {logging_mixin.py:112} INFO - [2020-12-22 15:01:26,048] {batch.py:309} INFO - 2020-12-22 15:00:54,373 INFO yarn.Client: Source and destination file systems are the same. Not copying hdfs://master:9000/spark-jars/spark-kvstore_2.11-2.4.5.jar
[2020-12-22 15:01:26,048] {logging_mixin.py:112} INFO - [2020-12-22 15:01:26,048] {batch.py:309} INFO - 2020-12-22 15:00:54,374 INFO yarn.Client: Source and destination file systems are the same. Not copying hdfs://master:9000/spark-jars/spark-launcher_2.11-2.4.5.jar
[2020-12-22 15:01:26,048] {logging_mixin.py:112} INFO - [2020-12-22 15:01:26,048] {batch.py:309} INFO - 2020-12-22 15:00:54,375 INFO yarn.Client: Source and destination file systems are the same. Not copying hdfs://master:9000/spark-jars/spark-mesos_2.11-2.4.5.jar
[2020-12-22 15:01:26,048] {logging_mixin.py:112} INFO - [2020-12-22 15:01:26,048] {batch.py:309} INFO - 2020-12-22 15:00:54,377 INFO yarn.Client: Source and destination file systems are the same. Not copying hdfs://master:9000/spark-jars/spark-mllib-local_2.11-2.4.5.jar
[2020-12-22 15:01:26,048] {logging_mixin.py:112} INFO - [2020-12-22 15:01:26,048] {batch.py:309} INFO - 2020-12-22 15:00:54,390 INFO yarn.Client: Source and destination file systems are the same. Not copying hdfs://master:9000/spark-jars/spark-mllib_2.11-2.4.5.jar
[2020-12-22 15:01:26,049] {logging_mixin.py:112} INFO - [2020-12-22 15:01:26,048] {batch.py:309} INFO - 2020-12-22 15:00:54,392 INFO yarn.Client: Source and destination file systems are the same. Not copying hdfs://master:9000/spark-jars/spark-network-common_2.11-2.4.5.jar
[2020-12-22 15:01:26,049] {logging_mixin.py:112} INFO - [2020-12-22 15:01:26,049] {batch.py:309} INFO - 2020-12-22 15:00:54,393 INFO yarn.Client: Source and destination file systems are the same. Not copying hdfs://master:9000/spark-jars/spark-network-shuffle_2.11-2.4.5.jar
[2020-12-22 15:01:26,049] {logging_mixin.py:112} INFO - [2020-12-22 15:01:26,049] {batch.py:309} INFO - 2020-12-22 15:00:54,396 INFO yarn.Client: Source and destination file systems are the same. Not copying hdfs://master:9000/spark-jars/spark-repl_2.11-2.4.5.jar
[2020-12-22 15:01:26,049] {logging_mixin.py:112} INFO - [2020-12-22 15:01:26,049] {batch.py:309} INFO - 2020-12-22 15:00:54,397 INFO yarn.Client: Source and destination file systems are the same. Not copying hdfs://master:9000/spark-jars/spark-sketch_2.11-2.4.5.jar
[2020-12-22 15:01:26,049] {logging_mixin.py:112} INFO - [2020-12-22 15:01:26,049] {batch.py:309} INFO - 2020-12-22 15:00:54,400 INFO yarn.Client: Source and destination file systems are the same. Not copying hdfs://master:9000/spark-jars/spark-sql_2.11-2.4.5.jar
[2020-12-22 15:01:26,049] {logging_mixin.py:112} INFO - [2020-12-22 15:01:26,049] {batch.py:309} INFO - 2020-12-22 15:00:54,402 INFO yarn.Client: Source and destination file systems are the same. Not copying hdfs://master:9000/spark-jars/spark-streaming_2.11-2.4.5.jar
[2020-12-22 15:01:26,049] {logging_mixin.py:112} INFO - [2020-12-22 15:01:26,049] {batch.py:309} INFO - 2020-12-22 15:00:54,406 INFO yarn.Client: Source and destination file systems are the same. Not copying hdfs://master:9000/spark-jars/spark-tags_2.11-2.4.5-tests.jar
[2020-12-22 15:01:26,050] {logging_mixin.py:112} INFO - [2020-12-22 15:01:26,050] {batch.py:309} INFO - 2020-12-22 15:00:54,408 INFO yarn.Client: Source and destination file systems are the same. Not copying hdfs://master:9000/spark-jars/spark-tags_2.11-2.4.5.jar
[2020-12-22 15:01:26,050] {logging_mixin.py:112} INFO - [2020-12-22 15:01:26,050] {batch.py:309} INFO - 2020-12-22 15:00:54,409 INFO yarn.Client: Source and destination file systems are the same. Not copying hdfs://master:9000/spark-jars/spark-unsafe_2.11-2.4.5.jar
[2020-12-22 15:01:26,050] {logging_mixin.py:112} INFO - [2020-12-22 15:01:26,050] {batch.py:309} INFO - 2020-12-22 15:00:54,418 INFO yarn.Client: Source and destination file systems are the same. Not copying hdfs://master:9000/spark-jars/spark-yarn_2.11-2.4.5.jar
[2020-12-22 15:01:26,050] {logging_mixin.py:112} INFO - [2020-12-22 15:01:26,050] {batch.py:309} INFO - 2020-12-22 15:00:54,420 INFO yarn.Client: Source and destination file systems are the same. Not copying hdfs://master:9000/spark-jars/spire-macros_2.11-0.13.0.jar
[2020-12-22 15:01:26,050] {logging_mixin.py:112} INFO - [2020-12-22 15:01:26,050] {batch.py:309} INFO - 2020-12-22 15:00:54,423 INFO yarn.Client: Source and destination file systems are the same. Not copying hdfs://master:9000/spark-jars/spire_2.11-0.13.0.jar
[2020-12-22 15:01:26,050] {logging_mixin.py:112} INFO - [2020-12-22 15:01:26,050] {batch.py:309} INFO - 2020-12-22 15:00:54,424 INFO yarn.Client: Source and destination file systems are the same. Not copying hdfs://master:9000/spark-jars/stream-2.7.0.jar
[2020-12-22 15:01:26,050] {logging_mixin.py:112} INFO - [2020-12-22 15:01:26,050] {batch.py:309} INFO - 2020-12-22 15:00:54,425 INFO yarn.Client: Source and destination file systems are the same. Not copying hdfs://master:9000/spark-jars/univocity-parsers-2.7.3.jar
[2020-12-22 15:01:26,051] {logging_mixin.py:112} INFO - [2020-12-22 15:01:26,051] {batch.py:309} INFO - 2020-12-22 15:00:54,430 INFO yarn.Client: Source and destination file systems are the same. Not copying hdfs://master:9000/spark-jars/validation-api-1.1.0.Final.jar
[2020-12-22 15:01:26,051] {logging_mixin.py:112} INFO - [2020-12-22 15:01:26,051] {batch.py:309} INFO - 2020-12-22 15:00:54,431 INFO yarn.Client: Source and destination file systems are the same. Not copying hdfs://master:9000/spark-jars/xbean-asm6-shaded-4.8.jar
[2020-12-22 15:01:26,051] {logging_mixin.py:112} INFO - [2020-12-22 15:01:26,051] {batch.py:309} INFO - 2020-12-22 15:00:54,433 INFO yarn.Client: Source and destination file systems are the same. Not copying hdfs://master:9000/spark-jars/xz-1.5.jar
[2020-12-22 15:01:26,051] {logging_mixin.py:112} INFO - [2020-12-22 15:01:26,051] {batch.py:309} INFO - 2020-12-22 15:00:54,434 INFO yarn.Client: Source and destination file systems are the same. Not copying hdfs://master:9000/spark-jars/zjsonpatch-0.3.0.jar
[2020-12-22 15:01:26,051] {logging_mixin.py:112} INFO - [2020-12-22 15:01:26,051] {batch.py:309} INFO - 2020-12-22 15:00:54,437 INFO yarn.Client: Source and destination file systems are the same. Not copying hdfs://master:9000/spark-jars/zstd-jni-1.3.2-2.jar
[2020-12-22 15:01:26,058] {logging_mixin.py:112} INFO - [2020-12-22 15:01:26,058] {base_hook.py:84} INFO - Using connection to: id: livy. Host: ec2-3-236-26-7.compute-1.amazonaws.com, Port: 8998, Schema: None, Login: None, Password: None, extra: None
[2020-12-22 15:01:26,059] {logging_mixin.py:112} INFO - [2020-12-22 15:01:26,059] {http_hook.py:136} INFO - Sending 'GET' to url: http://ec2-3-236-26-7.compute-1.amazonaws.com:8998/batches/5/log?from=100&size=100
[2020-12-22 15:01:26,070] {logging_mixin.py:112} INFO - [2020-12-22 15:01:26,069] {batch.py:309} INFO - 2020-12-22 15:00:54,443 INFO yarn.Client: Uploading resource s3a://alanchn31-loan-default-prediction/dist/config.json -> hdfs://master:9000/user/root/.sparkStaging/application_1608647635904_0006/config.json
[2020-12-22 15:01:26,070] {logging_mixin.py:112} INFO - [2020-12-22 15:01:26,070] {batch.py:309} INFO - 2020-12-22 15:00:54,680 INFO yarn.Client: Uploading resource file:/usr/spark/python/lib/pyspark.zip -> hdfs://master:9000/user/root/.sparkStaging/application_1608647635904_0006/pyspark.zip
[2020-12-22 15:01:26,071] {logging_mixin.py:112} INFO - [2020-12-22 15:01:26,070] {batch.py:309} INFO - 2020-12-22 15:00:54,723 INFO yarn.Client: Uploading resource file:/usr/spark/python/lib/py4j-0.10.7-src.zip -> hdfs://master:9000/user/root/.sparkStaging/application_1608647635904_0006/py4j-0.10.7-src.zip
[2020-12-22 15:01:26,071] {logging_mixin.py:112} INFO - [2020-12-22 15:01:26,071] {batch.py:309} INFO - 2020-12-22 15:00:54,752 INFO yarn.Client: Uploading resource s3a://alanchn31-loan-default-prediction/dist/src.zip -> hdfs://master:9000/user/root/.sparkStaging/application_1608647635904_0006/src.zip
[2020-12-22 15:01:26,071] {logging_mixin.py:112} INFO - [2020-12-22 15:01:26,071] {batch.py:309} INFO - 2020-12-22 15:00:55,132 INFO yarn.Client: Uploading resource file:/tmp/spark-687713f1-5a22-4a83-9d35-0493763b0f39/__spark_conf__7183813366198589024.zip -> hdfs://master:9000/user/root/.sparkStaging/application_1608647635904_0006/__spark_conf__.zip
[2020-12-22 15:01:26,071] {logging_mixin.py:112} INFO - [2020-12-22 15:01:26,071] {batch.py:309} INFO - 2020-12-22 15:00:55,196 INFO spark.SecurityManager: Changing view acls to: root
[2020-12-22 15:01:26,071] {logging_mixin.py:112} INFO - [2020-12-22 15:01:26,071] {batch.py:309} INFO - 2020-12-22 15:00:55,196 INFO spark.SecurityManager: Changing modify acls to: root
[2020-12-22 15:01:26,072] {logging_mixin.py:112} INFO - [2020-12-22 15:01:26,072] {batch.py:309} INFO - 2020-12-22 15:00:55,196 INFO spark.SecurityManager: Changing view acls groups to: 
[2020-12-22 15:01:26,072] {logging_mixin.py:112} INFO - [2020-12-22 15:01:26,072] {batch.py:309} INFO - 2020-12-22 15:00:55,196 INFO spark.SecurityManager: Changing modify acls groups to: 
[2020-12-22 15:01:26,072] {logging_mixin.py:112} INFO - [2020-12-22 15:01:26,072] {batch.py:309} INFO - 2020-12-22 15:00:55,196 INFO spark.SecurityManager: SecurityManager: authentication disabled; ui acls disabled; users  with view permissions: Set(root); groups with view permissions: Set(); users  with modify permissions: Set(root); groups with modify permissions: Set()
[2020-12-22 15:01:26,072] {logging_mixin.py:112} INFO - [2020-12-22 15:01:26,072] {batch.py:309} INFO - 2020-12-22 15:00:56,654 INFO yarn.Client: Submitting application application_1608647635904_0006 to ResourceManager
[2020-12-22 15:01:26,073] {logging_mixin.py:112} INFO - [2020-12-22 15:01:26,072] {batch.py:309} INFO - 2020-12-22 15:00:56,711 INFO impl.YarnClientImpl: Submitted application application_1608647635904_0006
[2020-12-22 15:01:26,073] {logging_mixin.py:112} INFO - [2020-12-22 15:01:26,073] {batch.py:309} INFO - 2020-12-22 15:00:56,714 INFO cluster.SchedulerExtensionServices: Starting Yarn extension services with app application_1608647635904_0006 and attemptId None
[2020-12-22 15:01:26,073] {logging_mixin.py:112} INFO - [2020-12-22 15:01:26,073] {batch.py:309} INFO - 2020-12-22 15:00:57,721 INFO yarn.Client: Application report for application_1608647635904_0006 (state: ACCEPTED)
[2020-12-22 15:01:26,073] {logging_mixin.py:112} INFO - [2020-12-22 15:01:26,073] {batch.py:309} INFO - 2020-12-22 15:00:57,725 INFO yarn.Client: 
[2020-12-22 15:01:26,073] {logging_mixin.py:112} INFO - [2020-12-22 15:01:26,073] {batch.py:309} INFO - 	 client token: N/A
[2020-12-22 15:01:26,074] {logging_mixin.py:112} INFO - [2020-12-22 15:01:26,074] {batch.py:309} INFO - 	 diagnostics: AM container is launched, waiting for AM container to Register with RM
[2020-12-22 15:01:26,074] {logging_mixin.py:112} INFO - [2020-12-22 15:01:26,074] {batch.py:309} INFO - 	 ApplicationMaster host: N/A
[2020-12-22 15:01:26,074] {logging_mixin.py:112} INFO - [2020-12-22 15:01:26,074] {batch.py:309} INFO - 	 ApplicationMaster RPC port: -1
[2020-12-22 15:01:26,074] {logging_mixin.py:112} INFO - [2020-12-22 15:01:26,074] {batch.py:309} INFO - 	 queue: root.root
[2020-12-22 15:01:26,075] {logging_mixin.py:112} INFO - [2020-12-22 15:01:26,074] {batch.py:309} INFO - 	 start time: 1608649256676
[2020-12-22 15:01:26,075] {logging_mixin.py:112} INFO - [2020-12-22 15:01:26,075] {batch.py:309} INFO - 	 final status: UNDEFINED
[2020-12-22 15:01:26,075] {logging_mixin.py:112} INFO - [2020-12-22 15:01:26,075] {batch.py:309} INFO - 	 tracking URL: http://master:8088/proxy/application_1608647635904_0006/
[2020-12-22 15:01:26,075] {logging_mixin.py:112} INFO - [2020-12-22 15:01:26,075] {batch.py:309} INFO - 	 user: root
[2020-12-22 15:01:26,076] {logging_mixin.py:112} INFO - [2020-12-22 15:01:26,075] {batch.py:309} INFO - 2020-12-22 15:00:58,729 INFO yarn.Client: Application report for application_1608647635904_0006 (state: ACCEPTED)
[2020-12-22 15:01:26,076] {logging_mixin.py:112} INFO - [2020-12-22 15:01:26,076] {batch.py:309} INFO - 2020-12-22 15:00:59,736 INFO yarn.Client: Application report for application_1608647635904_0006 (state: ACCEPTED)
[2020-12-22 15:01:26,076] {logging_mixin.py:112} INFO - [2020-12-22 15:01:26,076] {batch.py:309} INFO - 2020-12-22 15:01:00,755 INFO yarn.Client: Application report for application_1608647635904_0006 (state: ACCEPTED)
[2020-12-22 15:01:26,076] {logging_mixin.py:112} INFO - [2020-12-22 15:01:26,076] {batch.py:309} INFO - 2020-12-22 15:01:01,769 INFO yarn.Client: Application report for application_1608647635904_0006 (state: ACCEPTED)
[2020-12-22 15:01:26,076] {logging_mixin.py:112} INFO - [2020-12-22 15:01:26,076] {batch.py:309} INFO - 2020-12-22 15:01:02,774 INFO yarn.Client: Application report for application_1608647635904_0006 (state: ACCEPTED)
[2020-12-22 15:01:26,077] {logging_mixin.py:112} INFO - [2020-12-22 15:01:26,077] {batch.py:309} INFO - 2020-12-22 15:01:03,364 INFO cluster.YarnClientSchedulerBackend: Add WebUI Filter. org.apache.hadoop.yarn.server.webproxy.amfilter.AmIpFilter, Map(PROXY_HOSTS -> master, PROXY_URI_BASES -> http://master:8088/proxy/application_1608647635904_0006), /proxy/application_1608647635904_0006
[2020-12-22 15:01:26,077] {logging_mixin.py:112} INFO - [2020-12-22 15:01:26,077] {batch.py:309} INFO - 2020-12-22 15:01:03,782 INFO yarn.Client: Application report for application_1608647635904_0006 (state: RUNNING)
[2020-12-22 15:01:26,077] {logging_mixin.py:112} INFO - [2020-12-22 15:01:26,077] {batch.py:309} INFO - 2020-12-22 15:01:03,782 INFO yarn.Client: 
[2020-12-22 15:01:26,077] {logging_mixin.py:112} INFO - [2020-12-22 15:01:26,077] {batch.py:309} INFO - 	 client token: N/A
[2020-12-22 15:01:26,078] {logging_mixin.py:112} INFO - [2020-12-22 15:01:26,077] {batch.py:309} INFO - 	 diagnostics: N/A
[2020-12-22 15:01:26,078] {logging_mixin.py:112} INFO - [2020-12-22 15:01:26,078] {batch.py:309} INFO - 	 ApplicationMaster host: 172.18.0.8
[2020-12-22 15:01:26,078] {logging_mixin.py:112} INFO - [2020-12-22 15:01:26,078] {batch.py:309} INFO - 	 ApplicationMaster RPC port: -1
[2020-12-22 15:01:26,078] {logging_mixin.py:112} INFO - [2020-12-22 15:01:26,078] {batch.py:309} INFO - 	 queue: root.root
[2020-12-22 15:01:26,079] {logging_mixin.py:112} INFO - [2020-12-22 15:01:26,079] {batch.py:309} INFO - 	 start time: 1608649256676
[2020-12-22 15:01:26,079] {logging_mixin.py:112} INFO - [2020-12-22 15:01:26,079] {batch.py:309} INFO - 	 final status: UNDEFINED
[2020-12-22 15:01:26,079] {logging_mixin.py:112} INFO - [2020-12-22 15:01:26,079] {batch.py:309} INFO - 	 tracking URL: http://master:8088/proxy/application_1608647635904_0006/
[2020-12-22 15:01:26,079] {logging_mixin.py:112} INFO - [2020-12-22 15:01:26,079] {batch.py:309} INFO - 	 user: root
[2020-12-22 15:01:26,080] {logging_mixin.py:112} INFO - [2020-12-22 15:01:26,079] {batch.py:309} INFO - 2020-12-22 15:01:03,784 INFO cluster.YarnClientSchedulerBackend: Application application_1608647635904_0006 has started running.
[2020-12-22 15:01:26,080] {logging_mixin.py:112} INFO - [2020-12-22 15:01:26,080] {batch.py:309} INFO - 2020-12-22 15:01:03,840 INFO cluster.YarnSchedulerBackend$YarnSchedulerEndpoint: ApplicationMaster registered as NettyRpcEndpointRef(spark-client://YarnAM)
[2020-12-22 15:01:26,080] {logging_mixin.py:112} INFO - [2020-12-22 15:01:26,080] {batch.py:309} INFO - 2020-12-22 15:01:03,843 INFO util.Utils: Successfully started service 'org.apache.spark.network.netty.NettyBlockTransferService' on port 7002.
[2020-12-22 15:01:26,080] {logging_mixin.py:112} INFO - [2020-12-22 15:01:26,080] {batch.py:309} INFO - 2020-12-22 15:01:03,844 INFO netty.NettyBlockTransferService: Server created on livy:7002
[2020-12-22 15:01:26,080] {logging_mixin.py:112} INFO - [2020-12-22 15:01:26,080] {batch.py:309} INFO - 2020-12-22 15:01:03,858 INFO storage.BlockManager: Using org.apache.spark.storage.RandomBlockReplicationPolicy for block replication policy
[2020-12-22 15:01:26,081] {logging_mixin.py:112} INFO - [2020-12-22 15:01:26,081] {batch.py:309} INFO - 2020-12-22 15:01:03,904 INFO storage.BlockManagerMaster: Registering BlockManager BlockManagerId(driver, livy, 7002, None)
[2020-12-22 15:01:26,081] {logging_mixin.py:112} INFO - [2020-12-22 15:01:26,081] {batch.py:309} INFO - 2020-12-22 15:01:03,915 INFO storage.BlockManagerMasterEndpoint: Registering block manager livy:7002 with 366.3 MB RAM, BlockManagerId(driver, livy, 7002, None)
[2020-12-22 15:01:26,081] {logging_mixin.py:112} INFO - [2020-12-22 15:01:26,081] {batch.py:309} INFO - 2020-12-22 15:01:03,924 INFO storage.BlockManagerMaster: Registered BlockManager BlockManagerId(driver, livy, 7002, None)
[2020-12-22 15:01:26,081] {logging_mixin.py:112} INFO - [2020-12-22 15:01:26,081] {batch.py:309} INFO - 2020-12-22 15:01:03,925 INFO storage.BlockManager: Initialized BlockManager: BlockManagerId(driver, livy, 7002, None)
[2020-12-22 15:01:26,081] {logging_mixin.py:112} INFO - [2020-12-22 15:01:26,081] {batch.py:309} INFO - 2020-12-22 15:01:04,182 INFO ui.JettyUtils: Adding filter org.apache.hadoop.yarn.server.webproxy.amfilter.AmIpFilter to /metrics/json.
[2020-12-22 15:01:26,082] {logging_mixin.py:112} INFO - [2020-12-22 15:01:26,082] {batch.py:309} INFO - 2020-12-22 15:01:04,193 INFO handler.ContextHandler: Started o.s.j.s.ServletContextHandler@5f4e2985{/metrics/json,null,AVAILABLE,@Spark}
[2020-12-22 15:01:26,082] {logging_mixin.py:112} INFO - [2020-12-22 15:01:26,082] {batch.py:309} INFO - 2020-12-22 15:01:04,441 INFO scheduler.EventLoggingListener: Logging events to hdfs:/log/spark/application_1608647635904_0006
[2020-12-22 15:01:26,082] {logging_mixin.py:112} INFO - [2020-12-22 15:01:26,082] {batch.py:309} INFO - 2020-12-22 15:01:11,801 INFO cluster.YarnSchedulerBackend$YarnDriverEndpoint: Registered executor NettyRpcEndpointRef(spark-client://Executor) (172.18.0.6:35930) with ID 2
[2020-12-22 15:01:26,082] {logging_mixin.py:112} INFO - [2020-12-22 15:01:26,082] {batch.py:309} INFO - 2020-12-22 15:01:12,047 INFO storage.BlockManagerMasterEndpoint: Registering block manager worker2:7002 with 366.3 MB RAM, BlockManagerId(2, worker2, 7002, None)
[2020-12-22 15:01:26,082] {logging_mixin.py:112} INFO - [2020-12-22 15:01:26,082] {batch.py:309} INFO - 2020-12-22 15:01:12,138 INFO cluster.YarnSchedulerBackend$YarnDriverEndpoint: Registered executor NettyRpcEndpointRef(spark-client://Executor) (172.18.0.8:43950) with ID 1
[2020-12-22 15:01:26,083] {logging_mixin.py:112} INFO - [2020-12-22 15:01:26,082] {batch.py:309} INFO - 2020-12-22 15:01:12,180 INFO cluster.YarnClientSchedulerBackend: SchedulerBackend is ready for scheduling beginning after reached minRegisteredResourcesRatio: 0.8
[2020-12-22 15:01:26,083] {logging_mixin.py:112} INFO - [2020-12-22 15:01:26,083] {batch.py:309} INFO - 2020-12-22 15:01:12,497 INFO storage.BlockManagerMasterEndpoint: Registering block manager worker1:7002 with 366.3 MB RAM, BlockManagerId(1, worker1, 7002, None)
[2020-12-22 15:01:26,083] {logging_mixin.py:112} INFO - [2020-12-22 15:01:26,083] {batch.py:309} INFO - 2020-12-22 15:01:12,641 INFO internal.SharedState: Setting hive.metastore.warehouse.dir ('null') to the value of spark.sql.warehouse.dir ('file:/spark-warehouse').
[2020-12-22 15:01:26,083] {logging_mixin.py:112} INFO - [2020-12-22 15:01:26,083] {batch.py:309} INFO - 2020-12-22 15:01:12,642 INFO internal.SharedState: Warehouse path is 'file:/spark-warehouse'.
[2020-12-22 15:01:26,083] {logging_mixin.py:112} INFO - [2020-12-22 15:01:26,083] {batch.py:309} INFO - 2020-12-22 15:01:12,659 INFO ui.JettyUtils: Adding filter org.apache.hadoop.yarn.server.webproxy.amfilter.AmIpFilter to /SQL.
[2020-12-22 15:01:26,084] {logging_mixin.py:112} INFO - [2020-12-22 15:01:26,083] {batch.py:309} INFO - 2020-12-22 15:01:12,669 INFO handler.ContextHandler: Started o.s.j.s.ServletContextHandler@6d999b8b{/SQL,null,AVAILABLE,@Spark}
[2020-12-22 15:01:26,084] {logging_mixin.py:112} INFO - [2020-12-22 15:01:26,084] {batch.py:309} INFO - 2020-12-22 15:01:12,673 INFO ui.JettyUtils: Adding filter org.apache.hadoop.yarn.server.webproxy.amfilter.AmIpFilter to /SQL/json.
[2020-12-22 15:01:26,084] {logging_mixin.py:112} INFO - [2020-12-22 15:01:26,084] {batch.py:309} INFO - 2020-12-22 15:01:12,676 INFO handler.ContextHandler: Started o.s.j.s.ServletContextHandler@1e25fb55{/SQL/json,null,AVAILABLE,@Spark}
[2020-12-22 15:01:26,084] {logging_mixin.py:112} INFO - [2020-12-22 15:01:26,084] {batch.py:309} INFO - 2020-12-22 15:01:12,678 INFO ui.JettyUtils: Adding filter org.apache.hadoop.yarn.server.webproxy.amfilter.AmIpFilter to /SQL/execution.
[2020-12-22 15:01:26,084] {logging_mixin.py:112} INFO - [2020-12-22 15:01:26,084] {batch.py:309} INFO - 2020-12-22 15:01:12,692 INFO handler.ContextHandler: Started o.s.j.s.ServletContextHandler@15c79334{/SQL/execution,null,AVAILABLE,@Spark}
[2020-12-22 15:01:26,085] {logging_mixin.py:112} INFO - [2020-12-22 15:01:26,084] {batch.py:309} INFO - 2020-12-22 15:01:12,694 INFO ui.JettyUtils: Adding filter org.apache.hadoop.yarn.server.webproxy.amfilter.AmIpFilter to /SQL/execution/json.
[2020-12-22 15:01:26,085] {logging_mixin.py:112} INFO - [2020-12-22 15:01:26,085] {batch.py:309} INFO - 2020-12-22 15:01:12,695 INFO handler.ContextHandler: Started o.s.j.s.ServletContextHandler@2ce81431{/SQL/execution/json,null,AVAILABLE,@Spark}
[2020-12-22 15:01:26,085] {logging_mixin.py:112} INFO - [2020-12-22 15:01:26,085] {batch.py:309} INFO - 2020-12-22 15:01:12,701 INFO ui.JettyUtils: Adding filter org.apache.hadoop.yarn.server.webproxy.amfilter.AmIpFilter to /static/sql.
[2020-12-22 15:01:26,085] {logging_mixin.py:112} INFO - [2020-12-22 15:01:26,085] {batch.py:309} INFO - 2020-12-22 15:01:12,704 INFO handler.ContextHandler: Started o.s.j.s.ServletContextHandler@31686e5e{/static/sql,null,AVAILABLE,@Spark}
[2020-12-22 15:01:26,085] {logging_mixin.py:112} INFO - [2020-12-22 15:01:26,085] {batch.py:309} INFO - 2020-12-22 15:01:13,626 INFO state.StateStoreCoordinatorRef: Registered StateStoreCoordinator endpoint
[2020-12-22 15:01:26,086] {logging_mixin.py:112} INFO - [2020-12-22 15:01:26,085] {batch.py:309} INFO - Traceback (most recent call last):
[2020-12-22 15:01:26,086] {logging_mixin.py:112} INFO - [2020-12-22 15:01:26,086] {batch.py:309} INFO -   File "/tmp/spark-31df0804-aad3-4b46-8ae9-927aee05969e/main.py", line 87, in <module>
[2020-12-22 15:01:26,086] {logging_mixin.py:112} INFO - [2020-12-22 15:01:26,086] {batch.py:309} INFO -     main()
[2020-12-22 15:01:26,086] {logging_mixin.py:112} INFO - [2020-12-22 15:01:26,086] {batch.py:309} INFO -   File "/tmp/spark-31df0804-aad3-4b46-8ae9-927aee05969e/main.py", line 65, in main
[2020-12-22 15:01:26,086] {logging_mixin.py:112} INFO - [2020-12-22 15:01:26,086] {batch.py:309} INFO -     path_to_config_file = path.join(spark_files_dir, config_files[0])
[2020-12-22 15:01:26,086] {logging_mixin.py:112} INFO - [2020-12-22 15:01:26,086] {batch.py:309} INFO - NameError: name 'path' is not defined
[2020-12-22 15:01:26,087] {logging_mixin.py:112} INFO - [2020-12-22 15:01:26,087] {batch.py:309} INFO - 2020-12-22 15:01:13,689 INFO spark.SparkContext: Invoking stop() from shutdown hook
[2020-12-22 15:01:26,087] {logging_mixin.py:112} INFO - [2020-12-22 15:01:26,087] {batch.py:309} INFO - 2020-12-22 15:01:13,701 INFO server.AbstractConnector: Stopped Spark@72e4ce28{HTTP/1.1,[http/1.1]}{0.0.0.0:4040}
[2020-12-22 15:01:26,087] {logging_mixin.py:112} INFO - [2020-12-22 15:01:26,087] {batch.py:309} INFO - 2020-12-22 15:01:13,704 INFO ui.SparkUI: Stopped Spark web UI at http://livy:4040
[2020-12-22 15:01:26,087] {logging_mixin.py:112} INFO - [2020-12-22 15:01:26,087] {batch.py:309} INFO - 2020-12-22 15:01:13,709 INFO cluster.YarnClientSchedulerBackend: Interrupting monitor thread
[2020-12-22 15:01:26,087] {logging_mixin.py:112} INFO - [2020-12-22 15:01:26,087] {batch.py:309} INFO - 2020-12-22 15:01:13,738 INFO cluster.YarnClientSchedulerBackend: Shutting down all executors
[2020-12-22 15:01:26,087] {logging_mixin.py:112} INFO - [2020-12-22 15:01:26,087] {batch.py:309} INFO - 2020-12-22 15:01:13,740 INFO cluster.YarnSchedulerBackend$YarnDriverEndpoint: Asking each executor to shut down
[2020-12-22 15:01:26,088] {logging_mixin.py:112} INFO - [2020-12-22 15:01:26,088] {batch.py:309} INFO - 2020-12-22 15:01:13,751 INFO cluster.SchedulerExtensionServices: Stopping SchedulerExtensionServices
[2020-12-22 15:01:26,088] {logging_mixin.py:112} INFO - [2020-12-22 15:01:26,088] {batch.py:309} INFO - (serviceOption=None,
[2020-12-22 15:01:26,088] {logging_mixin.py:112} INFO - [2020-12-22 15:01:26,088] {batch.py:309} INFO -  services=List(),
[2020-12-22 15:01:26,088] {logging_mixin.py:112} INFO - [2020-12-22 15:01:26,088] {batch.py:309} INFO -  started=false)
[2020-12-22 15:01:26,089] {logging_mixin.py:112} INFO - [2020-12-22 15:01:26,088] {batch.py:309} INFO - 2020-12-22 15:01:13,768 INFO cluster.YarnClientSchedulerBackend: Stopped
[2020-12-22 15:01:26,089] {logging_mixin.py:112} INFO - [2020-12-22 15:01:26,089] {batch.py:309} INFO - 2020-12-22 15:01:13,820 INFO spark.MapOutputTrackerMasterEndpoint: MapOutputTrackerMasterEndpoint stopped!
[2020-12-22 15:01:26,089] {logging_mixin.py:112} INFO - [2020-12-22 15:01:26,089] {batch.py:309} INFO - 2020-12-22 15:01:13,843 INFO memory.MemoryStore: MemoryStore cleared
[2020-12-22 15:01:26,089] {logging_mixin.py:112} INFO - [2020-12-22 15:01:26,089] {batch.py:309} INFO - 2020-12-22 15:01:13,845 INFO storage.BlockManager: BlockManager stopped
[2020-12-22 15:01:26,089] {logging_mixin.py:112} INFO - [2020-12-22 15:01:26,089] {batch.py:309} INFO - 2020-12-22 15:01:13,860 INFO storage.BlockManagerMaster: BlockManagerMaster stopped
[2020-12-22 15:01:26,089] {logging_mixin.py:112} INFO - [2020-12-22 15:01:26,089] {batch.py:309} INFO - 2020-12-22 15:01:13,863 INFO scheduler.OutputCommitCoordinator$OutputCommitCoordinatorEndpoint: OutputCommitCoordinator stopped!
[2020-12-22 15:01:26,090] {logging_mixin.py:112} INFO - [2020-12-22 15:01:26,090] {batch.py:309} INFO - 2020-12-22 15:01:13,883 INFO spark.SparkContext: Successfully stopped SparkContext
[2020-12-22 15:01:26,090] {logging_mixin.py:112} INFO - [2020-12-22 15:01:26,090] {batch.py:309} INFO - 2020-12-22 15:01:13,884 INFO util.ShutdownHookManager: Shutdown hook called
[2020-12-22 15:01:26,090] {logging_mixin.py:112} INFO - [2020-12-22 15:01:26,090] {batch.py:309} INFO - 2020-12-22 15:01:13,885 INFO util.ShutdownHookManager: Deleting directory /tmp/spark-687713f1-5a22-4a83-9d35-0493763b0f39
[2020-12-22 15:01:26,090] {logging_mixin.py:112} INFO - [2020-12-22 15:01:26,090] {batch.py:309} INFO - 2020-12-22 15:01:13,892 INFO util.ShutdownHookManager: Deleting directory /tmp/spark-687713f1-5a22-4a83-9d35-0493763b0f39/pyspark-5fd5571c-e3c0-4ea4-b951-cd1aa314231a
[2020-12-22 15:01:26,090] {logging_mixin.py:112} INFO - [2020-12-22 15:01:26,090] {batch.py:309} INFO - 2020-12-22 15:01:13,901 INFO util.ShutdownHookManager: Deleting directory /tmp/spark-31df0804-aad3-4b46-8ae9-927aee05969e
[2020-12-22 15:01:26,091] {logging_mixin.py:112} INFO - [2020-12-22 15:01:26,090] {batch.py:309} INFO - 2020-12-22 15:01:13,908 INFO impl.MetricsSystemImpl: Stopping s3a-file-system metrics system...
[2020-12-22 15:01:26,091] {logging_mixin.py:112} INFO - [2020-12-22 15:01:26,091] {batch.py:309} INFO - 2020-12-22 15:01:13,909 INFO impl.MetricsSystemImpl: s3a-file-system metrics system stopped.
[2020-12-22 15:01:26,098] {logging_mixin.py:112} INFO - [2020-12-22 15:01:26,098] {base_hook.py:84} INFO - Using connection to: id: livy. Host: ec2-3-236-26-7.compute-1.amazonaws.com, Port: 8998, Schema: None, Login: None, Password: None, extra: None
[2020-12-22 15:01:26,099] {logging_mixin.py:112} INFO - [2020-12-22 15:01:26,099] {http_hook.py:136} INFO - Sending 'GET' to url: http://ec2-3-236-26-7.compute-1.amazonaws.com:8998/batches/5/log?from=200&size=100
[2020-12-22 15:01:26,106] {logging_mixin.py:112} INFO - [2020-12-22 15:01:26,106] {batch.py:309} INFO - 2020-12-22 15:01:13,911 INFO impl.MetricsSystemImpl: s3a-file-system metrics system shutdown complete.
[2020-12-22 15:01:26,107] {logging_mixin.py:112} INFO - [2020-12-22 15:01:26,106] {batch.py:309} INFO - 
stderr: 
[2020-12-22 15:01:26,107] {logging_mixin.py:112} INFO - [2020-12-22 15:01:26,107] {batch.py:309} INFO - 
YARN Diagnostics: 
[2020-12-22 15:01:26,107] {logging_mixin.py:112} INFO - [2020-12-22 15:01:26,107] {batch.py:318} INFO - --------------------------------------------------End of full log for batch 5--------------------------------------------------
[2020-12-22 15:01:26,107] {logging_mixin.py:112} INFO - [2020-12-22 15:01:26,107] {batch.py:335} INFO - Closing batch with id = 5
[2020-12-22 15:01:26,114] {logging_mixin.py:112} INFO - [2020-12-22 15:01:26,114] {base_hook.py:84} INFO - Using connection to: id: livy. Host: ec2-3-236-26-7.compute-1.amazonaws.com, Port: 8998, Schema: None, Login: None, Password: None, extra: None
[2020-12-22 15:01:26,115] {logging_mixin.py:112} INFO - [2020-12-22 15:01:26,115] {http_hook.py:136} INFO - Sending 'DELETE' to url: http://ec2-3-236-26-7.compute-1.amazonaws.com:8998/batches/5
[2020-12-22 15:01:26,125] {logging_mixin.py:112} INFO - [2020-12-22 15:01:26,125] {batch.py:340} INFO - Batch 5 has been closed
[2020-12-22 15:01:26,133] {taskinstance.py:1128} ERROR - Batch 5 failed with state 'dead'
Traceback (most recent call last):
  File "/opt/bitnami/python/lib/python3.6/site-packages/airflow/models/taskinstance.py", line 966, in _run_raw_task
    result = task_copy.execute(context=context)
  File "/usr/local/airflow/plugins/airflow_livy/batch.py", line 173, in execute
    ).execute(context)
  File "/opt/bitnami/python/lib/python3.6/site-packages/airflow/sensors/base_sensor_operator.py", line 107, in execute
    while not self.poke(context):
  File "/usr/local/airflow/plugins/airflow_livy/batch.py", line 96, in poke
    raise AirflowException(f"Batch {self.batch_id} failed with state '{state}'")
airflow.exceptions.AirflowException: Batch 5 failed with state 'dead'
[2020-12-22 15:01:26,135] {taskinstance.py:1151} INFO - Marking task as UP_FOR_RETRY
[2020-12-22 15:01:30,936] {logging_mixin.py:112} INFO - [2020-12-22 15:01:30,936] {local_task_job.py:103} INFO - Task exited with return code 1
