[2020-12-22 15:04:13,715] {taskinstance.py:655} INFO - Dependencies all met for <TaskInstance: loan_prediction_train_model.preprocess_data 2020-12-22T15:00:43.230845+00:00 [queued]>
[2020-12-22 15:04:13,730] {taskinstance.py:655} INFO - Dependencies all met for <TaskInstance: loan_prediction_train_model.preprocess_data 2020-12-22T15:00:43.230845+00:00 [queued]>
[2020-12-22 15:04:13,730] {taskinstance.py:866} INFO - 
--------------------------------------------------------------------------------
[2020-12-22 15:04:13,730] {taskinstance.py:867} INFO - Starting attempt 3 of 6
[2020-12-22 15:04:13,730] {taskinstance.py:868} INFO - 
--------------------------------------------------------------------------------
[2020-12-22 15:04:13,741] {taskinstance.py:887} INFO - Executing <Task(LivyBatchOperator): preprocess_data> on 2020-12-22T15:00:43.230845+00:00
[2020-12-22 15:04:13,744] {standard_task_runner.py:53} INFO - Started process 10081 to run task
[2020-12-22 15:04:13,812] {logging_mixin.py:112} INFO - Running %s on host %s <TaskInstance: loan_prediction_train_model.preprocess_data 2020-12-22T15:00:43.230845+00:00 [running]> 6e29624e1b8e
[2020-12-22 15:04:13,836] {logging_mixin.py:112} INFO - [2020-12-22 15:04:13,836] {batch.py:214} INFO - Submitting the batch to Livy... Payload:
{
  "file": "s3a://alanchn31-loan-default-prediction/dist/main.py",
  "args": [
    "--job",
    "preprocess_data",
    "--phase",
    "train",
    "--mode",
    "aws",
    "--awsKey",
    "AKIAUW4FKHTMR2UR3INH",
    "--awsSecretKey",
    "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",
    "--s3Bucket",
    "alanchn31-loan-default-prediction"
  ],
  "pyFiles": [
    "s3a://alanchn31-loan-default-prediction/dist/src.zip"
  ],
  "files": [
    "s3a://alanchn31-loan-default-prediction/dist/config.json"
  ],
  "name": "preprocess_data_scheduled__2020-12-22T15:00:43.230845+00:00"
}
[2020-12-22 15:04:13,846] {logging_mixin.py:112} INFO - [2020-12-22 15:04:13,845] {base_hook.py:84} INFO - Using connection to: id: livy. Host: ec2-3-236-26-7.compute-1.amazonaws.com, Port: 8998, Schema: None, Login: None, Password: None, extra: None
[2020-12-22 15:04:13,848] {logging_mixin.py:112} INFO - [2020-12-22 15:04:13,848] {http_hook.py:136} INFO - Sending 'POST' to url: http://ec2-3-236-26-7.compute-1.amazonaws.com:8998/batches
[2020-12-22 15:04:13,873] {logging_mixin.py:112} INFO - [2020-12-22 15:04:13,873] {batch.py:166} INFO - Batch successfully submitted with id = 7.
[2020-12-22 15:04:13,873] {logging_mixin.py:112} INFO - [2020-12-22 15:04:13,873] {batch.py:80} INFO - Getting batch 7 status...
[2020-12-22 15:04:13,880] {logging_mixin.py:112} INFO - [2020-12-22 15:04:13,880] {base_hook.py:84} INFO - Using connection to: id: livy. Host: ec2-3-236-26-7.compute-1.amazonaws.com, Port: 8998, Schema: None, Login: None, Password: None, extra: None
[2020-12-22 15:04:13,881] {logging_mixin.py:112} INFO - [2020-12-22 15:04:13,881] {http_hook.py:136} INFO - Sending 'GET' to url: http://ec2-3-236-26-7.compute-1.amazonaws.com:8998/batches/7
[2020-12-22 15:04:13,889] {logging_mixin.py:112} INFO - [2020-12-22 15:04:13,889] {batch.py:90} INFO - Batch 7 has not finished yet (state is 'starting')
[2020-12-22 15:04:33,909] {logging_mixin.py:112} INFO - [2020-12-22 15:04:33,908] {batch.py:80} INFO - Getting batch 7 status...
[2020-12-22 15:04:33,962] {logging_mixin.py:112} INFO - [2020-12-22 15:04:33,962] {base_hook.py:84} INFO - Using connection to: id: livy. Host: ec2-3-236-26-7.compute-1.amazonaws.com, Port: 8998, Schema: None, Login: None, Password: None, extra: None
[2020-12-22 15:04:33,963] {logging_mixin.py:112} INFO - [2020-12-22 15:04:33,963] {http_hook.py:136} INFO - Sending 'GET' to url: http://ec2-3-236-26-7.compute-1.amazonaws.com:8998/batches/7
[2020-12-22 15:04:34,071] {logging_mixin.py:112} INFO - [2020-12-22 15:04:34,071] {batch.py:90} INFO - Batch 7 has not finished yet (state is 'running')
[2020-12-22 15:04:54,083] {logging_mixin.py:112} INFO - [2020-12-22 15:04:54,083] {batch.py:80} INFO - Getting batch 7 status...
[2020-12-22 15:04:54,089] {logging_mixin.py:112} INFO - [2020-12-22 15:04:54,089] {base_hook.py:84} INFO - Using connection to: id: livy. Host: ec2-3-236-26-7.compute-1.amazonaws.com, Port: 8998, Schema: None, Login: None, Password: None, extra: None
[2020-12-22 15:04:54,090] {logging_mixin.py:112} INFO - [2020-12-22 15:04:54,090] {http_hook.py:136} INFO - Sending 'GET' to url: http://ec2-3-236-26-7.compute-1.amazonaws.com:8998/batches/7
[2020-12-22 15:04:54,100] {logging_mixin.py:112} INFO - [2020-12-22 15:04:54,100] {batch.py:299} INFO - --------------------------------------------------Full log for batch 7--------------------------------------------------
[2020-12-22 15:04:54,106] {logging_mixin.py:112} INFO - [2020-12-22 15:04:54,106] {base_hook.py:84} INFO - Using connection to: id: livy. Host: ec2-3-236-26-7.compute-1.amazonaws.com, Port: 8998, Schema: None, Login: None, Password: None, extra: None
[2020-12-22 15:04:54,108] {logging_mixin.py:112} INFO - [2020-12-22 15:04:54,108] {http_hook.py:136} INFO - Sending 'GET' to url: http://ec2-3-236-26-7.compute-1.amazonaws.com:8998/batches/7/log?from=0&size=100
[2020-12-22 15:04:54,119] {logging_mixin.py:112} INFO - [2020-12-22 15:04:54,119] {batch.py:309} INFO - stdout: 
[2020-12-22 15:04:54,119] {logging_mixin.py:112} INFO - [2020-12-22 15:04:54,119] {batch.py:309} INFO - 2020-12-22 15:04:21,533 INFO yarn.Client: Source and destination file systems are the same. Not copying hdfs://master:9000/spark-jars/jackson-databind-2.6.7.3.jar
[2020-12-22 15:04:54,120] {logging_mixin.py:112} INFO - [2020-12-22 15:04:54,119] {batch.py:309} INFO - 2020-12-22 15:04:21,534 INFO yarn.Client: Source and destination file systems are the same. Not copying hdfs://master:9000/spark-jars/jackson-dataformat-yaml-2.6.7.jar
[2020-12-22 15:04:54,120] {logging_mixin.py:112} INFO - [2020-12-22 15:04:54,120] {batch.py:309} INFO - 2020-12-22 15:04:21,542 INFO yarn.Client: Source and destination file systems are the same. Not copying hdfs://master:9000/spark-jars/jackson-module-jaxb-annotations-2.6.7.jar
[2020-12-22 15:04:54,120] {logging_mixin.py:112} INFO - [2020-12-22 15:04:54,120] {batch.py:309} INFO - 2020-12-22 15:04:21,546 INFO yarn.Client: Source and destination file systems are the same. Not copying hdfs://master:9000/spark-jars/jackson-module-paranamer-2.7.9.jar
[2020-12-22 15:04:54,120] {logging_mixin.py:112} INFO - [2020-12-22 15:04:54,120] {batch.py:309} INFO - 2020-12-22 15:04:21,547 INFO yarn.Client: Source and destination file systems are the same. Not copying hdfs://master:9000/spark-jars/jackson-module-scala_2.11-2.6.7.1.jar
[2020-12-22 15:04:54,120] {logging_mixin.py:112} INFO - [2020-12-22 15:04:54,120] {batch.py:309} INFO - 2020-12-22 15:04:21,549 INFO yarn.Client: Source and destination file systems are the same. Not copying hdfs://master:9000/spark-jars/janino-3.0.9.jar
[2020-12-22 15:04:54,120] {logging_mixin.py:112} INFO - [2020-12-22 15:04:54,120] {batch.py:309} INFO - 2020-12-22 15:04:21,550 INFO yarn.Client: Source and destination file systems are the same. Not copying hdfs://master:9000/spark-jars/javassist-3.18.1-GA.jar
[2020-12-22 15:04:54,121] {logging_mixin.py:112} INFO - [2020-12-22 15:04:54,121] {batch.py:309} INFO - 2020-12-22 15:04:21,551 INFO yarn.Client: Source and destination file systems are the same. Not copying hdfs://master:9000/spark-jars/javax.annotation-api-1.2.jar
[2020-12-22 15:04:54,121] {logging_mixin.py:112} INFO - [2020-12-22 15:04:54,121] {batch.py:309} INFO - 2020-12-22 15:04:21,552 INFO yarn.Client: Source and destination file systems are the same. Not copying hdfs://master:9000/spark-jars/javax.inject-2.4.0-b34.jar
[2020-12-22 15:04:54,121] {logging_mixin.py:112} INFO - [2020-12-22 15:04:54,121] {batch.py:309} INFO - 2020-12-22 15:04:21,554 INFO yarn.Client: Source and destination file systems are the same. Not copying hdfs://master:9000/spark-jars/javax.servlet-api-3.1.0.jar
[2020-12-22 15:04:54,121] {logging_mixin.py:112} INFO - [2020-12-22 15:04:54,121] {batch.py:309} INFO - 2020-12-22 15:04:21,557 INFO yarn.Client: Source and destination file systems are the same. Not copying hdfs://master:9000/spark-jars/javax.ws.rs-api-2.0.1.jar
[2020-12-22 15:04:54,121] {logging_mixin.py:112} INFO - [2020-12-22 15:04:54,121] {batch.py:309} INFO - 2020-12-22 15:04:21,561 INFO yarn.Client: Source and destination file systems are the same. Not copying hdfs://master:9000/spark-jars/jcl-over-slf4j-1.7.16.jar
[2020-12-22 15:04:54,122] {logging_mixin.py:112} INFO - [2020-12-22 15:04:54,122] {batch.py:309} INFO - 2020-12-22 15:04:21,562 INFO yarn.Client: Source and destination file systems are the same. Not copying hdfs://master:9000/spark-jars/jersey-client-2.22.2.jar
[2020-12-22 15:04:54,122] {logging_mixin.py:112} INFO - [2020-12-22 15:04:54,122] {batch.py:309} INFO - 2020-12-22 15:04:21,569 INFO yarn.Client: Source and destination file systems are the same. Not copying hdfs://master:9000/spark-jars/jersey-common-2.22.2.jar
[2020-12-22 15:04:54,122] {logging_mixin.py:112} INFO - [2020-12-22 15:04:54,122] {batch.py:309} INFO - 2020-12-22 15:04:21,578 INFO yarn.Client: Source and destination file systems are the same. Not copying hdfs://master:9000/spark-jars/jersey-container-servlet-2.22.2.jar
[2020-12-22 15:04:54,122] {logging_mixin.py:112} INFO - [2020-12-22 15:04:54,122] {batch.py:309} INFO - 2020-12-22 15:04:21,580 INFO yarn.Client: Source and destination file systems are the same. Not copying hdfs://master:9000/spark-jars/jersey-container-servlet-core-2.22.2.jar
[2020-12-22 15:04:54,122] {logging_mixin.py:112} INFO - [2020-12-22 15:04:54,122] {batch.py:309} INFO - 2020-12-22 15:04:21,583 INFO yarn.Client: Source and destination file systems are the same. Not copying hdfs://master:9000/spark-jars/jersey-guava-2.22.2.jar
[2020-12-22 15:04:54,123] {logging_mixin.py:112} INFO - [2020-12-22 15:04:54,123] {batch.py:309} INFO - 2020-12-22 15:04:21,589 INFO yarn.Client: Source and destination file systems are the same. Not copying hdfs://master:9000/spark-jars/jersey-media-jaxb-2.22.2.jar
[2020-12-22 15:04:54,123] {logging_mixin.py:112} INFO - [2020-12-22 15:04:54,123] {batch.py:309} INFO - 2020-12-22 15:04:21,591 INFO yarn.Client: Source and destination file systems are the same. Not copying hdfs://master:9000/spark-jars/jersey-server-2.22.2.jar
[2020-12-22 15:04:54,123] {logging_mixin.py:112} INFO - [2020-12-22 15:04:54,123] {batch.py:309} INFO - 2020-12-22 15:04:21,595 INFO yarn.Client: Source and destination file systems are the same. Not copying hdfs://master:9000/spark-jars/joda-time-2.9.3.jar
[2020-12-22 15:04:54,123] {logging_mixin.py:112} INFO - [2020-12-22 15:04:54,123] {batch.py:309} INFO - 2020-12-22 15:04:21,597 INFO yarn.Client: Source and destination file systems are the same. Not copying hdfs://master:9000/spark-jars/json4s-ast_2.11-3.5.3.jar
[2020-12-22 15:04:54,124] {logging_mixin.py:112} INFO - [2020-12-22 15:04:54,123] {batch.py:309} INFO - 2020-12-22 15:04:21,601 INFO yarn.Client: Source and destination file systems are the same. Not copying hdfs://master:9000/spark-jars/json4s-core_2.11-3.5.3.jar
[2020-12-22 15:04:54,124] {logging_mixin.py:112} INFO - [2020-12-22 15:04:54,124] {batch.py:309} INFO - 2020-12-22 15:04:21,606 INFO yarn.Client: Source and destination file systems are the same. Not copying hdfs://master:9000/spark-jars/json4s-jackson_2.11-3.5.3.jar
[2020-12-22 15:04:54,124] {logging_mixin.py:112} INFO - [2020-12-22 15:04:54,124] {batch.py:309} INFO - 2020-12-22 15:04:21,608 INFO yarn.Client: Source and destination file systems are the same. Not copying hdfs://master:9000/spark-jars/json4s-scalap_2.11-3.5.3.jar
[2020-12-22 15:04:54,124] {logging_mixin.py:112} INFO - [2020-12-22 15:04:54,124] {batch.py:309} INFO - 2020-12-22 15:04:21,610 INFO yarn.Client: Source and destination file systems are the same. Not copying hdfs://master:9000/spark-jars/jsr305-1.3.9.jar
[2020-12-22 15:04:54,124] {logging_mixin.py:112} INFO - [2020-12-22 15:04:54,124] {batch.py:309} INFO - 2020-12-22 15:04:21,612 INFO yarn.Client: Source and destination file systems are the same. Not copying hdfs://master:9000/spark-jars/jtransforms-2.4.0.jar
[2020-12-22 15:04:54,124] {logging_mixin.py:112} INFO - [2020-12-22 15:04:54,124] {batch.py:309} INFO - 2020-12-22 15:04:21,614 INFO yarn.Client: Source and destination file systems are the same. Not copying hdfs://master:9000/spark-jars/jul-to-slf4j-1.7.16.jar
[2020-12-22 15:04:54,125] {logging_mixin.py:112} INFO - [2020-12-22 15:04:54,125] {batch.py:309} INFO - 2020-12-22 15:04:21,618 INFO yarn.Client: Source and destination file systems are the same. Not copying hdfs://master:9000/spark-jars/kryo-shaded-4.0.2.jar
[2020-12-22 15:04:54,125] {logging_mixin.py:112} INFO - [2020-12-22 15:04:54,125] {batch.py:309} INFO - 2020-12-22 15:04:21,620 INFO yarn.Client: Source and destination file systems are the same. Not copying hdfs://master:9000/spark-jars/kubernetes-client-4.6.1.jar
[2020-12-22 15:04:54,125] {logging_mixin.py:112} INFO - [2020-12-22 15:04:54,125] {batch.py:309} INFO - 2020-12-22 15:04:21,622 INFO yarn.Client: Source and destination file systems are the same. Not copying hdfs://master:9000/spark-jars/kubernetes-model-4.6.1.jar
[2020-12-22 15:04:54,125] {logging_mixin.py:112} INFO - [2020-12-22 15:04:54,125] {batch.py:309} INFO - 2020-12-22 15:04:21,624 INFO yarn.Client: Source and destination file systems are the same. Not copying hdfs://master:9000/spark-jars/kubernetes-model-common-4.6.1.jar
[2020-12-22 15:04:54,125] {logging_mixin.py:112} INFO - [2020-12-22 15:04:54,125] {batch.py:309} INFO - 2020-12-22 15:04:21,627 INFO yarn.Client: Source and destination file systems are the same. Not copying hdfs://master:9000/spark-jars/leveldbjni-all-1.8.jar
[2020-12-22 15:04:54,126] {logging_mixin.py:112} INFO - [2020-12-22 15:04:54,125] {batch.py:309} INFO - 2020-12-22 15:04:21,630 INFO yarn.Client: Source and destination file systems are the same. Not copying hdfs://master:9000/spark-jars/logging-interceptor-3.12.0.jar
[2020-12-22 15:04:54,126] {logging_mixin.py:112} INFO - [2020-12-22 15:04:54,126] {batch.py:309} INFO - 2020-12-22 15:04:21,631 INFO yarn.Client: Source and destination file systems are the same. Not copying hdfs://master:9000/spark-jars/lz4-java-1.4.0.jar
[2020-12-22 15:04:54,126] {logging_mixin.py:112} INFO - [2020-12-22 15:04:54,126] {batch.py:309} INFO - 2020-12-22 15:04:21,634 INFO yarn.Client: Source and destination file systems are the same. Not copying hdfs://master:9000/spark-jars/machinist_2.11-0.6.1.jar
[2020-12-22 15:04:54,126] {logging_mixin.py:112} INFO - [2020-12-22 15:04:54,126] {batch.py:309} INFO - 2020-12-22 15:04:21,638 INFO yarn.Client: Source and destination file systems are the same. Not copying hdfs://master:9000/spark-jars/macro-compat_2.11-1.1.1.jar
[2020-12-22 15:04:54,126] {logging_mixin.py:112} INFO - [2020-12-22 15:04:54,126] {batch.py:309} INFO - 2020-12-22 15:04:21,641 INFO yarn.Client: Source and destination file systems are the same. Not copying hdfs://master:9000/spark-jars/mesos-1.4.0-shaded-protobuf.jar
[2020-12-22 15:04:54,127] {logging_mixin.py:112} INFO - [2020-12-22 15:04:54,126] {batch.py:309} INFO - 2020-12-22 15:04:21,644 INFO yarn.Client: Source and destination file systems are the same. Not copying hdfs://master:9000/spark-jars/metrics-core-3.1.5.jar
[2020-12-22 15:04:54,127] {logging_mixin.py:112} INFO - [2020-12-22 15:04:54,127] {batch.py:309} INFO - 2020-12-22 15:04:21,647 INFO yarn.Client: Source and destination file systems are the same. Not copying hdfs://master:9000/spark-jars/metrics-graphite-3.1.5.jar
[2020-12-22 15:04:54,127] {logging_mixin.py:112} INFO - [2020-12-22 15:04:54,127] {batch.py:309} INFO - 2020-12-22 15:04:21,648 INFO yarn.Client: Source and destination file systems are the same. Not copying hdfs://master:9000/spark-jars/metrics-json-3.1.5.jar
[2020-12-22 15:04:54,127] {logging_mixin.py:112} INFO - [2020-12-22 15:04:54,127] {batch.py:309} INFO - 2020-12-22 15:04:21,650 INFO yarn.Client: Source and destination file systems are the same. Not copying hdfs://master:9000/spark-jars/metrics-jvm-3.1.5.jar
[2020-12-22 15:04:54,127] {logging_mixin.py:112} INFO - [2020-12-22 15:04:54,127] {batch.py:309} INFO - 2020-12-22 15:04:21,655 INFO yarn.Client: Source and destination file systems are the same. Not copying hdfs://master:9000/spark-jars/minlog-1.3.0.jar
[2020-12-22 15:04:54,128] {logging_mixin.py:112} INFO - [2020-12-22 15:04:54,128] {batch.py:309} INFO - 2020-12-22 15:04:21,656 INFO yarn.Client: Source and destination file systems are the same. Not copying hdfs://master:9000/spark-jars/netty-3.9.9.Final.jar
[2020-12-22 15:04:54,128] {logging_mixin.py:112} INFO - [2020-12-22 15:04:54,128] {batch.py:309} INFO - 2020-12-22 15:04:21,659 INFO yarn.Client: Source and destination file systems are the same. Not copying hdfs://master:9000/spark-jars/netty-all-4.1.42.Final.jar
[2020-12-22 15:04:54,128] {logging_mixin.py:112} INFO - [2020-12-22 15:04:54,128] {batch.py:309} INFO - 2020-12-22 15:04:21,661 INFO yarn.Client: Source and destination file systems are the same. Not copying hdfs://master:9000/spark-jars/objenesis-2.5.1.jar
[2020-12-22 15:04:54,128] {logging_mixin.py:112} INFO - [2020-12-22 15:04:54,128] {batch.py:309} INFO - 2020-12-22 15:04:21,662 INFO yarn.Client: Source and destination file systems are the same. Not copying hdfs://master:9000/spark-jars/okhttp-3.12.0.jar
[2020-12-22 15:04:54,129] {logging_mixin.py:112} INFO - [2020-12-22 15:04:54,128] {batch.py:309} INFO - 2020-12-22 15:04:21,667 INFO yarn.Client: Source and destination file systems are the same. Not copying hdfs://master:9000/spark-jars/okio-1.15.0.jar
[2020-12-22 15:04:54,134] {logging_mixin.py:112} INFO - [2020-12-22 15:04:54,134] {batch.py:309} INFO - 2020-12-22 15:04:21,674 INFO yarn.Client: Source and destination file systems are the same. Not copying hdfs://master:9000/spark-jars/opencsv-2.3.jar
[2020-12-22 15:04:54,134] {logging_mixin.py:112} INFO - [2020-12-22 15:04:54,134] {batch.py:309} INFO - 2020-12-22 15:04:21,675 INFO yarn.Client: Source and destination file systems are the same. Not copying hdfs://master:9000/spark-jars/orc-core-1.5.5-nohive.jar
[2020-12-22 15:04:54,135] {logging_mixin.py:112} INFO - [2020-12-22 15:04:54,134] {batch.py:309} INFO - 2020-12-22 15:04:21,676 INFO yarn.Client: Source and destination file systems are the same. Not copying hdfs://master:9000/spark-jars/orc-mapreduce-1.5.5-nohive.jar
[2020-12-22 15:04:54,135] {logging_mixin.py:112} INFO - [2020-12-22 15:04:54,135] {batch.py:309} INFO - 2020-12-22 15:04:21,678 INFO yarn.Client: Source and destination file systems are the same. Not copying hdfs://master:9000/spark-jars/orc-shims-1.5.5.jar
[2020-12-22 15:04:54,135] {logging_mixin.py:112} INFO - [2020-12-22 15:04:54,135] {batch.py:309} INFO - 2020-12-22 15:04:21,680 INFO yarn.Client: Source and destination file systems are the same. Not copying hdfs://master:9000/spark-jars/oro-2.0.8.jar
[2020-12-22 15:04:54,135] {logging_mixin.py:112} INFO - [2020-12-22 15:04:54,135] {batch.py:309} INFO - 2020-12-22 15:04:21,687 INFO yarn.Client: Source and destination file systems are the same. Not copying hdfs://master:9000/spark-jars/osgi-resource-locator-1.0.1.jar
[2020-12-22 15:04:54,135] {logging_mixin.py:112} INFO - [2020-12-22 15:04:54,135] {batch.py:309} INFO - 2020-12-22 15:04:21,690 INFO yarn.Client: Source and destination file systems are the same. Not copying hdfs://master:9000/spark-jars/paranamer-2.8.jar
[2020-12-22 15:04:54,135] {logging_mixin.py:112} INFO - [2020-12-22 15:04:54,135] {batch.py:309} INFO - 2020-12-22 15:04:21,692 INFO yarn.Client: Source and destination file systems are the same. Not copying hdfs://master:9000/spark-jars/parquet-column-1.10.1.jar
[2020-12-22 15:04:54,135] {logging_mixin.py:112} INFO - [2020-12-22 15:04:54,135] {batch.py:309} INFO - 2020-12-22 15:04:21,694 INFO yarn.Client: Source and destination file systems are the same. Not copying hdfs://master:9000/spark-jars/parquet-common-1.10.1.jar
[2020-12-22 15:04:54,136] {logging_mixin.py:112} INFO - [2020-12-22 15:04:54,136] {batch.py:309} INFO - 2020-12-22 15:04:21,695 INFO yarn.Client: Source and destination file systems are the same. Not copying hdfs://master:9000/spark-jars/parquet-encoding-1.10.1.jar
[2020-12-22 15:04:54,136] {logging_mixin.py:112} INFO - [2020-12-22 15:04:54,136] {batch.py:309} INFO - 2020-12-22 15:04:21,696 INFO yarn.Client: Source and destination file systems are the same. Not copying hdfs://master:9000/spark-jars/parquet-format-2.4.0.jar
[2020-12-22 15:04:54,136] {logging_mixin.py:112} INFO - [2020-12-22 15:04:54,136] {batch.py:309} INFO - 2020-12-22 15:04:21,698 INFO yarn.Client: Source and destination file systems are the same. Not copying hdfs://master:9000/spark-jars/parquet-hadoop-1.10.1.jar
[2020-12-22 15:04:54,136] {logging_mixin.py:112} INFO - [2020-12-22 15:04:54,136] {batch.py:309} INFO - 2020-12-22 15:04:21,701 INFO yarn.Client: Source and destination file systems are the same. Not copying hdfs://master:9000/spark-jars/parquet-jackson-1.10.1.jar
[2020-12-22 15:04:54,136] {logging_mixin.py:112} INFO - [2020-12-22 15:04:54,136] {batch.py:309} INFO - 2020-12-22 15:04:21,703 INFO yarn.Client: Source and destination file systems are the same. Not copying hdfs://master:9000/spark-jars/py4j-0.10.7.jar
[2020-12-22 15:04:54,136] {logging_mixin.py:112} INFO - [2020-12-22 15:04:54,136] {batch.py:309} INFO - 2020-12-22 15:04:21,704 INFO yarn.Client: Source and destination file systems are the same. Not copying hdfs://master:9000/spark-jars/pyrolite-4.13.jar
[2020-12-22 15:04:54,137] {logging_mixin.py:112} INFO - [2020-12-22 15:04:54,137] {batch.py:309} INFO - 2020-12-22 15:04:21,708 INFO yarn.Client: Source and destination file systems are the same. Not copying hdfs://master:9000/spark-jars/scala-compiler-2.11.12.jar
[2020-12-22 15:04:54,137] {logging_mixin.py:112} INFO - [2020-12-22 15:04:54,137] {batch.py:309} INFO - 2020-12-22 15:04:21,710 INFO yarn.Client: Source and destination file systems are the same. Not copying hdfs://master:9000/spark-jars/scala-library-2.11.12.jar
[2020-12-22 15:04:54,138] {logging_mixin.py:112} INFO - [2020-12-22 15:04:54,138] {batch.py:309} INFO - 2020-12-22 15:04:21,711 INFO yarn.Client: Source and destination file systems are the same. Not copying hdfs://master:9000/spark-jars/scala-parser-combinators_2.11-1.1.0.jar
[2020-12-22 15:04:54,138] {logging_mixin.py:112} INFO - [2020-12-22 15:04:54,138] {batch.py:309} INFO - 2020-12-22 15:04:21,712 INFO yarn.Client: Source and destination file systems are the same. Not copying hdfs://master:9000/spark-jars/scala-reflect-2.11.12.jar
[2020-12-22 15:04:54,138] {logging_mixin.py:112} INFO - [2020-12-22 15:04:54,138] {batch.py:309} INFO - 2020-12-22 15:04:21,716 INFO yarn.Client: Source and destination file systems are the same. Not copying hdfs://master:9000/spark-jars/scala-xml_2.11-1.0.5.jar
[2020-12-22 15:04:54,138] {logging_mixin.py:112} INFO - [2020-12-22 15:04:54,138] {batch.py:309} INFO - 2020-12-22 15:04:21,717 INFO yarn.Client: Source and destination file systems are the same. Not copying hdfs://master:9000/spark-jars/shapeless_2.11-2.3.2.jar
[2020-12-22 15:04:54,138] {logging_mixin.py:112} INFO - [2020-12-22 15:04:54,138] {batch.py:309} INFO - 2020-12-22 15:04:21,719 INFO yarn.Client: Source and destination file systems are the same. Not copying hdfs://master:9000/spark-jars/shims-0.7.45.jar
[2020-12-22 15:04:54,138] {logging_mixin.py:112} INFO - [2020-12-22 15:04:54,138] {batch.py:309} INFO - 2020-12-22 15:04:21,720 INFO yarn.Client: Source and destination file systems are the same. Not copying hdfs://master:9000/spark-jars/snakeyaml-1.15.jar
[2020-12-22 15:04:54,139] {logging_mixin.py:112} INFO - [2020-12-22 15:04:54,139] {batch.py:309} INFO - 2020-12-22 15:04:21,723 INFO yarn.Client: Source and destination file systems are the same. Not copying hdfs://master:9000/spark-jars/snappy-java-1.1.7.3.jar
[2020-12-22 15:04:54,139] {logging_mixin.py:112} INFO - [2020-12-22 15:04:54,139] {batch.py:309} INFO - 2020-12-22 15:04:21,725 INFO yarn.Client: Source and destination file systems are the same. Not copying hdfs://master:9000/spark-jars/spark-catalyst_2.11-2.4.5.jar
[2020-12-22 15:04:54,139] {logging_mixin.py:112} INFO - [2020-12-22 15:04:54,139] {batch.py:309} INFO - 2020-12-22 15:04:21,729 INFO yarn.Client: Source and destination file systems are the same. Not copying hdfs://master:9000/spark-jars/spark-core_2.11-2.4.5.jar
[2020-12-22 15:04:54,139] {logging_mixin.py:112} INFO - [2020-12-22 15:04:54,139] {batch.py:309} INFO - 2020-12-22 15:04:21,730 INFO yarn.Client: Source and destination file systems are the same. Not copying hdfs://master:9000/spark-jars/spark-graphx_2.11-2.4.5.jar
[2020-12-22 15:04:54,139] {logging_mixin.py:112} INFO - [2020-12-22 15:04:54,139] {batch.py:309} INFO - 2020-12-22 15:04:21,732 INFO yarn.Client: Source and destination file systems are the same. Not copying hdfs://master:9000/spark-jars/spark-hive_2.11-2.4.5.jar
[2020-12-22 15:04:54,139] {logging_mixin.py:112} INFO - [2020-12-22 15:04:54,139] {batch.py:309} INFO - 2020-12-22 15:04:21,734 INFO yarn.Client: Source and destination file systems are the same. Not copying hdfs://master:9000/spark-jars/spark-kubernetes_2.11-2.4.5.jar
[2020-12-22 15:04:54,139] {logging_mixin.py:112} INFO - [2020-12-22 15:04:54,139] {batch.py:309} INFO - 2020-12-22 15:04:21,738 INFO yarn.Client: Source and destination file systems are the same. Not copying hdfs://master:9000/spark-jars/spark-kvstore_2.11-2.4.5.jar
[2020-12-22 15:04:54,140] {logging_mixin.py:112} INFO - [2020-12-22 15:04:54,140] {batch.py:309} INFO - 2020-12-22 15:04:21,739 INFO yarn.Client: Source and destination file systems are the same. Not copying hdfs://master:9000/spark-jars/spark-launcher_2.11-2.4.5.jar
[2020-12-22 15:04:54,140] {logging_mixin.py:112} INFO - [2020-12-22 15:04:54,140] {batch.py:309} INFO - 2020-12-22 15:04:21,740 INFO yarn.Client: Source and destination file systems are the same. Not copying hdfs://master:9000/spark-jars/spark-mesos_2.11-2.4.5.jar
[2020-12-22 15:04:54,140] {logging_mixin.py:112} INFO - [2020-12-22 15:04:54,140] {batch.py:309} INFO - 2020-12-22 15:04:21,752 INFO yarn.Client: Source and destination file systems are the same. Not copying hdfs://master:9000/spark-jars/spark-mllib-local_2.11-2.4.5.jar
[2020-12-22 15:04:54,140] {logging_mixin.py:112} INFO - [2020-12-22 15:04:54,140] {batch.py:309} INFO - 2020-12-22 15:04:21,755 INFO yarn.Client: Source and destination file systems are the same. Not copying hdfs://master:9000/spark-jars/spark-mllib_2.11-2.4.5.jar
[2020-12-22 15:04:54,140] {logging_mixin.py:112} INFO - [2020-12-22 15:04:54,140] {batch.py:309} INFO - 2020-12-22 15:04:21,759 INFO yarn.Client: Source and destination file systems are the same. Not copying hdfs://master:9000/spark-jars/spark-network-common_2.11-2.4.5.jar
[2020-12-22 15:04:54,140] {logging_mixin.py:112} INFO - [2020-12-22 15:04:54,140] {batch.py:309} INFO - 2020-12-22 15:04:21,764 INFO yarn.Client: Source and destination file systems are the same. Not copying hdfs://master:9000/spark-jars/spark-network-shuffle_2.11-2.4.5.jar
[2020-12-22 15:04:54,141] {logging_mixin.py:112} INFO - [2020-12-22 15:04:54,141] {batch.py:309} INFO - 2020-12-22 15:04:21,770 INFO yarn.Client: Source and destination file systems are the same. Not copying hdfs://master:9000/spark-jars/spark-repl_2.11-2.4.5.jar
[2020-12-22 15:04:54,141] {logging_mixin.py:112} INFO - [2020-12-22 15:04:54,141] {batch.py:309} INFO - 2020-12-22 15:04:21,774 INFO yarn.Client: Source and destination file systems are the same. Not copying hdfs://master:9000/spark-jars/spark-sketch_2.11-2.4.5.jar
[2020-12-22 15:04:54,141] {logging_mixin.py:112} INFO - [2020-12-22 15:04:54,141] {batch.py:309} INFO - 2020-12-22 15:04:21,776 INFO yarn.Client: Source and destination file systems are the same. Not copying hdfs://master:9000/spark-jars/spark-sql_2.11-2.4.5.jar
[2020-12-22 15:04:54,141] {logging_mixin.py:112} INFO - [2020-12-22 15:04:54,141] {batch.py:309} INFO - 2020-12-22 15:04:21,779 INFO yarn.Client: Source and destination file systems are the same. Not copying hdfs://master:9000/spark-jars/spark-streaming_2.11-2.4.5.jar
[2020-12-22 15:04:54,141] {logging_mixin.py:112} INFO - [2020-12-22 15:04:54,141] {batch.py:309} INFO - 2020-12-22 15:04:21,781 INFO yarn.Client: Source and destination file systems are the same. Not copying hdfs://master:9000/spark-jars/spark-tags_2.11-2.4.5-tests.jar
[2020-12-22 15:04:54,141] {logging_mixin.py:112} INFO - [2020-12-22 15:04:54,141] {batch.py:309} INFO - 2020-12-22 15:04:21,783 INFO yarn.Client: Source and destination file systems are the same. Not copying hdfs://master:9000/spark-jars/spark-tags_2.11-2.4.5.jar
[2020-12-22 15:04:54,142] {logging_mixin.py:112} INFO - [2020-12-22 15:04:54,141] {batch.py:309} INFO - 2020-12-22 15:04:21,784 INFO yarn.Client: Source and destination file systems are the same. Not copying hdfs://master:9000/spark-jars/spark-unsafe_2.11-2.4.5.jar
[2020-12-22 15:04:54,142] {logging_mixin.py:112} INFO - [2020-12-22 15:04:54,142] {batch.py:309} INFO - 2020-12-22 15:04:21,790 INFO yarn.Client: Source and destination file systems are the same. Not copying hdfs://master:9000/spark-jars/spark-yarn_2.11-2.4.5.jar
[2020-12-22 15:04:54,142] {logging_mixin.py:112} INFO - [2020-12-22 15:04:54,142] {batch.py:309} INFO - 2020-12-22 15:04:21,794 INFO yarn.Client: Source and destination file systems are the same. Not copying hdfs://master:9000/spark-jars/spire-macros_2.11-0.13.0.jar
[2020-12-22 15:04:54,142] {logging_mixin.py:112} INFO - [2020-12-22 15:04:54,142] {batch.py:309} INFO - 2020-12-22 15:04:21,796 INFO yarn.Client: Source and destination file systems are the same. Not copying hdfs://master:9000/spark-jars/spire_2.11-0.13.0.jar
[2020-12-22 15:04:54,142] {logging_mixin.py:112} INFO - [2020-12-22 15:04:54,142] {batch.py:309} INFO - 2020-12-22 15:04:21,797 INFO yarn.Client: Source and destination file systems are the same. Not copying hdfs://master:9000/spark-jars/stream-2.7.0.jar
[2020-12-22 15:04:54,142] {logging_mixin.py:112} INFO - [2020-12-22 15:04:54,142] {batch.py:309} INFO - 2020-12-22 15:04:21,798 INFO yarn.Client: Source and destination file systems are the same. Not copying hdfs://master:9000/spark-jars/univocity-parsers-2.7.3.jar
[2020-12-22 15:04:54,142] {logging_mixin.py:112} INFO - [2020-12-22 15:04:54,142] {batch.py:309} INFO - 2020-12-22 15:04:21,799 INFO yarn.Client: Source and destination file systems are the same. Not copying hdfs://master:9000/spark-jars/validation-api-1.1.0.Final.jar
[2020-12-22 15:04:54,143] {logging_mixin.py:112} INFO - [2020-12-22 15:04:54,143] {batch.py:309} INFO - 2020-12-22 15:04:21,803 INFO yarn.Client: Source and destination file systems are the same. Not copying hdfs://master:9000/spark-jars/xbean-asm6-shaded-4.8.jar
[2020-12-22 15:04:54,143] {logging_mixin.py:112} INFO - [2020-12-22 15:04:54,143] {batch.py:309} INFO - 2020-12-22 15:04:21,804 INFO yarn.Client: Source and destination file systems are the same. Not copying hdfs://master:9000/spark-jars/xz-1.5.jar
[2020-12-22 15:04:54,143] {logging_mixin.py:112} INFO - [2020-12-22 15:04:54,143] {batch.py:309} INFO - 2020-12-22 15:04:21,806 INFO yarn.Client: Source and destination file systems are the same. Not copying hdfs://master:9000/spark-jars/zjsonpatch-0.3.0.jar
[2020-12-22 15:04:54,150] {logging_mixin.py:112} INFO - [2020-12-22 15:04:54,150] {base_hook.py:84} INFO - Using connection to: id: livy. Host: ec2-3-236-26-7.compute-1.amazonaws.com, Port: 8998, Schema: None, Login: None, Password: None, extra: None
[2020-12-22 15:04:54,151] {logging_mixin.py:112} INFO - [2020-12-22 15:04:54,151] {http_hook.py:136} INFO - Sending 'GET' to url: http://ec2-3-236-26-7.compute-1.amazonaws.com:8998/batches/7/log?from=100&size=100
[2020-12-22 15:04:54,161] {logging_mixin.py:112} INFO - [2020-12-22 15:04:54,161] {batch.py:309} INFO - 2020-12-22 15:04:21,807 INFO yarn.Client: Source and destination file systems are the same. Not copying hdfs://master:9000/spark-jars/zstd-jni-1.3.2-2.jar
[2020-12-22 15:04:54,162] {logging_mixin.py:112} INFO - [2020-12-22 15:04:54,161] {batch.py:309} INFO - 2020-12-22 15:04:21,813 INFO yarn.Client: Uploading resource s3a://alanchn31-loan-default-prediction/dist/config.json -> hdfs://master:9000/user/root/.sparkStaging/application_1608647635904_0008/config.json
[2020-12-22 15:04:54,162] {logging_mixin.py:112} INFO - [2020-12-22 15:04:54,162] {batch.py:309} INFO - 2020-12-22 15:04:22,073 INFO yarn.Client: Uploading resource file:/usr/spark/python/lib/pyspark.zip -> hdfs://master:9000/user/root/.sparkStaging/application_1608647635904_0008/pyspark.zip
[2020-12-22 15:04:54,162] {logging_mixin.py:112} INFO - [2020-12-22 15:04:54,162] {batch.py:309} INFO - 2020-12-22 15:04:22,166 INFO yarn.Client: Uploading resource file:/usr/spark/python/lib/py4j-0.10.7-src.zip -> hdfs://master:9000/user/root/.sparkStaging/application_1608647635904_0008/py4j-0.10.7-src.zip
[2020-12-22 15:04:54,162] {logging_mixin.py:112} INFO - [2020-12-22 15:04:54,162] {batch.py:309} INFO - 2020-12-22 15:04:22,204 INFO yarn.Client: Uploading resource s3a://alanchn31-loan-default-prediction/dist/src.zip -> hdfs://master:9000/user/root/.sparkStaging/application_1608647635904_0008/src.zip
[2020-12-22 15:04:54,163] {logging_mixin.py:112} INFO - [2020-12-22 15:04:54,163] {batch.py:309} INFO - 2020-12-22 15:04:22,704 INFO yarn.Client: Uploading resource file:/tmp/spark-f4c2d306-1b66-4bdd-aada-b0eac2adf309/__spark_conf__2720386995533368472.zip -> hdfs://master:9000/user/root/.sparkStaging/application_1608647635904_0008/__spark_conf__.zip
[2020-12-22 15:04:54,163] {logging_mixin.py:112} INFO - [2020-12-22 15:04:54,163] {batch.py:309} INFO - 2020-12-22 15:04:22,777 INFO spark.SecurityManager: Changing view acls to: root
[2020-12-22 15:04:54,163] {logging_mixin.py:112} INFO - [2020-12-22 15:04:54,163] {batch.py:309} INFO - 2020-12-22 15:04:22,778 INFO spark.SecurityManager: Changing modify acls to: root
[2020-12-22 15:04:54,163] {logging_mixin.py:112} INFO - [2020-12-22 15:04:54,163] {batch.py:309} INFO - 2020-12-22 15:04:22,779 INFO spark.SecurityManager: Changing view acls groups to: 
[2020-12-22 15:04:54,163] {logging_mixin.py:112} INFO - [2020-12-22 15:04:54,163] {batch.py:309} INFO - 2020-12-22 15:04:22,779 INFO spark.SecurityManager: Changing modify acls groups to: 
[2020-12-22 15:04:54,163] {logging_mixin.py:112} INFO - [2020-12-22 15:04:54,163] {batch.py:309} INFO - 2020-12-22 15:04:22,781 INFO spark.SecurityManager: SecurityManager: authentication disabled; ui acls disabled; users  with view permissions: Set(root); groups with view permissions: Set(); users  with modify permissions: Set(root); groups with modify permissions: Set()
[2020-12-22 15:04:54,164] {logging_mixin.py:112} INFO - [2020-12-22 15:04:54,164] {batch.py:309} INFO - 2020-12-22 15:04:24,183 INFO yarn.Client: Submitting application application_1608647635904_0008 to ResourceManager
[2020-12-22 15:04:54,164] {logging_mixin.py:112} INFO - [2020-12-22 15:04:54,164] {batch.py:309} INFO - 2020-12-22 15:04:24,242 INFO impl.YarnClientImpl: Submitted application application_1608647635904_0008
[2020-12-22 15:04:54,164] {logging_mixin.py:112} INFO - [2020-12-22 15:04:54,164] {batch.py:309} INFO - 2020-12-22 15:04:24,245 INFO cluster.SchedulerExtensionServices: Starting Yarn extension services with app application_1608647635904_0008 and attemptId None
[2020-12-22 15:04:54,164] {logging_mixin.py:112} INFO - [2020-12-22 15:04:54,164] {batch.py:309} INFO - 2020-12-22 15:04:25,252 INFO yarn.Client: Application report for application_1608647635904_0008 (state: ACCEPTED)
[2020-12-22 15:04:54,164] {logging_mixin.py:112} INFO - [2020-12-22 15:04:54,164] {batch.py:309} INFO - 2020-12-22 15:04:25,256 INFO yarn.Client: 
[2020-12-22 15:04:54,164] {logging_mixin.py:112} INFO - [2020-12-22 15:04:54,164] {batch.py:309} INFO - 	 client token: N/A
[2020-12-22 15:04:54,165] {logging_mixin.py:112} INFO - [2020-12-22 15:04:54,165] {batch.py:309} INFO - 	 diagnostics: AM container is launched, waiting for AM container to Register with RM
[2020-12-22 15:04:54,165] {logging_mixin.py:112} INFO - [2020-12-22 15:04:54,165] {batch.py:309} INFO - 	 ApplicationMaster host: N/A
[2020-12-22 15:04:54,165] {logging_mixin.py:112} INFO - [2020-12-22 15:04:54,165] {batch.py:309} INFO - 	 ApplicationMaster RPC port: -1
[2020-12-22 15:04:54,165] {logging_mixin.py:112} INFO - [2020-12-22 15:04:54,165] {batch.py:309} INFO - 	 queue: root.root
[2020-12-22 15:04:54,165] {logging_mixin.py:112} INFO - [2020-12-22 15:04:54,165] {batch.py:309} INFO - 	 start time: 1608649464207
[2020-12-22 15:04:54,166] {logging_mixin.py:112} INFO - [2020-12-22 15:04:54,166] {batch.py:309} INFO - 	 final status: UNDEFINED
[2020-12-22 15:04:54,166] {logging_mixin.py:112} INFO - [2020-12-22 15:04:54,166] {batch.py:309} INFO - 	 tracking URL: http://master:8088/proxy/application_1608647635904_0008/
[2020-12-22 15:04:54,166] {logging_mixin.py:112} INFO - [2020-12-22 15:04:54,166] {batch.py:309} INFO - 	 user: root
[2020-12-22 15:04:54,166] {logging_mixin.py:112} INFO - [2020-12-22 15:04:54,166] {batch.py:309} INFO - 2020-12-22 15:04:26,258 INFO yarn.Client: Application report for application_1608647635904_0008 (state: ACCEPTED)
[2020-12-22 15:04:54,166] {logging_mixin.py:112} INFO - [2020-12-22 15:04:54,166] {batch.py:309} INFO - 2020-12-22 15:04:27,260 INFO yarn.Client: Application report for application_1608647635904_0008 (state: ACCEPTED)
[2020-12-22 15:04:54,166] {logging_mixin.py:112} INFO - [2020-12-22 15:04:54,166] {batch.py:309} INFO - 2020-12-22 15:04:28,262 INFO yarn.Client: Application report for application_1608647635904_0008 (state: ACCEPTED)
[2020-12-22 15:04:54,167] {logging_mixin.py:112} INFO - [2020-12-22 15:04:54,167] {batch.py:309} INFO - 2020-12-22 15:04:29,267 INFO yarn.Client: Application report for application_1608647635904_0008 (state: ACCEPTED)
[2020-12-22 15:04:54,167] {logging_mixin.py:112} INFO - [2020-12-22 15:04:54,167] {batch.py:309} INFO - 2020-12-22 15:04:30,270 INFO yarn.Client: Application report for application_1608647635904_0008 (state: RUNNING)
[2020-12-22 15:04:54,167] {logging_mixin.py:112} INFO - [2020-12-22 15:04:54,167] {batch.py:309} INFO - 2020-12-22 15:04:30,271 INFO yarn.Client: 
[2020-12-22 15:04:54,167] {logging_mixin.py:112} INFO - [2020-12-22 15:04:54,167] {batch.py:309} INFO - 	 client token: N/A
[2020-12-22 15:04:54,167] {logging_mixin.py:112} INFO - [2020-12-22 15:04:54,167] {batch.py:309} INFO - 	 diagnostics: N/A
[2020-12-22 15:04:54,168] {logging_mixin.py:112} INFO - [2020-12-22 15:04:54,167] {batch.py:309} INFO - 	 ApplicationMaster host: 172.18.0.8
[2020-12-22 15:04:54,168] {logging_mixin.py:112} INFO - [2020-12-22 15:04:54,168] {batch.py:309} INFO - 	 ApplicationMaster RPC port: -1
[2020-12-22 15:04:54,168] {logging_mixin.py:112} INFO - [2020-12-22 15:04:54,168] {batch.py:309} INFO - 	 queue: root.root
[2020-12-22 15:04:54,168] {logging_mixin.py:112} INFO - [2020-12-22 15:04:54,168] {batch.py:309} INFO - 	 start time: 1608649464207
[2020-12-22 15:04:54,168] {logging_mixin.py:112} INFO - [2020-12-22 15:04:54,168] {batch.py:309} INFO - 	 final status: UNDEFINED
[2020-12-22 15:04:54,168] {logging_mixin.py:112} INFO - [2020-12-22 15:04:54,168] {batch.py:309} INFO - 	 tracking URL: http://master:8088/proxy/application_1608647635904_0008/
[2020-12-22 15:04:54,169] {logging_mixin.py:112} INFO - [2020-12-22 15:04:54,168] {batch.py:309} INFO - 	 user: root
[2020-12-22 15:04:54,169] {logging_mixin.py:112} INFO - [2020-12-22 15:04:54,169] {batch.py:309} INFO - 2020-12-22 15:04:30,272 INFO cluster.YarnClientSchedulerBackend: Application application_1608647635904_0008 has started running.
[2020-12-22 15:04:54,169] {logging_mixin.py:112} INFO - [2020-12-22 15:04:54,169] {batch.py:309} INFO - 2020-12-22 15:04:30,292 INFO cluster.YarnClientSchedulerBackend: Add WebUI Filter. org.apache.hadoop.yarn.server.webproxy.amfilter.AmIpFilter, Map(PROXY_HOSTS -> master, PROXY_URI_BASES -> http://master:8088/proxy/application_1608647635904_0008), /proxy/application_1608647635904_0008
[2020-12-22 15:04:54,169] {logging_mixin.py:112} INFO - [2020-12-22 15:04:54,169] {batch.py:309} INFO - 2020-12-22 15:04:30,299 INFO util.Utils: Successfully started service 'org.apache.spark.network.netty.NettyBlockTransferService' on port 7002.
[2020-12-22 15:04:54,169] {logging_mixin.py:112} INFO - [2020-12-22 15:04:54,169] {batch.py:309} INFO - 2020-12-22 15:04:30,308 INFO netty.NettyBlockTransferService: Server created on livy:7002
[2020-12-22 15:04:54,169] {logging_mixin.py:112} INFO - [2020-12-22 15:04:54,169] {batch.py:309} INFO - 2020-12-22 15:04:30,315 INFO storage.BlockManager: Using org.apache.spark.storage.RandomBlockReplicationPolicy for block replication policy
[2020-12-22 15:04:54,170] {logging_mixin.py:112} INFO - [2020-12-22 15:04:54,169] {batch.py:309} INFO - 2020-12-22 15:04:30,380 INFO storage.BlockManagerMaster: Registering BlockManager BlockManagerId(driver, livy, 7002, None)
[2020-12-22 15:04:54,170] {logging_mixin.py:112} INFO - [2020-12-22 15:04:54,170] {batch.py:309} INFO - 2020-12-22 15:04:30,390 INFO storage.BlockManagerMasterEndpoint: Registering block manager livy:7002 with 366.3 MB RAM, BlockManagerId(driver, livy, 7002, None)
[2020-12-22 15:04:54,170] {logging_mixin.py:112} INFO - [2020-12-22 15:04:54,170] {batch.py:309} INFO - 2020-12-22 15:04:30,398 INFO storage.BlockManagerMaster: Registered BlockManager BlockManagerId(driver, livy, 7002, None)
[2020-12-22 15:04:54,170] {logging_mixin.py:112} INFO - [2020-12-22 15:04:54,170] {batch.py:309} INFO - 2020-12-22 15:04:30,398 INFO storage.BlockManager: Initialized BlockManager: BlockManagerId(driver, livy, 7002, None)
[2020-12-22 15:04:54,170] {logging_mixin.py:112} INFO - [2020-12-22 15:04:54,170] {batch.py:309} INFO - 2020-12-22 15:04:30,727 INFO ui.JettyUtils: Adding filter org.apache.hadoop.yarn.server.webproxy.amfilter.AmIpFilter to /metrics/json.
[2020-12-22 15:04:54,170] {logging_mixin.py:112} INFO - [2020-12-22 15:04:54,170] {batch.py:309} INFO - 2020-12-22 15:04:30,752 INFO handler.ContextHandler: Started o.s.j.s.ServletContextHandler@11c45ac3{/metrics/json,null,AVAILABLE,@Spark}
[2020-12-22 15:04:54,171] {logging_mixin.py:112} INFO - [2020-12-22 15:04:54,170] {batch.py:309} INFO - 2020-12-22 15:04:30,834 INFO cluster.YarnSchedulerBackend$YarnSchedulerEndpoint: ApplicationMaster registered as NettyRpcEndpointRef(spark-client://YarnAM)
[2020-12-22 15:04:54,171] {logging_mixin.py:112} INFO - [2020-12-22 15:04:54,171] {batch.py:309} INFO - 2020-12-22 15:04:31,104 INFO scheduler.EventLoggingListener: Logging events to hdfs:/log/spark/application_1608647635904_0008
[2020-12-22 15:04:54,171] {logging_mixin.py:112} INFO - [2020-12-22 15:04:54,171] {batch.py:309} INFO - 2020-12-22 15:04:40,843 INFO cluster.YarnSchedulerBackend$YarnDriverEndpoint: Registered executor NettyRpcEndpointRef(spark-client://Executor) (172.18.0.6:36876) with ID 2
[2020-12-22 15:04:54,171] {logging_mixin.py:112} INFO - [2020-12-22 15:04:54,171] {batch.py:309} INFO - 2020-12-22 15:04:41,114 INFO storage.BlockManagerMasterEndpoint: Registering block manager worker2:7002 with 366.3 MB RAM, BlockManagerId(2, worker2, 7002, None)
[2020-12-22 15:04:54,171] {logging_mixin.py:112} INFO - [2020-12-22 15:04:54,171] {batch.py:309} INFO - 2020-12-22 15:04:41,137 INFO cluster.YarnSchedulerBackend$YarnDriverEndpoint: Registered executor NettyRpcEndpointRef(spark-client://Executor) (172.18.0.8:44896) with ID 1
[2020-12-22 15:04:54,171] {logging_mixin.py:112} INFO - [2020-12-22 15:04:54,171] {batch.py:309} INFO - 2020-12-22 15:04:41,215 INFO cluster.YarnClientSchedulerBackend: SchedulerBackend is ready for scheduling beginning after reached minRegisteredResourcesRatio: 0.8
[2020-12-22 15:04:54,172] {logging_mixin.py:112} INFO - [2020-12-22 15:04:54,171] {batch.py:309} INFO - 2020-12-22 15:04:41,398 INFO internal.SharedState: Setting hive.metastore.warehouse.dir ('null') to the value of spark.sql.warehouse.dir ('file:/spark-warehouse').
[2020-12-22 15:04:54,172] {logging_mixin.py:112} INFO - [2020-12-22 15:04:54,172] {batch.py:309} INFO - 2020-12-22 15:04:41,399 INFO internal.SharedState: Warehouse path is 'file:/spark-warehouse'.
[2020-12-22 15:04:54,172] {logging_mixin.py:112} INFO - [2020-12-22 15:04:54,172] {batch.py:309} INFO - 2020-12-22 15:04:41,409 INFO ui.JettyUtils: Adding filter org.apache.hadoop.yarn.server.webproxy.amfilter.AmIpFilter to /SQL.
[2020-12-22 15:04:54,172] {logging_mixin.py:112} INFO - [2020-12-22 15:04:54,172] {batch.py:309} INFO - 2020-12-22 15:04:41,410 INFO handler.ContextHandler: Started o.s.j.s.ServletContextHandler@4b0627ff{/SQL,null,AVAILABLE,@Spark}
[2020-12-22 15:04:54,172] {logging_mixin.py:112} INFO - [2020-12-22 15:04:54,172] {batch.py:309} INFO - 2020-12-22 15:04:41,410 INFO ui.JettyUtils: Adding filter org.apache.hadoop.yarn.server.webproxy.amfilter.AmIpFilter to /SQL/json.
[2020-12-22 15:04:54,172] {logging_mixin.py:112} INFO - [2020-12-22 15:04:54,172] {batch.py:309} INFO - 2020-12-22 15:04:41,411 INFO handler.ContextHandler: Started o.s.j.s.ServletContextHandler@4351d5b6{/SQL/json,null,AVAILABLE,@Spark}
[2020-12-22 15:04:54,173] {logging_mixin.py:112} INFO - [2020-12-22 15:04:54,172] {batch.py:309} INFO - 2020-12-22 15:04:41,412 INFO ui.JettyUtils: Adding filter org.apache.hadoop.yarn.server.webproxy.amfilter.AmIpFilter to /SQL/execution.
[2020-12-22 15:04:54,173] {logging_mixin.py:112} INFO - [2020-12-22 15:04:54,173] {batch.py:309} INFO - 2020-12-22 15:04:41,413 INFO handler.ContextHandler: Started o.s.j.s.ServletContextHandler@21814c0a{/SQL/execution,null,AVAILABLE,@Spark}
[2020-12-22 15:04:54,173] {logging_mixin.py:112} INFO - [2020-12-22 15:04:54,173] {batch.py:309} INFO - 2020-12-22 15:04:41,413 INFO ui.JettyUtils: Adding filter org.apache.hadoop.yarn.server.webproxy.amfilter.AmIpFilter to /SQL/execution/json.
[2020-12-22 15:04:54,173] {logging_mixin.py:112} INFO - [2020-12-22 15:04:54,173] {batch.py:309} INFO - 2020-12-22 15:04:41,414 INFO handler.ContextHandler: Started o.s.j.s.ServletContextHandler@3fa567f0{/SQL/execution/json,null,AVAILABLE,@Spark}
[2020-12-22 15:04:54,173] {logging_mixin.py:112} INFO - [2020-12-22 15:04:54,173] {batch.py:309} INFO - 2020-12-22 15:04:41,415 INFO ui.JettyUtils: Adding filter org.apache.hadoop.yarn.server.webproxy.amfilter.AmIpFilter to /static/sql.
[2020-12-22 15:04:54,173] {logging_mixin.py:112} INFO - [2020-12-22 15:04:54,173] {batch.py:309} INFO - 2020-12-22 15:04:41,416 INFO handler.ContextHandler: Started o.s.j.s.ServletContextHandler@36d2c1a2{/static/sql,null,AVAILABLE,@Spark}
[2020-12-22 15:04:54,174] {logging_mixin.py:112} INFO - [2020-12-22 15:04:54,174] {batch.py:309} INFO - 2020-12-22 15:04:41,474 INFO storage.BlockManagerMasterEndpoint: Registering block manager worker1:7002 with 366.3 MB RAM, BlockManagerId(1, worker1, 7002, None)
[2020-12-22 15:04:54,174] {logging_mixin.py:112} INFO - [2020-12-22 15:04:54,174] {batch.py:309} INFO - 2020-12-22 15:04:42,142 INFO state.StateStoreCoordinatorRef: Registered StateStoreCoordinator endpoint
[2020-12-22 15:04:54,174] {logging_mixin.py:112} INFO - [2020-12-22 15:04:54,174] {batch.py:309} INFO - Traceback (most recent call last):
[2020-12-22 15:04:54,174] {logging_mixin.py:112} INFO - [2020-12-22 15:04:54,174] {batch.py:309} INFO -   File "/tmp/spark-98596994-f53f-44db-93d4-a4174bac3772/main.py", line 87, in <module>
[2020-12-22 15:04:54,174] {logging_mixin.py:112} INFO - [2020-12-22 15:04:54,174] {batch.py:309} INFO -     main()
[2020-12-22 15:04:54,174] {logging_mixin.py:112} INFO - [2020-12-22 15:04:54,174] {batch.py:309} INFO -   File "/tmp/spark-98596994-f53f-44db-93d4-a4174bac3772/main.py", line 65, in main
[2020-12-22 15:04:54,175] {logging_mixin.py:112} INFO - [2020-12-22 15:04:54,174] {batch.py:309} INFO -     path_to_config_file = path.join(spark_files_dir, config_files[0])
[2020-12-22 15:04:54,175] {logging_mixin.py:112} INFO - [2020-12-22 15:04:54,175] {batch.py:309} INFO - NameError: name 'path' is not defined
[2020-12-22 15:04:54,175] {logging_mixin.py:112} INFO - [2020-12-22 15:04:54,175] {batch.py:309} INFO - 2020-12-22 15:04:42,199 INFO spark.SparkContext: Invoking stop() from shutdown hook
[2020-12-22 15:04:54,175] {logging_mixin.py:112} INFO - [2020-12-22 15:04:54,175] {batch.py:309} INFO - 2020-12-22 15:04:42,211 INFO server.AbstractConnector: Stopped Spark@351fe59d{HTTP/1.1,[http/1.1]}{0.0.0.0:4040}
[2020-12-22 15:04:54,175] {logging_mixin.py:112} INFO - [2020-12-22 15:04:54,175] {batch.py:309} INFO - 2020-12-22 15:04:42,214 INFO ui.SparkUI: Stopped Spark web UI at http://livy:4040
[2020-12-22 15:04:54,175] {logging_mixin.py:112} INFO - [2020-12-22 15:04:54,175] {batch.py:309} INFO - 2020-12-22 15:04:42,218 INFO cluster.YarnClientSchedulerBackend: Interrupting monitor thread
[2020-12-22 15:04:54,175] {logging_mixin.py:112} INFO - [2020-12-22 15:04:54,175] {batch.py:309} INFO - 2020-12-22 15:04:42,243 INFO cluster.YarnClientSchedulerBackend: Shutting down all executors
[2020-12-22 15:04:54,176] {logging_mixin.py:112} INFO - [2020-12-22 15:04:54,176] {batch.py:309} INFO - 2020-12-22 15:04:42,244 INFO cluster.YarnSchedulerBackend$YarnDriverEndpoint: Asking each executor to shut down
[2020-12-22 15:04:54,176] {logging_mixin.py:112} INFO - [2020-12-22 15:04:54,176] {batch.py:309} INFO - 2020-12-22 15:04:42,255 INFO cluster.SchedulerExtensionServices: Stopping SchedulerExtensionServices
[2020-12-22 15:04:54,176] {logging_mixin.py:112} INFO - [2020-12-22 15:04:54,176] {batch.py:309} INFO - (serviceOption=None,
[2020-12-22 15:04:54,176] {logging_mixin.py:112} INFO - [2020-12-22 15:04:54,176] {batch.py:309} INFO -  services=List(),
[2020-12-22 15:04:54,176] {logging_mixin.py:112} INFO - [2020-12-22 15:04:54,176] {batch.py:309} INFO -  started=false)
[2020-12-22 15:04:54,176] {logging_mixin.py:112} INFO - [2020-12-22 15:04:54,176] {batch.py:309} INFO - 2020-12-22 15:04:42,258 INFO cluster.YarnClientSchedulerBackend: Stopped
[2020-12-22 15:04:54,177] {logging_mixin.py:112} INFO - [2020-12-22 15:04:54,176] {batch.py:309} INFO - 2020-12-22 15:04:42,324 INFO spark.MapOutputTrackerMasterEndpoint: MapOutputTrackerMasterEndpoint stopped!
[2020-12-22 15:04:54,177] {logging_mixin.py:112} INFO - [2020-12-22 15:04:54,177] {batch.py:309} INFO - 2020-12-22 15:04:42,345 INFO memory.MemoryStore: MemoryStore cleared
[2020-12-22 15:04:54,177] {logging_mixin.py:112} INFO - [2020-12-22 15:04:54,177] {batch.py:309} INFO - 2020-12-22 15:04:42,346 INFO storage.BlockManager: BlockManager stopped
[2020-12-22 15:04:54,177] {logging_mixin.py:112} INFO - [2020-12-22 15:04:54,177] {batch.py:309} INFO - 2020-12-22 15:04:42,357 INFO storage.BlockManagerMaster: BlockManagerMaster stopped
[2020-12-22 15:04:54,177] {logging_mixin.py:112} INFO - [2020-12-22 15:04:54,177] {batch.py:309} INFO - 2020-12-22 15:04:42,372 INFO scheduler.OutputCommitCoordinator$OutputCommitCoordinatorEndpoint: OutputCommitCoordinator stopped!
[2020-12-22 15:04:54,177] {logging_mixin.py:112} INFO - [2020-12-22 15:04:54,177] {batch.py:309} INFO - 2020-12-22 15:04:42,390 INFO spark.SparkContext: Successfully stopped SparkContext
[2020-12-22 15:04:54,178] {logging_mixin.py:112} INFO - [2020-12-22 15:04:54,178] {batch.py:309} INFO - 2020-12-22 15:04:42,391 INFO util.ShutdownHookManager: Shutdown hook called
[2020-12-22 15:04:54,178] {logging_mixin.py:112} INFO - [2020-12-22 15:04:54,178] {batch.py:309} INFO - 2020-12-22 15:04:42,394 INFO util.ShutdownHookManager: Deleting directory /tmp/spark-f4c2d306-1b66-4bdd-aada-b0eac2adf309
[2020-12-22 15:04:54,178] {logging_mixin.py:112} INFO - [2020-12-22 15:04:54,178] {batch.py:309} INFO - 2020-12-22 15:04:42,400 INFO util.ShutdownHookManager: Deleting directory /tmp/spark-f4c2d306-1b66-4bdd-aada-b0eac2adf309/pyspark-96d19580-9fd7-45a5-9bc7-7efb158e741a
[2020-12-22 15:04:54,178] {logging_mixin.py:112} INFO - [2020-12-22 15:04:54,178] {batch.py:309} INFO - 2020-12-22 15:04:42,402 INFO util.ShutdownHookManager: Deleting directory /tmp/spark-98596994-f53f-44db-93d4-a4174bac3772
[2020-12-22 15:04:54,178] {logging_mixin.py:112} INFO - [2020-12-22 15:04:54,178] {batch.py:309} INFO - 2020-12-22 15:04:42,408 INFO impl.MetricsSystemImpl: Stopping s3a-file-system metrics system...
[2020-12-22 15:04:54,178] {logging_mixin.py:112} INFO - [2020-12-22 15:04:54,178] {batch.py:309} INFO - 2020-12-22 15:04:42,408 INFO impl.MetricsSystemImpl: s3a-file-system metrics system stopped.
[2020-12-22 15:04:54,185] {logging_mixin.py:112} INFO - [2020-12-22 15:04:54,185] {base_hook.py:84} INFO - Using connection to: id: livy. Host: ec2-3-236-26-7.compute-1.amazonaws.com, Port: 8998, Schema: None, Login: None, Password: None, extra: None
[2020-12-22 15:04:54,186] {logging_mixin.py:112} INFO - [2020-12-22 15:04:54,186] {http_hook.py:136} INFO - Sending 'GET' to url: http://ec2-3-236-26-7.compute-1.amazonaws.com:8998/batches/7/log?from=200&size=100
[2020-12-22 15:04:54,192] {logging_mixin.py:112} INFO - [2020-12-22 15:04:54,192] {batch.py:309} INFO - 2020-12-22 15:04:42,408 INFO impl.MetricsSystemImpl: s3a-file-system metrics system shutdown complete.
[2020-12-22 15:04:54,192] {logging_mixin.py:112} INFO - [2020-12-22 15:04:54,192] {batch.py:309} INFO - 
stderr: 
[2020-12-22 15:04:54,193] {logging_mixin.py:112} INFO - [2020-12-22 15:04:54,193] {batch.py:309} INFO - 
YARN Diagnostics: 
[2020-12-22 15:04:54,193] {logging_mixin.py:112} INFO - [2020-12-22 15:04:54,193] {batch.py:318} INFO - --------------------------------------------------End of full log for batch 7--------------------------------------------------
[2020-12-22 15:04:54,194] {logging_mixin.py:112} INFO - [2020-12-22 15:04:54,193] {batch.py:335} INFO - Closing batch with id = 7
[2020-12-22 15:04:54,202] {logging_mixin.py:112} INFO - [2020-12-22 15:04:54,202] {base_hook.py:84} INFO - Using connection to: id: livy. Host: ec2-3-236-26-7.compute-1.amazonaws.com, Port: 8998, Schema: None, Login: None, Password: None, extra: None
[2020-12-22 15:04:54,203] {logging_mixin.py:112} INFO - [2020-12-22 15:04:54,203] {http_hook.py:136} INFO - Sending 'DELETE' to url: http://ec2-3-236-26-7.compute-1.amazonaws.com:8998/batches/7
[2020-12-22 15:04:54,210] {logging_mixin.py:112} INFO - [2020-12-22 15:04:54,209] {batch.py:340} INFO - Batch 7 has been closed
[2020-12-22 15:04:54,218] {taskinstance.py:1128} ERROR - Batch 7 failed with state 'dead'
Traceback (most recent call last):
  File "/opt/bitnami/python/lib/python3.6/site-packages/airflow/models/taskinstance.py", line 966, in _run_raw_task
    result = task_copy.execute(context=context)
  File "/usr/local/airflow/plugins/airflow_livy/batch.py", line 173, in execute
    ).execute(context)
  File "/opt/bitnami/python/lib/python3.6/site-packages/airflow/sensors/base_sensor_operator.py", line 107, in execute
    while not self.poke(context):
  File "/usr/local/airflow/plugins/airflow_livy/batch.py", line 96, in poke
    raise AirflowException(f"Batch {self.batch_id} failed with state '{state}'")
airflow.exceptions.AirflowException: Batch 7 failed with state 'dead'
[2020-12-22 15:04:54,220] {taskinstance.py:1151} INFO - Marking task as UP_FOR_RETRY
[2020-12-22 15:04:58,943] {logging_mixin.py:112} INFO - [2020-12-22 15:04:58,943] {local_task_job.py:103} INFO - Task exited with return code 1
