[2020-12-22 15:05:57,857] {taskinstance.py:655} INFO - Dependencies all met for <TaskInstance: loan_prediction_train_model.preprocess_data 2020-12-22T15:00:43.230845+00:00 [queued]>
[2020-12-22 15:05:57,872] {taskinstance.py:655} INFO - Dependencies all met for <TaskInstance: loan_prediction_train_model.preprocess_data 2020-12-22T15:00:43.230845+00:00 [queued]>
[2020-12-22 15:05:57,873] {taskinstance.py:866} INFO - 
--------------------------------------------------------------------------------
[2020-12-22 15:05:57,873] {taskinstance.py:867} INFO - Starting attempt 4 of 6
[2020-12-22 15:05:57,873] {taskinstance.py:868} INFO - 
--------------------------------------------------------------------------------
[2020-12-22 15:05:57,890] {taskinstance.py:887} INFO - Executing <Task(LivyBatchOperator): preprocess_data> on 2020-12-22T15:00:43.230845+00:00
[2020-12-22 15:05:57,893] {standard_task_runner.py:53} INFO - Started process 10628 to run task
[2020-12-22 15:05:57,954] {logging_mixin.py:112} INFO - Running %s on host %s <TaskInstance: loan_prediction_train_model.preprocess_data 2020-12-22T15:00:43.230845+00:00 [running]> 6e29624e1b8e
[2020-12-22 15:05:57,979] {logging_mixin.py:112} INFO - [2020-12-22 15:05:57,979] {batch.py:214} INFO - Submitting the batch to Livy... Payload:
{
  "file": "s3a://alanchn31-loan-default-prediction/dist/main.py",
  "args": [
    "--job",
    "preprocess_data",
    "--phase",
    "train",
    "--mode",
    "aws",
    "--awsKey",
    "AKIAUW4FKHTMR2UR3INH",
    "--awsSecretKey",
    "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",
    "--s3Bucket",
    "alanchn31-loan-default-prediction"
  ],
  "pyFiles": [
    "s3a://alanchn31-loan-default-prediction/dist/src.zip"
  ],
  "files": [
    "s3a://alanchn31-loan-default-prediction/dist/config.json"
  ],
  "name": "preprocess_data_scheduled__2020-12-22T15:00:43.230845+00:00"
}
[2020-12-22 15:05:57,990] {logging_mixin.py:112} INFO - [2020-12-22 15:05:57,989] {base_hook.py:84} INFO - Using connection to: id: livy. Host: ec2-3-236-26-7.compute-1.amazonaws.com, Port: 8998, Schema: None, Login: None, Password: None, extra: None
[2020-12-22 15:05:57,992] {logging_mixin.py:112} INFO - [2020-12-22 15:05:57,992] {http_hook.py:136} INFO - Sending 'POST' to url: http://ec2-3-236-26-7.compute-1.amazonaws.com:8998/batches
[2020-12-22 15:05:58,015] {logging_mixin.py:112} INFO - [2020-12-22 15:05:58,015] {batch.py:166} INFO - Batch successfully submitted with id = 8.
[2020-12-22 15:05:58,017] {logging_mixin.py:112} INFO - [2020-12-22 15:05:58,016] {batch.py:80} INFO - Getting batch 8 status...
[2020-12-22 15:05:58,026] {logging_mixin.py:112} INFO - [2020-12-22 15:05:58,026] {base_hook.py:84} INFO - Using connection to: id: livy. Host: ec2-3-236-26-7.compute-1.amazonaws.com, Port: 8998, Schema: None, Login: None, Password: None, extra: None
[2020-12-22 15:05:58,028] {logging_mixin.py:112} INFO - [2020-12-22 15:05:58,028] {http_hook.py:136} INFO - Sending 'GET' to url: http://ec2-3-236-26-7.compute-1.amazonaws.com:8998/batches/8
[2020-12-22 15:05:58,040] {logging_mixin.py:112} INFO - [2020-12-22 15:05:58,040] {batch.py:90} INFO - Batch 8 has not finished yet (state is 'starting')
[2020-12-22 15:06:18,061] {logging_mixin.py:112} INFO - [2020-12-22 15:06:18,061] {batch.py:80} INFO - Getting batch 8 status...
[2020-12-22 15:06:18,068] {logging_mixin.py:112} INFO - [2020-12-22 15:06:18,068] {base_hook.py:84} INFO - Using connection to: id: livy. Host: ec2-3-236-26-7.compute-1.amazonaws.com, Port: 8998, Schema: None, Login: None, Password: None, extra: None
[2020-12-22 15:06:18,070] {logging_mixin.py:112} INFO - [2020-12-22 15:06:18,070] {http_hook.py:136} INFO - Sending 'GET' to url: http://ec2-3-236-26-7.compute-1.amazonaws.com:8998/batches/8
[2020-12-22 15:06:18,083] {logging_mixin.py:112} INFO - [2020-12-22 15:06:18,083] {batch.py:90} INFO - Batch 8 has not finished yet (state is 'starting')
[2020-12-22 15:06:38,101] {logging_mixin.py:112} INFO - [2020-12-22 15:06:38,101] {batch.py:80} INFO - Getting batch 8 status...
[2020-12-22 15:06:38,108] {logging_mixin.py:112} INFO - [2020-12-22 15:06:38,108] {base_hook.py:84} INFO - Using connection to: id: livy. Host: ec2-3-236-26-7.compute-1.amazonaws.com, Port: 8998, Schema: None, Login: None, Password: None, extra: None
[2020-12-22 15:06:38,110] {logging_mixin.py:112} INFO - [2020-12-22 15:06:38,110] {http_hook.py:136} INFO - Sending 'GET' to url: http://ec2-3-236-26-7.compute-1.amazonaws.com:8998/batches/8
[2020-12-22 15:06:38,119] {logging_mixin.py:112} INFO - [2020-12-22 15:06:38,119] {batch.py:299} INFO - --------------------------------------------------Full log for batch 8--------------------------------------------------
[2020-12-22 15:06:38,126] {logging_mixin.py:112} INFO - [2020-12-22 15:06:38,126] {base_hook.py:84} INFO - Using connection to: id: livy. Host: ec2-3-236-26-7.compute-1.amazonaws.com, Port: 8998, Schema: None, Login: None, Password: None, extra: None
[2020-12-22 15:06:38,128] {logging_mixin.py:112} INFO - [2020-12-22 15:06:38,127] {http_hook.py:136} INFO - Sending 'GET' to url: http://ec2-3-236-26-7.compute-1.amazonaws.com:8998/batches/8/log?from=0&size=100
[2020-12-22 15:06:38,140] {logging_mixin.py:112} INFO - [2020-12-22 15:06:38,139] {batch.py:309} INFO - stdout: 
[2020-12-22 15:06:38,140] {logging_mixin.py:112} INFO - [2020-12-22 15:06:38,140] {batch.py:309} INFO - 2020-12-22 15:06:09,424 INFO yarn.Client: Source and destination file systems are the same. Not copying hdfs://master:9000/spark-jars/jcl-over-slf4j-1.7.16.jar
[2020-12-22 15:06:38,140] {logging_mixin.py:112} INFO - [2020-12-22 15:06:38,140] {batch.py:309} INFO - 2020-12-22 15:06:09,427 INFO yarn.Client: Source and destination file systems are the same. Not copying hdfs://master:9000/spark-jars/jersey-client-2.22.2.jar
[2020-12-22 15:06:38,140] {logging_mixin.py:112} INFO - [2020-12-22 15:06:38,140] {batch.py:309} INFO - 2020-12-22 15:06:09,429 INFO yarn.Client: Source and destination file systems are the same. Not copying hdfs://master:9000/spark-jars/jersey-common-2.22.2.jar
[2020-12-22 15:06:38,140] {logging_mixin.py:112} INFO - [2020-12-22 15:06:38,140] {batch.py:309} INFO - 2020-12-22 15:06:09,431 INFO yarn.Client: Source and destination file systems are the same. Not copying hdfs://master:9000/spark-jars/jersey-container-servlet-2.22.2.jar
[2020-12-22 15:06:38,140] {logging_mixin.py:112} INFO - [2020-12-22 15:06:38,140] {batch.py:309} INFO - 2020-12-22 15:06:09,433 INFO yarn.Client: Source and destination file systems are the same. Not copying hdfs://master:9000/spark-jars/jersey-container-servlet-core-2.22.2.jar
[2020-12-22 15:06:38,141] {logging_mixin.py:112} INFO - [2020-12-22 15:06:38,141] {batch.py:309} INFO - 2020-12-22 15:06:09,437 INFO yarn.Client: Source and destination file systems are the same. Not copying hdfs://master:9000/spark-jars/jersey-guava-2.22.2.jar
[2020-12-22 15:06:38,141] {logging_mixin.py:112} INFO - [2020-12-22 15:06:38,141] {batch.py:309} INFO - 2020-12-22 15:06:09,438 INFO yarn.Client: Source and destination file systems are the same. Not copying hdfs://master:9000/spark-jars/jersey-media-jaxb-2.22.2.jar
[2020-12-22 15:06:38,141] {logging_mixin.py:112} INFO - [2020-12-22 15:06:38,141] {batch.py:309} INFO - 2020-12-22 15:06:09,440 INFO yarn.Client: Source and destination file systems are the same. Not copying hdfs://master:9000/spark-jars/jersey-server-2.22.2.jar
[2020-12-22 15:06:38,141] {logging_mixin.py:112} INFO - [2020-12-22 15:06:38,141] {batch.py:309} INFO - 2020-12-22 15:06:09,443 INFO yarn.Client: Source and destination file systems are the same. Not copying hdfs://master:9000/spark-jars/joda-time-2.9.3.jar
[2020-12-22 15:06:38,141] {logging_mixin.py:112} INFO - [2020-12-22 15:06:38,141] {batch.py:309} INFO - 2020-12-22 15:06:09,455 INFO yarn.Client: Source and destination file systems are the same. Not copying hdfs://master:9000/spark-jars/json4s-ast_2.11-3.5.3.jar
[2020-12-22 15:06:38,141] {logging_mixin.py:112} INFO - [2020-12-22 15:06:38,141] {batch.py:309} INFO - 2020-12-22 15:06:09,459 INFO yarn.Client: Source and destination file systems are the same. Not copying hdfs://master:9000/spark-jars/json4s-core_2.11-3.5.3.jar
[2020-12-22 15:06:38,142] {logging_mixin.py:112} INFO - [2020-12-22 15:06:38,142] {batch.py:309} INFO - 2020-12-22 15:06:09,465 INFO yarn.Client: Source and destination file systems are the same. Not copying hdfs://master:9000/spark-jars/json4s-jackson_2.11-3.5.3.jar
[2020-12-22 15:06:38,142] {logging_mixin.py:112} INFO - [2020-12-22 15:06:38,142] {batch.py:309} INFO - 2020-12-22 15:06:09,466 INFO yarn.Client: Source and destination file systems are the same. Not copying hdfs://master:9000/spark-jars/json4s-scalap_2.11-3.5.3.jar
[2020-12-22 15:06:38,142] {logging_mixin.py:112} INFO - [2020-12-22 15:06:38,142] {batch.py:309} INFO - 2020-12-22 15:06:09,472 INFO yarn.Client: Source and destination file systems are the same. Not copying hdfs://master:9000/spark-jars/jsr305-1.3.9.jar
[2020-12-22 15:06:38,142] {logging_mixin.py:112} INFO - [2020-12-22 15:06:38,142] {batch.py:309} INFO - 2020-12-22 15:06:09,473 INFO yarn.Client: Source and destination file systems are the same. Not copying hdfs://master:9000/spark-jars/jtransforms-2.4.0.jar
[2020-12-22 15:06:38,142] {logging_mixin.py:112} INFO - [2020-12-22 15:06:38,142] {batch.py:309} INFO - 2020-12-22 15:06:09,478 INFO yarn.Client: Source and destination file systems are the same. Not copying hdfs://master:9000/spark-jars/jul-to-slf4j-1.7.16.jar
[2020-12-22 15:06:38,143] {logging_mixin.py:112} INFO - [2020-12-22 15:06:38,142] {batch.py:309} INFO - 2020-12-22 15:06:09,479 INFO yarn.Client: Source and destination file systems are the same. Not copying hdfs://master:9000/spark-jars/kryo-shaded-4.0.2.jar
[2020-12-22 15:06:38,143] {logging_mixin.py:112} INFO - [2020-12-22 15:06:38,143] {batch.py:309} INFO - 2020-12-22 15:06:09,480 INFO yarn.Client: Source and destination file systems are the same. Not copying hdfs://master:9000/spark-jars/kubernetes-client-4.6.1.jar
[2020-12-22 15:06:38,143] {logging_mixin.py:112} INFO - [2020-12-22 15:06:38,143] {batch.py:309} INFO - 2020-12-22 15:06:09,481 INFO yarn.Client: Source and destination file systems are the same. Not copying hdfs://master:9000/spark-jars/kubernetes-model-4.6.1.jar
[2020-12-22 15:06:38,144] {logging_mixin.py:112} INFO - [2020-12-22 15:06:38,143] {batch.py:309} INFO - 2020-12-22 15:06:09,482 INFO yarn.Client: Source and destination file systems are the same. Not copying hdfs://master:9000/spark-jars/kubernetes-model-common-4.6.1.jar
[2020-12-22 15:06:38,144] {logging_mixin.py:112} INFO - [2020-12-22 15:06:38,144] {batch.py:309} INFO - 2020-12-22 15:06:09,483 INFO yarn.Client: Source and destination file systems are the same. Not copying hdfs://master:9000/spark-jars/leveldbjni-all-1.8.jar
[2020-12-22 15:06:38,144] {logging_mixin.py:112} INFO - [2020-12-22 15:06:38,144] {batch.py:309} INFO - 2020-12-22 15:06:09,485 INFO yarn.Client: Source and destination file systems are the same. Not copying hdfs://master:9000/spark-jars/logging-interceptor-3.12.0.jar
[2020-12-22 15:06:38,144] {logging_mixin.py:112} INFO - [2020-12-22 15:06:38,144] {batch.py:309} INFO - 2020-12-22 15:06:09,486 INFO yarn.Client: Source and destination file systems are the same. Not copying hdfs://master:9000/spark-jars/lz4-java-1.4.0.jar
[2020-12-22 15:06:38,144] {logging_mixin.py:112} INFO - [2020-12-22 15:06:38,144] {batch.py:309} INFO - 2020-12-22 15:06:09,487 INFO yarn.Client: Source and destination file systems are the same. Not copying hdfs://master:9000/spark-jars/machinist_2.11-0.6.1.jar
[2020-12-22 15:06:38,144] {logging_mixin.py:112} INFO - [2020-12-22 15:06:38,144] {batch.py:309} INFO - 2020-12-22 15:06:09,488 INFO yarn.Client: Source and destination file systems are the same. Not copying hdfs://master:9000/spark-jars/macro-compat_2.11-1.1.1.jar
[2020-12-22 15:06:38,145] {logging_mixin.py:112} INFO - [2020-12-22 15:06:38,145] {batch.py:309} INFO - 2020-12-22 15:06:09,494 INFO yarn.Client: Source and destination file systems are the same. Not copying hdfs://master:9000/spark-jars/mesos-1.4.0-shaded-protobuf.jar
[2020-12-22 15:06:38,145] {logging_mixin.py:112} INFO - [2020-12-22 15:06:38,145] {batch.py:309} INFO - 2020-12-22 15:06:09,495 INFO yarn.Client: Source and destination file systems are the same. Not copying hdfs://master:9000/spark-jars/metrics-core-3.1.5.jar
[2020-12-22 15:06:38,145] {logging_mixin.py:112} INFO - [2020-12-22 15:06:38,145] {batch.py:309} INFO - 2020-12-22 15:06:09,496 INFO yarn.Client: Source and destination file systems are the same. Not copying hdfs://master:9000/spark-jars/metrics-graphite-3.1.5.jar
[2020-12-22 15:06:38,145] {logging_mixin.py:112} INFO - [2020-12-22 15:06:38,145] {batch.py:309} INFO - 2020-12-22 15:06:09,497 INFO yarn.Client: Source and destination file systems are the same. Not copying hdfs://master:9000/spark-jars/metrics-json-3.1.5.jar
[2020-12-22 15:06:38,145] {logging_mixin.py:112} INFO - [2020-12-22 15:06:38,145] {batch.py:309} INFO - 2020-12-22 15:06:09,499 INFO yarn.Client: Source and destination file systems are the same. Not copying hdfs://master:9000/spark-jars/metrics-jvm-3.1.5.jar
[2020-12-22 15:06:38,146] {logging_mixin.py:112} INFO - [2020-12-22 15:06:38,145] {batch.py:309} INFO - 2020-12-22 15:06:09,501 INFO yarn.Client: Source and destination file systems are the same. Not copying hdfs://master:9000/spark-jars/minlog-1.3.0.jar
[2020-12-22 15:06:38,146] {logging_mixin.py:112} INFO - [2020-12-22 15:06:38,146] {batch.py:309} INFO - 2020-12-22 15:06:09,503 INFO yarn.Client: Source and destination file systems are the same. Not copying hdfs://master:9000/spark-jars/netty-3.9.9.Final.jar
[2020-12-22 15:06:38,146] {logging_mixin.py:112} INFO - [2020-12-22 15:06:38,146] {batch.py:309} INFO - 2020-12-22 15:06:09,504 INFO yarn.Client: Source and destination file systems are the same. Not copying hdfs://master:9000/spark-jars/netty-all-4.1.42.Final.jar
[2020-12-22 15:06:38,146] {logging_mixin.py:112} INFO - [2020-12-22 15:06:38,146] {batch.py:309} INFO - 2020-12-22 15:06:09,505 INFO yarn.Client: Source and destination file systems are the same. Not copying hdfs://master:9000/spark-jars/objenesis-2.5.1.jar
[2020-12-22 15:06:38,146] {logging_mixin.py:112} INFO - [2020-12-22 15:06:38,146] {batch.py:309} INFO - 2020-12-22 15:06:09,506 INFO yarn.Client: Source and destination file systems are the same. Not copying hdfs://master:9000/spark-jars/okhttp-3.12.0.jar
[2020-12-22 15:06:38,146] {logging_mixin.py:112} INFO - [2020-12-22 15:06:38,146] {batch.py:309} INFO - 2020-12-22 15:06:09,507 INFO yarn.Client: Source and destination file systems are the same. Not copying hdfs://master:9000/spark-jars/okio-1.15.0.jar
[2020-12-22 15:06:38,147] {logging_mixin.py:112} INFO - [2020-12-22 15:06:38,147] {batch.py:309} INFO - 2020-12-22 15:06:09,523 INFO yarn.Client: Source and destination file systems are the same. Not copying hdfs://master:9000/spark-jars/opencsv-2.3.jar
[2020-12-22 15:06:38,147] {logging_mixin.py:112} INFO - [2020-12-22 15:06:38,147] {batch.py:309} INFO - 2020-12-22 15:06:09,524 INFO yarn.Client: Source and destination file systems are the same. Not copying hdfs://master:9000/spark-jars/orc-core-1.5.5-nohive.jar
[2020-12-22 15:06:38,147] {logging_mixin.py:112} INFO - [2020-12-22 15:06:38,147] {batch.py:309} INFO - 2020-12-22 15:06:09,526 INFO yarn.Client: Source and destination file systems are the same. Not copying hdfs://master:9000/spark-jars/orc-mapreduce-1.5.5-nohive.jar
[2020-12-22 15:06:38,147] {logging_mixin.py:112} INFO - [2020-12-22 15:06:38,147] {batch.py:309} INFO - 2020-12-22 15:06:09,528 INFO yarn.Client: Source and destination file systems are the same. Not copying hdfs://master:9000/spark-jars/orc-shims-1.5.5.jar
[2020-12-22 15:06:38,147] {logging_mixin.py:112} INFO - [2020-12-22 15:06:38,147] {batch.py:309} INFO - 2020-12-22 15:06:09,533 INFO yarn.Client: Source and destination file systems are the same. Not copying hdfs://master:9000/spark-jars/oro-2.0.8.jar
[2020-12-22 15:06:38,147] {logging_mixin.py:112} INFO - [2020-12-22 15:06:38,147] {batch.py:309} INFO - 2020-12-22 15:06:09,536 INFO yarn.Client: Source and destination file systems are the same. Not copying hdfs://master:9000/spark-jars/osgi-resource-locator-1.0.1.jar
[2020-12-22 15:06:38,148] {logging_mixin.py:112} INFO - [2020-12-22 15:06:38,148] {batch.py:309} INFO - 2020-12-22 15:06:09,538 INFO yarn.Client: Source and destination file systems are the same. Not copying hdfs://master:9000/spark-jars/paranamer-2.8.jar
[2020-12-22 15:06:38,148] {logging_mixin.py:112} INFO - [2020-12-22 15:06:38,148] {batch.py:309} INFO - 2020-12-22 15:06:09,540 INFO yarn.Client: Source and destination file systems are the same. Not copying hdfs://master:9000/spark-jars/parquet-column-1.10.1.jar
[2020-12-22 15:06:38,148] {logging_mixin.py:112} INFO - [2020-12-22 15:06:38,148] {batch.py:309} INFO - 2020-12-22 15:06:09,544 INFO yarn.Client: Source and destination file systems are the same. Not copying hdfs://master:9000/spark-jars/parquet-common-1.10.1.jar
[2020-12-22 15:06:38,148] {logging_mixin.py:112} INFO - [2020-12-22 15:06:38,148] {batch.py:309} INFO - 2020-12-22 15:06:09,546 INFO yarn.Client: Source and destination file systems are the same. Not copying hdfs://master:9000/spark-jars/parquet-encoding-1.10.1.jar
[2020-12-22 15:06:38,148] {logging_mixin.py:112} INFO - [2020-12-22 15:06:38,148] {batch.py:309} INFO - 2020-12-22 15:06:09,548 INFO yarn.Client: Source and destination file systems are the same. Not copying hdfs://master:9000/spark-jars/parquet-format-2.4.0.jar
[2020-12-22 15:06:38,149] {logging_mixin.py:112} INFO - [2020-12-22 15:06:38,148] {batch.py:309} INFO - 2020-12-22 15:06:09,550 INFO yarn.Client: Source and destination file systems are the same. Not copying hdfs://master:9000/spark-jars/parquet-hadoop-1.10.1.jar
[2020-12-22 15:06:38,149] {logging_mixin.py:112} INFO - [2020-12-22 15:06:38,149] {batch.py:309} INFO - 2020-12-22 15:06:09,553 INFO yarn.Client: Source and destination file systems are the same. Not copying hdfs://master:9000/spark-jars/parquet-jackson-1.10.1.jar
[2020-12-22 15:06:38,149] {logging_mixin.py:112} INFO - [2020-12-22 15:06:38,149] {batch.py:309} INFO - 2020-12-22 15:06:09,554 INFO yarn.Client: Source and destination file systems are the same. Not copying hdfs://master:9000/spark-jars/py4j-0.10.7.jar
[2020-12-22 15:06:38,149] {logging_mixin.py:112} INFO - [2020-12-22 15:06:38,149] {batch.py:309} INFO - 2020-12-22 15:06:09,560 INFO yarn.Client: Source and destination file systems are the same. Not copying hdfs://master:9000/spark-jars/pyrolite-4.13.jar
[2020-12-22 15:06:38,149] {logging_mixin.py:112} INFO - [2020-12-22 15:06:38,149] {batch.py:309} INFO - 2020-12-22 15:06:09,562 INFO yarn.Client: Source and destination file systems are the same. Not copying hdfs://master:9000/spark-jars/scala-compiler-2.11.12.jar
[2020-12-22 15:06:38,149] {logging_mixin.py:112} INFO - [2020-12-22 15:06:38,149] {batch.py:309} INFO - 2020-12-22 15:06:09,563 INFO yarn.Client: Source and destination file systems are the same. Not copying hdfs://master:9000/spark-jars/scala-library-2.11.12.jar
[2020-12-22 15:06:38,150] {logging_mixin.py:112} INFO - [2020-12-22 15:06:38,149] {batch.py:309} INFO - 2020-12-22 15:06:09,566 INFO yarn.Client: Source and destination file systems are the same. Not copying hdfs://master:9000/spark-jars/scala-parser-combinators_2.11-1.1.0.jar
[2020-12-22 15:06:38,150] {logging_mixin.py:112} INFO - [2020-12-22 15:06:38,150] {batch.py:309} INFO - 2020-12-22 15:06:09,569 INFO yarn.Client: Source and destination file systems are the same. Not copying hdfs://master:9000/spark-jars/scala-reflect-2.11.12.jar
[2020-12-22 15:06:38,150] {logging_mixin.py:112} INFO - [2020-12-22 15:06:38,150] {batch.py:309} INFO - 2020-12-22 15:06:09,570 INFO yarn.Client: Source and destination file systems are the same. Not copying hdfs://master:9000/spark-jars/scala-xml_2.11-1.0.5.jar
[2020-12-22 15:06:38,150] {logging_mixin.py:112} INFO - [2020-12-22 15:06:38,150] {batch.py:309} INFO - 2020-12-22 15:06:09,572 INFO yarn.Client: Source and destination file systems are the same. Not copying hdfs://master:9000/spark-jars/shapeless_2.11-2.3.2.jar
[2020-12-22 15:06:38,150] {logging_mixin.py:112} INFO - [2020-12-22 15:06:38,150] {batch.py:309} INFO - 2020-12-22 15:06:09,574 INFO yarn.Client: Source and destination file systems are the same. Not copying hdfs://master:9000/spark-jars/shims-0.7.45.jar
[2020-12-22 15:06:38,150] {logging_mixin.py:112} INFO - [2020-12-22 15:06:38,150] {batch.py:309} INFO - 2020-12-22 15:06:09,576 INFO yarn.Client: Source and destination file systems are the same. Not copying hdfs://master:9000/spark-jars/snakeyaml-1.15.jar
[2020-12-22 15:06:38,151] {logging_mixin.py:112} INFO - [2020-12-22 15:06:38,150] {batch.py:309} INFO - 2020-12-22 15:06:09,579 INFO yarn.Client: Source and destination file systems are the same. Not copying hdfs://master:9000/spark-jars/snappy-java-1.1.7.3.jar
[2020-12-22 15:06:38,151] {logging_mixin.py:112} INFO - [2020-12-22 15:06:38,151] {batch.py:309} INFO - 2020-12-22 15:06:09,580 INFO yarn.Client: Source and destination file systems are the same. Not copying hdfs://master:9000/spark-jars/spark-catalyst_2.11-2.4.5.jar
[2020-12-22 15:06:38,151] {logging_mixin.py:112} INFO - [2020-12-22 15:06:38,151] {batch.py:309} INFO - 2020-12-22 15:06:09,581 INFO yarn.Client: Source and destination file systems are the same. Not copying hdfs://master:9000/spark-jars/spark-core_2.11-2.4.5.jar
[2020-12-22 15:06:38,151] {logging_mixin.py:112} INFO - [2020-12-22 15:06:38,151] {batch.py:309} INFO - 2020-12-22 15:06:09,587 INFO yarn.Client: Source and destination file systems are the same. Not copying hdfs://master:9000/spark-jars/spark-graphx_2.11-2.4.5.jar
[2020-12-22 15:06:38,151] {logging_mixin.py:112} INFO - [2020-12-22 15:06:38,151] {batch.py:309} INFO - 2020-12-22 15:06:09,588 INFO yarn.Client: Source and destination file systems are the same. Not copying hdfs://master:9000/spark-jars/spark-hive_2.11-2.4.5.jar
[2020-12-22 15:06:38,151] {logging_mixin.py:112} INFO - [2020-12-22 15:06:38,151] {batch.py:309} INFO - 2020-12-22 15:06:09,589 INFO yarn.Client: Source and destination file systems are the same. Not copying hdfs://master:9000/spark-jars/spark-kubernetes_2.11-2.4.5.jar
[2020-12-22 15:06:38,152] {logging_mixin.py:112} INFO - [2020-12-22 15:06:38,152] {batch.py:309} INFO - 2020-12-22 15:06:09,590 INFO yarn.Client: Source and destination file systems are the same. Not copying hdfs://master:9000/spark-jars/spark-kvstore_2.11-2.4.5.jar
[2020-12-22 15:06:38,152] {logging_mixin.py:112} INFO - [2020-12-22 15:06:38,152] {batch.py:309} INFO - 2020-12-22 15:06:09,591 INFO yarn.Client: Source and destination file systems are the same. Not copying hdfs://master:9000/spark-jars/spark-launcher_2.11-2.4.5.jar
[2020-12-22 15:06:38,152] {logging_mixin.py:112} INFO - [2020-12-22 15:06:38,152] {batch.py:309} INFO - 2020-12-22 15:06:09,596 INFO yarn.Client: Source and destination file systems are the same. Not copying hdfs://master:9000/spark-jars/spark-mesos_2.11-2.4.5.jar
[2020-12-22 15:06:38,152] {logging_mixin.py:112} INFO - [2020-12-22 15:06:38,152] {batch.py:309} INFO - 2020-12-22 15:06:09,597 INFO yarn.Client: Source and destination file systems are the same. Not copying hdfs://master:9000/spark-jars/spark-mllib-local_2.11-2.4.5.jar
[2020-12-22 15:06:38,152] {logging_mixin.py:112} INFO - [2020-12-22 15:06:38,152] {batch.py:309} INFO - 2020-12-22 15:06:09,601 INFO yarn.Client: Source and destination file systems are the same. Not copying hdfs://master:9000/spark-jars/spark-mllib_2.11-2.4.5.jar
[2020-12-22 15:06:38,152] {logging_mixin.py:112} INFO - [2020-12-22 15:06:38,152] {batch.py:309} INFO - 2020-12-22 15:06:09,602 INFO yarn.Client: Source and destination file systems are the same. Not copying hdfs://master:9000/spark-jars/spark-network-common_2.11-2.4.5.jar
[2020-12-22 15:06:38,153] {logging_mixin.py:112} INFO - [2020-12-22 15:06:38,152] {batch.py:309} INFO - 2020-12-22 15:06:09,603 INFO yarn.Client: Source and destination file systems are the same. Not copying hdfs://master:9000/spark-jars/spark-network-shuffle_2.11-2.4.5.jar
[2020-12-22 15:06:38,153] {logging_mixin.py:112} INFO - [2020-12-22 15:06:38,153] {batch.py:309} INFO - 2020-12-22 15:06:09,604 INFO yarn.Client: Source and destination file systems are the same. Not copying hdfs://master:9000/spark-jars/spark-repl_2.11-2.4.5.jar
[2020-12-22 15:06:38,153] {logging_mixin.py:112} INFO - [2020-12-22 15:06:38,153] {batch.py:309} INFO - 2020-12-22 15:06:09,605 INFO yarn.Client: Source and destination file systems are the same. Not copying hdfs://master:9000/spark-jars/spark-sketch_2.11-2.4.5.jar
[2020-12-22 15:06:38,153] {logging_mixin.py:112} INFO - [2020-12-22 15:06:38,153] {batch.py:309} INFO - 2020-12-22 15:06:09,610 INFO yarn.Client: Source and destination file systems are the same. Not copying hdfs://master:9000/spark-jars/spark-sql_2.11-2.4.5.jar
[2020-12-22 15:06:38,153] {logging_mixin.py:112} INFO - [2020-12-22 15:06:38,153] {batch.py:309} INFO - 2020-12-22 15:06:09,611 INFO yarn.Client: Source and destination file systems are the same. Not copying hdfs://master:9000/spark-jars/spark-streaming_2.11-2.4.5.jar
[2020-12-22 15:06:38,153] {logging_mixin.py:112} INFO - [2020-12-22 15:06:38,153] {batch.py:309} INFO - 2020-12-22 15:06:09,612 INFO yarn.Client: Source and destination file systems are the same. Not copying hdfs://master:9000/spark-jars/spark-tags_2.11-2.4.5-tests.jar
[2020-12-22 15:06:38,154] {logging_mixin.py:112} INFO - [2020-12-22 15:06:38,153] {batch.py:309} INFO - 2020-12-22 15:06:09,613 INFO yarn.Client: Source and destination file systems are the same. Not copying hdfs://master:9000/spark-jars/spark-tags_2.11-2.4.5.jar
[2020-12-22 15:06:38,154] {logging_mixin.py:112} INFO - [2020-12-22 15:06:38,154] {batch.py:309} INFO - 2020-12-22 15:06:09,615 INFO yarn.Client: Source and destination file systems are the same. Not copying hdfs://master:9000/spark-jars/spark-unsafe_2.11-2.4.5.jar
[2020-12-22 15:06:38,154] {logging_mixin.py:112} INFO - [2020-12-22 15:06:38,154] {batch.py:309} INFO - 2020-12-22 15:06:09,617 INFO yarn.Client: Source and destination file systems are the same. Not copying hdfs://master:9000/spark-jars/spark-yarn_2.11-2.4.5.jar
[2020-12-22 15:06:38,154] {logging_mixin.py:112} INFO - [2020-12-22 15:06:38,154] {batch.py:309} INFO - 2020-12-22 15:06:09,621 INFO yarn.Client: Source and destination file systems are the same. Not copying hdfs://master:9000/spark-jars/spire-macros_2.11-0.13.0.jar
[2020-12-22 15:06:38,155] {logging_mixin.py:112} INFO - [2020-12-22 15:06:38,154] {batch.py:309} INFO - 2020-12-22 15:06:09,623 INFO yarn.Client: Source and destination file systems are the same. Not copying hdfs://master:9000/spark-jars/spire_2.11-0.13.0.jar
[2020-12-22 15:06:38,155] {logging_mixin.py:112} INFO - [2020-12-22 15:06:38,155] {batch.py:309} INFO - 2020-12-22 15:06:09,624 INFO yarn.Client: Source and destination file systems are the same. Not copying hdfs://master:9000/spark-jars/stream-2.7.0.jar
[2020-12-22 15:06:38,155] {logging_mixin.py:112} INFO - [2020-12-22 15:06:38,155] {batch.py:309} INFO - 2020-12-22 15:06:09,625 INFO yarn.Client: Source and destination file systems are the same. Not copying hdfs://master:9000/spark-jars/univocity-parsers-2.7.3.jar
[2020-12-22 15:06:38,155] {logging_mixin.py:112} INFO - [2020-12-22 15:06:38,155] {batch.py:309} INFO - 2020-12-22 15:06:09,626 INFO yarn.Client: Source and destination file systems are the same. Not copying hdfs://master:9000/spark-jars/validation-api-1.1.0.Final.jar
[2020-12-22 15:06:38,155] {logging_mixin.py:112} INFO - [2020-12-22 15:06:38,155] {batch.py:309} INFO - 2020-12-22 15:06:09,627 INFO yarn.Client: Source and destination file systems are the same. Not copying hdfs://master:9000/spark-jars/xbean-asm6-shaded-4.8.jar
[2020-12-22 15:06:38,155] {logging_mixin.py:112} INFO - [2020-12-22 15:06:38,155] {batch.py:309} INFO - 2020-12-22 15:06:09,628 INFO yarn.Client: Source and destination file systems are the same. Not copying hdfs://master:9000/spark-jars/xz-1.5.jar
[2020-12-22 15:06:38,155] {logging_mixin.py:112} INFO - [2020-12-22 15:06:38,155] {batch.py:309} INFO - 2020-12-22 15:06:09,630 INFO yarn.Client: Source and destination file systems are the same. Not copying hdfs://master:9000/spark-jars/zjsonpatch-0.3.0.jar
[2020-12-22 15:06:38,156] {logging_mixin.py:112} INFO - [2020-12-22 15:06:38,156] {batch.py:309} INFO - 2020-12-22 15:06:09,633 INFO yarn.Client: Source and destination file systems are the same. Not copying hdfs://master:9000/spark-jars/zstd-jni-1.3.2-2.jar
[2020-12-22 15:06:38,156] {logging_mixin.py:112} INFO - [2020-12-22 15:06:38,156] {batch.py:309} INFO - 2020-12-22 15:06:09,638 INFO yarn.Client: Uploading resource s3a://alanchn31-loan-default-prediction/dist/config.json -> hdfs://master:9000/user/root/.sparkStaging/application_1608647635904_0009/config.json
[2020-12-22 15:06:38,156] {logging_mixin.py:112} INFO - [2020-12-22 15:06:38,156] {batch.py:309} INFO - 2020-12-22 15:06:09,913 INFO yarn.Client: Uploading resource file:/usr/spark/python/lib/pyspark.zip -> hdfs://master:9000/user/root/.sparkStaging/application_1608647635904_0009/pyspark.zip
[2020-12-22 15:06:38,156] {logging_mixin.py:112} INFO - [2020-12-22 15:06:38,156] {batch.py:309} INFO - 2020-12-22 15:06:10,000 INFO yarn.Client: Uploading resource file:/usr/spark/python/lib/py4j-0.10.7-src.zip -> hdfs://master:9000/user/root/.sparkStaging/application_1608647635904_0009/py4j-0.10.7-src.zip
[2020-12-22 15:06:38,156] {logging_mixin.py:112} INFO - [2020-12-22 15:06:38,156] {batch.py:309} INFO - 2020-12-22 15:06:10,059 INFO yarn.Client: Uploading resource s3a://alanchn31-loan-default-prediction/dist/src.zip -> hdfs://master:9000/user/root/.sparkStaging/application_1608647635904_0009/src.zip
[2020-12-22 15:06:38,156] {logging_mixin.py:112} INFO - [2020-12-22 15:06:38,156] {batch.py:309} INFO - 2020-12-22 15:06:10,545 INFO yarn.Client: Uploading resource file:/tmp/spark-f30c1d70-5557-41f7-bc43-ab2f78a30275/__spark_conf__3224723301607679876.zip -> hdfs://master:9000/user/root/.sparkStaging/application_1608647635904_0009/__spark_conf__.zip
[2020-12-22 15:06:38,157] {logging_mixin.py:112} INFO - [2020-12-22 15:06:38,157] {batch.py:309} INFO - 2020-12-22 15:06:10,618 INFO spark.SecurityManager: Changing view acls to: root
[2020-12-22 15:06:38,157] {logging_mixin.py:112} INFO - [2020-12-22 15:06:38,157] {batch.py:309} INFO - 2020-12-22 15:06:10,618 INFO spark.SecurityManager: Changing modify acls to: root
[2020-12-22 15:06:38,157] {logging_mixin.py:112} INFO - [2020-12-22 15:06:38,157] {batch.py:309} INFO - 2020-12-22 15:06:10,619 INFO spark.SecurityManager: Changing view acls groups to: 
[2020-12-22 15:06:38,157] {logging_mixin.py:112} INFO - [2020-12-22 15:06:38,157] {batch.py:309} INFO - 2020-12-22 15:06:10,620 INFO spark.SecurityManager: Changing modify acls groups to: 
[2020-12-22 15:06:38,157] {logging_mixin.py:112} INFO - [2020-12-22 15:06:38,157] {batch.py:309} INFO - 2020-12-22 15:06:10,620 INFO spark.SecurityManager: SecurityManager: authentication disabled; ui acls disabled; users  with view permissions: Set(root); groups with view permissions: Set(); users  with modify permissions: Set(root); groups with modify permissions: Set()
[2020-12-22 15:06:38,164] {logging_mixin.py:112} INFO - [2020-12-22 15:06:38,164] {base_hook.py:84} INFO - Using connection to: id: livy. Host: ec2-3-236-26-7.compute-1.amazonaws.com, Port: 8998, Schema: None, Login: None, Password: None, extra: None
[2020-12-22 15:06:38,165] {logging_mixin.py:112} INFO - [2020-12-22 15:06:38,165] {http_hook.py:136} INFO - Sending 'GET' to url: http://ec2-3-236-26-7.compute-1.amazonaws.com:8998/batches/8/log?from=100&size=100
[2020-12-22 15:06:38,176] {logging_mixin.py:112} INFO - [2020-12-22 15:06:38,175] {batch.py:309} INFO - 2020-12-22 15:06:12,616 INFO yarn.Client: Submitting application application_1608647635904_0009 to ResourceManager
[2020-12-22 15:06:38,176] {logging_mixin.py:112} INFO - [2020-12-22 15:06:38,176] {batch.py:309} INFO - 2020-12-22 15:06:12,675 INFO impl.YarnClientImpl: Submitted application application_1608647635904_0009
[2020-12-22 15:06:38,176] {logging_mixin.py:112} INFO - [2020-12-22 15:06:38,176] {batch.py:309} INFO - 2020-12-22 15:06:12,678 INFO cluster.SchedulerExtensionServices: Starting Yarn extension services with app application_1608647635904_0009 and attemptId None
[2020-12-22 15:06:38,176] {logging_mixin.py:112} INFO - [2020-12-22 15:06:38,176] {batch.py:309} INFO - 2020-12-22 15:06:13,684 INFO yarn.Client: Application report for application_1608647635904_0009 (state: ACCEPTED)
[2020-12-22 15:06:38,176] {logging_mixin.py:112} INFO - [2020-12-22 15:06:38,176] {batch.py:309} INFO - 2020-12-22 15:06:13,687 INFO yarn.Client: 
[2020-12-22 15:06:38,177] {logging_mixin.py:112} INFO - [2020-12-22 15:06:38,177] {batch.py:309} INFO - 	 client token: N/A
[2020-12-22 15:06:38,177] {logging_mixin.py:112} INFO - [2020-12-22 15:06:38,177] {batch.py:309} INFO - 	 diagnostics: AM container is launched, waiting for AM container to Register with RM
[2020-12-22 15:06:38,177] {logging_mixin.py:112} INFO - [2020-12-22 15:06:38,177] {batch.py:309} INFO - 	 ApplicationMaster host: N/A
[2020-12-22 15:06:38,177] {logging_mixin.py:112} INFO - [2020-12-22 15:06:38,177] {batch.py:309} INFO - 	 ApplicationMaster RPC port: -1
[2020-12-22 15:06:38,177] {logging_mixin.py:112} INFO - [2020-12-22 15:06:38,177] {batch.py:309} INFO - 	 queue: root.root
[2020-12-22 15:06:38,178] {logging_mixin.py:112} INFO - [2020-12-22 15:06:38,177] {batch.py:309} INFO - 	 start time: 1608649572638
[2020-12-22 15:06:38,178] {logging_mixin.py:112} INFO - [2020-12-22 15:06:38,178] {batch.py:309} INFO - 	 final status: UNDEFINED
[2020-12-22 15:06:38,178] {logging_mixin.py:112} INFO - [2020-12-22 15:06:38,178] {batch.py:309} INFO - 	 tracking URL: http://master:8088/proxy/application_1608647635904_0009/
[2020-12-22 15:06:38,178] {logging_mixin.py:112} INFO - [2020-12-22 15:06:38,178] {batch.py:309} INFO - 	 user: root
[2020-12-22 15:06:38,178] {logging_mixin.py:112} INFO - [2020-12-22 15:06:38,178] {batch.py:309} INFO - 2020-12-22 15:06:14,691 INFO yarn.Client: Application report for application_1608647635904_0009 (state: ACCEPTED)
[2020-12-22 15:06:38,178] {logging_mixin.py:112} INFO - [2020-12-22 15:06:38,178] {batch.py:309} INFO - 2020-12-22 15:06:15,694 INFO yarn.Client: Application report for application_1608647635904_0009 (state: ACCEPTED)
[2020-12-22 15:06:38,178] {logging_mixin.py:112} INFO - [2020-12-22 15:06:38,178] {batch.py:309} INFO - 2020-12-22 15:06:16,698 INFO yarn.Client: Application report for application_1608647635904_0009 (state: ACCEPTED)
[2020-12-22 15:06:38,179] {logging_mixin.py:112} INFO - [2020-12-22 15:06:38,179] {batch.py:309} INFO - 2020-12-22 15:06:17,450 INFO cluster.YarnClientSchedulerBackend: Add WebUI Filter. org.apache.hadoop.yarn.server.webproxy.amfilter.AmIpFilter, Map(PROXY_HOSTS -> master, PROXY_URI_BASES -> http://master:8088/proxy/application_1608647635904_0009), /proxy/application_1608647635904_0009
[2020-12-22 15:06:38,179] {logging_mixin.py:112} INFO - [2020-12-22 15:06:38,179] {batch.py:309} INFO - 2020-12-22 15:06:17,703 INFO yarn.Client: Application report for application_1608647635904_0009 (state: RUNNING)
[2020-12-22 15:06:38,179] {logging_mixin.py:112} INFO - [2020-12-22 15:06:38,179] {batch.py:309} INFO - 2020-12-22 15:06:17,703 INFO yarn.Client: 
[2020-12-22 15:06:38,179] {logging_mixin.py:112} INFO - [2020-12-22 15:06:38,179] {batch.py:309} INFO - 	 client token: N/A
[2020-12-22 15:06:38,179] {logging_mixin.py:112} INFO - [2020-12-22 15:06:38,179] {batch.py:309} INFO - 	 diagnostics: N/A
[2020-12-22 15:06:38,179] {logging_mixin.py:112} INFO - [2020-12-22 15:06:38,179] {batch.py:309} INFO - 	 ApplicationMaster host: 172.18.0.8
[2020-12-22 15:06:38,180] {logging_mixin.py:112} INFO - [2020-12-22 15:06:38,179] {batch.py:309} INFO - 	 ApplicationMaster RPC port: -1
[2020-12-22 15:06:38,180] {logging_mixin.py:112} INFO - [2020-12-22 15:06:38,180] {batch.py:309} INFO - 	 queue: root.root
[2020-12-22 15:06:38,181] {logging_mixin.py:112} INFO - [2020-12-22 15:06:38,180] {batch.py:309} INFO - 	 start time: 1608649572638
[2020-12-22 15:06:38,181] {logging_mixin.py:112} INFO - [2020-12-22 15:06:38,181] {batch.py:309} INFO - 	 final status: UNDEFINED
[2020-12-22 15:06:38,181] {logging_mixin.py:112} INFO - [2020-12-22 15:06:38,181] {batch.py:309} INFO - 	 tracking URL: http://master:8088/proxy/application_1608647635904_0009/
[2020-12-22 15:06:38,181] {logging_mixin.py:112} INFO - [2020-12-22 15:06:38,181] {batch.py:309} INFO - 	 user: root
[2020-12-22 15:06:38,181] {logging_mixin.py:112} INFO - [2020-12-22 15:06:38,181] {batch.py:309} INFO - 2020-12-22 15:06:17,705 INFO cluster.YarnClientSchedulerBackend: Application application_1608647635904_0009 has started running.
[2020-12-22 15:06:38,181] {logging_mixin.py:112} INFO - [2020-12-22 15:06:38,181] {batch.py:309} INFO - 2020-12-22 15:06:17,718 INFO util.Utils: Successfully started service 'org.apache.spark.network.netty.NettyBlockTransferService' on port 7002.
[2020-12-22 15:06:38,182] {logging_mixin.py:112} INFO - [2020-12-22 15:06:38,181] {batch.py:309} INFO - 2020-12-22 15:06:17,719 INFO netty.NettyBlockTransferService: Server created on livy:7002
[2020-12-22 15:06:38,182] {logging_mixin.py:112} INFO - [2020-12-22 15:06:38,182] {batch.py:309} INFO - 2020-12-22 15:06:17,721 INFO storage.BlockManager: Using org.apache.spark.storage.RandomBlockReplicationPolicy for block replication policy
[2020-12-22 15:06:38,182] {logging_mixin.py:112} INFO - [2020-12-22 15:06:38,182] {batch.py:309} INFO - 2020-12-22 15:06:17,804 INFO storage.BlockManagerMaster: Registering BlockManager BlockManagerId(driver, livy, 7002, None)
[2020-12-22 15:06:38,182] {logging_mixin.py:112} INFO - [2020-12-22 15:06:38,182] {batch.py:309} INFO - 2020-12-22 15:06:17,813 INFO storage.BlockManagerMasterEndpoint: Registering block manager livy:7002 with 366.3 MB RAM, BlockManagerId(driver, livy, 7002, None)
[2020-12-22 15:06:38,183] {logging_mixin.py:112} INFO - [2020-12-22 15:06:38,183] {batch.py:309} INFO - 2020-12-22 15:06:17,827 INFO cluster.YarnSchedulerBackend$YarnSchedulerEndpoint: ApplicationMaster registered as NettyRpcEndpointRef(spark-client://YarnAM)
[2020-12-22 15:06:38,183] {logging_mixin.py:112} INFO - [2020-12-22 15:06:38,183] {batch.py:309} INFO - 2020-12-22 15:06:17,830 INFO storage.BlockManagerMaster: Registered BlockManager BlockManagerId(driver, livy, 7002, None)
[2020-12-22 15:06:38,183] {logging_mixin.py:112} INFO - [2020-12-22 15:06:38,183] {batch.py:309} INFO - 2020-12-22 15:06:17,831 INFO storage.BlockManager: Initialized BlockManager: BlockManagerId(driver, livy, 7002, None)
[2020-12-22 15:06:38,183] {logging_mixin.py:112} INFO - [2020-12-22 15:06:38,183] {batch.py:309} INFO - 2020-12-22 15:06:18,249 INFO ui.JettyUtils: Adding filter org.apache.hadoop.yarn.server.webproxy.amfilter.AmIpFilter to /metrics/json.
[2020-12-22 15:06:38,183] {logging_mixin.py:112} INFO - [2020-12-22 15:06:38,183] {batch.py:309} INFO - 2020-12-22 15:06:18,258 INFO handler.ContextHandler: Started o.s.j.s.ServletContextHandler@76675b2e{/metrics/json,null,AVAILABLE,@Spark}
[2020-12-22 15:06:38,183] {logging_mixin.py:112} INFO - [2020-12-22 15:06:38,183] {batch.py:309} INFO - 2020-12-22 15:06:18,516 INFO scheduler.EventLoggingListener: Logging events to hdfs:/log/spark/application_1608647635904_0009
[2020-12-22 15:06:38,184] {logging_mixin.py:112} INFO - [2020-12-22 15:06:38,184] {batch.py:309} INFO - 2020-12-22 15:06:24,995 INFO cluster.YarnSchedulerBackend$YarnDriverEndpoint: Registered executor NettyRpcEndpointRef(spark-client://Executor) (172.18.0.6:37308) with ID 1
[2020-12-22 15:06:38,184] {logging_mixin.py:112} INFO - [2020-12-22 15:06:38,184] {batch.py:309} INFO - 2020-12-22 15:06:25,316 INFO storage.BlockManagerMasterEndpoint: Registering block manager worker2:7002 with 366.3 MB RAM, BlockManagerId(1, worker2, 7002, None)
[2020-12-22 15:06:38,184] {logging_mixin.py:112} INFO - [2020-12-22 15:06:38,184] {batch.py:309} INFO - 2020-12-22 15:06:25,475 INFO cluster.YarnSchedulerBackend$YarnDriverEndpoint: Registered executor NettyRpcEndpointRef(spark-client://Executor) (172.18.0.8:45330) with ID 2
[2020-12-22 15:06:38,184] {logging_mixin.py:112} INFO - [2020-12-22 15:06:38,184] {batch.py:309} INFO - 2020-12-22 15:06:25,532 INFO cluster.YarnClientSchedulerBackend: SchedulerBackend is ready for scheduling beginning after reached minRegisteredResourcesRatio: 0.8
[2020-12-22 15:06:38,184] {logging_mixin.py:112} INFO - [2020-12-22 15:06:38,184] {batch.py:309} INFO - 2020-12-22 15:06:25,884 INFO storage.BlockManagerMasterEndpoint: Registering block manager worker1:7002 with 366.3 MB RAM, BlockManagerId(2, worker1, 7002, None)
[2020-12-22 15:06:38,184] {logging_mixin.py:112} INFO - [2020-12-22 15:06:38,184] {batch.py:309} INFO - 2020-12-22 15:06:26,019 INFO internal.SharedState: Setting hive.metastore.warehouse.dir ('null') to the value of spark.sql.warehouse.dir ('file:/spark-warehouse').
[2020-12-22 15:06:38,185] {logging_mixin.py:112} INFO - [2020-12-22 15:06:38,184] {batch.py:309} INFO - 2020-12-22 15:06:26,019 INFO internal.SharedState: Warehouse path is 'file:/spark-warehouse'.
[2020-12-22 15:06:38,185] {logging_mixin.py:112} INFO - [2020-12-22 15:06:38,185] {batch.py:309} INFO - 2020-12-22 15:06:26,047 INFO ui.JettyUtils: Adding filter org.apache.hadoop.yarn.server.webproxy.amfilter.AmIpFilter to /SQL.
[2020-12-22 15:06:38,185] {logging_mixin.py:112} INFO - [2020-12-22 15:06:38,185] {batch.py:309} INFO - 2020-12-22 15:06:26,050 INFO handler.ContextHandler: Started o.s.j.s.ServletContextHandler@1f621e01{/SQL,null,AVAILABLE,@Spark}
[2020-12-22 15:06:38,185] {logging_mixin.py:112} INFO - [2020-12-22 15:06:38,185] {batch.py:309} INFO - 2020-12-22 15:06:26,051 INFO ui.JettyUtils: Adding filter org.apache.hadoop.yarn.server.webproxy.amfilter.AmIpFilter to /SQL/json.
[2020-12-22 15:06:38,185] {logging_mixin.py:112} INFO - [2020-12-22 15:06:38,185] {batch.py:309} INFO - 2020-12-22 15:06:26,051 INFO handler.ContextHandler: Started o.s.j.s.ServletContextHandler@76917c8a{/SQL/json,null,AVAILABLE,@Spark}
[2020-12-22 15:06:38,185] {logging_mixin.py:112} INFO - [2020-12-22 15:06:38,185] {batch.py:309} INFO - 2020-12-22 15:06:26,051 INFO ui.JettyUtils: Adding filter org.apache.hadoop.yarn.server.webproxy.amfilter.AmIpFilter to /SQL/execution.
[2020-12-22 15:06:38,186] {logging_mixin.py:112} INFO - [2020-12-22 15:06:38,185] {batch.py:309} INFO - 2020-12-22 15:06:26,058 INFO handler.ContextHandler: Started o.s.j.s.ServletContextHandler@2fd15c01{/SQL/execution,null,AVAILABLE,@Spark}
[2020-12-22 15:06:38,186] {logging_mixin.py:112} INFO - [2020-12-22 15:06:38,186] {batch.py:309} INFO - 2020-12-22 15:06:26,061 INFO ui.JettyUtils: Adding filter org.apache.hadoop.yarn.server.webproxy.amfilter.AmIpFilter to /SQL/execution/json.
[2020-12-22 15:06:38,186] {logging_mixin.py:112} INFO - [2020-12-22 15:06:38,186] {batch.py:309} INFO - 2020-12-22 15:06:26,063 INFO handler.ContextHandler: Started o.s.j.s.ServletContextHandler@135c0722{/SQL/execution/json,null,AVAILABLE,@Spark}
[2020-12-22 15:06:38,186] {logging_mixin.py:112} INFO - [2020-12-22 15:06:38,186] {batch.py:309} INFO - 2020-12-22 15:06:26,064 INFO ui.JettyUtils: Adding filter org.apache.hadoop.yarn.server.webproxy.amfilter.AmIpFilter to /static/sql.
[2020-12-22 15:06:38,186] {logging_mixin.py:112} INFO - [2020-12-22 15:06:38,186] {batch.py:309} INFO - 2020-12-22 15:06:26,070 INFO handler.ContextHandler: Started o.s.j.s.ServletContextHandler@229402d6{/static/sql,null,AVAILABLE,@Spark}
[2020-12-22 15:06:38,186] {logging_mixin.py:112} INFO - [2020-12-22 15:06:38,186] {batch.py:309} INFO - 2020-12-22 15:06:26,958 INFO state.StateStoreCoordinatorRef: Registered StateStoreCoordinator endpoint
[2020-12-22 15:06:38,186] {logging_mixin.py:112} INFO - [2020-12-22 15:06:38,186] {batch.py:309} INFO - 2020-12-22 15:06:27,056 WARN <LoanDefaultPrediction application_1608647635904_0009>: loaded config from config.json
[2020-12-22 15:06:38,187] {logging_mixin.py:112} INFO - [2020-12-22 15:06:38,187] {batch.py:309} INFO - Traceback (most recent call last):
[2020-12-22 15:06:38,187] {logging_mixin.py:112} INFO - [2020-12-22 15:06:38,187] {batch.py:309} INFO -   File "/tmp/spark-dd16cca8-3e87-452d-92e9-e08d7f3c346d/main.py", line 93, in <module>
[2020-12-22 15:06:38,187] {logging_mixin.py:112} INFO - [2020-12-22 15:06:38,187] {batch.py:309} INFO -     main()
[2020-12-22 15:06:38,187] {logging_mixin.py:112} INFO - [2020-12-22 15:06:38,187] {batch.py:309} INFO -   File "/tmp/spark-dd16cca8-3e87-452d-92e9-e08d7f3c346d/main.py", line 79, in main
[2020-12-22 15:06:38,187] {logging_mixin.py:112} INFO - [2020-12-22 15:06:38,187] {batch.py:309} INFO -     job_module = importlib.import_module(f"jobs.{args.job}")
[2020-12-22 15:06:38,187] {logging_mixin.py:112} INFO - [2020-12-22 15:06:38,187] {batch.py:309} INFO -   File "/usr/lib/python3.7/importlib/__init__.py", line 127, in import_module
[2020-12-22 15:06:38,188] {logging_mixin.py:112} INFO - [2020-12-22 15:06:38,187] {batch.py:309} INFO -     return _bootstrap._gcd_import(name[level:], package, level)
[2020-12-22 15:06:38,188] {logging_mixin.py:112} INFO - [2020-12-22 15:06:38,188] {batch.py:309} INFO -   File "<frozen importlib._bootstrap>", line 1006, in _gcd_import
[2020-12-22 15:06:38,188] {logging_mixin.py:112} INFO - [2020-12-22 15:06:38,188] {batch.py:309} INFO -   File "<frozen importlib._bootstrap>", line 983, in _find_and_load
[2020-12-22 15:06:38,188] {logging_mixin.py:112} INFO - [2020-12-22 15:06:38,188] {batch.py:309} INFO -   File "<frozen importlib._bootstrap>", line 967, in _find_and_load_unlocked
[2020-12-22 15:06:38,188] {logging_mixin.py:112} INFO - [2020-12-22 15:06:38,188] {batch.py:309} INFO -   File "<frozen importlib._bootstrap>", line 668, in _load_unlocked
[2020-12-22 15:06:38,188] {logging_mixin.py:112} INFO - [2020-12-22 15:06:38,188] {batch.py:309} INFO -   File "<frozen importlib._bootstrap>", line 638, in _load_backward_compatible
[2020-12-22 15:06:38,189] {logging_mixin.py:112} INFO - [2020-12-22 15:06:38,189] {batch.py:309} INFO -   File "/tmp/spark-f30c1d70-5557-41f7-bc43-ab2f78a30275/userFiles-523baed7-2797-4b20-bdd1-cdd334178abb/src.zip/jobs/preprocess_data.py", line 4, in <module>
[2020-12-22 15:06:38,189] {logging_mixin.py:112} INFO - [2020-12-22 15:06:38,189] {batch.py:309} INFO -   File "/usr/spark/python/lib/pyspark.zip/pyspark/ml/__init__.py", line 22, in <module>
[2020-12-22 15:06:38,189] {logging_mixin.py:112} INFO - [2020-12-22 15:06:38,189] {batch.py:309} INFO -   File "/usr/spark/python/lib/pyspark.zip/pyspark/ml/base.py", line 24, in <module>
[2020-12-22 15:06:38,189] {logging_mixin.py:112} INFO - [2020-12-22 15:06:38,189] {batch.py:309} INFO -   File "/usr/spark/python/lib/pyspark.zip/pyspark/ml/param/__init__.py", line 26, in <module>
[2020-12-22 15:06:38,189] {logging_mixin.py:112} INFO - [2020-12-22 15:06:38,189] {batch.py:309} INFO - ModuleNotFoundError: No module named 'numpy'
[2020-12-22 15:06:38,189] {logging_mixin.py:112} INFO - [2020-12-22 15:06:38,189] {batch.py:309} INFO - 2020-12-22 15:06:27,126 INFO spark.SparkContext: Invoking stop() from shutdown hook
[2020-12-22 15:06:38,190] {logging_mixin.py:112} INFO - [2020-12-22 15:06:38,190] {batch.py:309} INFO - 2020-12-22 15:06:27,136 INFO server.AbstractConnector: Stopped Spark@74da4caf{HTTP/1.1,[http/1.1]}{0.0.0.0:4040}
[2020-12-22 15:06:38,190] {logging_mixin.py:112} INFO - [2020-12-22 15:06:38,190] {batch.py:309} INFO - 2020-12-22 15:06:27,144 INFO ui.SparkUI: Stopped Spark web UI at http://livy:4040
[2020-12-22 15:06:38,190] {logging_mixin.py:112} INFO - [2020-12-22 15:06:38,190] {batch.py:309} INFO - 2020-12-22 15:06:27,149 INFO cluster.YarnClientSchedulerBackend: Interrupting monitor thread
[2020-12-22 15:06:38,190] {logging_mixin.py:112} INFO - [2020-12-22 15:06:38,190] {batch.py:309} INFO - 2020-12-22 15:06:27,184 INFO cluster.YarnClientSchedulerBackend: Shutting down all executors
[2020-12-22 15:06:38,190] {logging_mixin.py:112} INFO - [2020-12-22 15:06:38,190] {batch.py:309} INFO - 2020-12-22 15:06:27,185 INFO cluster.YarnSchedulerBackend$YarnDriverEndpoint: Asking each executor to shut down
[2020-12-22 15:06:38,190] {logging_mixin.py:112} INFO - [2020-12-22 15:06:38,190] {batch.py:309} INFO - 2020-12-22 15:06:27,205 INFO cluster.SchedulerExtensionServices: Stopping SchedulerExtensionServices
[2020-12-22 15:06:38,191] {logging_mixin.py:112} INFO - [2020-12-22 15:06:38,191] {batch.py:309} INFO - (serviceOption=None,
[2020-12-22 15:06:38,191] {logging_mixin.py:112} INFO - [2020-12-22 15:06:38,191] {batch.py:309} INFO -  services=List(),
[2020-12-22 15:06:38,191] {logging_mixin.py:112} INFO - [2020-12-22 15:06:38,191] {batch.py:309} INFO -  started=false)
[2020-12-22 15:06:38,191] {logging_mixin.py:112} INFO - [2020-12-22 15:06:38,191] {batch.py:309} INFO - 2020-12-22 15:06:27,217 INFO cluster.YarnClientSchedulerBackend: Stopped
[2020-12-22 15:06:38,191] {logging_mixin.py:112} INFO - [2020-12-22 15:06:38,191] {batch.py:309} INFO - 2020-12-22 15:06:27,264 INFO spark.MapOutputTrackerMasterEndpoint: MapOutputTrackerMasterEndpoint stopped!
[2020-12-22 15:06:38,191] {logging_mixin.py:112} INFO - [2020-12-22 15:06:38,191] {batch.py:309} INFO - 2020-12-22 15:06:27,301 INFO memory.MemoryStore: MemoryStore cleared
[2020-12-22 15:06:38,192] {logging_mixin.py:112} INFO - [2020-12-22 15:06:38,191] {batch.py:309} INFO - 2020-12-22 15:06:27,302 INFO storage.BlockManager: BlockManager stopped
[2020-12-22 15:06:38,192] {logging_mixin.py:112} INFO - [2020-12-22 15:06:38,192] {batch.py:309} INFO - 2020-12-22 15:06:27,323 INFO storage.BlockManagerMaster: BlockManagerMaster stopped
[2020-12-22 15:06:38,192] {logging_mixin.py:112} INFO - [2020-12-22 15:06:38,192] {batch.py:309} INFO - 2020-12-22 15:06:27,332 INFO scheduler.OutputCommitCoordinator$OutputCommitCoordinatorEndpoint: OutputCommitCoordinator stopped!
[2020-12-22 15:06:38,192] {logging_mixin.py:112} INFO - [2020-12-22 15:06:38,192] {batch.py:309} INFO - 2020-12-22 15:06:27,356 INFO spark.SparkContext: Successfully stopped SparkContext
[2020-12-22 15:06:38,192] {logging_mixin.py:112} INFO - [2020-12-22 15:06:38,192] {batch.py:309} INFO - 2020-12-22 15:06:27,357 INFO util.ShutdownHookManager: Shutdown hook called
[2020-12-22 15:06:38,192] {logging_mixin.py:112} INFO - [2020-12-22 15:06:38,192] {batch.py:309} INFO - 2020-12-22 15:06:27,359 INFO util.ShutdownHookManager: Deleting directory /tmp/spark-f30c1d70-5557-41f7-bc43-ab2f78a30275/pyspark-ce2f1617-6657-48bf-a80c-7b8a203f5e28
[2020-12-22 15:06:38,193] {logging_mixin.py:112} INFO - [2020-12-22 15:06:38,193] {batch.py:309} INFO - 2020-12-22 15:06:27,365 INFO util.ShutdownHookManager: Deleting directory /tmp/spark-dd16cca8-3e87-452d-92e9-e08d7f3c346d
[2020-12-22 15:06:38,193] {logging_mixin.py:112} INFO - [2020-12-22 15:06:38,193] {batch.py:309} INFO - 2020-12-22 15:06:27,371 INFO util.ShutdownHookManager: Deleting directory /tmp/spark-f30c1d70-5557-41f7-bc43-ab2f78a30275
[2020-12-22 15:06:38,193] {logging_mixin.py:112} INFO - [2020-12-22 15:06:38,193] {batch.py:309} INFO - 2020-12-22 15:06:27,381 INFO impl.MetricsSystemImpl: Stopping s3a-file-system metrics system...
[2020-12-22 15:06:38,193] {logging_mixin.py:112} INFO - [2020-12-22 15:06:38,193] {batch.py:309} INFO - 2020-12-22 15:06:27,381 INFO impl.MetricsSystemImpl: s3a-file-system metrics system stopped.
[2020-12-22 15:06:38,200] {logging_mixin.py:112} INFO - [2020-12-22 15:06:38,200] {base_hook.py:84} INFO - Using connection to: id: livy. Host: ec2-3-236-26-7.compute-1.amazonaws.com, Port: 8998, Schema: None, Login: None, Password: None, extra: None
[2020-12-22 15:06:38,201] {logging_mixin.py:112} INFO - [2020-12-22 15:06:38,201] {http_hook.py:136} INFO - Sending 'GET' to url: http://ec2-3-236-26-7.compute-1.amazonaws.com:8998/batches/8/log?from=200&size=100
[2020-12-22 15:06:38,208] {logging_mixin.py:112} INFO - [2020-12-22 15:06:38,208] {batch.py:309} INFO - 2020-12-22 15:06:27,382 INFO impl.MetricsSystemImpl: s3a-file-system metrics system shutdown complete.
[2020-12-22 15:06:38,209] {logging_mixin.py:112} INFO - [2020-12-22 15:06:38,209] {batch.py:309} INFO - 
stderr: 
[2020-12-22 15:06:38,209] {logging_mixin.py:112} INFO - [2020-12-22 15:06:38,209] {batch.py:309} INFO - 
YARN Diagnostics: 
[2020-12-22 15:06:38,209] {logging_mixin.py:112} INFO - [2020-12-22 15:06:38,209] {batch.py:318} INFO - --------------------------------------------------End of full log for batch 8--------------------------------------------------
[2020-12-22 15:06:38,210] {logging_mixin.py:112} INFO - [2020-12-22 15:06:38,210] {batch.py:335} INFO - Closing batch with id = 8
[2020-12-22 15:06:38,217] {logging_mixin.py:112} INFO - [2020-12-22 15:06:38,216] {base_hook.py:84} INFO - Using connection to: id: livy. Host: ec2-3-236-26-7.compute-1.amazonaws.com, Port: 8998, Schema: None, Login: None, Password: None, extra: None
[2020-12-22 15:06:38,218] {logging_mixin.py:112} INFO - [2020-12-22 15:06:38,218] {http_hook.py:136} INFO - Sending 'DELETE' to url: http://ec2-3-236-26-7.compute-1.amazonaws.com:8998/batches/8
[2020-12-22 15:06:38,227] {logging_mixin.py:112} INFO - [2020-12-22 15:06:38,227] {batch.py:340} INFO - Batch 8 has been closed
[2020-12-22 15:06:38,235] {taskinstance.py:1128} ERROR - Batch 8 failed with state 'dead'
Traceback (most recent call last):
  File "/opt/bitnami/python/lib/python3.6/site-packages/airflow/models/taskinstance.py", line 966, in _run_raw_task
    result = task_copy.execute(context=context)
  File "/usr/local/airflow/plugins/airflow_livy/batch.py", line 173, in execute
    ).execute(context)
  File "/opt/bitnami/python/lib/python3.6/site-packages/airflow/sensors/base_sensor_operator.py", line 107, in execute
    while not self.poke(context):
  File "/usr/local/airflow/plugins/airflow_livy/batch.py", line 96, in poke
    raise AirflowException(f"Batch {self.batch_id} failed with state '{state}'")
airflow.exceptions.AirflowException: Batch 8 failed with state 'dead'
[2020-12-22 15:06:38,237] {taskinstance.py:1151} INFO - Marking task as UP_FOR_RETRY
[2020-12-22 15:06:43,006] {logging_mixin.py:112} INFO - [2020-12-22 15:06:43,006] {local_task_job.py:103} INFO - Task exited with return code 1
