[2020-12-22 15:07:41,961] {taskinstance.py:655} INFO - Dependencies all met for <TaskInstance: loan_prediction_train_model.preprocess_data 2020-12-22T15:00:43.230845+00:00 [queued]>
[2020-12-22 15:07:41,980] {taskinstance.py:655} INFO - Dependencies all met for <TaskInstance: loan_prediction_train_model.preprocess_data 2020-12-22T15:00:43.230845+00:00 [queued]>
[2020-12-22 15:07:41,980] {taskinstance.py:866} INFO - 
--------------------------------------------------------------------------------
[2020-12-22 15:07:41,980] {taskinstance.py:867} INFO - Starting attempt 5 of 6
[2020-12-22 15:07:41,980] {taskinstance.py:868} INFO - 
--------------------------------------------------------------------------------
[2020-12-22 15:07:41,992] {taskinstance.py:887} INFO - Executing <Task(LivyBatchOperator): preprocess_data> on 2020-12-22T15:00:43.230845+00:00
[2020-12-22 15:07:41,996] {standard_task_runner.py:53} INFO - Started process 11184 to run task
[2020-12-22 15:07:42,061] {logging_mixin.py:112} INFO - Running %s on host %s <TaskInstance: loan_prediction_train_model.preprocess_data 2020-12-22T15:00:43.230845+00:00 [running]> 6e29624e1b8e
[2020-12-22 15:07:42,085] {logging_mixin.py:112} INFO - [2020-12-22 15:07:42,084] {batch.py:214} INFO - Submitting the batch to Livy... Payload:
{
  "file": "s3a://alanchn31-loan-default-prediction/dist/main.py",
  "args": [
    "--job",
    "preprocess_data",
    "--phase",
    "train",
    "--mode",
    "aws",
    "--awsKey",
    "AKIAUW4FKHTMR2UR3INH",
    "--awsSecretKey",
    "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",
    "--s3Bucket",
    "alanchn31-loan-default-prediction"
  ],
  "pyFiles": [
    "s3a://alanchn31-loan-default-prediction/dist/src.zip"
  ],
  "files": [
    "s3a://alanchn31-loan-default-prediction/dist/config.json"
  ],
  "name": "preprocess_data_scheduled__2020-12-22T15:00:43.230845+00:00"
}
[2020-12-22 15:07:42,094] {logging_mixin.py:112} INFO - [2020-12-22 15:07:42,093] {base_hook.py:84} INFO - Using connection to: id: livy. Host: ec2-3-236-26-7.compute-1.amazonaws.com, Port: 8998, Schema: None, Login: None, Password: None, extra: None
[2020-12-22 15:07:42,096] {logging_mixin.py:112} INFO - [2020-12-22 15:07:42,096] {http_hook.py:136} INFO - Sending 'POST' to url: http://ec2-3-236-26-7.compute-1.amazonaws.com:8998/batches
[2020-12-22 15:07:42,123] {logging_mixin.py:112} INFO - [2020-12-22 15:07:42,123] {batch.py:166} INFO - Batch successfully submitted with id = 9.
[2020-12-22 15:07:42,124] {logging_mixin.py:112} INFO - [2020-12-22 15:07:42,124] {batch.py:80} INFO - Getting batch 9 status...
[2020-12-22 15:07:42,131] {logging_mixin.py:112} INFO - [2020-12-22 15:07:42,131] {base_hook.py:84} INFO - Using connection to: id: livy. Host: ec2-3-236-26-7.compute-1.amazonaws.com, Port: 8998, Schema: None, Login: None, Password: None, extra: None
[2020-12-22 15:07:42,132] {logging_mixin.py:112} INFO - [2020-12-22 15:07:42,132] {http_hook.py:136} INFO - Sending 'GET' to url: http://ec2-3-236-26-7.compute-1.amazonaws.com:8998/batches/9
[2020-12-22 15:07:42,144] {logging_mixin.py:112} INFO - [2020-12-22 15:07:42,144] {batch.py:90} INFO - Batch 9 has not finished yet (state is 'starting')
[2020-12-22 15:08:02,162] {logging_mixin.py:112} INFO - [2020-12-22 15:08:02,162] {batch.py:80} INFO - Getting batch 9 status...
[2020-12-22 15:08:02,171] {logging_mixin.py:112} INFO - [2020-12-22 15:08:02,171] {base_hook.py:84} INFO - Using connection to: id: livy. Host: ec2-3-236-26-7.compute-1.amazonaws.com, Port: 8998, Schema: None, Login: None, Password: None, extra: None
[2020-12-22 15:08:02,172] {logging_mixin.py:112} INFO - [2020-12-22 15:08:02,172] {http_hook.py:136} INFO - Sending 'GET' to url: http://ec2-3-236-26-7.compute-1.amazonaws.com:8998/batches/9
[2020-12-22 15:08:02,189] {logging_mixin.py:112} INFO - [2020-12-22 15:08:02,189] {batch.py:90} INFO - Batch 9 has not finished yet (state is 'starting')
[2020-12-22 15:08:22,210] {logging_mixin.py:112} INFO - [2020-12-22 15:08:22,210] {batch.py:80} INFO - Getting batch 9 status...
[2020-12-22 15:08:22,218] {logging_mixin.py:112} INFO - [2020-12-22 15:08:22,217] {base_hook.py:84} INFO - Using connection to: id: livy. Host: ec2-3-236-26-7.compute-1.amazonaws.com, Port: 8998, Schema: None, Login: None, Password: None, extra: None
[2020-12-22 15:08:22,220] {logging_mixin.py:112} INFO - [2020-12-22 15:08:22,220] {http_hook.py:136} INFO - Sending 'GET' to url: http://ec2-3-236-26-7.compute-1.amazonaws.com:8998/batches/9
[2020-12-22 15:08:22,233] {logging_mixin.py:112} INFO - [2020-12-22 15:08:22,233] {batch.py:299} INFO - --------------------------------------------------Full log for batch 9--------------------------------------------------
[2020-12-22 15:08:22,240] {logging_mixin.py:112} INFO - [2020-12-22 15:08:22,240] {base_hook.py:84} INFO - Using connection to: id: livy. Host: ec2-3-236-26-7.compute-1.amazonaws.com, Port: 8998, Schema: None, Login: None, Password: None, extra: None
[2020-12-22 15:08:22,242] {logging_mixin.py:112} INFO - [2020-12-22 15:08:22,242] {http_hook.py:136} INFO - Sending 'GET' to url: http://ec2-3-236-26-7.compute-1.amazonaws.com:8998/batches/9/log?from=0&size=100
[2020-12-22 15:08:22,255] {logging_mixin.py:112} INFO - [2020-12-22 15:08:22,254] {batch.py:309} INFO - stdout: 
[2020-12-22 15:08:22,256] {logging_mixin.py:112} INFO - [2020-12-22 15:08:22,256] {batch.py:309} INFO - 2020-12-22 15:07:50,180 INFO yarn.Client: Source and destination file systems are the same. Not copying hdfs://master:9000/spark-jars/jcl-over-slf4j-1.7.16.jar
[2020-12-22 15:08:22,257] {logging_mixin.py:112} INFO - [2020-12-22 15:08:22,256] {batch.py:309} INFO - 2020-12-22 15:07:50,181 INFO yarn.Client: Source and destination file systems are the same. Not copying hdfs://master:9000/spark-jars/jersey-client-2.22.2.jar
[2020-12-22 15:08:22,257] {logging_mixin.py:112} INFO - [2020-12-22 15:08:22,257] {batch.py:309} INFO - 2020-12-22 15:07:50,183 INFO yarn.Client: Source and destination file systems are the same. Not copying hdfs://master:9000/spark-jars/jersey-common-2.22.2.jar
[2020-12-22 15:08:22,258] {logging_mixin.py:112} INFO - [2020-12-22 15:08:22,258] {batch.py:309} INFO - 2020-12-22 15:07:50,184 INFO yarn.Client: Source and destination file systems are the same. Not copying hdfs://master:9000/spark-jars/jersey-container-servlet-2.22.2.jar
[2020-12-22 15:08:22,259] {logging_mixin.py:112} INFO - [2020-12-22 15:08:22,259] {batch.py:309} INFO - 2020-12-22 15:07:50,189 INFO yarn.Client: Source and destination file systems are the same. Not copying hdfs://master:9000/spark-jars/jersey-container-servlet-core-2.22.2.jar
[2020-12-22 15:08:22,260] {logging_mixin.py:112} INFO - [2020-12-22 15:08:22,259] {batch.py:309} INFO - 2020-12-22 15:07:50,192 INFO yarn.Client: Source and destination file systems are the same. Not copying hdfs://master:9000/spark-jars/jersey-guava-2.22.2.jar
[2020-12-22 15:08:22,260] {logging_mixin.py:112} INFO - [2020-12-22 15:08:22,260] {batch.py:309} INFO - 2020-12-22 15:07:50,195 INFO yarn.Client: Source and destination file systems are the same. Not copying hdfs://master:9000/spark-jars/jersey-media-jaxb-2.22.2.jar
[2020-12-22 15:08:22,261] {logging_mixin.py:112} INFO - [2020-12-22 15:08:22,261] {batch.py:309} INFO - 2020-12-22 15:07:50,197 INFO yarn.Client: Source and destination file systems are the same. Not copying hdfs://master:9000/spark-jars/jersey-server-2.22.2.jar
[2020-12-22 15:08:22,262] {logging_mixin.py:112} INFO - [2020-12-22 15:08:22,262] {batch.py:309} INFO - 2020-12-22 15:07:50,200 INFO yarn.Client: Source and destination file systems are the same. Not copying hdfs://master:9000/spark-jars/joda-time-2.9.3.jar
[2020-12-22 15:08:22,262] {logging_mixin.py:112} INFO - [2020-12-22 15:08:22,262] {batch.py:309} INFO - 2020-12-22 15:07:50,203 INFO yarn.Client: Source and destination file systems are the same. Not copying hdfs://master:9000/spark-jars/json4s-ast_2.11-3.5.3.jar
[2020-12-22 15:08:22,263] {logging_mixin.py:112} INFO - [2020-12-22 15:08:22,262] {batch.py:309} INFO - 2020-12-22 15:07:50,205 INFO yarn.Client: Source and destination file systems are the same. Not copying hdfs://master:9000/spark-jars/json4s-core_2.11-3.5.3.jar
[2020-12-22 15:08:22,263] {logging_mixin.py:112} INFO - [2020-12-22 15:08:22,263] {batch.py:309} INFO - 2020-12-22 15:07:50,206 INFO yarn.Client: Source and destination file systems are the same. Not copying hdfs://master:9000/spark-jars/json4s-jackson_2.11-3.5.3.jar
[2020-12-22 15:08:22,263] {logging_mixin.py:112} INFO - [2020-12-22 15:08:22,263] {batch.py:309} INFO - 2020-12-22 15:07:50,207 INFO yarn.Client: Source and destination file systems are the same. Not copying hdfs://master:9000/spark-jars/json4s-scalap_2.11-3.5.3.jar
[2020-12-22 15:08:22,263] {logging_mixin.py:112} INFO - [2020-12-22 15:08:22,263] {batch.py:309} INFO - 2020-12-22 15:07:50,210 INFO yarn.Client: Source and destination file systems are the same. Not copying hdfs://master:9000/spark-jars/jsr305-1.3.9.jar
[2020-12-22 15:08:22,263] {logging_mixin.py:112} INFO - [2020-12-22 15:08:22,263] {batch.py:309} INFO - 2020-12-22 15:07:50,212 INFO yarn.Client: Source and destination file systems are the same. Not copying hdfs://master:9000/spark-jars/jtransforms-2.4.0.jar
[2020-12-22 15:08:22,263] {logging_mixin.py:112} INFO - [2020-12-22 15:08:22,263] {batch.py:309} INFO - 2020-12-22 15:07:50,213 INFO yarn.Client: Source and destination file systems are the same. Not copying hdfs://master:9000/spark-jars/jul-to-slf4j-1.7.16.jar
[2020-12-22 15:08:22,264] {logging_mixin.py:112} INFO - [2020-12-22 15:08:22,264] {batch.py:309} INFO - 2020-12-22 15:07:50,216 INFO yarn.Client: Source and destination file systems are the same. Not copying hdfs://master:9000/spark-jars/kryo-shaded-4.0.2.jar
[2020-12-22 15:08:22,264] {logging_mixin.py:112} INFO - [2020-12-22 15:08:22,264] {batch.py:309} INFO - 2020-12-22 15:07:50,217 INFO yarn.Client: Source and destination file systems are the same. Not copying hdfs://master:9000/spark-jars/kubernetes-client-4.6.1.jar
[2020-12-22 15:08:22,264] {logging_mixin.py:112} INFO - [2020-12-22 15:08:22,264] {batch.py:309} INFO - 2020-12-22 15:07:50,218 INFO yarn.Client: Source and destination file systems are the same. Not copying hdfs://master:9000/spark-jars/kubernetes-model-4.6.1.jar
[2020-12-22 15:08:22,264] {logging_mixin.py:112} INFO - [2020-12-22 15:08:22,264] {batch.py:309} INFO - 2020-12-22 15:07:50,220 INFO yarn.Client: Source and destination file systems are the same. Not copying hdfs://master:9000/spark-jars/kubernetes-model-common-4.6.1.jar
[2020-12-22 15:08:22,264] {logging_mixin.py:112} INFO - [2020-12-22 15:08:22,264] {batch.py:309} INFO - 2020-12-22 15:07:50,222 INFO yarn.Client: Source and destination file systems are the same. Not copying hdfs://master:9000/spark-jars/leveldbjni-all-1.8.jar
[2020-12-22 15:08:22,265] {logging_mixin.py:112} INFO - [2020-12-22 15:08:22,264] {batch.py:309} INFO - 2020-12-22 15:07:50,223 INFO yarn.Client: Source and destination file systems are the same. Not copying hdfs://master:9000/spark-jars/logging-interceptor-3.12.0.jar
[2020-12-22 15:08:22,265] {logging_mixin.py:112} INFO - [2020-12-22 15:08:22,265] {batch.py:309} INFO - 2020-12-22 15:07:50,225 INFO yarn.Client: Source and destination file systems are the same. Not copying hdfs://master:9000/spark-jars/lz4-java-1.4.0.jar
[2020-12-22 15:08:22,265] {logging_mixin.py:112} INFO - [2020-12-22 15:08:22,265] {batch.py:309} INFO - 2020-12-22 15:07:50,226 INFO yarn.Client: Source and destination file systems are the same. Not copying hdfs://master:9000/spark-jars/machinist_2.11-0.6.1.jar
[2020-12-22 15:08:22,265] {logging_mixin.py:112} INFO - [2020-12-22 15:08:22,265] {batch.py:309} INFO - 2020-12-22 15:07:50,227 INFO yarn.Client: Source and destination file systems are the same. Not copying hdfs://master:9000/spark-jars/macro-compat_2.11-1.1.1.jar
[2020-12-22 15:08:22,265] {logging_mixin.py:112} INFO - [2020-12-22 15:08:22,265] {batch.py:309} INFO - 2020-12-22 15:07:50,229 INFO yarn.Client: Source and destination file systems are the same. Not copying hdfs://master:9000/spark-jars/mesos-1.4.0-shaded-protobuf.jar
[2020-12-22 15:08:22,265] {logging_mixin.py:112} INFO - [2020-12-22 15:08:22,265] {batch.py:309} INFO - 2020-12-22 15:07:50,230 INFO yarn.Client: Source and destination file systems are the same. Not copying hdfs://master:9000/spark-jars/metrics-core-3.1.5.jar
[2020-12-22 15:08:22,266] {logging_mixin.py:112} INFO - [2020-12-22 15:08:22,266] {batch.py:309} INFO - 2020-12-22 15:07:50,232 INFO yarn.Client: Source and destination file systems are the same. Not copying hdfs://master:9000/spark-jars/metrics-graphite-3.1.5.jar
[2020-12-22 15:08:22,266] {logging_mixin.py:112} INFO - [2020-12-22 15:08:22,266] {batch.py:309} INFO - 2020-12-22 15:07:50,233 INFO yarn.Client: Source and destination file systems are the same. Not copying hdfs://master:9000/spark-jars/metrics-json-3.1.5.jar
[2020-12-22 15:08:22,266] {logging_mixin.py:112} INFO - [2020-12-22 15:08:22,266] {batch.py:309} INFO - 2020-12-22 15:07:50,234 INFO yarn.Client: Source and destination file systems are the same. Not copying hdfs://master:9000/spark-jars/metrics-jvm-3.1.5.jar
[2020-12-22 15:08:22,266] {logging_mixin.py:112} INFO - [2020-12-22 15:08:22,266] {batch.py:309} INFO - 2020-12-22 15:07:50,236 INFO yarn.Client: Source and destination file systems are the same. Not copying hdfs://master:9000/spark-jars/minlog-1.3.0.jar
[2020-12-22 15:08:22,266] {logging_mixin.py:112} INFO - [2020-12-22 15:08:22,266] {batch.py:309} INFO - 2020-12-22 15:07:50,237 INFO yarn.Client: Source and destination file systems are the same. Not copying hdfs://master:9000/spark-jars/netty-3.9.9.Final.jar
[2020-12-22 15:08:22,266] {logging_mixin.py:112} INFO - [2020-12-22 15:08:22,266] {batch.py:309} INFO - 2020-12-22 15:07:50,239 INFO yarn.Client: Source and destination file systems are the same. Not copying hdfs://master:9000/spark-jars/netty-all-4.1.42.Final.jar
[2020-12-22 15:08:22,266] {logging_mixin.py:112} INFO - [2020-12-22 15:08:22,266] {batch.py:309} INFO - 2020-12-22 15:07:50,240 INFO yarn.Client: Source and destination file systems are the same. Not copying hdfs://master:9000/spark-jars/objenesis-2.5.1.jar
[2020-12-22 15:08:22,267] {logging_mixin.py:112} INFO - [2020-12-22 15:08:22,267] {batch.py:309} INFO - 2020-12-22 15:07:50,242 INFO yarn.Client: Source and destination file systems are the same. Not copying hdfs://master:9000/spark-jars/okhttp-3.12.0.jar
[2020-12-22 15:08:22,267] {logging_mixin.py:112} INFO - [2020-12-22 15:08:22,267] {batch.py:309} INFO - 2020-12-22 15:07:50,243 INFO yarn.Client: Source and destination file systems are the same. Not copying hdfs://master:9000/spark-jars/okio-1.15.0.jar
[2020-12-22 15:08:22,267] {logging_mixin.py:112} INFO - [2020-12-22 15:08:22,267] {batch.py:309} INFO - 2020-12-22 15:07:50,244 INFO yarn.Client: Source and destination file systems are the same. Not copying hdfs://master:9000/spark-jars/opencsv-2.3.jar
[2020-12-22 15:08:22,267] {logging_mixin.py:112} INFO - [2020-12-22 15:08:22,267] {batch.py:309} INFO - 2020-12-22 15:07:50,245 INFO yarn.Client: Source and destination file systems are the same. Not copying hdfs://master:9000/spark-jars/orc-core-1.5.5-nohive.jar
[2020-12-22 15:08:22,267] {logging_mixin.py:112} INFO - [2020-12-22 15:08:22,267] {batch.py:309} INFO - 2020-12-22 15:07:50,246 INFO yarn.Client: Source and destination file systems are the same. Not copying hdfs://master:9000/spark-jars/orc-mapreduce-1.5.5-nohive.jar
[2020-12-22 15:08:22,267] {logging_mixin.py:112} INFO - [2020-12-22 15:08:22,267] {batch.py:309} INFO - 2020-12-22 15:07:50,248 INFO yarn.Client: Source and destination file systems are the same. Not copying hdfs://master:9000/spark-jars/orc-shims-1.5.5.jar
[2020-12-22 15:08:22,268] {logging_mixin.py:112} INFO - [2020-12-22 15:08:22,267] {batch.py:309} INFO - 2020-12-22 15:07:50,254 INFO yarn.Client: Source and destination file systems are the same. Not copying hdfs://master:9000/spark-jars/oro-2.0.8.jar
[2020-12-22 15:08:22,268] {logging_mixin.py:112} INFO - [2020-12-22 15:08:22,268] {batch.py:309} INFO - 2020-12-22 15:07:50,256 INFO yarn.Client: Source and destination file systems are the same. Not copying hdfs://master:9000/spark-jars/osgi-resource-locator-1.0.1.jar
[2020-12-22 15:08:22,268] {logging_mixin.py:112} INFO - [2020-12-22 15:08:22,268] {batch.py:309} INFO - 2020-12-22 15:07:50,259 INFO yarn.Client: Source and destination file systems are the same. Not copying hdfs://master:9000/spark-jars/paranamer-2.8.jar
[2020-12-22 15:08:22,268] {logging_mixin.py:112} INFO - [2020-12-22 15:08:22,268] {batch.py:309} INFO - 2020-12-22 15:07:50,262 INFO yarn.Client: Source and destination file systems are the same. Not copying hdfs://master:9000/spark-jars/parquet-column-1.10.1.jar
[2020-12-22 15:08:22,268] {logging_mixin.py:112} INFO - [2020-12-22 15:08:22,268] {batch.py:309} INFO - 2020-12-22 15:07:50,266 INFO yarn.Client: Source and destination file systems are the same. Not copying hdfs://master:9000/spark-jars/parquet-common-1.10.1.jar
[2020-12-22 15:08:22,268] {logging_mixin.py:112} INFO - [2020-12-22 15:08:22,268] {batch.py:309} INFO - 2020-12-22 15:07:50,267 INFO yarn.Client: Source and destination file systems are the same. Not copying hdfs://master:9000/spark-jars/parquet-encoding-1.10.1.jar
[2020-12-22 15:08:22,268] {logging_mixin.py:112} INFO - [2020-12-22 15:08:22,268] {batch.py:309} INFO - 2020-12-22 15:07:50,268 INFO yarn.Client: Source and destination file systems are the same. Not copying hdfs://master:9000/spark-jars/parquet-format-2.4.0.jar
[2020-12-22 15:08:22,269] {logging_mixin.py:112} INFO - [2020-12-22 15:08:22,268] {batch.py:309} INFO - 2020-12-22 15:07:50,269 INFO yarn.Client: Source and destination file systems are the same. Not copying hdfs://master:9000/spark-jars/parquet-hadoop-1.10.1.jar
[2020-12-22 15:08:22,269] {logging_mixin.py:112} INFO - [2020-12-22 15:08:22,269] {batch.py:309} INFO - 2020-12-22 15:07:50,270 INFO yarn.Client: Source and destination file systems are the same. Not copying hdfs://master:9000/spark-jars/parquet-jackson-1.10.1.jar
[2020-12-22 15:08:22,269] {logging_mixin.py:112} INFO - [2020-12-22 15:08:22,269] {batch.py:309} INFO - 2020-12-22 15:07:50,272 INFO yarn.Client: Source and destination file systems are the same. Not copying hdfs://master:9000/spark-jars/py4j-0.10.7.jar
[2020-12-22 15:08:22,269] {logging_mixin.py:112} INFO - [2020-12-22 15:08:22,269] {batch.py:309} INFO - 2020-12-22 15:07:50,275 INFO yarn.Client: Source and destination file systems are the same. Not copying hdfs://master:9000/spark-jars/pyrolite-4.13.jar
[2020-12-22 15:08:22,269] {logging_mixin.py:112} INFO - [2020-12-22 15:08:22,269] {batch.py:309} INFO - 2020-12-22 15:07:50,276 INFO yarn.Client: Source and destination file systems are the same. Not copying hdfs://master:9000/spark-jars/scala-compiler-2.11.12.jar
[2020-12-22 15:08:22,269] {logging_mixin.py:112} INFO - [2020-12-22 15:08:22,269] {batch.py:309} INFO - 2020-12-22 15:07:50,277 INFO yarn.Client: Source and destination file systems are the same. Not copying hdfs://master:9000/spark-jars/scala-library-2.11.12.jar
[2020-12-22 15:08:22,270] {logging_mixin.py:112} INFO - [2020-12-22 15:08:22,270] {batch.py:309} INFO - 2020-12-22 15:07:50,278 INFO yarn.Client: Source and destination file systems are the same. Not copying hdfs://master:9000/spark-jars/scala-parser-combinators_2.11-1.1.0.jar
[2020-12-22 15:08:22,270] {logging_mixin.py:112} INFO - [2020-12-22 15:08:22,270] {batch.py:309} INFO - 2020-12-22 15:07:50,286 INFO yarn.Client: Source and destination file systems are the same. Not copying hdfs://master:9000/spark-jars/scala-reflect-2.11.12.jar
[2020-12-22 15:08:22,270] {logging_mixin.py:112} INFO - [2020-12-22 15:08:22,270] {batch.py:309} INFO - 2020-12-22 15:07:50,288 INFO yarn.Client: Source and destination file systems are the same. Not copying hdfs://master:9000/spark-jars/scala-xml_2.11-1.0.5.jar
[2020-12-22 15:08:22,270] {logging_mixin.py:112} INFO - [2020-12-22 15:08:22,270] {batch.py:309} INFO - 2020-12-22 15:07:50,290 INFO yarn.Client: Source and destination file systems are the same. Not copying hdfs://master:9000/spark-jars/shapeless_2.11-2.3.2.jar
[2020-12-22 15:08:22,270] {logging_mixin.py:112} INFO - [2020-12-22 15:08:22,270] {batch.py:309} INFO - 2020-12-22 15:07:50,291 INFO yarn.Client: Source and destination file systems are the same. Not copying hdfs://master:9000/spark-jars/shims-0.7.45.jar
[2020-12-22 15:08:22,270] {logging_mixin.py:112} INFO - [2020-12-22 15:08:22,270] {batch.py:309} INFO - 2020-12-22 15:07:50,292 INFO yarn.Client: Source and destination file systems are the same. Not copying hdfs://master:9000/spark-jars/snakeyaml-1.15.jar
[2020-12-22 15:08:22,271] {logging_mixin.py:112} INFO - [2020-12-22 15:08:22,270] {batch.py:309} INFO - 2020-12-22 15:07:50,293 INFO yarn.Client: Source and destination file systems are the same. Not copying hdfs://master:9000/spark-jars/snappy-java-1.1.7.3.jar
[2020-12-22 15:08:22,271] {logging_mixin.py:112} INFO - [2020-12-22 15:08:22,271] {batch.py:309} INFO - 2020-12-22 15:07:50,295 INFO yarn.Client: Source and destination file systems are the same. Not copying hdfs://master:9000/spark-jars/spark-catalyst_2.11-2.4.5.jar
[2020-12-22 15:08:22,271] {logging_mixin.py:112} INFO - [2020-12-22 15:08:22,271] {batch.py:309} INFO - 2020-12-22 15:07:50,296 INFO yarn.Client: Source and destination file systems are the same. Not copying hdfs://master:9000/spark-jars/spark-core_2.11-2.4.5.jar
[2020-12-22 15:08:22,271] {logging_mixin.py:112} INFO - [2020-12-22 15:08:22,271] {batch.py:309} INFO - 2020-12-22 15:07:50,298 INFO yarn.Client: Source and destination file systems are the same. Not copying hdfs://master:9000/spark-jars/spark-graphx_2.11-2.4.5.jar
[2020-12-22 15:08:22,271] {logging_mixin.py:112} INFO - [2020-12-22 15:08:22,271] {batch.py:309} INFO - 2020-12-22 15:07:50,299 INFO yarn.Client: Source and destination file systems are the same. Not copying hdfs://master:9000/spark-jars/spark-hive_2.11-2.4.5.jar
[2020-12-22 15:08:22,271] {logging_mixin.py:112} INFO - [2020-12-22 15:08:22,271] {batch.py:309} INFO - 2020-12-22 15:07:50,301 INFO yarn.Client: Source and destination file systems are the same. Not copying hdfs://master:9000/spark-jars/spark-kubernetes_2.11-2.4.5.jar
[2020-12-22 15:08:22,271] {logging_mixin.py:112} INFO - [2020-12-22 15:08:22,271] {batch.py:309} INFO - 2020-12-22 15:07:50,302 INFO yarn.Client: Source and destination file systems are the same. Not copying hdfs://master:9000/spark-jars/spark-kvstore_2.11-2.4.5.jar
[2020-12-22 15:08:22,272] {logging_mixin.py:112} INFO - [2020-12-22 15:08:22,272] {batch.py:309} INFO - 2020-12-22 15:07:50,303 INFO yarn.Client: Source and destination file systems are the same. Not copying hdfs://master:9000/spark-jars/spark-launcher_2.11-2.4.5.jar
[2020-12-22 15:08:22,272] {logging_mixin.py:112} INFO - [2020-12-22 15:08:22,272] {batch.py:309} INFO - 2020-12-22 15:07:50,304 INFO yarn.Client: Source and destination file systems are the same. Not copying hdfs://master:9000/spark-jars/spark-mesos_2.11-2.4.5.jar
[2020-12-22 15:08:22,272] {logging_mixin.py:112} INFO - [2020-12-22 15:08:22,272] {batch.py:309} INFO - 2020-12-22 15:07:50,306 INFO yarn.Client: Source and destination file systems are the same. Not copying hdfs://master:9000/spark-jars/spark-mllib-local_2.11-2.4.5.jar
[2020-12-22 15:08:22,272] {logging_mixin.py:112} INFO - [2020-12-22 15:08:22,272] {batch.py:309} INFO - 2020-12-22 15:07:50,307 INFO yarn.Client: Source and destination file systems are the same. Not copying hdfs://master:9000/spark-jars/spark-mllib_2.11-2.4.5.jar
[2020-12-22 15:08:22,272] {logging_mixin.py:112} INFO - [2020-12-22 15:08:22,272] {batch.py:309} INFO - 2020-12-22 15:07:50,309 INFO yarn.Client: Source and destination file systems are the same. Not copying hdfs://master:9000/spark-jars/spark-network-common_2.11-2.4.5.jar
[2020-12-22 15:08:22,272] {logging_mixin.py:112} INFO - [2020-12-22 15:08:22,272] {batch.py:309} INFO - 2020-12-22 15:07:50,310 INFO yarn.Client: Source and destination file systems are the same. Not copying hdfs://master:9000/spark-jars/spark-network-shuffle_2.11-2.4.5.jar
[2020-12-22 15:08:22,273] {logging_mixin.py:112} INFO - [2020-12-22 15:08:22,273] {batch.py:309} INFO - 2020-12-22 15:07:50,311 INFO yarn.Client: Source and destination file systems are the same. Not copying hdfs://master:9000/spark-jars/spark-repl_2.11-2.4.5.jar
[2020-12-22 15:08:22,273] {logging_mixin.py:112} INFO - [2020-12-22 15:08:22,273] {batch.py:309} INFO - 2020-12-22 15:07:50,313 INFO yarn.Client: Source and destination file systems are the same. Not copying hdfs://master:9000/spark-jars/spark-sketch_2.11-2.4.5.jar
[2020-12-22 15:08:22,273] {logging_mixin.py:112} INFO - [2020-12-22 15:08:22,273] {batch.py:309} INFO - 2020-12-22 15:07:50,314 INFO yarn.Client: Source and destination file systems are the same. Not copying hdfs://master:9000/spark-jars/spark-sql_2.11-2.4.5.jar
[2020-12-22 15:08:22,273] {logging_mixin.py:112} INFO - [2020-12-22 15:08:22,273] {batch.py:309} INFO - 2020-12-22 15:07:50,316 INFO yarn.Client: Source and destination file systems are the same. Not copying hdfs://master:9000/spark-jars/spark-streaming_2.11-2.4.5.jar
[2020-12-22 15:08:22,273] {logging_mixin.py:112} INFO - [2020-12-22 15:08:22,273] {batch.py:309} INFO - 2020-12-22 15:07:50,317 INFO yarn.Client: Source and destination file systems are the same. Not copying hdfs://master:9000/spark-jars/spark-tags_2.11-2.4.5-tests.jar
[2020-12-22 15:08:22,273] {logging_mixin.py:112} INFO - [2020-12-22 15:08:22,273] {batch.py:309} INFO - 2020-12-22 15:07:50,318 INFO yarn.Client: Source and destination file systems are the same. Not copying hdfs://master:9000/spark-jars/spark-tags_2.11-2.4.5.jar
[2020-12-22 15:08:22,274] {logging_mixin.py:112} INFO - [2020-12-22 15:08:22,274] {batch.py:309} INFO - 2020-12-22 15:07:50,322 INFO yarn.Client: Source and destination file systems are the same. Not copying hdfs://master:9000/spark-jars/spark-unsafe_2.11-2.4.5.jar
[2020-12-22 15:08:22,274] {logging_mixin.py:112} INFO - [2020-12-22 15:08:22,274] {batch.py:309} INFO - 2020-12-22 15:07:50,324 INFO yarn.Client: Source and destination file systems are the same. Not copying hdfs://master:9000/spark-jars/spark-yarn_2.11-2.4.5.jar
[2020-12-22 15:08:22,274] {logging_mixin.py:112} INFO - [2020-12-22 15:08:22,274] {batch.py:309} INFO - 2020-12-22 15:07:50,325 INFO yarn.Client: Source and destination file systems are the same. Not copying hdfs://master:9000/spark-jars/spire-macros_2.11-0.13.0.jar
[2020-12-22 15:08:22,274] {logging_mixin.py:112} INFO - [2020-12-22 15:08:22,274] {batch.py:309} INFO - 2020-12-22 15:07:50,326 INFO yarn.Client: Source and destination file systems are the same. Not copying hdfs://master:9000/spark-jars/spire_2.11-0.13.0.jar
[2020-12-22 15:08:22,274] {logging_mixin.py:112} INFO - [2020-12-22 15:08:22,274] {batch.py:309} INFO - 2020-12-22 15:07:50,328 INFO yarn.Client: Source and destination file systems are the same. Not copying hdfs://master:9000/spark-jars/stream-2.7.0.jar
[2020-12-22 15:08:22,274] {logging_mixin.py:112} INFO - [2020-12-22 15:08:22,274] {batch.py:309} INFO - 2020-12-22 15:07:50,329 INFO yarn.Client: Source and destination file systems are the same. Not copying hdfs://master:9000/spark-jars/univocity-parsers-2.7.3.jar
[2020-12-22 15:08:22,275] {logging_mixin.py:112} INFO - [2020-12-22 15:08:22,274] {batch.py:309} INFO - 2020-12-22 15:07:50,330 INFO yarn.Client: Source and destination file systems are the same. Not copying hdfs://master:9000/spark-jars/validation-api-1.1.0.Final.jar
[2020-12-22 15:08:22,275] {logging_mixin.py:112} INFO - [2020-12-22 15:08:22,275] {batch.py:309} INFO - 2020-12-22 15:07:50,331 INFO yarn.Client: Source and destination file systems are the same. Not copying hdfs://master:9000/spark-jars/xbean-asm6-shaded-4.8.jar
[2020-12-22 15:08:22,275] {logging_mixin.py:112} INFO - [2020-12-22 15:08:22,275] {batch.py:309} INFO - 2020-12-22 15:07:50,333 INFO yarn.Client: Source and destination file systems are the same. Not copying hdfs://master:9000/spark-jars/xz-1.5.jar
[2020-12-22 15:08:22,275] {logging_mixin.py:112} INFO - [2020-12-22 15:08:22,275] {batch.py:309} INFO - 2020-12-22 15:07:50,334 INFO yarn.Client: Source and destination file systems are the same. Not copying hdfs://master:9000/spark-jars/zjsonpatch-0.3.0.jar
[2020-12-22 15:08:22,275] {logging_mixin.py:112} INFO - [2020-12-22 15:08:22,275] {batch.py:309} INFO - 2020-12-22 15:07:50,335 INFO yarn.Client: Source and destination file systems are the same. Not copying hdfs://master:9000/spark-jars/zstd-jni-1.3.2-2.jar
[2020-12-22 15:08:22,275] {logging_mixin.py:112} INFO - [2020-12-22 15:08:22,275] {batch.py:309} INFO - 2020-12-22 15:07:50,340 INFO yarn.Client: Uploading resource s3a://alanchn31-loan-default-prediction/dist/config.json -> hdfs://master:9000/user/root/.sparkStaging/application_1608647635904_0010/config.json
[2020-12-22 15:08:22,275] {logging_mixin.py:112} INFO - [2020-12-22 15:08:22,275] {batch.py:309} INFO - 2020-12-22 15:07:50,613 INFO yarn.Client: Uploading resource file:/usr/spark/python/lib/pyspark.zip -> hdfs://master:9000/user/root/.sparkStaging/application_1608647635904_0010/pyspark.zip
[2020-12-22 15:08:22,276] {logging_mixin.py:112} INFO - [2020-12-22 15:08:22,275] {batch.py:309} INFO - 2020-12-22 15:07:50,671 INFO yarn.Client: Uploading resource file:/usr/spark/python/lib/py4j-0.10.7-src.zip -> hdfs://master:9000/user/root/.sparkStaging/application_1608647635904_0010/py4j-0.10.7-src.zip
[2020-12-22 15:08:22,276] {logging_mixin.py:112} INFO - [2020-12-22 15:08:22,276] {batch.py:309} INFO - 2020-12-22 15:07:50,704 INFO yarn.Client: Uploading resource s3a://alanchn31-loan-default-prediction/dist/src.zip -> hdfs://master:9000/user/root/.sparkStaging/application_1608647635904_0010/src.zip
[2020-12-22 15:08:22,276] {logging_mixin.py:112} INFO - [2020-12-22 15:08:22,276] {batch.py:309} INFO - 2020-12-22 15:07:51,151 INFO yarn.Client: Uploading resource file:/tmp/spark-4d0d2817-a1ac-40c7-9868-a234f3677c24/__spark_conf__1772112705604288645.zip -> hdfs://master:9000/user/root/.sparkStaging/application_1608647635904_0010/__spark_conf__.zip
[2020-12-22 15:08:22,276] {logging_mixin.py:112} INFO - [2020-12-22 15:08:22,276] {batch.py:309} INFO - 2020-12-22 15:07:51,208 INFO spark.SecurityManager: Changing view acls to: root
[2020-12-22 15:08:22,276] {logging_mixin.py:112} INFO - [2020-12-22 15:08:22,276] {batch.py:309} INFO - 2020-12-22 15:07:51,209 INFO spark.SecurityManager: Changing modify acls to: root
[2020-12-22 15:08:22,276] {logging_mixin.py:112} INFO - [2020-12-22 15:08:22,276] {batch.py:309} INFO - 2020-12-22 15:07:51,209 INFO spark.SecurityManager: Changing view acls groups to: 
[2020-12-22 15:08:22,276] {logging_mixin.py:112} INFO - [2020-12-22 15:08:22,276] {batch.py:309} INFO - 2020-12-22 15:07:51,210 INFO spark.SecurityManager: Changing modify acls groups to: 
[2020-12-22 15:08:22,277] {logging_mixin.py:112} INFO - [2020-12-22 15:08:22,276] {batch.py:309} INFO - 2020-12-22 15:07:51,210 INFO spark.SecurityManager: SecurityManager: authentication disabled; ui acls disabled; users  with view permissions: Set(root); groups with view permissions: Set(); users  with modify permissions: Set(root); groups with modify permissions: Set()
[2020-12-22 15:08:22,284] {logging_mixin.py:112} INFO - [2020-12-22 15:08:22,284] {base_hook.py:84} INFO - Using connection to: id: livy. Host: ec2-3-236-26-7.compute-1.amazonaws.com, Port: 8998, Schema: None, Login: None, Password: None, extra: None
[2020-12-22 15:08:22,285] {logging_mixin.py:112} INFO - [2020-12-22 15:08:22,285] {http_hook.py:136} INFO - Sending 'GET' to url: http://ec2-3-236-26-7.compute-1.amazonaws.com:8998/batches/9/log?from=100&size=100
[2020-12-22 15:08:22,297] {logging_mixin.py:112} INFO - [2020-12-22 15:08:22,297] {batch.py:309} INFO - 2020-12-22 15:07:52,630 INFO yarn.Client: Submitting application application_1608647635904_0010 to ResourceManager
[2020-12-22 15:08:22,297] {logging_mixin.py:112} INFO - [2020-12-22 15:08:22,297] {batch.py:309} INFO - 2020-12-22 15:07:52,691 INFO impl.YarnClientImpl: Submitted application application_1608647635904_0010
[2020-12-22 15:08:22,298] {logging_mixin.py:112} INFO - [2020-12-22 15:08:22,297] {batch.py:309} INFO - 2020-12-22 15:07:52,694 INFO cluster.SchedulerExtensionServices: Starting Yarn extension services with app application_1608647635904_0010 and attemptId None
[2020-12-22 15:08:22,298] {logging_mixin.py:112} INFO - [2020-12-22 15:08:22,298] {batch.py:309} INFO - 2020-12-22 15:07:53,706 INFO yarn.Client: Application report for application_1608647635904_0010 (state: ACCEPTED)
[2020-12-22 15:08:22,298] {logging_mixin.py:112} INFO - [2020-12-22 15:08:22,298] {batch.py:309} INFO - 2020-12-22 15:07:53,716 INFO yarn.Client: 
[2020-12-22 15:08:22,298] {logging_mixin.py:112} INFO - [2020-12-22 15:08:22,298] {batch.py:309} INFO - 	 client token: N/A
[2020-12-22 15:08:22,298] {logging_mixin.py:112} INFO - [2020-12-22 15:08:22,298] {batch.py:309} INFO - 	 diagnostics: AM container is launched, waiting for AM container to Register with RM
[2020-12-22 15:08:22,298] {logging_mixin.py:112} INFO - [2020-12-22 15:08:22,298] {batch.py:309} INFO - 	 ApplicationMaster host: N/A
[2020-12-22 15:08:22,299] {logging_mixin.py:112} INFO - [2020-12-22 15:08:22,298] {batch.py:309} INFO - 	 ApplicationMaster RPC port: -1
[2020-12-22 15:08:22,300] {logging_mixin.py:112} INFO - [2020-12-22 15:08:22,300] {batch.py:309} INFO - 	 queue: root.root
[2020-12-22 15:08:22,300] {logging_mixin.py:112} INFO - [2020-12-22 15:08:22,300] {batch.py:309} INFO - 	 start time: 1608649672652
[2020-12-22 15:08:22,300] {logging_mixin.py:112} INFO - [2020-12-22 15:08:22,300] {batch.py:309} INFO - 	 final status: UNDEFINED
[2020-12-22 15:08:22,300] {logging_mixin.py:112} INFO - [2020-12-22 15:08:22,300] {batch.py:309} INFO - 	 tracking URL: http://master:8088/proxy/application_1608647635904_0010/
[2020-12-22 15:08:22,300] {logging_mixin.py:112} INFO - [2020-12-22 15:08:22,300] {batch.py:309} INFO - 	 user: root
[2020-12-22 15:08:22,300] {logging_mixin.py:112} INFO - [2020-12-22 15:08:22,300] {batch.py:309} INFO - 2020-12-22 15:07:54,723 INFO yarn.Client: Application report for application_1608647635904_0010 (state: ACCEPTED)
[2020-12-22 15:08:22,301] {logging_mixin.py:112} INFO - [2020-12-22 15:08:22,301] {batch.py:309} INFO - 2020-12-22 15:07:55,732 INFO yarn.Client: Application report for application_1608647635904_0010 (state: ACCEPTED)
[2020-12-22 15:08:22,301] {logging_mixin.py:112} INFO - [2020-12-22 15:08:22,301] {batch.py:309} INFO - 2020-12-22 15:07:56,736 INFO yarn.Client: Application report for application_1608647635904_0010 (state: ACCEPTED)
[2020-12-22 15:08:22,301] {logging_mixin.py:112} INFO - [2020-12-22 15:08:22,301] {batch.py:309} INFO - 2020-12-22 15:07:57,476 INFO cluster.YarnClientSchedulerBackend: Add WebUI Filter. org.apache.hadoop.yarn.server.webproxy.amfilter.AmIpFilter, Map(PROXY_HOSTS -> master, PROXY_URI_BASES -> http://master:8088/proxy/application_1608647635904_0010), /proxy/application_1608647635904_0010
[2020-12-22 15:08:22,301] {logging_mixin.py:112} INFO - [2020-12-22 15:08:22,301] {batch.py:309} INFO - 2020-12-22 15:07:57,740 INFO yarn.Client: Application report for application_1608647635904_0010 (state: RUNNING)
[2020-12-22 15:08:22,301] {logging_mixin.py:112} INFO - [2020-12-22 15:08:22,301] {batch.py:309} INFO - 2020-12-22 15:07:57,740 INFO yarn.Client: 
[2020-12-22 15:08:22,302] {logging_mixin.py:112} INFO - [2020-12-22 15:08:22,301] {batch.py:309} INFO - 	 client token: N/A
[2020-12-22 15:08:22,302] {logging_mixin.py:112} INFO - [2020-12-22 15:08:22,302] {batch.py:309} INFO - 	 diagnostics: N/A
[2020-12-22 15:08:22,302] {logging_mixin.py:112} INFO - [2020-12-22 15:08:22,302] {batch.py:309} INFO - 	 ApplicationMaster host: 172.18.0.8
[2020-12-22 15:08:22,302] {logging_mixin.py:112} INFO - [2020-12-22 15:08:22,302] {batch.py:309} INFO - 	 ApplicationMaster RPC port: -1
[2020-12-22 15:08:22,302] {logging_mixin.py:112} INFO - [2020-12-22 15:08:22,302] {batch.py:309} INFO - 	 queue: root.root
[2020-12-22 15:08:22,302] {logging_mixin.py:112} INFO - [2020-12-22 15:08:22,302] {batch.py:309} INFO - 	 start time: 1608649672652
[2020-12-22 15:08:22,303] {logging_mixin.py:112} INFO - [2020-12-22 15:08:22,302] {batch.py:309} INFO - 	 final status: UNDEFINED
[2020-12-22 15:08:22,303] {logging_mixin.py:112} INFO - [2020-12-22 15:08:22,303] {batch.py:309} INFO - 	 tracking URL: http://master:8088/proxy/application_1608647635904_0010/
[2020-12-22 15:08:22,303] {logging_mixin.py:112} INFO - [2020-12-22 15:08:22,303] {batch.py:309} INFO - 	 user: root
[2020-12-22 15:08:22,303] {logging_mixin.py:112} INFO - [2020-12-22 15:08:22,303] {batch.py:309} INFO - 2020-12-22 15:07:57,741 INFO cluster.YarnClientSchedulerBackend: Application application_1608647635904_0010 has started running.
[2020-12-22 15:08:22,303] {logging_mixin.py:112} INFO - [2020-12-22 15:08:22,303] {batch.py:309} INFO - 2020-12-22 15:07:57,770 INFO util.Utils: Successfully started service 'org.apache.spark.network.netty.NettyBlockTransferService' on port 7002.
[2020-12-22 15:08:22,303] {logging_mixin.py:112} INFO - [2020-12-22 15:08:22,303] {batch.py:309} INFO - 2020-12-22 15:07:57,792 INFO netty.NettyBlockTransferService: Server created on livy:7002
[2020-12-22 15:08:22,303] {logging_mixin.py:112} INFO - [2020-12-22 15:08:22,303] {batch.py:309} INFO - 2020-12-22 15:07:57,792 INFO cluster.YarnSchedulerBackend$YarnSchedulerEndpoint: ApplicationMaster registered as NettyRpcEndpointRef(spark-client://YarnAM)
[2020-12-22 15:08:22,304] {logging_mixin.py:112} INFO - [2020-12-22 15:08:22,303] {batch.py:309} INFO - 2020-12-22 15:07:57,801 INFO storage.BlockManager: Using org.apache.spark.storage.RandomBlockReplicationPolicy for block replication policy
[2020-12-22 15:08:22,304] {logging_mixin.py:112} INFO - [2020-12-22 15:08:22,304] {batch.py:309} INFO - 2020-12-22 15:07:57,847 INFO storage.BlockManagerMaster: Registering BlockManager BlockManagerId(driver, livy, 7002, None)
[2020-12-22 15:08:22,304] {logging_mixin.py:112} INFO - [2020-12-22 15:08:22,304] {batch.py:309} INFO - 2020-12-22 15:07:57,851 INFO storage.BlockManagerMasterEndpoint: Registering block manager livy:7002 with 366.3 MB RAM, BlockManagerId(driver, livy, 7002, None)
[2020-12-22 15:08:22,304] {logging_mixin.py:112} INFO - [2020-12-22 15:08:22,304] {batch.py:309} INFO - 2020-12-22 15:07:57,855 INFO storage.BlockManagerMaster: Registered BlockManager BlockManagerId(driver, livy, 7002, None)
[2020-12-22 15:08:22,304] {logging_mixin.py:112} INFO - [2020-12-22 15:08:22,304] {batch.py:309} INFO - 2020-12-22 15:07:57,856 INFO storage.BlockManager: Initialized BlockManager: BlockManagerId(driver, livy, 7002, None)
[2020-12-22 15:08:22,304] {logging_mixin.py:112} INFO - [2020-12-22 15:08:22,304] {batch.py:309} INFO - 2020-12-22 15:07:58,166 INFO ui.JettyUtils: Adding filter org.apache.hadoop.yarn.server.webproxy.amfilter.AmIpFilter to /metrics/json.
[2020-12-22 15:08:22,304] {logging_mixin.py:112} INFO - [2020-12-22 15:08:22,304] {batch.py:309} INFO - 2020-12-22 15:07:58,180 INFO handler.ContextHandler: Started o.s.j.s.ServletContextHandler@2771021e{/metrics/json,null,AVAILABLE,@Spark}
[2020-12-22 15:08:22,305] {logging_mixin.py:112} INFO - [2020-12-22 15:08:22,304] {batch.py:309} INFO - 2020-12-22 15:07:58,323 INFO scheduler.EventLoggingListener: Logging events to hdfs:/log/spark/application_1608647635904_0010
[2020-12-22 15:08:22,305] {logging_mixin.py:112} INFO - [2020-12-22 15:08:22,305] {batch.py:309} INFO - 2020-12-22 15:08:04,745 INFO cluster.YarnSchedulerBackend$YarnDriverEndpoint: Registered executor NettyRpcEndpointRef(spark-client://Executor) (172.18.0.6:37726) with ID 1
[2020-12-22 15:08:22,305] {logging_mixin.py:112} INFO - [2020-12-22 15:08:22,305] {batch.py:309} INFO - 2020-12-22 15:08:05,278 INFO storage.BlockManagerMasterEndpoint: Registering block manager worker2:7002 with 366.3 MB RAM, BlockManagerId(1, worker2, 7002, None)
[2020-12-22 15:08:22,305] {logging_mixin.py:112} INFO - [2020-12-22 15:08:22,305] {batch.py:309} INFO - 2020-12-22 15:08:05,832 INFO cluster.YarnSchedulerBackend$YarnDriverEndpoint: Registered executor NettyRpcEndpointRef(spark-client://Executor) (172.18.0.8:45748) with ID 2
[2020-12-22 15:08:22,305] {logging_mixin.py:112} INFO - [2020-12-22 15:08:22,305] {batch.py:309} INFO - 2020-12-22 15:08:05,913 INFO cluster.YarnClientSchedulerBackend: SchedulerBackend is ready for scheduling beginning after reached minRegisteredResourcesRatio: 0.8
[2020-12-22 15:08:22,305] {logging_mixin.py:112} INFO - [2020-12-22 15:08:22,305] {batch.py:309} INFO - 2020-12-22 15:08:06,526 INFO storage.BlockManagerMasterEndpoint: Registering block manager worker1:7002 with 366.3 MB RAM, BlockManagerId(2, worker1, 7002, None)
[2020-12-22 15:08:22,305] {logging_mixin.py:112} INFO - [2020-12-22 15:08:22,305] {batch.py:309} INFO - 2020-12-22 15:08:06,541 INFO internal.SharedState: Setting hive.metastore.warehouse.dir ('null') to the value of spark.sql.warehouse.dir ('file:/spark-warehouse').
[2020-12-22 15:08:22,306] {logging_mixin.py:112} INFO - [2020-12-22 15:08:22,306] {batch.py:309} INFO - 2020-12-22 15:08:06,541 INFO internal.SharedState: Warehouse path is 'file:/spark-warehouse'.
[2020-12-22 15:08:22,306] {logging_mixin.py:112} INFO - [2020-12-22 15:08:22,306] {batch.py:309} INFO - 2020-12-22 15:08:06,592 INFO ui.JettyUtils: Adding filter org.apache.hadoop.yarn.server.webproxy.amfilter.AmIpFilter to /SQL.
[2020-12-22 15:08:22,306] {logging_mixin.py:112} INFO - [2020-12-22 15:08:22,306] {batch.py:309} INFO - 2020-12-22 15:08:06,602 INFO handler.ContextHandler: Started o.s.j.s.ServletContextHandler@52bc51c3{/SQL,null,AVAILABLE,@Spark}
[2020-12-22 15:08:22,306] {logging_mixin.py:112} INFO - [2020-12-22 15:08:22,306] {batch.py:309} INFO - 2020-12-22 15:08:06,603 INFO ui.JettyUtils: Adding filter org.apache.hadoop.yarn.server.webproxy.amfilter.AmIpFilter to /SQL/json.
[2020-12-22 15:08:22,306] {logging_mixin.py:112} INFO - [2020-12-22 15:08:22,306] {batch.py:309} INFO - 2020-12-22 15:08:06,603 INFO handler.ContextHandler: Started o.s.j.s.ServletContextHandler@f8573b5{/SQL/json,null,AVAILABLE,@Spark}
[2020-12-22 15:08:22,307] {logging_mixin.py:112} INFO - [2020-12-22 15:08:22,306] {batch.py:309} INFO - 2020-12-22 15:08:06,604 INFO ui.JettyUtils: Adding filter org.apache.hadoop.yarn.server.webproxy.amfilter.AmIpFilter to /SQL/execution.
[2020-12-22 15:08:22,307] {logging_mixin.py:112} INFO - [2020-12-22 15:08:22,307] {batch.py:309} INFO - 2020-12-22 15:08:06,605 INFO handler.ContextHandler: Started o.s.j.s.ServletContextHandler@6b3d84e4{/SQL/execution,null,AVAILABLE,@Spark}
[2020-12-22 15:08:22,307] {logging_mixin.py:112} INFO - [2020-12-22 15:08:22,307] {batch.py:309} INFO - 2020-12-22 15:08:06,605 INFO ui.JettyUtils: Adding filter org.apache.hadoop.yarn.server.webproxy.amfilter.AmIpFilter to /SQL/execution/json.
[2020-12-22 15:08:22,307] {logging_mixin.py:112} INFO - [2020-12-22 15:08:22,307] {batch.py:309} INFO - 2020-12-22 15:08:06,606 INFO handler.ContextHandler: Started o.s.j.s.ServletContextHandler@38da004d{/SQL/execution/json,null,AVAILABLE,@Spark}
[2020-12-22 15:08:22,307] {logging_mixin.py:112} INFO - [2020-12-22 15:08:22,307] {batch.py:309} INFO - 2020-12-22 15:08:06,607 INFO ui.JettyUtils: Adding filter org.apache.hadoop.yarn.server.webproxy.amfilter.AmIpFilter to /static/sql.
[2020-12-22 15:08:22,307] {logging_mixin.py:112} INFO - [2020-12-22 15:08:22,307] {batch.py:309} INFO - 2020-12-22 15:08:06,618 INFO handler.ContextHandler: Started o.s.j.s.ServletContextHandler@2793df{/static/sql,null,AVAILABLE,@Spark}
[2020-12-22 15:08:22,307] {logging_mixin.py:112} INFO - [2020-12-22 15:08:22,307] {batch.py:309} INFO - 2020-12-22 15:08:08,267 INFO state.StateStoreCoordinatorRef: Registered StateStoreCoordinator endpoint
[2020-12-22 15:08:22,308] {logging_mixin.py:112} INFO - [2020-12-22 15:08:22,308] {batch.py:309} INFO - 2020-12-22 15:08:08,455 WARN <LoanDefaultPrediction application_1608647635904_0010>: loaded config from config.json
[2020-12-22 15:08:22,308] {logging_mixin.py:112} INFO - [2020-12-22 15:08:22,308] {batch.py:309} INFO - Traceback (most recent call last):
[2020-12-22 15:08:22,308] {logging_mixin.py:112} INFO - [2020-12-22 15:08:22,308] {batch.py:309} INFO -   File "/tmp/spark-56cd300f-8bca-4215-95b9-14a4d86a823a/main.py", line 93, in <module>
[2020-12-22 15:08:22,308] {logging_mixin.py:112} INFO - [2020-12-22 15:08:22,308] {batch.py:309} INFO -     main()
[2020-12-22 15:08:22,308] {logging_mixin.py:112} INFO - [2020-12-22 15:08:22,308] {batch.py:309} INFO -   File "/tmp/spark-56cd300f-8bca-4215-95b9-14a4d86a823a/main.py", line 79, in main
[2020-12-22 15:08:22,308] {logging_mixin.py:112} INFO - [2020-12-22 15:08:22,308] {batch.py:309} INFO -     job_module = importlib.import_module(f"jobs.{args.job}")
[2020-12-22 15:08:22,308] {logging_mixin.py:112} INFO - [2020-12-22 15:08:22,308] {batch.py:309} INFO -   File "/usr/lib/python3.7/importlib/__init__.py", line 127, in import_module
[2020-12-22 15:08:22,309] {logging_mixin.py:112} INFO - [2020-12-22 15:08:22,309] {batch.py:309} INFO -     return _bootstrap._gcd_import(name[level:], package, level)
[2020-12-22 15:08:22,309] {logging_mixin.py:112} INFO - [2020-12-22 15:08:22,309] {batch.py:309} INFO -   File "<frozen importlib._bootstrap>", line 1006, in _gcd_import
[2020-12-22 15:08:22,309] {logging_mixin.py:112} INFO - [2020-12-22 15:08:22,309] {batch.py:309} INFO -   File "<frozen importlib._bootstrap>", line 983, in _find_and_load
[2020-12-22 15:08:22,309] {logging_mixin.py:112} INFO - [2020-12-22 15:08:22,309] {batch.py:309} INFO -   File "<frozen importlib._bootstrap>", line 967, in _find_and_load_unlocked
[2020-12-22 15:08:22,309] {logging_mixin.py:112} INFO - [2020-12-22 15:08:22,309] {batch.py:309} INFO -   File "<frozen importlib._bootstrap>", line 668, in _load_unlocked
[2020-12-22 15:08:22,309] {logging_mixin.py:112} INFO - [2020-12-22 15:08:22,309] {batch.py:309} INFO -   File "<frozen importlib._bootstrap>", line 638, in _load_backward_compatible
[2020-12-22 15:08:22,310] {logging_mixin.py:112} INFO - [2020-12-22 15:08:22,310] {batch.py:309} INFO -   File "/tmp/spark-4d0d2817-a1ac-40c7-9868-a234f3677c24/userFiles-3093dca1-aa40-4b04-b802-cff1359af506/src.zip/jobs/preprocess_data.py", line 4, in <module>
[2020-12-22 15:08:22,310] {logging_mixin.py:112} INFO - [2020-12-22 15:08:22,310] {batch.py:309} INFO -   File "/usr/spark/python/lib/pyspark.zip/pyspark/ml/__init__.py", line 22, in <module>
[2020-12-22 15:08:22,310] {logging_mixin.py:112} INFO - [2020-12-22 15:08:22,310] {batch.py:309} INFO -   File "/usr/spark/python/lib/pyspark.zip/pyspark/ml/base.py", line 24, in <module>
[2020-12-22 15:08:22,310] {logging_mixin.py:112} INFO - [2020-12-22 15:08:22,310] {batch.py:309} INFO -   File "/usr/spark/python/lib/pyspark.zip/pyspark/ml/param/__init__.py", line 26, in <module>
[2020-12-22 15:08:22,310] {logging_mixin.py:112} INFO - [2020-12-22 15:08:22,310] {batch.py:309} INFO - ModuleNotFoundError: No module named 'numpy'
[2020-12-22 15:08:22,310] {logging_mixin.py:112} INFO - [2020-12-22 15:08:22,310] {batch.py:309} INFO - 2020-12-22 15:08:08,691 INFO spark.SparkContext: Invoking stop() from shutdown hook
[2020-12-22 15:08:22,310] {logging_mixin.py:112} INFO - [2020-12-22 15:08:22,310] {batch.py:309} INFO - 2020-12-22 15:08:08,705 INFO server.AbstractConnector: Stopped Spark@5861e2c{HTTP/1.1,[http/1.1]}{0.0.0.0:4040}
[2020-12-22 15:08:22,311] {logging_mixin.py:112} INFO - [2020-12-22 15:08:22,311] {batch.py:309} INFO - 2020-12-22 15:08:08,717 INFO ui.SparkUI: Stopped Spark web UI at http://livy:4040
[2020-12-22 15:08:22,311] {logging_mixin.py:112} INFO - [2020-12-22 15:08:22,311] {batch.py:309} INFO - 2020-12-22 15:08:08,728 INFO cluster.YarnClientSchedulerBackend: Interrupting monitor thread
[2020-12-22 15:08:22,311] {logging_mixin.py:112} INFO - [2020-12-22 15:08:22,311] {batch.py:309} INFO - 2020-12-22 15:08:08,899 INFO cluster.YarnClientSchedulerBackend: Shutting down all executors
[2020-12-22 15:08:22,311] {logging_mixin.py:112} INFO - [2020-12-22 15:08:22,311] {batch.py:309} INFO - 2020-12-22 15:08:08,899 INFO cluster.YarnSchedulerBackend$YarnDriverEndpoint: Asking each executor to shut down
[2020-12-22 15:08:22,311] {logging_mixin.py:112} INFO - [2020-12-22 15:08:22,311] {batch.py:309} INFO - 2020-12-22 15:08:08,941 INFO cluster.SchedulerExtensionServices: Stopping SchedulerExtensionServices
[2020-12-22 15:08:22,311] {logging_mixin.py:112} INFO - [2020-12-22 15:08:22,311] {batch.py:309} INFO - (serviceOption=None,
[2020-12-22 15:08:22,311] {logging_mixin.py:112} INFO - [2020-12-22 15:08:22,311] {batch.py:309} INFO -  services=List(),
[2020-12-22 15:08:22,312] {logging_mixin.py:112} INFO - [2020-12-22 15:08:22,312] {batch.py:309} INFO -  started=false)
[2020-12-22 15:08:22,312] {logging_mixin.py:112} INFO - [2020-12-22 15:08:22,312] {batch.py:309} INFO - 2020-12-22 15:08:08,959 INFO cluster.YarnClientSchedulerBackend: Stopped
[2020-12-22 15:08:22,312] {logging_mixin.py:112} INFO - [2020-12-22 15:08:22,312] {batch.py:309} INFO - 2020-12-22 15:08:09,099 INFO spark.MapOutputTrackerMasterEndpoint: MapOutputTrackerMasterEndpoint stopped!
[2020-12-22 15:08:22,312] {logging_mixin.py:112} INFO - [2020-12-22 15:08:22,312] {batch.py:309} INFO - 2020-12-22 15:08:09,167 INFO memory.MemoryStore: MemoryStore cleared
[2020-12-22 15:08:22,312] {logging_mixin.py:112} INFO - [2020-12-22 15:08:22,312] {batch.py:309} INFO - 2020-12-22 15:08:09,168 INFO storage.BlockManager: BlockManager stopped
[2020-12-22 15:08:22,312] {logging_mixin.py:112} INFO - [2020-12-22 15:08:22,312] {batch.py:309} INFO - 2020-12-22 15:08:09,195 INFO storage.BlockManagerMaster: BlockManagerMaster stopped
[2020-12-22 15:08:22,312] {logging_mixin.py:112} INFO - [2020-12-22 15:08:22,312] {batch.py:309} INFO - 2020-12-22 15:08:09,204 INFO scheduler.OutputCommitCoordinator$OutputCommitCoordinatorEndpoint: OutputCommitCoordinator stopped!
[2020-12-22 15:08:22,313] {logging_mixin.py:112} INFO - [2020-12-22 15:08:22,313] {batch.py:309} INFO - 2020-12-22 15:08:09,245 INFO spark.SparkContext: Successfully stopped SparkContext
[2020-12-22 15:08:22,313] {logging_mixin.py:112} INFO - [2020-12-22 15:08:22,313] {batch.py:309} INFO - 2020-12-22 15:08:09,246 INFO util.ShutdownHookManager: Shutdown hook called
[2020-12-22 15:08:22,313] {logging_mixin.py:112} INFO - [2020-12-22 15:08:22,313] {batch.py:309} INFO - 2020-12-22 15:08:09,246 INFO util.ShutdownHookManager: Deleting directory /tmp/spark-4d0d2817-a1ac-40c7-9868-a234f3677c24/pyspark-8c291a1f-13b3-43fe-845f-dbce5e5716f8
[2020-12-22 15:08:22,313] {logging_mixin.py:112} INFO - [2020-12-22 15:08:22,313] {batch.py:309} INFO - 2020-12-22 15:08:09,260 INFO util.ShutdownHookManager: Deleting directory /tmp/spark-4d0d2817-a1ac-40c7-9868-a234f3677c24
[2020-12-22 15:08:22,313] {logging_mixin.py:112} INFO - [2020-12-22 15:08:22,313] {batch.py:309} INFO - 2020-12-22 15:08:09,264 INFO util.ShutdownHookManager: Deleting directory /tmp/spark-56cd300f-8bca-4215-95b9-14a4d86a823a
[2020-12-22 15:08:22,313] {logging_mixin.py:112} INFO - [2020-12-22 15:08:22,313] {batch.py:309} INFO - 2020-12-22 15:08:09,273 INFO impl.MetricsSystemImpl: Stopping s3a-file-system metrics system...
[2020-12-22 15:08:22,314] {logging_mixin.py:112} INFO - [2020-12-22 15:08:22,313] {batch.py:309} INFO - 2020-12-22 15:08:09,273 INFO impl.MetricsSystemImpl: s3a-file-system metrics system stopped.
[2020-12-22 15:08:22,324] {logging_mixin.py:112} INFO - [2020-12-22 15:08:22,323] {base_hook.py:84} INFO - Using connection to: id: livy. Host: ec2-3-236-26-7.compute-1.amazonaws.com, Port: 8998, Schema: None, Login: None, Password: None, extra: None
[2020-12-22 15:08:22,324] {logging_mixin.py:112} INFO - [2020-12-22 15:08:22,324] {http_hook.py:136} INFO - Sending 'GET' to url: http://ec2-3-236-26-7.compute-1.amazonaws.com:8998/batches/9/log?from=200&size=100
[2020-12-22 15:08:22,334] {logging_mixin.py:112} INFO - [2020-12-22 15:08:22,334] {batch.py:309} INFO - 2020-12-22 15:08:09,273 INFO impl.MetricsSystemImpl: s3a-file-system metrics system shutdown complete.
[2020-12-22 15:08:22,334] {logging_mixin.py:112} INFO - [2020-12-22 15:08:22,334] {batch.py:309} INFO - 
stderr: 
[2020-12-22 15:08:22,334] {logging_mixin.py:112} INFO - [2020-12-22 15:08:22,334] {batch.py:309} INFO - 
YARN Diagnostics: 
[2020-12-22 15:08:22,335] {logging_mixin.py:112} INFO - [2020-12-22 15:08:22,334] {batch.py:318} INFO - --------------------------------------------------End of full log for batch 9--------------------------------------------------
[2020-12-22 15:08:22,335] {logging_mixin.py:112} INFO - [2020-12-22 15:08:22,335] {batch.py:335} INFO - Closing batch with id = 9
[2020-12-22 15:08:22,345] {logging_mixin.py:112} INFO - [2020-12-22 15:08:22,345] {base_hook.py:84} INFO - Using connection to: id: livy. Host: ec2-3-236-26-7.compute-1.amazonaws.com, Port: 8998, Schema: None, Login: None, Password: None, extra: None
[2020-12-22 15:08:22,346] {logging_mixin.py:112} INFO - [2020-12-22 15:08:22,346] {http_hook.py:136} INFO - Sending 'DELETE' to url: http://ec2-3-236-26-7.compute-1.amazonaws.com:8998/batches/9
[2020-12-22 15:08:22,358] {logging_mixin.py:112} INFO - [2020-12-22 15:08:22,358] {batch.py:340} INFO - Batch 9 has been closed
[2020-12-22 15:08:22,365] {taskinstance.py:1128} ERROR - Batch 9 failed with state 'dead'
Traceback (most recent call last):
  File "/opt/bitnami/python/lib/python3.6/site-packages/airflow/models/taskinstance.py", line 966, in _run_raw_task
    result = task_copy.execute(context=context)
  File "/usr/local/airflow/plugins/airflow_livy/batch.py", line 173, in execute
    ).execute(context)
  File "/opt/bitnami/python/lib/python3.6/site-packages/airflow/sensors/base_sensor_operator.py", line 107, in execute
    while not self.poke(context):
  File "/usr/local/airflow/plugins/airflow_livy/batch.py", line 96, in poke
    raise AirflowException(f"Batch {self.batch_id} failed with state '{state}'")
airflow.exceptions.AirflowException: Batch 9 failed with state 'dead'
[2020-12-22 15:08:22,367] {taskinstance.py:1151} INFO - Marking task as UP_FOR_RETRY
[2020-12-22 15:08:27,118] {logging_mixin.py:112} INFO - [2020-12-22 15:08:27,117] {local_task_job.py:103} INFO - Task exited with return code 1
