[2020-12-21 15:26:15,482] {taskinstance.py:655} INFO - Dependencies all met for <TaskInstance: loan_prediction_train_model.preprocess_data 2020-12-21T15:06:04.546570+00:00 [queued]>
[2020-12-21 15:26:15,509] {taskinstance.py:655} INFO - Dependencies all met for <TaskInstance: loan_prediction_train_model.preprocess_data 2020-12-21T15:06:04.546570+00:00 [queued]>
[2020-12-21 15:26:15,509] {taskinstance.py:866} INFO - 
--------------------------------------------------------------------------------
[2020-12-21 15:26:15,509] {taskinstance.py:867} INFO - Starting attempt 11 of 12
[2020-12-21 15:26:15,509] {taskinstance.py:868} INFO - 
--------------------------------------------------------------------------------
[2020-12-21 15:26:15,526] {taskinstance.py:887} INFO - Executing <Task(LivyBatchOperator): preprocess_data> on 2020-12-21T15:06:04.546570+00:00
[2020-12-21 15:26:15,530] {standard_task_runner.py:53} INFO - Started process 1692 to run task
[2020-12-21 15:26:15,599] {logging_mixin.py:112} INFO - Running %s on host %s <TaskInstance: loan_prediction_train_model.preprocess_data 2020-12-21T15:06:04.546570+00:00 [running]> dcb43f18a24b
[2020-12-21 15:26:15,633] {logging_mixin.py:112} INFO - [2020-12-21 15:26:15,632] {batch.py:214} INFO - Submitting the batch to Livy... Payload:
{
  "file": "local:/dist/main.py",
  "args": [
    "-job=preprocess_data",
    "-phase=train",
    "-mode=aws",
    "-awsKey=AKIAUW4FKHTMR2UR3INH",
    "-awsSecretKey=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",
    "-s3Bucket=alanchn31-loan-default-prediction"
  ],
  "pyFiles": [
    "local:/dist/src.zip"
  ],
  "name": "preprocess_data_scheduled__2020-12-21T15:06:04.546570+00:00"
}
[2020-12-21 15:26:15,645] {logging_mixin.py:112} INFO - [2020-12-21 15:26:15,643] {base_hook.py:84} INFO - Using connection to: id: livy. Host: 3.238.254.96, Port: 8998, Schema: None, Login: None, Password: None, extra: None
[2020-12-21 15:26:15,649] {logging_mixin.py:112} INFO - [2020-12-21 15:26:15,649] {http_hook.py:136} INFO - Sending 'POST' to url: http://3.238.254.96:8998/batches
[2020-12-21 15:26:15,684] {logging_mixin.py:112} INFO - [2020-12-21 15:26:15,684] {batch.py:166} INFO - Batch successfully submitted with id = 1.
[2020-12-21 15:26:15,686] {logging_mixin.py:112} INFO - [2020-12-21 15:26:15,686] {batch.py:80} INFO - Getting batch 1 status...
[2020-12-21 15:26:15,702] {logging_mixin.py:112} INFO - [2020-12-21 15:26:15,701] {base_hook.py:84} INFO - Using connection to: id: livy. Host: 3.238.254.96, Port: 8998, Schema: None, Login: None, Password: None, extra: None
[2020-12-21 15:26:15,703] {logging_mixin.py:112} INFO - [2020-12-21 15:26:15,702] {http_hook.py:136} INFO - Sending 'GET' to url: http://3.238.254.96:8998/batches/1
[2020-12-21 15:26:15,762] {logging_mixin.py:112} INFO - [2020-12-21 15:26:15,761] {batch.py:90} INFO - Batch 1 has not finished yet (state is 'starting')
[2020-12-21 15:26:35,781] {logging_mixin.py:112} INFO - [2020-12-21 15:26:35,781] {batch.py:80} INFO - Getting batch 1 status...
[2020-12-21 15:26:35,788] {logging_mixin.py:112} INFO - [2020-12-21 15:26:35,788] {base_hook.py:84} INFO - Using connection to: id: livy. Host: 3.238.254.96, Port: 8998, Schema: None, Login: None, Password: None, extra: None
[2020-12-21 15:26:35,790] {logging_mixin.py:112} INFO - [2020-12-21 15:26:35,790] {http_hook.py:136} INFO - Sending 'GET' to url: http://3.238.254.96:8998/batches/1
[2020-12-21 15:26:35,800] {logging_mixin.py:112} INFO - [2020-12-21 15:26:35,800] {batch.py:299} INFO - --------------------------------------------------Full log for batch 1--------------------------------------------------
[2020-12-21 15:26:35,807] {logging_mixin.py:112} INFO - [2020-12-21 15:26:35,807] {base_hook.py:84} INFO - Using connection to: id: livy. Host: 3.238.254.96, Port: 8998, Schema: None, Login: None, Password: None, extra: None
[2020-12-21 15:26:35,808] {logging_mixin.py:112} INFO - [2020-12-21 15:26:35,808] {http_hook.py:136} INFO - Sending 'GET' to url: http://3.238.254.96:8998/batches/1/log?from=0&size=100
[2020-12-21 15:26:35,815] {logging_mixin.py:112} INFO - [2020-12-21 15:26:35,815] {batch.py:309} INFO - stdout: 
[2020-12-21 15:26:35,817] {logging_mixin.py:112} INFO - [2020-12-21 15:26:35,816] {batch.py:309} INFO - 2020-12-21 15:26:18,940 WARN util.NativeCodeLoader: Unable to load native-hadoop library for your platform... using builtin-java classes where applicable
[2020-12-21 15:26:35,817] {logging_mixin.py:112} INFO - [2020-12-21 15:26:35,817] {batch.py:309} INFO - python: can't open file '/dist/main.py': [Errno 2] No such file or directory
[2020-12-21 15:26:35,817] {logging_mixin.py:112} INFO - [2020-12-21 15:26:35,817] {batch.py:309} INFO - 2020-12-21 15:26:19,251 INFO util.ShutdownHookManager: Shutdown hook called
[2020-12-21 15:26:35,817] {logging_mixin.py:112} INFO - [2020-12-21 15:26:35,817] {batch.py:309} INFO - 2020-12-21 15:26:19,253 INFO util.ShutdownHookManager: Deleting directory /tmp/spark-5cc60848-9bad-4305-aff9-ec7006c186d9
[2020-12-21 15:26:35,817] {logging_mixin.py:112} INFO - [2020-12-21 15:26:35,817] {batch.py:309} INFO - 
stderr: 
[2020-12-21 15:26:35,818] {logging_mixin.py:112} INFO - [2020-12-21 15:26:35,817] {batch.py:309} INFO - 
YARN Diagnostics: 
[2020-12-21 15:26:35,818] {logging_mixin.py:112} INFO - [2020-12-21 15:26:35,818] {batch.py:309} INFO - spark-submit start failed
[2020-12-21 15:26:35,818] {logging_mixin.py:112} INFO - [2020-12-21 15:26:35,818] {batch.py:318} INFO - --------------------------------------------------End of full log for batch 1--------------------------------------------------
[2020-12-21 15:26:35,818] {logging_mixin.py:112} INFO - [2020-12-21 15:26:35,818] {batch.py:335} INFO - Closing batch with id = 1
[2020-12-21 15:26:35,825] {logging_mixin.py:112} INFO - [2020-12-21 15:26:35,825] {base_hook.py:84} INFO - Using connection to: id: livy. Host: 3.238.254.96, Port: 8998, Schema: None, Login: None, Password: None, extra: None
[2020-12-21 15:26:35,826] {logging_mixin.py:112} INFO - [2020-12-21 15:26:35,826] {http_hook.py:136} INFO - Sending 'DELETE' to url: http://3.238.254.96:8998/batches/1
[2020-12-21 15:26:35,835] {logging_mixin.py:112} INFO - [2020-12-21 15:26:35,834] {batch.py:340} INFO - Batch 1 has been closed
[2020-12-21 15:26:35,844] {taskinstance.py:1128} ERROR - Batch 1 failed with state 'dead'
Traceback (most recent call last):
  File "/opt/bitnami/python/lib/python3.6/site-packages/airflow/models/taskinstance.py", line 966, in _run_raw_task
    result = task_copy.execute(context=context)
  File "/usr/local/airflow/plugins/airflow_livy/batch.py", line 173, in execute
    ).execute(context)
  File "/opt/bitnami/python/lib/python3.6/site-packages/airflow/sensors/base_sensor_operator.py", line 107, in execute
    while not self.poke(context):
  File "/usr/local/airflow/plugins/airflow_livy/batch.py", line 96, in poke
    raise AirflowException(f"Batch {self.batch_id} failed with state '{state}'")
airflow.exceptions.AirflowException: Batch 1 failed with state 'dead'
[2020-12-21 15:26:35,846] {taskinstance.py:1151} INFO - Marking task as UP_FOR_RETRY
[2020-12-21 15:26:40,544] {logging_mixin.py:112} INFO - [2020-12-21 15:26:40,544] {local_task_job.py:103} INFO - Task exited with return code 1
