[2020-12-21 15:27:39,483] {taskinstance.py:655} INFO - Dependencies all met for <TaskInstance: loan_prediction_train_model.preprocess_data 2020-12-21T15:06:04.546570+00:00 [queued]>
[2020-12-21 15:27:39,497] {taskinstance.py:655} INFO - Dependencies all met for <TaskInstance: loan_prediction_train_model.preprocess_data 2020-12-21T15:06:04.546570+00:00 [queued]>
[2020-12-21 15:27:39,498] {taskinstance.py:866} INFO - 
--------------------------------------------------------------------------------
[2020-12-21 15:27:39,498] {taskinstance.py:867} INFO - Starting attempt 12 of 12
[2020-12-21 15:27:39,498] {taskinstance.py:868} INFO - 
--------------------------------------------------------------------------------
[2020-12-21 15:27:39,509] {taskinstance.py:887} INFO - Executing <Task(LivyBatchOperator): preprocess_data> on 2020-12-21T15:06:04.546570+00:00
[2020-12-21 15:27:39,512] {standard_task_runner.py:53} INFO - Started process 2557 to run task
[2020-12-21 15:27:39,569] {logging_mixin.py:112} INFO - Running %s on host %s <TaskInstance: loan_prediction_train_model.preprocess_data 2020-12-21T15:06:04.546570+00:00 [running]> dcb43f18a24b
[2020-12-21 15:27:39,591] {logging_mixin.py:112} INFO - [2020-12-21 15:27:39,590] {batch.py:214} INFO - Submitting the batch to Livy... Payload:
{
  "file": "local:/dist/main.py",
  "args": [
    "-job=preprocess_data",
    "-phase=train",
    "-mode=aws",
    "-awsKey=AKIAUW4FKHTMR2UR3INH",
    "-awsSecretKey=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",
    "-s3Bucket=alanchn31-loan-default-prediction"
  ],
  "pyFiles": [
    "local:/dist/src.zip"
  ],
  "name": "preprocess_data_scheduled__2020-12-21T15:06:04.546570+00:00"
}
[2020-12-21 15:27:39,600] {logging_mixin.py:112} INFO - [2020-12-21 15:27:39,599] {base_hook.py:84} INFO - Using connection to: id: livy. Host: 3.238.254.96, Port: 8998, Schema: None, Login: None, Password: None, extra: None
[2020-12-21 15:27:39,602] {logging_mixin.py:112} INFO - [2020-12-21 15:27:39,602] {http_hook.py:136} INFO - Sending 'POST' to url: http://3.238.254.96:8998/batches
[2020-12-21 15:27:39,629] {logging_mixin.py:112} INFO - [2020-12-21 15:27:39,629] {batch.py:166} INFO - Batch successfully submitted with id = 2.
[2020-12-21 15:27:39,631] {logging_mixin.py:112} INFO - [2020-12-21 15:27:39,630] {batch.py:80} INFO - Getting batch 2 status...
[2020-12-21 15:27:39,639] {logging_mixin.py:112} INFO - [2020-12-21 15:27:39,639] {base_hook.py:84} INFO - Using connection to: id: livy. Host: 3.238.254.96, Port: 8998, Schema: None, Login: None, Password: None, extra: None
[2020-12-21 15:27:39,642] {logging_mixin.py:112} INFO - [2020-12-21 15:27:39,642] {http_hook.py:136} INFO - Sending 'GET' to url: http://3.238.254.96:8998/batches/2
[2020-12-21 15:27:39,656] {logging_mixin.py:112} INFO - [2020-12-21 15:27:39,656] {batch.py:90} INFO - Batch 2 has not finished yet (state is 'starting')
[2020-12-21 15:27:59,673] {logging_mixin.py:112} INFO - [2020-12-21 15:27:59,673] {batch.py:80} INFO - Getting batch 2 status...
[2020-12-21 15:27:59,685] {logging_mixin.py:112} INFO - [2020-12-21 15:27:59,685] {base_hook.py:84} INFO - Using connection to: id: livy. Host: 3.238.254.96, Port: 8998, Schema: None, Login: None, Password: None, extra: None
[2020-12-21 15:27:59,687] {logging_mixin.py:112} INFO - [2020-12-21 15:27:59,687] {http_hook.py:136} INFO - Sending 'GET' to url: http://3.238.254.96:8998/batches/2
[2020-12-21 15:27:59,705] {logging_mixin.py:112} INFO - [2020-12-21 15:27:59,705] {batch.py:299} INFO - --------------------------------------------------Full log for batch 2--------------------------------------------------
[2020-12-21 15:27:59,717] {logging_mixin.py:112} INFO - [2020-12-21 15:27:59,717] {base_hook.py:84} INFO - Using connection to: id: livy. Host: 3.238.254.96, Port: 8998, Schema: None, Login: None, Password: None, extra: None
[2020-12-21 15:27:59,719] {logging_mixin.py:112} INFO - [2020-12-21 15:27:59,719] {http_hook.py:136} INFO - Sending 'GET' to url: http://3.238.254.96:8998/batches/2/log?from=0&size=100
[2020-12-21 15:27:59,732] {logging_mixin.py:112} INFO - [2020-12-21 15:27:59,731] {batch.py:309} INFO - stdout: 
[2020-12-21 15:27:59,732] {logging_mixin.py:112} INFO - [2020-12-21 15:27:59,732] {batch.py:309} INFO - 2020-12-21 15:27:41,449 WARN util.NativeCodeLoader: Unable to load native-hadoop library for your platform... using builtin-java classes where applicable
[2020-12-21 15:27:59,732] {logging_mixin.py:112} INFO - [2020-12-21 15:27:59,732] {batch.py:309} INFO - python: can't open file '/dist/main.py': [Errno 2] No such file or directory
[2020-12-21 15:27:59,732] {logging_mixin.py:112} INFO - [2020-12-21 15:27:59,732] {batch.py:309} INFO - 2020-12-21 15:27:41,724 INFO util.ShutdownHookManager: Shutdown hook called
[2020-12-21 15:27:59,733] {logging_mixin.py:112} INFO - [2020-12-21 15:27:59,732] {batch.py:309} INFO - 2020-12-21 15:27:41,725 INFO util.ShutdownHookManager: Deleting directory /tmp/spark-165e9f09-3984-4c25-ba57-7db54b5aa2e3
[2020-12-21 15:27:59,733] {logging_mixin.py:112} INFO - [2020-12-21 15:27:59,733] {batch.py:309} INFO - 
stderr: 
[2020-12-21 15:27:59,733] {logging_mixin.py:112} INFO - [2020-12-21 15:27:59,733] {batch.py:309} INFO - 
YARN Diagnostics: 
[2020-12-21 15:27:59,733] {logging_mixin.py:112} INFO - [2020-12-21 15:27:59,733] {batch.py:309} INFO - spark-submit start failed
[2020-12-21 15:27:59,733] {logging_mixin.py:112} INFO - [2020-12-21 15:27:59,733] {batch.py:318} INFO - --------------------------------------------------End of full log for batch 2--------------------------------------------------
[2020-12-21 15:27:59,733] {logging_mixin.py:112} INFO - [2020-12-21 15:27:59,733] {batch.py:335} INFO - Closing batch with id = 2
[2020-12-21 15:27:59,743] {logging_mixin.py:112} INFO - [2020-12-21 15:27:59,743] {base_hook.py:84} INFO - Using connection to: id: livy. Host: 3.238.254.96, Port: 8998, Schema: None, Login: None, Password: None, extra: None
[2020-12-21 15:27:59,745] {logging_mixin.py:112} INFO - [2020-12-21 15:27:59,745] {http_hook.py:136} INFO - Sending 'DELETE' to url: http://3.238.254.96:8998/batches/2
[2020-12-21 15:27:59,755] {logging_mixin.py:112} INFO - [2020-12-21 15:27:59,754] {batch.py:340} INFO - Batch 2 has been closed
[2020-12-21 15:27:59,773] {taskinstance.py:1128} ERROR - Batch 2 failed with state 'dead'
Traceback (most recent call last):
  File "/opt/bitnami/python/lib/python3.6/site-packages/airflow/models/taskinstance.py", line 966, in _run_raw_task
    result = task_copy.execute(context=context)
  File "/usr/local/airflow/plugins/airflow_livy/batch.py", line 173, in execute
    ).execute(context)
  File "/opt/bitnami/python/lib/python3.6/site-packages/airflow/sensors/base_sensor_operator.py", line 107, in execute
    while not self.poke(context):
  File "/usr/local/airflow/plugins/airflow_livy/batch.py", line 96, in poke
    raise AirflowException(f"Batch {self.batch_id} failed with state '{state}'")
airflow.exceptions.AirflowException: Batch 2 failed with state 'dead'
[2020-12-21 15:27:59,777] {taskinstance.py:1170} INFO - All retries failed; marking task as FAILED.dag_id=loan_prediction_train_model, task_id=preprocess_data, execution_date=20201221T150604, start_date=20201221T152739, end_date=20201221T152759
[2020-12-21 15:28:04,533] {logging_mixin.py:112} INFO - [2020-12-21 15:28:04,533] {local_task_job.py:103} INFO - Task exited with return code 1
