[2020-12-21 15:33:45,888] {taskinstance.py:655} INFO - Dependencies all met for <TaskInstance: loan_prediction_train_model.preprocess_data 2020-12-21T15:06:04.546570+00:00 [queued]>
[2020-12-21 15:33:45,903] {taskinstance.py:655} INFO - Dependencies all met for <TaskInstance: loan_prediction_train_model.preprocess_data 2020-12-21T15:06:04.546570+00:00 [queued]>
[2020-12-21 15:33:45,904] {taskinstance.py:866} INFO - 
--------------------------------------------------------------------------------
[2020-12-21 15:33:45,905] {taskinstance.py:867} INFO - Starting attempt 14 of 18
[2020-12-21 15:33:45,905] {taskinstance.py:868} INFO - 
--------------------------------------------------------------------------------
[2020-12-21 15:33:45,917] {taskinstance.py:887} INFO - Executing <Task(LivyBatchOperator): preprocess_data> on 2020-12-21T15:06:04.546570+00:00
[2020-12-21 15:33:45,921] {standard_task_runner.py:53} INFO - Started process 6298 to run task
[2020-12-21 15:33:45,986] {logging_mixin.py:112} INFO - Running %s on host %s <TaskInstance: loan_prediction_train_model.preprocess_data 2020-12-21T15:06:04.546570+00:00 [running]> dcb43f18a24b
[2020-12-21 15:33:46,016] {logging_mixin.py:112} INFO - [2020-12-21 15:33:46,016] {batch.py:214} INFO - Submitting the batch to Livy... Payload:
{
  "file": "local:/airflow/dist/main.py",
  "args": [
    "-job=preprocess_data",
    "-phase=train",
    "-mode=aws",
    "-awsKey=AKIAUW4FKHTMR2UR3INH",
    "-awsSecretKey=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",
    "-s3Bucket=alanchn31-loan-default-prediction"
  ],
  "pyFiles": [
    "local:/airflow/dist/src.zip"
  ],
  "name": "preprocess_data_scheduled__2020-12-21T15:06:04.546570+00:00"
}
[2020-12-21 15:33:46,029] {logging_mixin.py:112} INFO - [2020-12-21 15:33:46,028] {base_hook.py:84} INFO - Using connection to: id: livy. Host: 3.238.254.96, Port: 8998, Schema: None, Login: None, Password: None, extra: None
[2020-12-21 15:33:46,039] {logging_mixin.py:112} INFO - [2020-12-21 15:33:46,038] {http_hook.py:136} INFO - Sending 'POST' to url: http://3.238.254.96:8998/batches
[2020-12-21 15:33:46,073] {logging_mixin.py:112} INFO - [2020-12-21 15:33:46,072] {batch.py:166} INFO - Batch successfully submitted with id = 4.
[2020-12-21 15:33:46,076] {logging_mixin.py:112} INFO - [2020-12-21 15:33:46,075] {batch.py:80} INFO - Getting batch 4 status...
[2020-12-21 15:33:46,086] {logging_mixin.py:112} INFO - [2020-12-21 15:33:46,086] {base_hook.py:84} INFO - Using connection to: id: livy. Host: 3.238.254.96, Port: 8998, Schema: None, Login: None, Password: None, extra: None
[2020-12-21 15:33:46,087] {logging_mixin.py:112} INFO - [2020-12-21 15:33:46,087] {http_hook.py:136} INFO - Sending 'GET' to url: http://3.238.254.96:8998/batches/4
[2020-12-21 15:33:46,111] {logging_mixin.py:112} INFO - [2020-12-21 15:33:46,111] {batch.py:90} INFO - Batch 4 has not finished yet (state is 'starting')
[2020-12-21 15:34:06,132] {logging_mixin.py:112} INFO - [2020-12-21 15:34:06,131] {batch.py:80} INFO - Getting batch 4 status...
[2020-12-21 15:34:06,140] {logging_mixin.py:112} INFO - [2020-12-21 15:34:06,139] {base_hook.py:84} INFO - Using connection to: id: livy. Host: 3.238.254.96, Port: 8998, Schema: None, Login: None, Password: None, extra: None
[2020-12-21 15:34:06,142] {logging_mixin.py:112} INFO - [2020-12-21 15:34:06,142] {http_hook.py:136} INFO - Sending 'GET' to url: http://3.238.254.96:8998/batches/4
[2020-12-21 15:34:06,152] {logging_mixin.py:112} INFO - [2020-12-21 15:34:06,152] {batch.py:299} INFO - --------------------------------------------------Full log for batch 4--------------------------------------------------
[2020-12-21 15:34:06,162] {logging_mixin.py:112} INFO - [2020-12-21 15:34:06,162] {base_hook.py:84} INFO - Using connection to: id: livy. Host: 3.238.254.96, Port: 8998, Schema: None, Login: None, Password: None, extra: None
[2020-12-21 15:34:06,163] {logging_mixin.py:112} INFO - [2020-12-21 15:34:06,163] {http_hook.py:136} INFO - Sending 'GET' to url: http://3.238.254.96:8998/batches/4/log?from=0&size=100
[2020-12-21 15:34:06,171] {logging_mixin.py:112} INFO - [2020-12-21 15:34:06,171] {batch.py:309} INFO - stdout: 
[2020-12-21 15:34:06,172] {logging_mixin.py:112} INFO - [2020-12-21 15:34:06,171] {batch.py:309} INFO - 2020-12-21 15:33:47,822 WARN util.NativeCodeLoader: Unable to load native-hadoop library for your platform... using builtin-java classes where applicable
[2020-12-21 15:34:06,172] {logging_mixin.py:112} INFO - [2020-12-21 15:34:06,172] {batch.py:309} INFO - python: can't open file '/airflow/dist/main.py': [Errno 2] No such file or directory
[2020-12-21 15:34:06,172] {logging_mixin.py:112} INFO - [2020-12-21 15:34:06,172] {batch.py:309} INFO - 2020-12-21 15:33:48,166 INFO util.ShutdownHookManager: Shutdown hook called
[2020-12-21 15:34:06,172] {logging_mixin.py:112} INFO - [2020-12-21 15:34:06,172] {batch.py:309} INFO - 2020-12-21 15:33:48,168 INFO util.ShutdownHookManager: Deleting directory /tmp/spark-53e2575b-a57a-4699-87ce-587280358950
[2020-12-21 15:34:06,173] {logging_mixin.py:112} INFO - [2020-12-21 15:34:06,172] {batch.py:309} INFO - 
stderr: 
[2020-12-21 15:34:06,173] {logging_mixin.py:112} INFO - [2020-12-21 15:34:06,173] {batch.py:309} INFO - 
YARN Diagnostics: 
[2020-12-21 15:34:06,173] {logging_mixin.py:112} INFO - [2020-12-21 15:34:06,173] {batch.py:309} INFO - spark-submit start failed
[2020-12-21 15:34:06,173] {logging_mixin.py:112} INFO - [2020-12-21 15:34:06,173] {batch.py:318} INFO - --------------------------------------------------End of full log for batch 4--------------------------------------------------
[2020-12-21 15:34:06,173] {logging_mixin.py:112} INFO - [2020-12-21 15:34:06,173] {batch.py:335} INFO - Closing batch with id = 4
[2020-12-21 15:34:06,182] {logging_mixin.py:112} INFO - [2020-12-21 15:34:06,182] {base_hook.py:84} INFO - Using connection to: id: livy. Host: 3.238.254.96, Port: 8998, Schema: None, Login: None, Password: None, extra: None
[2020-12-21 15:34:06,183] {logging_mixin.py:112} INFO - [2020-12-21 15:34:06,183] {http_hook.py:136} INFO - Sending 'DELETE' to url: http://3.238.254.96:8998/batches/4
[2020-12-21 15:34:06,192] {logging_mixin.py:112} INFO - [2020-12-21 15:34:06,192] {batch.py:340} INFO - Batch 4 has been closed
[2020-12-21 15:34:06,202] {taskinstance.py:1128} ERROR - Batch 4 failed with state 'dead'
Traceback (most recent call last):
  File "/opt/bitnami/python/lib/python3.6/site-packages/airflow/models/taskinstance.py", line 966, in _run_raw_task
    result = task_copy.execute(context=context)
  File "/usr/local/airflow/plugins/airflow_livy/batch.py", line 173, in execute
    ).execute(context)
  File "/opt/bitnami/python/lib/python3.6/site-packages/airflow/sensors/base_sensor_operator.py", line 107, in execute
    while not self.poke(context):
  File "/usr/local/airflow/plugins/airflow_livy/batch.py", line 96, in poke
    raise AirflowException(f"Batch {self.batch_id} failed with state '{state}'")
airflow.exceptions.AirflowException: Batch 4 failed with state 'dead'
[2020-12-21 15:34:06,205] {taskinstance.py:1151} INFO - Marking task as UP_FOR_RETRY
[2020-12-21 15:34:10,937] {logging_mixin.py:112} INFO - [2020-12-21 15:34:10,937] {local_task_job.py:103} INFO - Task exited with return code 1
