[2020-12-21 15:35:10,167] {taskinstance.py:655} INFO - Dependencies all met for <TaskInstance: loan_prediction_train_model.preprocess_data 2020-12-21T15:06:04.546570+00:00 [queued]>
[2020-12-21 15:35:10,183] {taskinstance.py:655} INFO - Dependencies all met for <TaskInstance: loan_prediction_train_model.preprocess_data 2020-12-21T15:06:04.546570+00:00 [queued]>
[2020-12-21 15:35:10,183] {taskinstance.py:866} INFO - 
--------------------------------------------------------------------------------
[2020-12-21 15:35:10,183] {taskinstance.py:867} INFO - Starting attempt 15 of 18
[2020-12-21 15:35:10,183] {taskinstance.py:868} INFO - 
--------------------------------------------------------------------------------
[2020-12-21 15:35:10,196] {taskinstance.py:887} INFO - Executing <Task(LivyBatchOperator): preprocess_data> on 2020-12-21T15:06:04.546570+00:00
[2020-12-21 15:35:10,199] {standard_task_runner.py:53} INFO - Started process 7175 to run task
[2020-12-21 15:35:10,263] {logging_mixin.py:112} INFO - Running %s on host %s <TaskInstance: loan_prediction_train_model.preprocess_data 2020-12-21T15:06:04.546570+00:00 [running]> dcb43f18a24b
[2020-12-21 15:35:10,289] {logging_mixin.py:112} INFO - [2020-12-21 15:35:10,288] {batch.py:214} INFO - Submitting the batch to Livy... Payload:
{
  "file": "local:/usr/local/airflow/dist/main.py",
  "args": [
    "-job=preprocess_data",
    "-phase=train",
    "-mode=aws",
    "-awsKey=AKIAUW4FKHTMR2UR3INH",
    "-awsSecretKey=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",
    "-s3Bucket=alanchn31-loan-default-prediction"
  ],
  "pyFiles": [
    "local:/usr/local/airflow/dist/src.zip"
  ],
  "name": "preprocess_data_scheduled__2020-12-21T15:06:04.546570+00:00"
}
[2020-12-21 15:35:10,300] {logging_mixin.py:112} INFO - [2020-12-21 15:35:10,298] {base_hook.py:84} INFO - Using connection to: id: livy. Host: 3.238.254.96, Port: 8998, Schema: None, Login: None, Password: None, extra: None
[2020-12-21 15:35:10,302] {logging_mixin.py:112} INFO - [2020-12-21 15:35:10,302] {http_hook.py:136} INFO - Sending 'POST' to url: http://3.238.254.96:8998/batches
[2020-12-21 15:35:10,333] {logging_mixin.py:112} INFO - [2020-12-21 15:35:10,333] {batch.py:166} INFO - Batch successfully submitted with id = 5.
[2020-12-21 15:35:10,334] {logging_mixin.py:112} INFO - [2020-12-21 15:35:10,334] {batch.py:80} INFO - Getting batch 5 status...
[2020-12-21 15:35:10,348] {logging_mixin.py:112} INFO - [2020-12-21 15:35:10,348] {base_hook.py:84} INFO - Using connection to: id: livy. Host: 3.238.254.96, Port: 8998, Schema: None, Login: None, Password: None, extra: None
[2020-12-21 15:35:10,350] {logging_mixin.py:112} INFO - [2020-12-21 15:35:10,350] {http_hook.py:136} INFO - Sending 'GET' to url: http://3.238.254.96:8998/batches/5
[2020-12-21 15:35:10,364] {logging_mixin.py:112} INFO - [2020-12-21 15:35:10,364] {batch.py:90} INFO - Batch 5 has not finished yet (state is 'starting')
[2020-12-21 15:35:30,385] {logging_mixin.py:112} INFO - [2020-12-21 15:35:30,385] {batch.py:80} INFO - Getting batch 5 status...
[2020-12-21 15:35:30,399] {logging_mixin.py:112} INFO - [2020-12-21 15:35:30,399] {base_hook.py:84} INFO - Using connection to: id: livy. Host: 3.238.254.96, Port: 8998, Schema: None, Login: None, Password: None, extra: None
[2020-12-21 15:35:30,400] {logging_mixin.py:112} INFO - [2020-12-21 15:35:30,400] {http_hook.py:136} INFO - Sending 'GET' to url: http://3.238.254.96:8998/batches/5
[2020-12-21 15:35:30,425] {logging_mixin.py:112} INFO - [2020-12-21 15:35:30,425] {batch.py:299} INFO - --------------------------------------------------Full log for batch 5--------------------------------------------------
[2020-12-21 15:35:30,435] {logging_mixin.py:112} INFO - [2020-12-21 15:35:30,435] {base_hook.py:84} INFO - Using connection to: id: livy. Host: 3.238.254.96, Port: 8998, Schema: None, Login: None, Password: None, extra: None
[2020-12-21 15:35:30,437] {logging_mixin.py:112} INFO - [2020-12-21 15:35:30,437] {http_hook.py:136} INFO - Sending 'GET' to url: http://3.238.254.96:8998/batches/5/log?from=0&size=100
[2020-12-21 15:35:30,445] {logging_mixin.py:112} INFO - [2020-12-21 15:35:30,445] {batch.py:309} INFO - stdout: 
[2020-12-21 15:35:30,445] {logging_mixin.py:112} INFO - [2020-12-21 15:35:30,445] {batch.py:309} INFO - 2020-12-21 15:35:13,120 WARN util.NativeCodeLoader: Unable to load native-hadoop library for your platform... using builtin-java classes where applicable
[2020-12-21 15:35:30,446] {logging_mixin.py:112} INFO - [2020-12-21 15:35:30,446] {batch.py:309} INFO - python: can't open file '/usr/local/airflow/dist/main.py': [Errno 2] No such file or directory
[2020-12-21 15:35:30,446] {logging_mixin.py:112} INFO - [2020-12-21 15:35:30,446] {batch.py:309} INFO - 2020-12-21 15:35:13,433 INFO util.ShutdownHookManager: Shutdown hook called
[2020-12-21 15:35:30,446] {logging_mixin.py:112} INFO - [2020-12-21 15:35:30,446] {batch.py:309} INFO - 2020-12-21 15:35:13,435 INFO util.ShutdownHookManager: Deleting directory /tmp/spark-401d1e99-5eb7-48bc-8b60-97a3baba624e
[2020-12-21 15:35:30,446] {logging_mixin.py:112} INFO - [2020-12-21 15:35:30,446] {batch.py:309} INFO - 
stderr: 
[2020-12-21 15:35:30,446] {logging_mixin.py:112} INFO - [2020-12-21 15:35:30,446] {batch.py:309} INFO - 
YARN Diagnostics: 
[2020-12-21 15:35:30,447] {logging_mixin.py:112} INFO - [2020-12-21 15:35:30,447] {batch.py:309} INFO - spark-submit start failed
[2020-12-21 15:35:30,447] {logging_mixin.py:112} INFO - [2020-12-21 15:35:30,447] {batch.py:318} INFO - --------------------------------------------------End of full log for batch 5--------------------------------------------------
[2020-12-21 15:35:30,447] {logging_mixin.py:112} INFO - [2020-12-21 15:35:30,447] {batch.py:335} INFO - Closing batch with id = 5
[2020-12-21 15:35:30,457] {logging_mixin.py:112} INFO - [2020-12-21 15:35:30,457] {base_hook.py:84} INFO - Using connection to: id: livy. Host: 3.238.254.96, Port: 8998, Schema: None, Login: None, Password: None, extra: None
[2020-12-21 15:35:30,458] {logging_mixin.py:112} INFO - [2020-12-21 15:35:30,458] {http_hook.py:136} INFO - Sending 'DELETE' to url: http://3.238.254.96:8998/batches/5
[2020-12-21 15:35:30,472] {logging_mixin.py:112} INFO - [2020-12-21 15:35:30,471] {batch.py:340} INFO - Batch 5 has been closed
[2020-12-21 15:35:30,481] {taskinstance.py:1128} ERROR - Batch 5 failed with state 'dead'
Traceback (most recent call last):
  File "/opt/bitnami/python/lib/python3.6/site-packages/airflow/models/taskinstance.py", line 966, in _run_raw_task
    result = task_copy.execute(context=context)
  File "/usr/local/airflow/plugins/airflow_livy/batch.py", line 173, in execute
    ).execute(context)
  File "/opt/bitnami/python/lib/python3.6/site-packages/airflow/sensors/base_sensor_operator.py", line 107, in execute
    while not self.poke(context):
  File "/usr/local/airflow/plugins/airflow_livy/batch.py", line 96, in poke
    raise AirflowException(f"Batch {self.batch_id} failed with state '{state}'")
airflow.exceptions.AirflowException: Batch 5 failed with state 'dead'
[2020-12-21 15:35:30,483] {taskinstance.py:1151} INFO - Marking task as UP_FOR_RETRY
[2020-12-21 15:35:35,217] {logging_mixin.py:112} INFO - [2020-12-21 15:35:35,217] {local_task_job.py:103} INFO - Task exited with return code 1
