[2020-12-21 15:36:34,193] {taskinstance.py:655} INFO - Dependencies all met for <TaskInstance: loan_prediction_train_model.preprocess_data 2020-12-21T15:06:04.546570+00:00 [queued]>
[2020-12-21 15:36:34,208] {taskinstance.py:655} INFO - Dependencies all met for <TaskInstance: loan_prediction_train_model.preprocess_data 2020-12-21T15:06:04.546570+00:00 [queued]>
[2020-12-21 15:36:34,208] {taskinstance.py:866} INFO - 
--------------------------------------------------------------------------------
[2020-12-21 15:36:34,209] {taskinstance.py:867} INFO - Starting attempt 16 of 18
[2020-12-21 15:36:34,209] {taskinstance.py:868} INFO - 
--------------------------------------------------------------------------------
[2020-12-21 15:36:34,222] {taskinstance.py:887} INFO - Executing <Task(LivyBatchOperator): preprocess_data> on 2020-12-21T15:06:04.546570+00:00
[2020-12-21 15:36:34,226] {standard_task_runner.py:53} INFO - Started process 8039 to run task
[2020-12-21 15:36:34,289] {logging_mixin.py:112} INFO - Running %s on host %s <TaskInstance: loan_prediction_train_model.preprocess_data 2020-12-21T15:06:04.546570+00:00 [running]> dcb43f18a24b
[2020-12-21 15:36:34,315] {logging_mixin.py:112} INFO - [2020-12-21 15:36:34,314] {batch.py:214} INFO - Submitting the batch to Livy... Payload:
{
  "file": "local:/usr/local/airflow/dist/main.py",
  "args": [
    "-job=preprocess_data",
    "-phase=train",
    "-mode=aws",
    "-awsKey=AKIAUW4FKHTMR2UR3INH",
    "-awsSecretKey=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",
    "-s3Bucket=alanchn31-loan-default-prediction"
  ],
  "pyFiles": [
    "local:/usr/local/airflow/dist/src.zip"
  ],
  "name": "preprocess_data_scheduled__2020-12-21T15:06:04.546570+00:00"
}
[2020-12-21 15:36:34,326] {logging_mixin.py:112} INFO - [2020-12-21 15:36:34,324] {base_hook.py:84} INFO - Using connection to: id: livy. Host: 3.238.254.96, Port: 8998, Schema: None, Login: None, Password: None, extra: None
[2020-12-21 15:36:34,328] {logging_mixin.py:112} INFO - [2020-12-21 15:36:34,328] {http_hook.py:136} INFO - Sending 'POST' to url: http://3.238.254.96:8998/batches
[2020-12-21 15:36:34,353] {logging_mixin.py:112} INFO - [2020-12-21 15:36:34,353] {batch.py:166} INFO - Batch successfully submitted with id = 6.
[2020-12-21 15:36:34,354] {logging_mixin.py:112} INFO - [2020-12-21 15:36:34,354] {batch.py:80} INFO - Getting batch 6 status...
[2020-12-21 15:36:34,362] {logging_mixin.py:112} INFO - [2020-12-21 15:36:34,362] {base_hook.py:84} INFO - Using connection to: id: livy. Host: 3.238.254.96, Port: 8998, Schema: None, Login: None, Password: None, extra: None
[2020-12-21 15:36:34,363] {logging_mixin.py:112} INFO - [2020-12-21 15:36:34,363] {http_hook.py:136} INFO - Sending 'GET' to url: http://3.238.254.96:8998/batches/6
[2020-12-21 15:36:34,373] {logging_mixin.py:112} INFO - [2020-12-21 15:36:34,373] {batch.py:90} INFO - Batch 6 has not finished yet (state is 'starting')
[2020-12-21 15:36:54,395] {logging_mixin.py:112} INFO - [2020-12-21 15:36:54,395] {batch.py:80} INFO - Getting batch 6 status...
[2020-12-21 15:36:54,403] {logging_mixin.py:112} INFO - [2020-12-21 15:36:54,403] {base_hook.py:84} INFO - Using connection to: id: livy. Host: 3.238.254.96, Port: 8998, Schema: None, Login: None, Password: None, extra: None
[2020-12-21 15:36:54,405] {logging_mixin.py:112} INFO - [2020-12-21 15:36:54,405] {http_hook.py:136} INFO - Sending 'GET' to url: http://3.238.254.96:8998/batches/6
[2020-12-21 15:36:54,415] {logging_mixin.py:112} INFO - [2020-12-21 15:36:54,415] {batch.py:299} INFO - --------------------------------------------------Full log for batch 6--------------------------------------------------
[2020-12-21 15:36:54,428] {logging_mixin.py:112} INFO - [2020-12-21 15:36:54,428] {base_hook.py:84} INFO - Using connection to: id: livy. Host: 3.238.254.96, Port: 8998, Schema: None, Login: None, Password: None, extra: None
[2020-12-21 15:36:54,430] {logging_mixin.py:112} INFO - [2020-12-21 15:36:54,430] {http_hook.py:136} INFO - Sending 'GET' to url: http://3.238.254.96:8998/batches/6/log?from=0&size=100
[2020-12-21 15:36:54,437] {logging_mixin.py:112} INFO - [2020-12-21 15:36:54,437] {batch.py:309} INFO - stdout: 
[2020-12-21 15:36:54,437] {logging_mixin.py:112} INFO - [2020-12-21 15:36:54,437] {batch.py:309} INFO - 2020-12-21 15:36:36,111 WARN util.NativeCodeLoader: Unable to load native-hadoop library for your platform... using builtin-java classes where applicable
[2020-12-21 15:36:54,438] {logging_mixin.py:112} INFO - [2020-12-21 15:36:54,437] {batch.py:309} INFO - python: can't open file '/usr/local/airflow/dist/main.py': [Errno 2] No such file or directory
[2020-12-21 15:36:54,438] {logging_mixin.py:112} INFO - [2020-12-21 15:36:54,438] {batch.py:309} INFO - 2020-12-21 15:36:36,542 INFO util.ShutdownHookManager: Shutdown hook called
[2020-12-21 15:36:54,438] {logging_mixin.py:112} INFO - [2020-12-21 15:36:54,438] {batch.py:309} INFO - 2020-12-21 15:36:36,544 INFO util.ShutdownHookManager: Deleting directory /tmp/spark-55d82496-d9f1-485a-a9c4-ae627b0d742d
[2020-12-21 15:36:54,438] {logging_mixin.py:112} INFO - [2020-12-21 15:36:54,438] {batch.py:309} INFO - 
stderr: 
[2020-12-21 15:36:54,438] {logging_mixin.py:112} INFO - [2020-12-21 15:36:54,438] {batch.py:309} INFO - 
YARN Diagnostics: 
[2020-12-21 15:36:54,438] {logging_mixin.py:112} INFO - [2020-12-21 15:36:54,438] {batch.py:309} INFO - spark-submit start failed
[2020-12-21 15:36:54,439] {logging_mixin.py:112} INFO - [2020-12-21 15:36:54,438] {batch.py:318} INFO - --------------------------------------------------End of full log for batch 6--------------------------------------------------
[2020-12-21 15:36:54,439] {logging_mixin.py:112} INFO - [2020-12-21 15:36:54,439] {batch.py:335} INFO - Closing batch with id = 6
[2020-12-21 15:36:54,457] {logging_mixin.py:112} INFO - [2020-12-21 15:36:54,457] {base_hook.py:84} INFO - Using connection to: id: livy. Host: 3.238.254.96, Port: 8998, Schema: None, Login: None, Password: None, extra: None
[2020-12-21 15:36:54,458] {logging_mixin.py:112} INFO - [2020-12-21 15:36:54,458] {http_hook.py:136} INFO - Sending 'DELETE' to url: http://3.238.254.96:8998/batches/6
[2020-12-21 15:36:54,466] {logging_mixin.py:112} INFO - [2020-12-21 15:36:54,466] {batch.py:340} INFO - Batch 6 has been closed
[2020-12-21 15:36:54,478] {taskinstance.py:1128} ERROR - Batch 6 failed with state 'dead'
Traceback (most recent call last):
  File "/opt/bitnami/python/lib/python3.6/site-packages/airflow/models/taskinstance.py", line 966, in _run_raw_task
    result = task_copy.execute(context=context)
  File "/usr/local/airflow/plugins/airflow_livy/batch.py", line 173, in execute
    ).execute(context)
  File "/opt/bitnami/python/lib/python3.6/site-packages/airflow/sensors/base_sensor_operator.py", line 107, in execute
    while not self.poke(context):
  File "/usr/local/airflow/plugins/airflow_livy/batch.py", line 96, in poke
    raise AirflowException(f"Batch {self.batch_id} failed with state '{state}'")
airflow.exceptions.AirflowException: Batch 6 failed with state 'dead'
[2020-12-21 15:36:54,479] {taskinstance.py:1151} INFO - Marking task as UP_FOR_RETRY
[2020-12-21 15:36:59,273] {logging_mixin.py:112} INFO - [2020-12-21 15:36:59,273] {local_task_job.py:103} INFO - Task exited with return code 1
