[2020-12-21 15:37:58,149] {taskinstance.py:655} INFO - Dependencies all met for <TaskInstance: loan_prediction_train_model.preprocess_data 2020-12-21T15:06:04.546570+00:00 [queued]>
[2020-12-21 15:37:58,164] {taskinstance.py:655} INFO - Dependencies all met for <TaskInstance: loan_prediction_train_model.preprocess_data 2020-12-21T15:06:04.546570+00:00 [queued]>
[2020-12-21 15:37:58,165] {taskinstance.py:866} INFO - 
--------------------------------------------------------------------------------
[2020-12-21 15:37:58,166] {taskinstance.py:867} INFO - Starting attempt 17 of 18
[2020-12-21 15:37:58,166] {taskinstance.py:868} INFO - 
--------------------------------------------------------------------------------
[2020-12-21 15:37:58,177] {taskinstance.py:887} INFO - Executing <Task(LivyBatchOperator): preprocess_data> on 2020-12-21T15:06:04.546570+00:00
[2020-12-21 15:37:58,182] {standard_task_runner.py:53} INFO - Started process 8902 to run task
[2020-12-21 15:37:58,242] {logging_mixin.py:112} INFO - Running %s on host %s <TaskInstance: loan_prediction_train_model.preprocess_data 2020-12-21T15:06:04.546570+00:00 [running]> dcb43f18a24b
[2020-12-21 15:37:58,266] {logging_mixin.py:112} INFO - [2020-12-21 15:37:58,266] {batch.py:214} INFO - Submitting the batch to Livy... Payload:
{
  "file": "local:/usr/local/airflow/dist/main.py",
  "args": [
    "-job=preprocess_data",
    "-phase=train",
    "-mode=aws",
    "-awsKey=AKIAUW4FKHTMR2UR3INH",
    "-awsSecretKey=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",
    "-s3Bucket=alanchn31-loan-default-prediction"
  ],
  "pyFiles": [
    "local:/usr/local/airflow/dist/src.zip"
  ],
  "name": "preprocess_data_scheduled__2020-12-21T15:06:04.546570+00:00"
}
[2020-12-21 15:37:58,276] {logging_mixin.py:112} INFO - [2020-12-21 15:37:58,275] {base_hook.py:84} INFO - Using connection to: id: livy. Host: 3.238.254.96, Port: 8998, Schema: None, Login: None, Password: None, extra: None
[2020-12-21 15:37:58,279] {logging_mixin.py:112} INFO - [2020-12-21 15:37:58,279] {http_hook.py:136} INFO - Sending 'POST' to url: http://3.238.254.96:8998/batches
[2020-12-21 15:37:58,310] {logging_mixin.py:112} INFO - [2020-12-21 15:37:58,310] {batch.py:166} INFO - Batch successfully submitted with id = 7.
[2020-12-21 15:37:58,312] {logging_mixin.py:112} INFO - [2020-12-21 15:37:58,312] {batch.py:80} INFO - Getting batch 7 status...
[2020-12-21 15:37:58,320] {logging_mixin.py:112} INFO - [2020-12-21 15:37:58,319] {base_hook.py:84} INFO - Using connection to: id: livy. Host: 3.238.254.96, Port: 8998, Schema: None, Login: None, Password: None, extra: None
[2020-12-21 15:37:58,321] {logging_mixin.py:112} INFO - [2020-12-21 15:37:58,321] {http_hook.py:136} INFO - Sending 'GET' to url: http://3.238.254.96:8998/batches/7
[2020-12-21 15:37:58,334] {logging_mixin.py:112} INFO - [2020-12-21 15:37:58,334] {batch.py:90} INFO - Batch 7 has not finished yet (state is 'starting')
[2020-12-21 15:38:18,352] {logging_mixin.py:112} INFO - [2020-12-21 15:38:18,352] {batch.py:80} INFO - Getting batch 7 status...
[2020-12-21 15:38:18,360] {logging_mixin.py:112} INFO - [2020-12-21 15:38:18,360] {base_hook.py:84} INFO - Using connection to: id: livy. Host: 3.238.254.96, Port: 8998, Schema: None, Login: None, Password: None, extra: None
[2020-12-21 15:38:18,362] {logging_mixin.py:112} INFO - [2020-12-21 15:38:18,362] {http_hook.py:136} INFO - Sending 'GET' to url: http://3.238.254.96:8998/batches/7
[2020-12-21 15:38:18,372] {logging_mixin.py:112} INFO - [2020-12-21 15:38:18,372] {batch.py:299} INFO - --------------------------------------------------Full log for batch 7--------------------------------------------------
[2020-12-21 15:38:18,379] {logging_mixin.py:112} INFO - [2020-12-21 15:38:18,379] {base_hook.py:84} INFO - Using connection to: id: livy. Host: 3.238.254.96, Port: 8998, Schema: None, Login: None, Password: None, extra: None
[2020-12-21 15:38:18,381] {logging_mixin.py:112} INFO - [2020-12-21 15:38:18,381] {http_hook.py:136} INFO - Sending 'GET' to url: http://3.238.254.96:8998/batches/7/log?from=0&size=100
[2020-12-21 15:38:18,388] {logging_mixin.py:112} INFO - [2020-12-21 15:38:18,388] {batch.py:309} INFO - stdout: 
[2020-12-21 15:38:18,390] {logging_mixin.py:112} INFO - [2020-12-21 15:38:18,390] {batch.py:309} INFO - 2020-12-21 15:38:00,079 WARN util.NativeCodeLoader: Unable to load native-hadoop library for your platform... using builtin-java classes where applicable
[2020-12-21 15:38:18,390] {logging_mixin.py:112} INFO - [2020-12-21 15:38:18,390] {batch.py:309} INFO - python: can't open file '/usr/local/airflow/dist/main.py': [Errno 2] No such file or directory
[2020-12-21 15:38:18,390] {logging_mixin.py:112} INFO - [2020-12-21 15:38:18,390] {batch.py:309} INFO - 2020-12-21 15:38:00,347 INFO util.ShutdownHookManager: Shutdown hook called
[2020-12-21 15:38:18,390] {logging_mixin.py:112} INFO - [2020-12-21 15:38:18,390] {batch.py:309} INFO - 2020-12-21 15:38:00,348 INFO util.ShutdownHookManager: Deleting directory /tmp/spark-ce539072-31c9-430a-bd2d-5e39cf33d2cd
[2020-12-21 15:38:18,391] {logging_mixin.py:112} INFO - [2020-12-21 15:38:18,391] {batch.py:309} INFO - 
stderr: 
[2020-12-21 15:38:18,391] {logging_mixin.py:112} INFO - [2020-12-21 15:38:18,391] {batch.py:309} INFO - 
YARN Diagnostics: 
[2020-12-21 15:38:18,391] {logging_mixin.py:112} INFO - [2020-12-21 15:38:18,391] {batch.py:309} INFO - spark-submit start failed
[2020-12-21 15:38:18,391] {logging_mixin.py:112} INFO - [2020-12-21 15:38:18,391] {batch.py:318} INFO - --------------------------------------------------End of full log for batch 7--------------------------------------------------
[2020-12-21 15:38:18,391] {logging_mixin.py:112} INFO - [2020-12-21 15:38:18,391] {batch.py:335} INFO - Closing batch with id = 7
[2020-12-21 15:38:18,401] {logging_mixin.py:112} INFO - [2020-12-21 15:38:18,400] {base_hook.py:84} INFO - Using connection to: id: livy. Host: 3.238.254.96, Port: 8998, Schema: None, Login: None, Password: None, extra: None
[2020-12-21 15:38:18,401] {logging_mixin.py:112} INFO - [2020-12-21 15:38:18,401] {http_hook.py:136} INFO - Sending 'DELETE' to url: http://3.238.254.96:8998/batches/7
[2020-12-21 15:38:18,412] {logging_mixin.py:112} INFO - [2020-12-21 15:38:18,412] {batch.py:340} INFO - Batch 7 has been closed
[2020-12-21 15:38:18,421] {taskinstance.py:1128} ERROR - Batch 7 failed with state 'dead'
Traceback (most recent call last):
  File "/opt/bitnami/python/lib/python3.6/site-packages/airflow/models/taskinstance.py", line 966, in _run_raw_task
    result = task_copy.execute(context=context)
  File "/usr/local/airflow/plugins/airflow_livy/batch.py", line 173, in execute
    ).execute(context)
  File "/opt/bitnami/python/lib/python3.6/site-packages/airflow/sensors/base_sensor_operator.py", line 107, in execute
    while not self.poke(context):
  File "/usr/local/airflow/plugins/airflow_livy/batch.py", line 96, in poke
    raise AirflowException(f"Batch {self.batch_id} failed with state '{state}'")
airflow.exceptions.AirflowException: Batch 7 failed with state 'dead'
[2020-12-21 15:38:18,423] {taskinstance.py:1151} INFO - Marking task as UP_FOR_RETRY
[2020-12-21 15:38:23,211] {logging_mixin.py:112} INFO - [2020-12-21 15:38:23,211] {local_task_job.py:103} INFO - Task exited with return code 1
