[2020-12-21 15:39:20,248] {taskinstance.py:655} INFO - Dependencies all met for <TaskInstance: loan_prediction_train_model.preprocess_data 2020-12-21T15:06:04.546570+00:00 [queued]>
[2020-12-21 15:39:20,264] {taskinstance.py:655} INFO - Dependencies all met for <TaskInstance: loan_prediction_train_model.preprocess_data 2020-12-21T15:06:04.546570+00:00 [queued]>
[2020-12-21 15:39:20,265] {taskinstance.py:866} INFO - 
--------------------------------------------------------------------------------
[2020-12-21 15:39:20,265] {taskinstance.py:867} INFO - Starting attempt 18 of 18
[2020-12-21 15:39:20,266] {taskinstance.py:868} INFO - 
--------------------------------------------------------------------------------
[2020-12-21 15:39:20,278] {taskinstance.py:887} INFO - Executing <Task(LivyBatchOperator): preprocess_data> on 2020-12-21T15:06:04.546570+00:00
[2020-12-21 15:39:20,283] {standard_task_runner.py:53} INFO - Started process 9737 to run task
[2020-12-21 15:39:20,348] {logging_mixin.py:112} INFO - Running %s on host %s <TaskInstance: loan_prediction_train_model.preprocess_data 2020-12-21T15:06:04.546570+00:00 [running]> dcb43f18a24b
[2020-12-21 15:39:20,416] {logging_mixin.py:112} INFO - [2020-12-21 15:39:20,415] {batch.py:214} INFO - Submitting the batch to Livy... Payload:
{
  "file": "local:/usr/local/airflow/dist/main.py",
  "args": [
    "-job=preprocess_data",
    "-phase=train",
    "-mode=aws",
    "-awsKey=AKIAUW4FKHTMR2UR3INH",
    "-awsSecretKey=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",
    "-s3Bucket=alanchn31-loan-default-prediction"
  ],
  "pyFiles": [
    "local:/usr/local/airflow/dist/src.zip"
  ],
  "name": "preprocess_data_scheduled__2020-12-21T15:06:04.546570+00:00"
}
[2020-12-21 15:39:20,440] {logging_mixin.py:112} INFO - [2020-12-21 15:39:20,438] {base_hook.py:84} INFO - Using connection to: id: livy. Host: 3.238.254.96, Port: 8998, Schema: None, Login: None, Password: None, extra: None
[2020-12-21 15:39:20,448] {logging_mixin.py:112} INFO - [2020-12-21 15:39:20,448] {http_hook.py:136} INFO - Sending 'POST' to url: http://3.238.254.96:8998/batches
[2020-12-21 15:39:20,517] {logging_mixin.py:112} INFO - [2020-12-21 15:39:20,517] {batch.py:166} INFO - Batch successfully submitted with id = 8.
[2020-12-21 15:39:20,524] {logging_mixin.py:112} INFO - [2020-12-21 15:39:20,524] {batch.py:80} INFO - Getting batch 8 status...
[2020-12-21 15:39:20,546] {logging_mixin.py:112} INFO - [2020-12-21 15:39:20,545] {base_hook.py:84} INFO - Using connection to: id: livy. Host: 3.238.254.96, Port: 8998, Schema: None, Login: None, Password: None, extra: None
[2020-12-21 15:39:20,548] {logging_mixin.py:112} INFO - [2020-12-21 15:39:20,548] {http_hook.py:136} INFO - Sending 'GET' to url: http://3.238.254.96:8998/batches/8
[2020-12-21 15:39:20,569] {logging_mixin.py:112} INFO - [2020-12-21 15:39:20,569] {batch.py:90} INFO - Batch 8 has not finished yet (state is 'starting')
[2020-12-21 15:39:40,594] {logging_mixin.py:112} INFO - [2020-12-21 15:39:40,593] {batch.py:80} INFO - Getting batch 8 status...
[2020-12-21 15:39:40,633] {logging_mixin.py:112} INFO - [2020-12-21 15:39:40,633] {base_hook.py:84} INFO - Using connection to: id: livy. Host: 3.238.254.96, Port: 8998, Schema: None, Login: None, Password: None, extra: None
[2020-12-21 15:39:40,635] {logging_mixin.py:112} INFO - [2020-12-21 15:39:40,635] {http_hook.py:136} INFO - Sending 'GET' to url: http://3.238.254.96:8998/batches/8
[2020-12-21 15:39:40,653] {logging_mixin.py:112} INFO - [2020-12-21 15:39:40,653] {batch.py:299} INFO - --------------------------------------------------Full log for batch 8--------------------------------------------------
[2020-12-21 15:39:40,666] {logging_mixin.py:112} INFO - [2020-12-21 15:39:40,666] {base_hook.py:84} INFO - Using connection to: id: livy. Host: 3.238.254.96, Port: 8998, Schema: None, Login: None, Password: None, extra: None
[2020-12-21 15:39:40,668] {logging_mixin.py:112} INFO - [2020-12-21 15:39:40,668] {http_hook.py:136} INFO - Sending 'GET' to url: http://3.238.254.96:8998/batches/8/log?from=0&size=100
[2020-12-21 15:39:40,693] {logging_mixin.py:112} INFO - [2020-12-21 15:39:40,693] {batch.py:309} INFO - stdout: 
[2020-12-21 15:39:40,695] {logging_mixin.py:112} INFO - [2020-12-21 15:39:40,695] {batch.py:309} INFO - 2020-12-21 15:39:22,353 WARN util.NativeCodeLoader: Unable to load native-hadoop library for your platform... using builtin-java classes where applicable
[2020-12-21 15:39:40,697] {logging_mixin.py:112} INFO - [2020-12-21 15:39:40,697] {batch.py:309} INFO - python: can't open file '/usr/local/airflow/dist/main.py': [Errno 2] No such file or directory
[2020-12-21 15:39:40,698] {logging_mixin.py:112} INFO - [2020-12-21 15:39:40,698] {batch.py:309} INFO - 2020-12-21 15:39:22,788 INFO util.ShutdownHookManager: Shutdown hook called
[2020-12-21 15:39:40,702] {logging_mixin.py:112} INFO - [2020-12-21 15:39:40,702] {batch.py:309} INFO - 2020-12-21 15:39:22,789 INFO util.ShutdownHookManager: Deleting directory /tmp/spark-78edbe85-7c99-406d-9d9c-7e270cf34880
[2020-12-21 15:39:40,706] {logging_mixin.py:112} INFO - [2020-12-21 15:39:40,706] {batch.py:309} INFO - 
stderr: 
[2020-12-21 15:39:40,707] {logging_mixin.py:112} INFO - [2020-12-21 15:39:40,707] {batch.py:309} INFO - 
YARN Diagnostics: 
[2020-12-21 15:39:40,711] {logging_mixin.py:112} INFO - [2020-12-21 15:39:40,708] {batch.py:309} INFO - spark-submit start failed
[2020-12-21 15:39:40,712] {logging_mixin.py:112} INFO - [2020-12-21 15:39:40,712] {batch.py:318} INFO - --------------------------------------------------End of full log for batch 8--------------------------------------------------
[2020-12-21 15:39:40,714] {logging_mixin.py:112} INFO - [2020-12-21 15:39:40,714] {batch.py:335} INFO - Closing batch with id = 8
[2020-12-21 15:39:40,744] {logging_mixin.py:112} INFO - [2020-12-21 15:39:40,744] {base_hook.py:84} INFO - Using connection to: id: livy. Host: 3.238.254.96, Port: 8998, Schema: None, Login: None, Password: None, extra: None
[2020-12-21 15:39:40,752] {logging_mixin.py:112} INFO - [2020-12-21 15:39:40,752] {http_hook.py:136} INFO - Sending 'DELETE' to url: http://3.238.254.96:8998/batches/8
[2020-12-21 15:39:40,779] {logging_mixin.py:112} INFO - [2020-12-21 15:39:40,779] {batch.py:340} INFO - Batch 8 has been closed
[2020-12-21 15:39:40,837] {taskinstance.py:1128} ERROR - Batch 8 failed with state 'dead'
Traceback (most recent call last):
  File "/opt/bitnami/python/lib/python3.6/site-packages/airflow/models/taskinstance.py", line 966, in _run_raw_task
    result = task_copy.execute(context=context)
  File "/usr/local/airflow/plugins/airflow_livy/batch.py", line 173, in execute
    ).execute(context)
  File "/opt/bitnami/python/lib/python3.6/site-packages/airflow/sensors/base_sensor_operator.py", line 107, in execute
    while not self.poke(context):
  File "/usr/local/airflow/plugins/airflow_livy/batch.py", line 96, in poke
    raise AirflowException(f"Batch {self.batch_id} failed with state '{state}'")
airflow.exceptions.AirflowException: Batch 8 failed with state 'dead'
[2020-12-21 15:39:40,839] {taskinstance.py:1170} INFO - All retries failed; marking task as FAILED.dag_id=loan_prediction_train_model, task_id=preprocess_data, execution_date=20201221T150604, start_date=20201221T153920, end_date=20201221T153940
[2020-12-21 15:39:45,350] {logging_mixin.py:112} INFO - [2020-12-21 15:39:45,349] {local_task_job.py:103} INFO - Task exited with return code 1
