[2020-12-21 15:43:34,539] {taskinstance.py:655} INFO - Dependencies all met for <TaskInstance: loan_prediction_train_model.preprocess_data 2020-12-21T15:06:04.546570+00:00 [queued]>
[2020-12-21 15:43:34,553] {taskinstance.py:655} INFO - Dependencies all met for <TaskInstance: loan_prediction_train_model.preprocess_data 2020-12-21T15:06:04.546570+00:00 [queued]>
[2020-12-21 15:43:34,555] {taskinstance.py:866} INFO - 
--------------------------------------------------------------------------------
[2020-12-21 15:43:34,555] {taskinstance.py:867} INFO - Starting attempt 19 of 24
[2020-12-21 15:43:34,556] {taskinstance.py:868} INFO - 
--------------------------------------------------------------------------------
[2020-12-21 15:43:34,568] {taskinstance.py:887} INFO - Executing <Task(LivyBatchOperator): preprocess_data> on 2020-12-21T15:06:04.546570+00:00
[2020-12-21 15:43:34,571] {standard_task_runner.py:53} INFO - Started process 12337 to run task
[2020-12-21 15:43:34,627] {logging_mixin.py:112} INFO - Running %s on host %s <TaskInstance: loan_prediction_train_model.preprocess_data 2020-12-21T15:06:04.546570+00:00 [running]> dcb43f18a24b
[2020-12-21 15:43:34,650] {logging_mixin.py:112} INFO - [2020-12-21 15:43:34,650] {batch.py:214} INFO - Submitting the batch to Livy... Payload:
{
  "file": "local:/usr/local/airflow/dist/main.py",
  "args": [
    "-job=preprocess_data",
    "-phase=train",
    "-mode=aws",
    "-awsKey=AKIAUW4FKHTMR2UR3INH",
    "-awsSecretKey=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",
    "-s3Bucket=alanchn31-loan-default-prediction"
  ],
  "pyFiles": [
    "local:/usr/local/airflow/dist/src.zip"
  ],
  "name": "preprocess_data_scheduled__2020-12-21T15:06:04.546570+00:00"
}
[2020-12-21 15:43:34,661] {logging_mixin.py:112} INFO - [2020-12-21 15:43:34,659] {base_hook.py:84} INFO - Using connection to: id: livy. Host: 3.238.254.96, Port: 8998, Schema: None, Login: None, Password: None, extra: None
[2020-12-21 15:43:34,663] {logging_mixin.py:112} INFO - [2020-12-21 15:43:34,663] {http_hook.py:136} INFO - Sending 'POST' to url: http://3.238.254.96:8998/batches
[2020-12-21 15:43:34,694] {logging_mixin.py:112} INFO - [2020-12-21 15:43:34,694] {batch.py:166} INFO - Batch successfully submitted with id = 9.
[2020-12-21 15:43:34,698] {logging_mixin.py:112} INFO - [2020-12-21 15:43:34,698] {batch.py:80} INFO - Getting batch 9 status...
[2020-12-21 15:43:34,706] {logging_mixin.py:112} INFO - [2020-12-21 15:43:34,706] {base_hook.py:84} INFO - Using connection to: id: livy. Host: 3.238.254.96, Port: 8998, Schema: None, Login: None, Password: None, extra: None
[2020-12-21 15:43:34,708] {logging_mixin.py:112} INFO - [2020-12-21 15:43:34,708] {http_hook.py:136} INFO - Sending 'GET' to url: http://3.238.254.96:8998/batches/9
[2020-12-21 15:43:34,721] {logging_mixin.py:112} INFO - [2020-12-21 15:43:34,721] {batch.py:90} INFO - Batch 9 has not finished yet (state is 'starting')
[2020-12-21 15:43:54,741] {logging_mixin.py:112} INFO - [2020-12-21 15:43:54,741] {batch.py:80} INFO - Getting batch 9 status...
[2020-12-21 15:43:54,748] {logging_mixin.py:112} INFO - [2020-12-21 15:43:54,748] {base_hook.py:84} INFO - Using connection to: id: livy. Host: 3.238.254.96, Port: 8998, Schema: None, Login: None, Password: None, extra: None
[2020-12-21 15:43:54,750] {logging_mixin.py:112} INFO - [2020-12-21 15:43:54,750] {http_hook.py:136} INFO - Sending 'GET' to url: http://3.238.254.96:8998/batches/9
[2020-12-21 15:43:54,758] {logging_mixin.py:112} INFO - [2020-12-21 15:43:54,758] {batch.py:299} INFO - --------------------------------------------------Full log for batch 9--------------------------------------------------
[2020-12-21 15:43:54,766] {logging_mixin.py:112} INFO - [2020-12-21 15:43:54,766] {base_hook.py:84} INFO - Using connection to: id: livy. Host: 3.238.254.96, Port: 8998, Schema: None, Login: None, Password: None, extra: None
[2020-12-21 15:43:54,768] {logging_mixin.py:112} INFO - [2020-12-21 15:43:54,767] {http_hook.py:136} INFO - Sending 'GET' to url: http://3.238.254.96:8998/batches/9/log?from=0&size=100
[2020-12-21 15:43:54,773] {logging_mixin.py:112} INFO - [2020-12-21 15:43:54,773] {batch.py:309} INFO - stdout: 
[2020-12-21 15:43:54,775] {logging_mixin.py:112} INFO - [2020-12-21 15:43:54,775] {batch.py:309} INFO - 2020-12-21 15:43:36,488 WARN util.NativeCodeLoader: Unable to load native-hadoop library for your platform... using builtin-java classes where applicable
[2020-12-21 15:43:54,776] {logging_mixin.py:112} INFO - [2020-12-21 15:43:54,776] {batch.py:309} INFO - python: can't open file '/usr/local/airflow/dist/main.py': [Errno 2] No such file or directory
[2020-12-21 15:43:54,777] {logging_mixin.py:112} INFO - [2020-12-21 15:43:54,777] {batch.py:309} INFO - 2020-12-21 15:43:36,782 INFO util.ShutdownHookManager: Shutdown hook called
[2020-12-21 15:43:54,777] {logging_mixin.py:112} INFO - [2020-12-21 15:43:54,777] {batch.py:309} INFO - 2020-12-21 15:43:36,784 INFO util.ShutdownHookManager: Deleting directory /tmp/spark-ba203167-1d79-496c-b56e-a12ca2b44e38
[2020-12-21 15:43:54,777] {logging_mixin.py:112} INFO - [2020-12-21 15:43:54,777] {batch.py:309} INFO - 
stderr: 
[2020-12-21 15:43:54,777] {logging_mixin.py:112} INFO - [2020-12-21 15:43:54,777] {batch.py:309} INFO - 
YARN Diagnostics: 
[2020-12-21 15:43:54,777] {logging_mixin.py:112} INFO - [2020-12-21 15:43:54,777] {batch.py:309} INFO - spark-submit start failed
[2020-12-21 15:43:54,778] {logging_mixin.py:112} INFO - [2020-12-21 15:43:54,777] {batch.py:318} INFO - --------------------------------------------------End of full log for batch 9--------------------------------------------------
[2020-12-21 15:43:54,778] {logging_mixin.py:112} INFO - [2020-12-21 15:43:54,778] {batch.py:335} INFO - Closing batch with id = 9
[2020-12-21 15:43:54,785] {logging_mixin.py:112} INFO - [2020-12-21 15:43:54,785] {base_hook.py:84} INFO - Using connection to: id: livy. Host: 3.238.254.96, Port: 8998, Schema: None, Login: None, Password: None, extra: None
[2020-12-21 15:43:54,787] {logging_mixin.py:112} INFO - [2020-12-21 15:43:54,787] {http_hook.py:136} INFO - Sending 'DELETE' to url: http://3.238.254.96:8998/batches/9
[2020-12-21 15:43:54,795] {logging_mixin.py:112} INFO - [2020-12-21 15:43:54,795] {batch.py:340} INFO - Batch 9 has been closed
[2020-12-21 15:43:54,805] {taskinstance.py:1128} ERROR - Batch 9 failed with state 'dead'
Traceback (most recent call last):
  File "/opt/bitnami/python/lib/python3.6/site-packages/airflow/models/taskinstance.py", line 966, in _run_raw_task
    result = task_copy.execute(context=context)
  File "/usr/local/airflow/plugins/airflow_livy/batch.py", line 173, in execute
    ).execute(context)
  File "/opt/bitnami/python/lib/python3.6/site-packages/airflow/sensors/base_sensor_operator.py", line 107, in execute
    while not self.poke(context):
  File "/usr/local/airflow/plugins/airflow_livy/batch.py", line 96, in poke
    raise AirflowException(f"Batch {self.batch_id} failed with state '{state}'")
airflow.exceptions.AirflowException: Batch 9 failed with state 'dead'
[2020-12-21 15:43:54,808] {taskinstance.py:1151} INFO - Marking task as UP_FOR_RETRY
[2020-12-21 15:43:59,610] {logging_mixin.py:112} INFO - [2020-12-21 15:43:59,609] {local_task_job.py:103} INFO - Task exited with return code 1
