[2020-12-21 15:44:56,533] {taskinstance.py:655} INFO - Dependencies all met for <TaskInstance: loan_prediction_train_model.preprocess_data 2020-12-21T15:06:04.546570+00:00 [queued]>
[2020-12-21 15:44:56,551] {taskinstance.py:655} INFO - Dependencies all met for <TaskInstance: loan_prediction_train_model.preprocess_data 2020-12-21T15:06:04.546570+00:00 [queued]>
[2020-12-21 15:44:56,551] {taskinstance.py:866} INFO - 
--------------------------------------------------------------------------------
[2020-12-21 15:44:56,552] {taskinstance.py:867} INFO - Starting attempt 20 of 24
[2020-12-21 15:44:56,552] {taskinstance.py:868} INFO - 
--------------------------------------------------------------------------------
[2020-12-21 15:44:56,567] {taskinstance.py:887} INFO - Executing <Task(LivyBatchOperator): preprocess_data> on 2020-12-21T15:06:04.546570+00:00
[2020-12-21 15:44:56,570] {standard_task_runner.py:53} INFO - Started process 13182 to run task
[2020-12-21 15:44:56,627] {logging_mixin.py:112} INFO - Running %s on host %s <TaskInstance: loan_prediction_train_model.preprocess_data 2020-12-21T15:06:04.546570+00:00 [running]> dcb43f18a24b
[2020-12-21 15:44:56,648] {logging_mixin.py:112} INFO - [2020-12-21 15:44:56,648] {batch.py:214} INFO - Submitting the batch to Livy... Payload:
{
  "file": "s3://alanchn31-loan-default-prediction/dist/main.py",
  "args": [
    "-job=preprocess_data",
    "-phase=train",
    "-mode=aws",
    "-awsKey=AKIAUW4FKHTMR2UR3INH",
    "-awsSecretKey=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",
    "-s3Bucket=alanchn31-loan-default-prediction"
  ],
  "pyFiles": [
    "s3://alanchn31-loan-default-prediction/dist/src.zip"
  ],
  "name": "preprocess_data_scheduled__2020-12-21T15:06:04.546570+00:00"
}
[2020-12-21 15:44:56,657] {logging_mixin.py:112} INFO - [2020-12-21 15:44:56,656] {base_hook.py:84} INFO - Using connection to: id: livy. Host: 3.238.254.96, Port: 8998, Schema: None, Login: None, Password: None, extra: None
[2020-12-21 15:44:56,660] {logging_mixin.py:112} INFO - [2020-12-21 15:44:56,659] {http_hook.py:136} INFO - Sending 'POST' to url: http://3.238.254.96:8998/batches
[2020-12-21 15:44:56,685] {logging_mixin.py:112} INFO - [2020-12-21 15:44:56,684] {batch.py:166} INFO - Batch successfully submitted with id = 10.
[2020-12-21 15:44:56,685] {logging_mixin.py:112} INFO - [2020-12-21 15:44:56,685] {batch.py:80} INFO - Getting batch 10 status...
[2020-12-21 15:44:56,693] {logging_mixin.py:112} INFO - [2020-12-21 15:44:56,693] {base_hook.py:84} INFO - Using connection to: id: livy. Host: 3.238.254.96, Port: 8998, Schema: None, Login: None, Password: None, extra: None
[2020-12-21 15:44:56,695] {logging_mixin.py:112} INFO - [2020-12-21 15:44:56,695] {http_hook.py:136} INFO - Sending 'GET' to url: http://3.238.254.96:8998/batches/10
[2020-12-21 15:44:56,704] {logging_mixin.py:112} INFO - [2020-12-21 15:44:56,703] {batch.py:90} INFO - Batch 10 has not finished yet (state is 'starting')
[2020-12-21 15:45:16,725] {logging_mixin.py:112} INFO - [2020-12-21 15:45:16,725] {batch.py:80} INFO - Getting batch 10 status...
[2020-12-21 15:45:16,735] {logging_mixin.py:112} INFO - [2020-12-21 15:45:16,735] {base_hook.py:84} INFO - Using connection to: id: livy. Host: 3.238.254.96, Port: 8998, Schema: None, Login: None, Password: None, extra: None
[2020-12-21 15:45:16,737] {logging_mixin.py:112} INFO - [2020-12-21 15:45:16,737] {http_hook.py:136} INFO - Sending 'GET' to url: http://3.238.254.96:8998/batches/10
[2020-12-21 15:45:16,748] {logging_mixin.py:112} INFO - [2020-12-21 15:45:16,748] {batch.py:299} INFO - --------------------------------------------------Full log for batch 10--------------------------------------------------
[2020-12-21 15:45:16,757] {logging_mixin.py:112} INFO - [2020-12-21 15:45:16,757] {base_hook.py:84} INFO - Using connection to: id: livy. Host: 3.238.254.96, Port: 8998, Schema: None, Login: None, Password: None, extra: None
[2020-12-21 15:45:16,760] {logging_mixin.py:112} INFO - [2020-12-21 15:45:16,760] {http_hook.py:136} INFO - Sending 'GET' to url: http://3.238.254.96:8998/batches/10/log?from=0&size=100
[2020-12-21 15:45:16,771] {logging_mixin.py:112} INFO - [2020-12-21 15:45:16,771] {batch.py:309} INFO - stdout: 
[2020-12-21 15:45:16,776] {logging_mixin.py:112} INFO - [2020-12-21 15:45:16,776] {batch.py:309} INFO - 2020-12-21 15:44:58,430 WARN util.NativeCodeLoader: Unable to load native-hadoop library for your platform... using builtin-java classes where applicable
[2020-12-21 15:45:16,778] {logging_mixin.py:112} INFO - [2020-12-21 15:45:16,777] {batch.py:309} INFO - Exception in thread "main" org.apache.hadoop.fs.UnsupportedFileSystemException: No FileSystem for scheme "s3"
[2020-12-21 15:45:16,779] {logging_mixin.py:112} INFO - [2020-12-21 15:45:16,779] {batch.py:309} INFO - 	at org.apache.hadoop.fs.FileSystem.getFileSystemClass(FileSystem.java:3281)
[2020-12-21 15:45:16,781] {logging_mixin.py:112} INFO - [2020-12-21 15:45:16,781] {batch.py:309} INFO - 	at org.apache.hadoop.fs.FileSystem.createFileSystem(FileSystem.java:3301)
[2020-12-21 15:45:16,783] {logging_mixin.py:112} INFO - [2020-12-21 15:45:16,782] {batch.py:309} INFO - 	at org.apache.hadoop.fs.FileSystem.access$200(FileSystem.java:124)
[2020-12-21 15:45:16,785] {logging_mixin.py:112} INFO - [2020-12-21 15:45:16,784] {batch.py:309} INFO - 	at org.apache.hadoop.fs.FileSystem$Cache.getInternal(FileSystem.java:3352)
[2020-12-21 15:45:16,786] {logging_mixin.py:112} INFO - [2020-12-21 15:45:16,786] {batch.py:309} INFO - 	at org.apache.hadoop.fs.FileSystem$Cache.get(FileSystem.java:3320)
[2020-12-21 15:45:16,786] {logging_mixin.py:112} INFO - [2020-12-21 15:45:16,786] {batch.py:309} INFO - 	at org.apache.hadoop.fs.FileSystem.get(FileSystem.java:479)
[2020-12-21 15:45:16,786] {logging_mixin.py:112} INFO - [2020-12-21 15:45:16,786] {batch.py:309} INFO - 	at org.apache.spark.deploy.DependencyUtils$.org$apache$spark$deploy$DependencyUtils$$resolveGlobPath(DependencyUtils.scala:191)
[2020-12-21 15:45:16,786] {logging_mixin.py:112} INFO - [2020-12-21 15:45:16,786] {batch.py:309} INFO - 	at org.apache.spark.deploy.DependencyUtils$$anonfun$resolveGlobPaths$2.apply(DependencyUtils.scala:147)
[2020-12-21 15:45:16,786] {logging_mixin.py:112} INFO - [2020-12-21 15:45:16,786] {batch.py:309} INFO - 	at org.apache.spark.deploy.DependencyUtils$$anonfun$resolveGlobPaths$2.apply(DependencyUtils.scala:145)
[2020-12-21 15:45:16,787] {logging_mixin.py:112} INFO - [2020-12-21 15:45:16,787] {batch.py:309} INFO - 	at scala.collection.TraversableLike$$anonfun$flatMap$1.apply(TraversableLike.scala:241)
[2020-12-21 15:45:16,787] {logging_mixin.py:112} INFO - [2020-12-21 15:45:16,787] {batch.py:309} INFO - 	at scala.collection.TraversableLike$$anonfun$flatMap$1.apply(TraversableLike.scala:241)
[2020-12-21 15:45:16,787] {logging_mixin.py:112} INFO - [2020-12-21 15:45:16,787] {batch.py:309} INFO - 	at scala.collection.IndexedSeqOptimized$class.foreach(IndexedSeqOptimized.scala:33)
[2020-12-21 15:45:16,787] {logging_mixin.py:112} INFO - [2020-12-21 15:45:16,787] {batch.py:309} INFO - 	at scala.collection.mutable.WrappedArray.foreach(WrappedArray.scala:35)
[2020-12-21 15:45:16,787] {logging_mixin.py:112} INFO - [2020-12-21 15:45:16,787] {batch.py:309} INFO - 	at scala.collection.TraversableLike$class.flatMap(TraversableLike.scala:241)
[2020-12-21 15:45:16,787] {logging_mixin.py:112} INFO - [2020-12-21 15:45:16,787] {batch.py:309} INFO - 	at scala.collection.AbstractTraversable.flatMap(Traversable.scala:104)
[2020-12-21 15:45:16,788] {logging_mixin.py:112} INFO - [2020-12-21 15:45:16,787] {batch.py:309} INFO - 	at org.apache.spark.deploy.DependencyUtils$.resolveGlobPaths(DependencyUtils.scala:145)
[2020-12-21 15:45:16,788] {logging_mixin.py:112} INFO - [2020-12-21 15:45:16,788] {batch.py:309} INFO - 	at org.apache.spark.deploy.SparkSubmit$$anonfun$prepareSubmitEnvironment$5.apply(SparkSubmit.scala:345)
[2020-12-21 15:45:16,788] {logging_mixin.py:112} INFO - [2020-12-21 15:45:16,788] {batch.py:309} INFO - 	at org.apache.spark.deploy.SparkSubmit$$anonfun$prepareSubmitEnvironment$5.apply(SparkSubmit.scala:345)
[2020-12-21 15:45:16,788] {logging_mixin.py:112} INFO - [2020-12-21 15:45:16,788] {batch.py:309} INFO - 	at scala.Option.map(Option.scala:146)
[2020-12-21 15:45:16,788] {logging_mixin.py:112} INFO - [2020-12-21 15:45:16,788] {batch.py:309} INFO - 	at org.apache.spark.deploy.SparkSubmit.prepareSubmitEnvironment(SparkSubmit.scala:345)
[2020-12-21 15:45:16,791] {logging_mixin.py:112} INFO - [2020-12-21 15:45:16,788] {batch.py:309} INFO - 	at org.apache.spark.deploy.SparkSubmit.org$apache$spark$deploy$SparkSubmit$$runMain(SparkSubmit.scala:774)
[2020-12-21 15:45:16,792] {logging_mixin.py:112} INFO - [2020-12-21 15:45:16,792] {batch.py:309} INFO - 	at org.apache.spark.deploy.SparkSubmit.doRunMain$1(SparkSubmit.scala:161)
[2020-12-21 15:45:16,793] {logging_mixin.py:112} INFO - [2020-12-21 15:45:16,793] {batch.py:309} INFO - 	at org.apache.spark.deploy.SparkSubmit.submit(SparkSubmit.scala:184)
[2020-12-21 15:45:16,795] {logging_mixin.py:112} INFO - [2020-12-21 15:45:16,794] {batch.py:309} INFO - 	at org.apache.spark.deploy.SparkSubmit.doSubmit(SparkSubmit.scala:86)
[2020-12-21 15:45:16,796] {logging_mixin.py:112} INFO - [2020-12-21 15:45:16,796] {batch.py:309} INFO - 	at org.apache.spark.deploy.SparkSubmit$$anon$2.doSubmit(SparkSubmit.scala:920)
[2020-12-21 15:45:16,797] {logging_mixin.py:112} INFO - [2020-12-21 15:45:16,797] {batch.py:309} INFO - 	at org.apache.spark.deploy.SparkSubmit$.main(SparkSubmit.scala:929)
[2020-12-21 15:45:16,798] {logging_mixin.py:112} INFO - [2020-12-21 15:45:16,798] {batch.py:309} INFO - 	at org.apache.spark.deploy.SparkSubmit.main(SparkSubmit.scala)
[2020-12-21 15:45:16,798] {logging_mixin.py:112} INFO - [2020-12-21 15:45:16,798] {batch.py:309} INFO - 
stderr: 
[2020-12-21 15:45:16,798] {logging_mixin.py:112} INFO - [2020-12-21 15:45:16,798] {batch.py:309} INFO - 
YARN Diagnostics: 
[2020-12-21 15:45:16,798] {logging_mixin.py:112} INFO - [2020-12-21 15:45:16,798] {batch.py:309} INFO - spark-submit start failed
[2020-12-21 15:45:16,798] {logging_mixin.py:112} INFO - [2020-12-21 15:45:16,798] {batch.py:318} INFO - --------------------------------------------------End of full log for batch 10--------------------------------------------------
[2020-12-21 15:45:16,798] {logging_mixin.py:112} INFO - [2020-12-21 15:45:16,798] {batch.py:335} INFO - Closing batch with id = 10
[2020-12-21 15:45:16,810] {logging_mixin.py:112} INFO - [2020-12-21 15:45:16,810] {base_hook.py:84} INFO - Using connection to: id: livy. Host: 3.238.254.96, Port: 8998, Schema: None, Login: None, Password: None, extra: None
[2020-12-21 15:45:16,812] {logging_mixin.py:112} INFO - [2020-12-21 15:45:16,812] {http_hook.py:136} INFO - Sending 'DELETE' to url: http://3.238.254.96:8998/batches/10
[2020-12-21 15:45:16,827] {logging_mixin.py:112} INFO - [2020-12-21 15:45:16,827] {batch.py:340} INFO - Batch 10 has been closed
[2020-12-21 15:45:16,846] {taskinstance.py:1128} ERROR - Batch 10 failed with state 'dead'
Traceback (most recent call last):
  File "/opt/bitnami/python/lib/python3.6/site-packages/airflow/models/taskinstance.py", line 966, in _run_raw_task
    result = task_copy.execute(context=context)
  File "/usr/local/airflow/plugins/airflow_livy/batch.py", line 173, in execute
    ).execute(context)
  File "/opt/bitnami/python/lib/python3.6/site-packages/airflow/sensors/base_sensor_operator.py", line 107, in execute
    while not self.poke(context):
  File "/usr/local/airflow/plugins/airflow_livy/batch.py", line 96, in poke
    raise AirflowException(f"Batch {self.batch_id} failed with state '{state}'")
airflow.exceptions.AirflowException: Batch 10 failed with state 'dead'
[2020-12-21 15:45:16,849] {taskinstance.py:1151} INFO - Marking task as UP_FOR_RETRY
[2020-12-21 15:45:21,579] {logging_mixin.py:112} INFO - [2020-12-21 15:45:21,578] {local_task_job.py:103} INFO - Task exited with return code 1
