[2020-12-21 15:49:08,872] {taskinstance.py:655} INFO - Dependencies all met for <TaskInstance: loan_prediction_train_model.preprocess_data 2020-12-21T15:06:04.546570+00:00 [queued]>
[2020-12-21 15:49:08,893] {taskinstance.py:655} INFO - Dependencies all met for <TaskInstance: loan_prediction_train_model.preprocess_data 2020-12-21T15:06:04.546570+00:00 [queued]>
[2020-12-21 15:49:08,895] {taskinstance.py:866} INFO - 
--------------------------------------------------------------------------------
[2020-12-21 15:49:08,895] {taskinstance.py:867} INFO - Starting attempt 23 of 24
[2020-12-21 15:49:08,895] {taskinstance.py:868} INFO - 
--------------------------------------------------------------------------------
[2020-12-21 15:49:08,914] {taskinstance.py:887} INFO - Executing <Task(LivyBatchOperator): preprocess_data> on 2020-12-21T15:06:04.546570+00:00
[2020-12-21 15:49:08,918] {standard_task_runner.py:53} INFO - Started process 15768 to run task
[2020-12-21 15:49:08,977] {logging_mixin.py:112} INFO - Running %s on host %s <TaskInstance: loan_prediction_train_model.preprocess_data 2020-12-21T15:06:04.546570+00:00 [running]> dcb43f18a24b
[2020-12-21 15:49:08,998] {logging_mixin.py:112} INFO - [2020-12-21 15:49:08,998] {batch.py:214} INFO - Submitting the batch to Livy... Payload:
{
  "file": "s3a://alanchn31-loan-default-prediction/dist/main.py",
  "args": [
    "-job=preprocess_data",
    "-phase=train",
    "-mode=aws",
    "-awsKey=AKIAUW4FKHTMR2UR3INH",
    "-awsSecretKey=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",
    "-s3Bucket=alanchn31-loan-default-prediction"
  ],
  "pyFiles": [
    "s3a://alanchn31-loan-default-prediction/dist/src.zip"
  ],
  "name": "preprocess_data_scheduled__2020-12-21T15:06:04.546570+00:00"
}
[2020-12-21 15:49:09,007] {logging_mixin.py:112} INFO - [2020-12-21 15:49:09,006] {base_hook.py:84} INFO - Using connection to: id: livy. Host: 3.238.254.96, Port: 8998, Schema: None, Login: None, Password: None, extra: None
[2020-12-21 15:49:09,010] {logging_mixin.py:112} INFO - [2020-12-21 15:49:09,010] {http_hook.py:136} INFO - Sending 'POST' to url: http://3.238.254.96:8998/batches
[2020-12-21 15:49:09,037] {logging_mixin.py:112} INFO - [2020-12-21 15:49:09,037] {batch.py:166} INFO - Batch successfully submitted with id = 13.
[2020-12-21 15:49:09,038] {logging_mixin.py:112} INFO - [2020-12-21 15:49:09,038] {batch.py:80} INFO - Getting batch 13 status...
[2020-12-21 15:49:09,046] {logging_mixin.py:112} INFO - [2020-12-21 15:49:09,046] {base_hook.py:84} INFO - Using connection to: id: livy. Host: 3.238.254.96, Port: 8998, Schema: None, Login: None, Password: None, extra: None
[2020-12-21 15:49:09,048] {logging_mixin.py:112} INFO - [2020-12-21 15:49:09,047] {http_hook.py:136} INFO - Sending 'GET' to url: http://3.238.254.96:8998/batches/13
[2020-12-21 15:49:09,057] {logging_mixin.py:112} INFO - [2020-12-21 15:49:09,057] {batch.py:90} INFO - Batch 13 has not finished yet (state is 'starting')
[2020-12-21 15:49:29,079] {logging_mixin.py:112} INFO - [2020-12-21 15:49:29,079] {batch.py:80} INFO - Getting batch 13 status...
[2020-12-21 15:49:29,088] {logging_mixin.py:112} INFO - [2020-12-21 15:49:29,088] {base_hook.py:84} INFO - Using connection to: id: livy. Host: 3.238.254.96, Port: 8998, Schema: None, Login: None, Password: None, extra: None
[2020-12-21 15:49:29,090] {logging_mixin.py:112} INFO - [2020-12-21 15:49:29,090] {http_hook.py:136} INFO - Sending 'GET' to url: http://3.238.254.96:8998/batches/13
[2020-12-21 15:49:29,104] {logging_mixin.py:112} INFO - [2020-12-21 15:49:29,104] {batch.py:299} INFO - --------------------------------------------------Full log for batch 13--------------------------------------------------
[2020-12-21 15:49:29,111] {logging_mixin.py:112} INFO - [2020-12-21 15:49:29,111] {base_hook.py:84} INFO - Using connection to: id: livy. Host: 3.238.254.96, Port: 8998, Schema: None, Login: None, Password: None, extra: None
[2020-12-21 15:49:29,114] {logging_mixin.py:112} INFO - [2020-12-21 15:49:29,114] {http_hook.py:136} INFO - Sending 'GET' to url: http://3.238.254.96:8998/batches/13/log?from=0&size=100
[2020-12-21 15:49:29,124] {logging_mixin.py:112} INFO - [2020-12-21 15:49:29,123] {batch.py:309} INFO - stdout: 
[2020-12-21 15:49:29,124] {logging_mixin.py:112} INFO - [2020-12-21 15:49:29,124] {batch.py:309} INFO - 2020-12-21 15:49:10,785 WARN util.NativeCodeLoader: Unable to load native-hadoop library for your platform... using builtin-java classes where applicable
[2020-12-21 15:49:29,124] {logging_mixin.py:112} INFO - [2020-12-21 15:49:29,124] {batch.py:309} INFO - Exception in thread "main" java.nio.file.AccessDeniedException: alanchn31-loan-default-prediction: org.apache.hadoop.fs.s3a.auth.NoAuthWithAWSException: No AWS Credentials provided by SimpleAWSCredentialsProvider EnvironmentVariableCredentialsProvider InstanceProfileCredentialsProvider : com.amazonaws.SdkClientException: The requested metadata is not found at http://169.254.169.254/latest/meta-data/iam/security-credentials/
[2020-12-21 15:49:29,124] {logging_mixin.py:112} INFO - [2020-12-21 15:49:29,124] {batch.py:309} INFO - 	at org.apache.hadoop.fs.s3a.S3AUtils.translateException(S3AUtils.java:187)
[2020-12-21 15:49:29,125] {logging_mixin.py:112} INFO - [2020-12-21 15:49:29,124] {batch.py:309} INFO - 	at org.apache.hadoop.fs.s3a.Invoker.once(Invoker.java:111)
[2020-12-21 15:49:29,125] {logging_mixin.py:112} INFO - [2020-12-21 15:49:29,125] {batch.py:309} INFO - 	at org.apache.hadoop.fs.s3a.Invoker.lambda$retry$3(Invoker.java:265)
[2020-12-21 15:49:29,125] {logging_mixin.py:112} INFO - [2020-12-21 15:49:29,125] {batch.py:309} INFO - 	at org.apache.hadoop.fs.s3a.Invoker.retryUntranslated(Invoker.java:322)
[2020-12-21 15:49:29,125] {logging_mixin.py:112} INFO - [2020-12-21 15:49:29,125] {batch.py:309} INFO - 	at org.apache.hadoop.fs.s3a.Invoker.retry(Invoker.java:261)
[2020-12-21 15:49:29,125] {logging_mixin.py:112} INFO - [2020-12-21 15:49:29,125] {batch.py:309} INFO - 	at org.apache.hadoop.fs.s3a.Invoker.retry(Invoker.java:236)
[2020-12-21 15:49:29,125] {logging_mixin.py:112} INFO - [2020-12-21 15:49:29,125] {batch.py:309} INFO - 	at org.apache.hadoop.fs.s3a.S3AFileSystem.verifyBucketExists(S3AFileSystem.java:375)
[2020-12-21 15:49:29,126] {logging_mixin.py:112} INFO - [2020-12-21 15:49:29,125] {batch.py:309} INFO - 	at org.apache.hadoop.fs.s3a.S3AFileSystem.initialize(S3AFileSystem.java:311)
[2020-12-21 15:49:29,126] {logging_mixin.py:112} INFO - [2020-12-21 15:49:29,126] {batch.py:309} INFO - 	at org.apache.hadoop.fs.FileSystem.createFileSystem(FileSystem.java:3303)
[2020-12-21 15:49:29,126] {logging_mixin.py:112} INFO - [2020-12-21 15:49:29,126] {batch.py:309} INFO - 	at org.apache.hadoop.fs.FileSystem.access$200(FileSystem.java:124)
[2020-12-21 15:49:29,126] {logging_mixin.py:112} INFO - [2020-12-21 15:49:29,126] {batch.py:309} INFO - 	at org.apache.hadoop.fs.FileSystem$Cache.getInternal(FileSystem.java:3352)
[2020-12-21 15:49:29,126] {logging_mixin.py:112} INFO - [2020-12-21 15:49:29,126] {batch.py:309} INFO - 	at org.apache.hadoop.fs.FileSystem$Cache.get(FileSystem.java:3320)
[2020-12-21 15:49:29,127] {logging_mixin.py:112} INFO - [2020-12-21 15:49:29,127] {batch.py:309} INFO - 	at org.apache.hadoop.fs.FileSystem.get(FileSystem.java:479)
[2020-12-21 15:49:29,127] {logging_mixin.py:112} INFO - [2020-12-21 15:49:29,127] {batch.py:309} INFO - 	at org.apache.spark.deploy.DependencyUtils$.org$apache$spark$deploy$DependencyUtils$$resolveGlobPath(DependencyUtils.scala:191)
[2020-12-21 15:49:29,127] {logging_mixin.py:112} INFO - [2020-12-21 15:49:29,127] {batch.py:309} INFO - 	at org.apache.spark.deploy.DependencyUtils$$anonfun$resolveGlobPaths$2.apply(DependencyUtils.scala:147)
[2020-12-21 15:49:29,127] {logging_mixin.py:112} INFO - [2020-12-21 15:49:29,127] {batch.py:309} INFO - 	at org.apache.spark.deploy.DependencyUtils$$anonfun$resolveGlobPaths$2.apply(DependencyUtils.scala:145)
[2020-12-21 15:49:29,127] {logging_mixin.py:112} INFO - [2020-12-21 15:49:29,127] {batch.py:309} INFO - 	at scala.collection.TraversableLike$$anonfun$flatMap$1.apply(TraversableLike.scala:241)
[2020-12-21 15:49:29,128] {logging_mixin.py:112} INFO - [2020-12-21 15:49:29,127] {batch.py:309} INFO - 	at scala.collection.TraversableLike$$anonfun$flatMap$1.apply(TraversableLike.scala:241)
[2020-12-21 15:49:29,128] {logging_mixin.py:112} INFO - [2020-12-21 15:49:29,128] {batch.py:309} INFO - 	at scala.collection.IndexedSeqOptimized$class.foreach(IndexedSeqOptimized.scala:33)
[2020-12-21 15:49:29,128] {logging_mixin.py:112} INFO - [2020-12-21 15:49:29,128] {batch.py:309} INFO - 	at scala.collection.mutable.WrappedArray.foreach(WrappedArray.scala:35)
[2020-12-21 15:49:29,128] {logging_mixin.py:112} INFO - [2020-12-21 15:49:29,128] {batch.py:309} INFO - 	at scala.collection.TraversableLike$class.flatMap(TraversableLike.scala:241)
[2020-12-21 15:49:29,129] {logging_mixin.py:112} INFO - [2020-12-21 15:49:29,128] {batch.py:309} INFO - 	at scala.collection.AbstractTraversable.flatMap(Traversable.scala:104)
[2020-12-21 15:49:29,129] {logging_mixin.py:112} INFO - [2020-12-21 15:49:29,129] {batch.py:309} INFO - 	at org.apache.spark.deploy.DependencyUtils$.resolveGlobPaths(DependencyUtils.scala:145)
[2020-12-21 15:49:29,129] {logging_mixin.py:112} INFO - [2020-12-21 15:49:29,129] {batch.py:309} INFO - 	at org.apache.spark.deploy.SparkSubmit$$anonfun$prepareSubmitEnvironment$5.apply(SparkSubmit.scala:345)
[2020-12-21 15:49:29,129] {logging_mixin.py:112} INFO - [2020-12-21 15:49:29,129] {batch.py:309} INFO - 	at org.apache.spark.deploy.SparkSubmit$$anonfun$prepareSubmitEnvironment$5.apply(SparkSubmit.scala:345)
[2020-12-21 15:49:29,130] {logging_mixin.py:112} INFO - [2020-12-21 15:49:29,129] {batch.py:309} INFO - 	at scala.Option.map(Option.scala:146)
[2020-12-21 15:49:29,130] {logging_mixin.py:112} INFO - [2020-12-21 15:49:29,130] {batch.py:309} INFO - 	at org.apache.spark.deploy.SparkSubmit.prepareSubmitEnvironment(SparkSubmit.scala:345)
[2020-12-21 15:49:29,130] {logging_mixin.py:112} INFO - [2020-12-21 15:49:29,130] {batch.py:309} INFO - 	at org.apache.spark.deploy.SparkSubmit.org$apache$spark$deploy$SparkSubmit$$runMain(SparkSubmit.scala:774)
[2020-12-21 15:49:29,130] {logging_mixin.py:112} INFO - [2020-12-21 15:49:29,130] {batch.py:309} INFO - 	at org.apache.spark.deploy.SparkSubmit.doRunMain$1(SparkSubmit.scala:161)
[2020-12-21 15:49:29,132] {logging_mixin.py:112} INFO - [2020-12-21 15:49:29,132] {batch.py:309} INFO - 	at org.apache.spark.deploy.SparkSubmit.submit(SparkSubmit.scala:184)
[2020-12-21 15:49:29,132] {logging_mixin.py:112} INFO - [2020-12-21 15:49:29,132] {batch.py:309} INFO - 	at org.apache.spark.deploy.SparkSubmit.doSubmit(SparkSubmit.scala:86)
[2020-12-21 15:49:29,132] {logging_mixin.py:112} INFO - [2020-12-21 15:49:29,132] {batch.py:309} INFO - 	at org.apache.spark.deploy.SparkSubmit$$anon$2.doSubmit(SparkSubmit.scala:920)
[2020-12-21 15:49:29,133] {logging_mixin.py:112} INFO - [2020-12-21 15:49:29,133] {batch.py:309} INFO - 	at org.apache.spark.deploy.SparkSubmit$.main(SparkSubmit.scala:929)
[2020-12-21 15:49:29,133] {logging_mixin.py:112} INFO - [2020-12-21 15:49:29,133] {batch.py:309} INFO - 	at org.apache.spark.deploy.SparkSubmit.main(SparkSubmit.scala)
[2020-12-21 15:49:29,133] {logging_mixin.py:112} INFO - [2020-12-21 15:49:29,133] {batch.py:309} INFO - Caused by: org.apache.hadoop.fs.s3a.auth.NoAuthWithAWSException: No AWS Credentials provided by SimpleAWSCredentialsProvider EnvironmentVariableCredentialsProvider InstanceProfileCredentialsProvider : com.amazonaws.SdkClientException: The requested metadata is not found at http://169.254.169.254/latest/meta-data/iam/security-credentials/
[2020-12-21 15:49:29,133] {logging_mixin.py:112} INFO - [2020-12-21 15:49:29,133] {batch.py:309} INFO - 	at org.apache.hadoop.fs.s3a.AWSCredentialProviderList.getCredentials(AWSCredentialProviderList.java:159)
[2020-12-21 15:49:29,134] {logging_mixin.py:112} INFO - [2020-12-21 15:49:29,133] {batch.py:309} INFO - 	at com.amazonaws.http.AmazonHttpClient$RequestExecutor.getCredentialsFromContext(AmazonHttpClient.java:1166)
[2020-12-21 15:49:29,134] {logging_mixin.py:112} INFO - [2020-12-21 15:49:29,134] {batch.py:309} INFO - 	at com.amazonaws.http.AmazonHttpClient$RequestExecutor.runBeforeRequestHandlers(AmazonHttpClient.java:762)
[2020-12-21 15:49:29,134] {logging_mixin.py:112} INFO - [2020-12-21 15:49:29,134] {batch.py:309} INFO - 	at com.amazonaws.http.AmazonHttpClient$RequestExecutor.doExecute(AmazonHttpClient.java:724)
[2020-12-21 15:49:29,134] {logging_mixin.py:112} INFO - [2020-12-21 15:49:29,134] {batch.py:309} INFO - 	at com.amazonaws.http.AmazonHttpClient$RequestExecutor.executeWithTimer(AmazonHttpClient.java:717)
[2020-12-21 15:49:29,134] {logging_mixin.py:112} INFO - [2020-12-21 15:49:29,134] {batch.py:309} INFO - 	at com.amazonaws.http.AmazonHttpClient$RequestExecutor.execute(AmazonHttpClient.java:699)
[2020-12-21 15:49:29,135] {logging_mixin.py:112} INFO - [2020-12-21 15:49:29,135] {batch.py:309} INFO - 	at com.amazonaws.http.AmazonHttpClient$RequestExecutor.access$500(AmazonHttpClient.java:667)
[2020-12-21 15:49:29,135] {logging_mixin.py:112} INFO - [2020-12-21 15:49:29,135] {batch.py:309} INFO - 	at com.amazonaws.http.AmazonHttpClient$RequestExecutionBuilderImpl.execute(AmazonHttpClient.java:649)
[2020-12-21 15:49:29,135] {logging_mixin.py:112} INFO - [2020-12-21 15:49:29,135] {batch.py:309} INFO - 	at com.amazonaws.http.AmazonHttpClient.execute(AmazonHttpClient.java:513)
[2020-12-21 15:49:29,135] {logging_mixin.py:112} INFO - [2020-12-21 15:49:29,135] {batch.py:309} INFO - 	at com.amazonaws.services.s3.AmazonS3Client.invoke(AmazonS3Client.java:4368)
[2020-12-21 15:49:29,136] {logging_mixin.py:112} INFO - [2020-12-21 15:49:29,135] {batch.py:309} INFO - 	at com.amazonaws.services.s3.AmazonS3Client.getBucketRegionViaHeadRequest(AmazonS3Client.java:5129)
[2020-12-21 15:49:29,136] {logging_mixin.py:112} INFO - [2020-12-21 15:49:29,136] {batch.py:309} INFO - 	at com.amazonaws.services.s3.AmazonS3Client.fetchRegionFromCache(AmazonS3Client.java:5103)
[2020-12-21 15:49:29,136] {logging_mixin.py:112} INFO - [2020-12-21 15:49:29,136] {batch.py:309} INFO - 	at com.amazonaws.services.s3.AmazonS3Client.invoke(AmazonS3Client.java:4352)
[2020-12-21 15:49:29,136] {logging_mixin.py:112} INFO - [2020-12-21 15:49:29,136] {batch.py:309} INFO - 	at com.amazonaws.services.s3.AmazonS3Client.invoke(AmazonS3Client.java:4315)
[2020-12-21 15:49:29,136] {logging_mixin.py:112} INFO - [2020-12-21 15:49:29,136] {batch.py:309} INFO - 	at com.amazonaws.services.s3.AmazonS3Client.headBucket(AmazonS3Client.java:1344)
[2020-12-21 15:49:29,136] {logging_mixin.py:112} INFO - [2020-12-21 15:49:29,136] {batch.py:309} INFO - 	at com.amazonaws.services.s3.AmazonS3Client.doesBucketExist(AmazonS3Client.java:1284)
[2020-12-21 15:49:29,137] {logging_mixin.py:112} INFO - [2020-12-21 15:49:29,137] {batch.py:309} INFO - 	at org.apache.hadoop.fs.s3a.S3AFileSystem.lambda$verifyBucketExists$1(S3AFileSystem.java:376)
[2020-12-21 15:49:29,137] {logging_mixin.py:112} INFO - [2020-12-21 15:49:29,137] {batch.py:309} INFO - 	at org.apache.hadoop.fs.s3a.Invoker.once(Invoker.java:109)
[2020-12-21 15:49:29,137] {logging_mixin.py:112} INFO - [2020-12-21 15:49:29,137] {batch.py:309} INFO - 	... 32 more
[2020-12-21 15:49:29,137] {logging_mixin.py:112} INFO - [2020-12-21 15:49:29,137] {batch.py:309} INFO - Caused by: com.amazonaws.SdkClientException: The requested metadata is not found at http://169.254.169.254/latest/meta-data/iam/security-credentials/
[2020-12-21 15:49:29,138] {logging_mixin.py:112} INFO - [2020-12-21 15:49:29,137] {batch.py:309} INFO - 	at com.amazonaws.internal.EC2CredentialsUtils.readResource(EC2CredentialsUtils.java:125)
[2020-12-21 15:49:29,138] {logging_mixin.py:112} INFO - [2020-12-21 15:49:29,138] {batch.py:309} INFO - 	at com.amazonaws.internal.EC2CredentialsUtils.readResource(EC2CredentialsUtils.java:87)
[2020-12-21 15:49:29,138] {logging_mixin.py:112} INFO - [2020-12-21 15:49:29,138] {batch.py:309} INFO - 	at com.amazonaws.auth.InstanceProfileCredentialsProvider$InstanceMetadataCredentialsEndpointProvider.getCredentialsEndpoint(InstanceProfileCredentialsProvider.java:189)
[2020-12-21 15:49:29,138] {logging_mixin.py:112} INFO - [2020-12-21 15:49:29,138] {batch.py:309} INFO - 	at com.amazonaws.auth.EC2CredentialsFetcher.fetchCredentials(EC2CredentialsFetcher.java:122)
[2020-12-21 15:49:29,138] {logging_mixin.py:112} INFO - [2020-12-21 15:49:29,138] {batch.py:309} INFO - 	at com.amazonaws.auth.EC2CredentialsFetcher.getCredentials(EC2CredentialsFetcher.java:82)
[2020-12-21 15:49:29,139] {logging_mixin.py:112} INFO - [2020-12-21 15:49:29,138] {batch.py:309} INFO - 	at com.amazonaws.auth.InstanceProfileCredentialsProvider.getCredentials(InstanceProfileCredentialsProvider.java:164)
[2020-12-21 15:49:29,139] {logging_mixin.py:112} INFO - [2020-12-21 15:49:29,139] {batch.py:309} INFO - 	at org.apache.hadoop.fs.s3a.AWSCredentialProviderList.getCredentials(AWSCredentialProviderList.java:137)
[2020-12-21 15:49:29,139] {logging_mixin.py:112} INFO - [2020-12-21 15:49:29,139] {batch.py:309} INFO - 	... 49 more
[2020-12-21 15:49:29,139] {logging_mixin.py:112} INFO - [2020-12-21 15:49:29,139] {batch.py:309} INFO - 
stderr: 
[2020-12-21 15:49:29,140] {logging_mixin.py:112} INFO - [2020-12-21 15:49:29,139] {batch.py:309} INFO - 
YARN Diagnostics: 
[2020-12-21 15:49:29,140] {logging_mixin.py:112} INFO - [2020-12-21 15:49:29,140] {batch.py:309} INFO - spark-submit start failed
[2020-12-21 15:49:29,140] {logging_mixin.py:112} INFO - [2020-12-21 15:49:29,140] {batch.py:318} INFO - --------------------------------------------------End of full log for batch 13--------------------------------------------------
[2020-12-21 15:49:29,140] {logging_mixin.py:112} INFO - [2020-12-21 15:49:29,140] {batch.py:335} INFO - Closing batch with id = 13
[2020-12-21 15:49:29,148] {logging_mixin.py:112} INFO - [2020-12-21 15:49:29,148] {base_hook.py:84} INFO - Using connection to: id: livy. Host: 3.238.254.96, Port: 8998, Schema: None, Login: None, Password: None, extra: None
[2020-12-21 15:49:29,149] {logging_mixin.py:112} INFO - [2020-12-21 15:49:29,149] {http_hook.py:136} INFO - Sending 'DELETE' to url: http://3.238.254.96:8998/batches/13
[2020-12-21 15:49:29,159] {logging_mixin.py:112} INFO - [2020-12-21 15:49:29,159] {batch.py:340} INFO - Batch 13 has been closed
[2020-12-21 15:49:29,169] {taskinstance.py:1128} ERROR - Batch 13 failed with state 'dead'
Traceback (most recent call last):
  File "/opt/bitnami/python/lib/python3.6/site-packages/airflow/models/taskinstance.py", line 966, in _run_raw_task
    result = task_copy.execute(context=context)
  File "/usr/local/airflow/plugins/airflow_livy/batch.py", line 173, in execute
    ).execute(context)
  File "/opt/bitnami/python/lib/python3.6/site-packages/airflow/sensors/base_sensor_operator.py", line 107, in execute
    while not self.poke(context):
  File "/usr/local/airflow/plugins/airflow_livy/batch.py", line 96, in poke
    raise AirflowException(f"Batch {self.batch_id} failed with state '{state}'")
airflow.exceptions.AirflowException: Batch 13 failed with state 'dead'
[2020-12-21 15:49:29,171] {taskinstance.py:1151} INFO - Marking task as UP_FOR_RETRY
[2020-12-21 15:49:33,953] {logging_mixin.py:112} INFO - [2020-12-21 15:49:33,953] {local_task_job.py:103} INFO - Task exited with return code 1
