[2020-12-21 15:58:27,503] {taskinstance.py:655} INFO - Dependencies all met for <TaskInstance: loan_prediction_train_model.preprocess_data 2020-12-21T15:06:04.546570+00:00 [queued]>
[2020-12-21 15:58:27,518] {taskinstance.py:655} INFO - Dependencies all met for <TaskInstance: loan_prediction_train_model.preprocess_data 2020-12-21T15:06:04.546570+00:00 [queued]>
[2020-12-21 15:58:27,518] {taskinstance.py:866} INFO - 
--------------------------------------------------------------------------------
[2020-12-21 15:58:27,518] {taskinstance.py:867} INFO - Starting attempt 30 of 30
[2020-12-21 15:58:27,518] {taskinstance.py:868} INFO - 
--------------------------------------------------------------------------------
[2020-12-21 15:58:27,530] {taskinstance.py:887} INFO - Executing <Task(LivyBatchOperator): preprocess_data> on 2020-12-21T15:06:04.546570+00:00
[2020-12-21 15:58:27,534] {standard_task_runner.py:53} INFO - Started process 21499 to run task
[2020-12-21 15:58:27,593] {logging_mixin.py:112} INFO - Running %s on host %s <TaskInstance: loan_prediction_train_model.preprocess_data 2020-12-21T15:06:04.546570+00:00 [running]> dcb43f18a24b
[2020-12-21 15:58:27,614] {logging_mixin.py:112} INFO - [2020-12-21 15:58:27,614] {batch.py:214} INFO - Submitting the batch to Livy... Payload:
{
  "file": "local:/usr/local/airflow/dist/main.py",
  "args": [
    "-job=preprocess_data",
    "-phase=train",
    "-mode=aws",
    "-awsKey=AKIAUW4FKHTMR2UR3INH",
    "-awsSecretKey=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",
    "-s3Bucket=alanchn31-loan-default-prediction"
  ],
  "pyFiles": [
    "local:/usr/local/airflow/dist/src.zip"
  ],
  "name": "preprocess_data_scheduled__2020-12-21T15:06:04.546570+00:00"
}
[2020-12-21 15:58:27,625] {logging_mixin.py:112} INFO - [2020-12-21 15:58:27,624] {base_hook.py:84} INFO - Using connection to: id: livy. Host: http://ec2-3-238-254-96.compute-1.amazonaws.com, Port: 8998, Schema: None, Login: None, Password: None, extra: None
[2020-12-21 15:58:27,627] {logging_mixin.py:112} INFO - [2020-12-21 15:58:27,627] {http_hook.py:136} INFO - Sending 'POST' to url: http://ec2-3-238-254-96.compute-1.amazonaws.com:8998/batches
[2020-12-21 15:58:27,652] {logging_mixin.py:112} INFO - [2020-12-21 15:58:27,651] {batch.py:166} INFO - Batch successfully submitted with id = 20.
[2020-12-21 15:58:27,654] {logging_mixin.py:112} INFO - [2020-12-21 15:58:27,654] {batch.py:80} INFO - Getting batch 20 status...
[2020-12-21 15:58:27,663] {logging_mixin.py:112} INFO - [2020-12-21 15:58:27,663] {base_hook.py:84} INFO - Using connection to: id: livy. Host: http://ec2-3-238-254-96.compute-1.amazonaws.com, Port: 8998, Schema: None, Login: None, Password: None, extra: None
[2020-12-21 15:58:27,666] {logging_mixin.py:112} INFO - [2020-12-21 15:58:27,666] {http_hook.py:136} INFO - Sending 'GET' to url: http://ec2-3-238-254-96.compute-1.amazonaws.com:8998/batches/20
[2020-12-21 15:58:27,679] {logging_mixin.py:112} INFO - [2020-12-21 15:58:27,679] {batch.py:90} INFO - Batch 20 has not finished yet (state is 'starting')
[2020-12-21 15:58:47,701] {logging_mixin.py:112} INFO - [2020-12-21 15:58:47,701] {batch.py:80} INFO - Getting batch 20 status...
[2020-12-21 15:58:47,710] {logging_mixin.py:112} INFO - [2020-12-21 15:58:47,710] {base_hook.py:84} INFO - Using connection to: id: livy. Host: http://ec2-3-238-254-96.compute-1.amazonaws.com, Port: 8998, Schema: None, Login: None, Password: None, extra: None
[2020-12-21 15:58:47,712] {logging_mixin.py:112} INFO - [2020-12-21 15:58:47,712] {http_hook.py:136} INFO - Sending 'GET' to url: http://ec2-3-238-254-96.compute-1.amazonaws.com:8998/batches/20
[2020-12-21 15:58:47,722] {logging_mixin.py:112} INFO - [2020-12-21 15:58:47,722] {batch.py:299} INFO - --------------------------------------------------Full log for batch 20--------------------------------------------------
[2020-12-21 15:58:47,731] {logging_mixin.py:112} INFO - [2020-12-21 15:58:47,731] {base_hook.py:84} INFO - Using connection to: id: livy. Host: http://ec2-3-238-254-96.compute-1.amazonaws.com, Port: 8998, Schema: None, Login: None, Password: None, extra: None
[2020-12-21 15:58:47,733] {logging_mixin.py:112} INFO - [2020-12-21 15:58:47,733] {http_hook.py:136} INFO - Sending 'GET' to url: http://ec2-3-238-254-96.compute-1.amazonaws.com:8998/batches/20/log?from=0&size=100
[2020-12-21 15:58:47,741] {logging_mixin.py:112} INFO - [2020-12-21 15:58:47,741] {batch.py:309} INFO - stdout: 
[2020-12-21 15:58:47,743] {logging_mixin.py:112} INFO - [2020-12-21 15:58:47,743] {batch.py:309} INFO - 2020-12-21 15:58:30,814 WARN util.NativeCodeLoader: Unable to load native-hadoop library for your platform... using builtin-java classes where applicable
[2020-12-21 15:58:47,745] {logging_mixin.py:112} INFO - [2020-12-21 15:58:47,745] {batch.py:309} INFO - python: can't open file '/usr/local/airflow/dist/main.py': [Errno 2] No such file or directory
[2020-12-21 15:58:47,748] {logging_mixin.py:112} INFO - [2020-12-21 15:58:47,747] {batch.py:309} INFO - 2020-12-21 15:58:31,596 INFO util.ShutdownHookManager: Shutdown hook called
[2020-12-21 15:58:47,748] {logging_mixin.py:112} INFO - [2020-12-21 15:58:47,748] {batch.py:309} INFO - 2020-12-21 15:58:31,598 INFO util.ShutdownHookManager: Deleting directory /tmp/spark-c4ae55e7-8bae-4abb-a727-3bc42351937b
[2020-12-21 15:58:47,748] {logging_mixin.py:112} INFO - [2020-12-21 15:58:47,748] {batch.py:309} INFO - 
stderr: 
[2020-12-21 15:58:47,748] {logging_mixin.py:112} INFO - [2020-12-21 15:58:47,748] {batch.py:309} INFO - 
YARN Diagnostics: 
[2020-12-21 15:58:47,748] {logging_mixin.py:112} INFO - [2020-12-21 15:58:47,748] {batch.py:309} INFO - spark-submit start failed
[2020-12-21 15:58:47,749] {logging_mixin.py:112} INFO - [2020-12-21 15:58:47,748] {batch.py:318} INFO - --------------------------------------------------End of full log for batch 20--------------------------------------------------
[2020-12-21 15:58:47,749] {logging_mixin.py:112} INFO - [2020-12-21 15:58:47,749] {batch.py:335} INFO - Closing batch with id = 20
[2020-12-21 15:58:47,759] {logging_mixin.py:112} INFO - [2020-12-21 15:58:47,759] {base_hook.py:84} INFO - Using connection to: id: livy. Host: http://ec2-3-238-254-96.compute-1.amazonaws.com, Port: 8998, Schema: None, Login: None, Password: None, extra: None
[2020-12-21 15:58:47,762] {logging_mixin.py:112} INFO - [2020-12-21 15:58:47,762] {http_hook.py:136} INFO - Sending 'DELETE' to url: http://ec2-3-238-254-96.compute-1.amazonaws.com:8998/batches/20
[2020-12-21 15:58:47,771] {logging_mixin.py:112} INFO - [2020-12-21 15:58:47,771] {batch.py:340} INFO - Batch 20 has been closed
[2020-12-21 15:58:47,780] {taskinstance.py:1128} ERROR - Batch 20 failed with state 'dead'
Traceback (most recent call last):
  File "/opt/bitnami/python/lib/python3.6/site-packages/airflow/models/taskinstance.py", line 966, in _run_raw_task
    result = task_copy.execute(context=context)
  File "/usr/local/airflow/plugins/airflow_livy/batch.py", line 173, in execute
    ).execute(context)
  File "/opt/bitnami/python/lib/python3.6/site-packages/airflow/sensors/base_sensor_operator.py", line 107, in execute
    while not self.poke(context):
  File "/usr/local/airflow/plugins/airflow_livy/batch.py", line 96, in poke
    raise AirflowException(f"Batch {self.batch_id} failed with state '{state}'")
airflow.exceptions.AirflowException: Batch 20 failed with state 'dead'
[2020-12-21 15:58:47,782] {taskinstance.py:1170} INFO - All retries failed; marking task as FAILED.dag_id=loan_prediction_train_model, task_id=preprocess_data, execution_date=20201221T150604, start_date=20201221T155827, end_date=20201221T155847
[2020-12-21 15:58:52,549] {logging_mixin.py:112} INFO - [2020-12-21 15:58:52,549] {local_task_job.py:103} INFO - Task exited with return code 1
