[2020-12-22 13:11:19,130] {taskinstance.py:655} INFO - Dependencies all met for <TaskInstance: loan_prediction_train_model.preprocess_data 2020-12-22T12:43:23.210460+00:00 [queued]>
[2020-12-22 13:11:19,147] {taskinstance.py:655} INFO - Dependencies all met for <TaskInstance: loan_prediction_train_model.preprocess_data 2020-12-22T12:43:23.210460+00:00 [queued]>
[2020-12-22 13:11:19,147] {taskinstance.py:866} INFO - 
--------------------------------------------------------------------------------
[2020-12-22 13:11:19,147] {taskinstance.py:867} INFO - Starting attempt 10 of 12
[2020-12-22 13:11:19,147] {taskinstance.py:868} INFO - 
--------------------------------------------------------------------------------
[2020-12-22 13:11:19,159] {taskinstance.py:887} INFO - Executing <Task(LivyBatchOperator): preprocess_data> on 2020-12-22T12:43:23.210460+00:00
[2020-12-22 13:11:19,162] {standard_task_runner.py:53} INFO - Started process 24245 to run task
[2020-12-22 13:11:19,239] {logging_mixin.py:112} INFO - Running %s on host %s <TaskInstance: loan_prediction_train_model.preprocess_data 2020-12-22T12:43:23.210460+00:00 [running]> dcb43f18a24b
[2020-12-22 13:11:19,276] {logging_mixin.py:112} INFO - [2020-12-22 13:11:19,276] {batch.py:214} INFO - Submitting the batch to Livy... Payload:
{
  "file": "s3a://alanchn31-loan-default-prediction/dist/main.py",
  "args": [
    "-job=preprocess_data",
    "-phase=train",
    "-mode=aws",
    "-awsKey=AKIAUW4FKHTMR2UR3INH",
    "-awsSecretKey=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",
    "-s3Bucket=alanchn31-loan-default-prediction"
  ],
  "pyFiles": [
    "s3a://alanchn31-loan-default-prediction/dist/src.zip"
  ],
  "name": "preprocess_data_scheduled__2020-12-22T12:43:23.210460+00:00"
}
[2020-12-22 13:11:19,289] {logging_mixin.py:112} INFO - [2020-12-22 13:11:19,287] {base_hook.py:84} INFO - Using connection to: id: livy. Host: http://ec2-3-236-26-7.compute-1.amazonaws.com, Port: 8998, Schema: None, Login: None, Password: None, extra: None
[2020-12-22 13:11:19,295] {logging_mixin.py:112} INFO - [2020-12-22 13:11:19,295] {http_hook.py:136} INFO - Sending 'POST' to url: http://ec2-3-236-26-7.compute-1.amazonaws.com:8998/batches
[2020-12-22 13:11:19,316] {logging_mixin.py:112} INFO - [2020-12-22 13:11:19,316] {batch.py:166} INFO - Batch successfully submitted with id = 6.
[2020-12-22 13:11:19,318] {logging_mixin.py:112} INFO - [2020-12-22 13:11:19,318] {batch.py:80} INFO - Getting batch 6 status...
[2020-12-22 13:11:19,330] {logging_mixin.py:112} INFO - [2020-12-22 13:11:19,329] {base_hook.py:84} INFO - Using connection to: id: livy. Host: http://ec2-3-236-26-7.compute-1.amazonaws.com, Port: 8998, Schema: None, Login: None, Password: None, extra: None
[2020-12-22 13:11:19,331] {logging_mixin.py:112} INFO - [2020-12-22 13:11:19,330] {http_hook.py:136} INFO - Sending 'GET' to url: http://ec2-3-236-26-7.compute-1.amazonaws.com:8998/batches/6
[2020-12-22 13:11:19,338] {logging_mixin.py:112} INFO - [2020-12-22 13:11:19,338] {batch.py:90} INFO - Batch 6 has not finished yet (state is 'starting')
[2020-12-22 13:11:39,359] {logging_mixin.py:112} INFO - [2020-12-22 13:11:39,359] {batch.py:80} INFO - Getting batch 6 status...
[2020-12-22 13:11:39,370] {logging_mixin.py:112} INFO - [2020-12-22 13:11:39,370] {base_hook.py:84} INFO - Using connection to: id: livy. Host: http://ec2-3-236-26-7.compute-1.amazonaws.com, Port: 8998, Schema: None, Login: None, Password: None, extra: None
[2020-12-22 13:11:39,372] {logging_mixin.py:112} INFO - [2020-12-22 13:11:39,372] {http_hook.py:136} INFO - Sending 'GET' to url: http://ec2-3-236-26-7.compute-1.amazonaws.com:8998/batches/6
[2020-12-22 13:11:39,384] {logging_mixin.py:112} INFO - [2020-12-22 13:11:39,384] {batch.py:299} INFO - --------------------------------------------------Full log for batch 6--------------------------------------------------
[2020-12-22 13:11:39,392] {logging_mixin.py:112} INFO - [2020-12-22 13:11:39,392] {base_hook.py:84} INFO - Using connection to: id: livy. Host: http://ec2-3-236-26-7.compute-1.amazonaws.com, Port: 8998, Schema: None, Login: None, Password: None, extra: None
[2020-12-22 13:11:39,393] {logging_mixin.py:112} INFO - [2020-12-22 13:11:39,392] {http_hook.py:136} INFO - Sending 'GET' to url: http://ec2-3-236-26-7.compute-1.amazonaws.com:8998/batches/6/log?from=0&size=100
[2020-12-22 13:11:39,400] {logging_mixin.py:112} INFO - [2020-12-22 13:11:39,400] {batch.py:309} INFO - stdout: 
[2020-12-22 13:11:39,400] {logging_mixin.py:112} INFO - [2020-12-22 13:11:39,400] {batch.py:309} INFO - 2020-12-22 13:11:21,049 WARN util.NativeCodeLoader: Unable to load native-hadoop library for your platform... using builtin-java classes where applicable
[2020-12-22 13:11:39,400] {logging_mixin.py:112} INFO - [2020-12-22 13:11:39,400] {batch.py:309} INFO - usage: main.py [-h] --job JOB [--phase PHASE] --mode MODE [--awsKey AWSKEY]
[2020-12-22 13:11:39,400] {logging_mixin.py:112} INFO - [2020-12-22 13:11:39,400] {batch.py:309} INFO -                [--awsSecretKey AWSSECRETKEY] [--s3Bucket S3BUCKET]
[2020-12-22 13:11:39,400] {logging_mixin.py:112} INFO - [2020-12-22 13:11:39,400] {batch.py:309} INFO - main.py: error: the following arguments are required: --job, --mode
[2020-12-22 13:11:39,401] {logging_mixin.py:112} INFO - [2020-12-22 13:11:39,401] {batch.py:309} INFO - 2020-12-22 13:11:25,549 INFO util.ShutdownHookManager: Shutdown hook called
[2020-12-22 13:11:39,401] {logging_mixin.py:112} INFO - [2020-12-22 13:11:39,401] {batch.py:309} INFO - 2020-12-22 13:11:25,551 INFO util.ShutdownHookManager: Deleting directory /tmp/spark-e2f20f49-ca58-416d-8bfc-9cb5993ae821
[2020-12-22 13:11:39,401] {logging_mixin.py:112} INFO - [2020-12-22 13:11:39,401] {batch.py:309} INFO - 2020-12-22 13:11:25,558 INFO impl.MetricsSystemImpl: Stopping s3a-file-system metrics system...
[2020-12-22 13:11:39,401] {logging_mixin.py:112} INFO - [2020-12-22 13:11:39,401] {batch.py:309} INFO - 2020-12-22 13:11:25,559 INFO impl.MetricsSystemImpl: s3a-file-system metrics system stopped.
[2020-12-22 13:11:39,401] {logging_mixin.py:112} INFO - [2020-12-22 13:11:39,401] {batch.py:309} INFO - 2020-12-22 13:11:25,559 INFO impl.MetricsSystemImpl: s3a-file-system metrics system shutdown complete.
[2020-12-22 13:11:39,401] {logging_mixin.py:112} INFO - [2020-12-22 13:11:39,401] {batch.py:309} INFO - 
stderr: 
[2020-12-22 13:11:39,402] {logging_mixin.py:112} INFO - [2020-12-22 13:11:39,401] {batch.py:309} INFO - 
YARN Diagnostics: 
[2020-12-22 13:11:39,402] {logging_mixin.py:112} INFO - [2020-12-22 13:11:39,402] {batch.py:309} INFO - spark-submit start failed
[2020-12-22 13:11:39,402] {logging_mixin.py:112} INFO - [2020-12-22 13:11:39,402] {batch.py:318} INFO - --------------------------------------------------End of full log for batch 6--------------------------------------------------
[2020-12-22 13:11:39,402] {logging_mixin.py:112} INFO - [2020-12-22 13:11:39,402] {batch.py:335} INFO - Closing batch with id = 6
[2020-12-22 13:11:39,415] {logging_mixin.py:112} INFO - [2020-12-22 13:11:39,414] {base_hook.py:84} INFO - Using connection to: id: livy. Host: http://ec2-3-236-26-7.compute-1.amazonaws.com, Port: 8998, Schema: None, Login: None, Password: None, extra: None
[2020-12-22 13:11:39,415] {logging_mixin.py:112} INFO - [2020-12-22 13:11:39,415] {http_hook.py:136} INFO - Sending 'DELETE' to url: http://ec2-3-236-26-7.compute-1.amazonaws.com:8998/batches/6
[2020-12-22 13:11:39,432] {logging_mixin.py:112} INFO - [2020-12-22 13:11:39,432] {batch.py:340} INFO - Batch 6 has been closed
[2020-12-22 13:11:39,442] {taskinstance.py:1128} ERROR - Batch 6 failed with state 'dead'
Traceback (most recent call last):
  File "/opt/bitnami/python/lib/python3.6/site-packages/airflow/models/taskinstance.py", line 966, in _run_raw_task
    result = task_copy.execute(context=context)
  File "/usr/local/airflow/plugins/airflow_livy/batch.py", line 173, in execute
    ).execute(context)
  File "/opt/bitnami/python/lib/python3.6/site-packages/airflow/sensors/base_sensor_operator.py", line 107, in execute
    while not self.poke(context):
  File "/usr/local/airflow/plugins/airflow_livy/batch.py", line 96, in poke
    raise AirflowException(f"Batch {self.batch_id} failed with state '{state}'")
airflow.exceptions.AirflowException: Batch 6 failed with state 'dead'
[2020-12-22 13:11:39,444] {taskinstance.py:1151} INFO - Marking task as UP_FOR_RETRY
[2020-12-22 13:11:44,198] {logging_mixin.py:112} INFO - [2020-12-22 13:11:44,197] {local_task_job.py:103} INFO - Task exited with return code 1
