[2020-12-22 13:12:43,297] {taskinstance.py:655} INFO - Dependencies all met for <TaskInstance: loan_prediction_train_model.preprocess_data 2020-12-22T12:43:23.210460+00:00 [queued]>
[2020-12-22 13:12:43,315] {taskinstance.py:655} INFO - Dependencies all met for <TaskInstance: loan_prediction_train_model.preprocess_data 2020-12-22T12:43:23.210460+00:00 [queued]>
[2020-12-22 13:12:43,315] {taskinstance.py:866} INFO - 
--------------------------------------------------------------------------------
[2020-12-22 13:12:43,315] {taskinstance.py:867} INFO - Starting attempt 11 of 12
[2020-12-22 13:12:43,315] {taskinstance.py:868} INFO - 
--------------------------------------------------------------------------------
[2020-12-22 13:12:43,328] {taskinstance.py:887} INFO - Executing <Task(LivyBatchOperator): preprocess_data> on 2020-12-22T12:43:23.210460+00:00
[2020-12-22 13:12:43,331] {standard_task_runner.py:53} INFO - Started process 25119 to run task
[2020-12-22 13:12:43,388] {logging_mixin.py:112} INFO - Running %s on host %s <TaskInstance: loan_prediction_train_model.preprocess_data 2020-12-22T12:43:23.210460+00:00 [running]> dcb43f18a24b
[2020-12-22 13:12:43,409] {logging_mixin.py:112} INFO - [2020-12-22 13:12:43,409] {batch.py:214} INFO - Submitting the batch to Livy... Payload:
{
  "file": "s3a://alanchn31-loan-default-prediction/dist/main.py",
  "args": [
    "-job=preprocess_data",
    "-phase=train",
    "-mode=aws",
    "-awsKey=AKIAUW4FKHTMR2UR3INH",
    "-awsSecretKey=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",
    "-s3Bucket=alanchn31-loan-default-prediction"
  ],
  "pyFiles": [
    "s3a://alanchn31-loan-default-prediction/dist/src.zip"
  ],
  "name": "preprocess_data_scheduled__2020-12-22T12:43:23.210460+00:00"
}
[2020-12-22 13:12:43,418] {logging_mixin.py:112} INFO - [2020-12-22 13:12:43,417] {base_hook.py:84} INFO - Using connection to: id: livy. Host: http://ec2-3-236-26-7.compute-1.amazonaws.com, Port: 8998, Schema: None, Login: None, Password: None, extra: None
[2020-12-22 13:12:43,421] {logging_mixin.py:112} INFO - [2020-12-22 13:12:43,420] {http_hook.py:136} INFO - Sending 'POST' to url: http://ec2-3-236-26-7.compute-1.amazonaws.com:8998/batches
[2020-12-22 13:12:43,443] {logging_mixin.py:112} INFO - [2020-12-22 13:12:43,442] {batch.py:166} INFO - Batch successfully submitted with id = 7.
[2020-12-22 13:12:43,443] {logging_mixin.py:112} INFO - [2020-12-22 13:12:43,443] {batch.py:80} INFO - Getting batch 7 status...
[2020-12-22 13:12:43,451] {logging_mixin.py:112} INFO - [2020-12-22 13:12:43,451] {base_hook.py:84} INFO - Using connection to: id: livy. Host: http://ec2-3-236-26-7.compute-1.amazonaws.com, Port: 8998, Schema: None, Login: None, Password: None, extra: None
[2020-12-22 13:12:43,452] {logging_mixin.py:112} INFO - [2020-12-22 13:12:43,452] {http_hook.py:136} INFO - Sending 'GET' to url: http://ec2-3-236-26-7.compute-1.amazonaws.com:8998/batches/7
[2020-12-22 13:12:43,457] {logging_mixin.py:112} INFO - [2020-12-22 13:12:43,457] {batch.py:90} INFO - Batch 7 has not finished yet (state is 'starting')
[2020-12-22 13:13:03,464] {logging_mixin.py:112} INFO - [2020-12-22 13:13:03,463] {batch.py:80} INFO - Getting batch 7 status...
[2020-12-22 13:13:03,471] {logging_mixin.py:112} INFO - [2020-12-22 13:13:03,471] {base_hook.py:84} INFO - Using connection to: id: livy. Host: http://ec2-3-236-26-7.compute-1.amazonaws.com, Port: 8998, Schema: None, Login: None, Password: None, extra: None
[2020-12-22 13:13:03,473] {logging_mixin.py:112} INFO - [2020-12-22 13:13:03,472] {http_hook.py:136} INFO - Sending 'GET' to url: http://ec2-3-236-26-7.compute-1.amazonaws.com:8998/batches/7
[2020-12-22 13:13:03,482] {logging_mixin.py:112} INFO - [2020-12-22 13:13:03,482] {batch.py:299} INFO - --------------------------------------------------Full log for batch 7--------------------------------------------------
[2020-12-22 13:13:03,491] {logging_mixin.py:112} INFO - [2020-12-22 13:13:03,491] {base_hook.py:84} INFO - Using connection to: id: livy. Host: http://ec2-3-236-26-7.compute-1.amazonaws.com, Port: 8998, Schema: None, Login: None, Password: None, extra: None
[2020-12-22 13:13:03,494] {logging_mixin.py:112} INFO - [2020-12-22 13:13:03,493] {http_hook.py:136} INFO - Sending 'GET' to url: http://ec2-3-236-26-7.compute-1.amazonaws.com:8998/batches/7/log?from=0&size=100
[2020-12-22 13:13:03,500] {logging_mixin.py:112} INFO - [2020-12-22 13:13:03,500] {batch.py:309} INFO - stdout: 
[2020-12-22 13:13:03,501] {logging_mixin.py:112} INFO - [2020-12-22 13:13:03,501] {batch.py:309} INFO - 2020-12-22 13:12:45,272 WARN util.NativeCodeLoader: Unable to load native-hadoop library for your platform... using builtin-java classes where applicable
[2020-12-22 13:13:03,501] {logging_mixin.py:112} INFO - [2020-12-22 13:13:03,501] {batch.py:309} INFO - usage: main.py [-h] --job JOB [--phase PHASE] --mode MODE [--awsKey AWSKEY]
[2020-12-22 13:13:03,501] {logging_mixin.py:112} INFO - [2020-12-22 13:13:03,501] {batch.py:309} INFO -                [--awsSecretKey AWSSECRETKEY] [--s3Bucket S3BUCKET]
[2020-12-22 13:13:03,502] {logging_mixin.py:112} INFO - [2020-12-22 13:13:03,501] {batch.py:309} INFO - main.py: error: the following arguments are required: --job, --mode
[2020-12-22 13:13:03,502] {logging_mixin.py:112} INFO - [2020-12-22 13:13:03,502] {batch.py:309} INFO - 2020-12-22 13:12:48,273 INFO util.ShutdownHookManager: Shutdown hook called
[2020-12-22 13:13:03,502] {logging_mixin.py:112} INFO - [2020-12-22 13:13:03,502] {batch.py:309} INFO - 2020-12-22 13:12:48,276 INFO util.ShutdownHookManager: Deleting directory /tmp/spark-766db8ac-d642-4e5c-87fb-73b8a648cb84
[2020-12-22 13:13:03,502] {logging_mixin.py:112} INFO - [2020-12-22 13:13:03,502] {batch.py:309} INFO - 2020-12-22 13:12:48,281 INFO impl.MetricsSystemImpl: Stopping s3a-file-system metrics system...
[2020-12-22 13:13:03,502] {logging_mixin.py:112} INFO - [2020-12-22 13:13:03,502] {batch.py:309} INFO - 2020-12-22 13:12:48,281 INFO impl.MetricsSystemImpl: s3a-file-system metrics system stopped.
[2020-12-22 13:13:03,502] {logging_mixin.py:112} INFO - [2020-12-22 13:13:03,502] {batch.py:309} INFO - 2020-12-22 13:12:48,281 INFO impl.MetricsSystemImpl: s3a-file-system metrics system shutdown complete.
[2020-12-22 13:13:03,503] {logging_mixin.py:112} INFO - [2020-12-22 13:13:03,502] {batch.py:309} INFO - 
stderr: 
[2020-12-22 13:13:03,503] {logging_mixin.py:112} INFO - [2020-12-22 13:13:03,503] {batch.py:309} INFO - 
YARN Diagnostics: 
[2020-12-22 13:13:03,503] {logging_mixin.py:112} INFO - [2020-12-22 13:13:03,503] {batch.py:309} INFO - spark-submit start failed
[2020-12-22 13:13:03,503] {logging_mixin.py:112} INFO - [2020-12-22 13:13:03,503] {batch.py:318} INFO - --------------------------------------------------End of full log for batch 7--------------------------------------------------
[2020-12-22 13:13:03,503] {logging_mixin.py:112} INFO - [2020-12-22 13:13:03,503] {batch.py:335} INFO - Closing batch with id = 7
[2020-12-22 13:13:03,510] {logging_mixin.py:112} INFO - [2020-12-22 13:13:03,510] {base_hook.py:84} INFO - Using connection to: id: livy. Host: http://ec2-3-236-26-7.compute-1.amazonaws.com, Port: 8998, Schema: None, Login: None, Password: None, extra: None
[2020-12-22 13:13:03,511] {logging_mixin.py:112} INFO - [2020-12-22 13:13:03,511] {http_hook.py:136} INFO - Sending 'DELETE' to url: http://ec2-3-236-26-7.compute-1.amazonaws.com:8998/batches/7
[2020-12-22 13:13:03,519] {logging_mixin.py:112} INFO - [2020-12-22 13:13:03,518] {batch.py:340} INFO - Batch 7 has been closed
[2020-12-22 13:13:03,526] {taskinstance.py:1128} ERROR - Batch 7 failed with state 'dead'
Traceback (most recent call last):
  File "/opt/bitnami/python/lib/python3.6/site-packages/airflow/models/taskinstance.py", line 966, in _run_raw_task
    result = task_copy.execute(context=context)
  File "/usr/local/airflow/plugins/airflow_livy/batch.py", line 173, in execute
    ).execute(context)
  File "/opt/bitnami/python/lib/python3.6/site-packages/airflow/sensors/base_sensor_operator.py", line 107, in execute
    while not self.poke(context):
  File "/usr/local/airflow/plugins/airflow_livy/batch.py", line 96, in poke
    raise AirflowException(f"Batch {self.batch_id} failed with state '{state}'")
airflow.exceptions.AirflowException: Batch 7 failed with state 'dead'
[2020-12-22 13:13:03,528] {taskinstance.py:1151} INFO - Marking task as UP_FOR_RETRY
[2020-12-22 13:13:08,338] {logging_mixin.py:112} INFO - [2020-12-22 13:13:08,338] {local_task_job.py:103} INFO - Task exited with return code 1
