[2020-12-22 13:14:07,325] {taskinstance.py:655} INFO - Dependencies all met for <TaskInstance: loan_prediction_train_model.preprocess_data 2020-12-22T12:43:23.210460+00:00 [queued]>
[2020-12-22 13:14:07,344] {taskinstance.py:655} INFO - Dependencies all met for <TaskInstance: loan_prediction_train_model.preprocess_data 2020-12-22T12:43:23.210460+00:00 [queued]>
[2020-12-22 13:14:07,344] {taskinstance.py:866} INFO - 
--------------------------------------------------------------------------------
[2020-12-22 13:14:07,344] {taskinstance.py:867} INFO - Starting attempt 12 of 12
[2020-12-22 13:14:07,345] {taskinstance.py:868} INFO - 
--------------------------------------------------------------------------------
[2020-12-22 13:14:07,357] {taskinstance.py:887} INFO - Executing <Task(LivyBatchOperator): preprocess_data> on 2020-12-22T12:43:23.210460+00:00
[2020-12-22 13:14:07,361] {standard_task_runner.py:53} INFO - Started process 25977 to run task
[2020-12-22 13:14:07,419] {logging_mixin.py:112} INFO - Running %s on host %s <TaskInstance: loan_prediction_train_model.preprocess_data 2020-12-22T12:43:23.210460+00:00 [running]> dcb43f18a24b
[2020-12-22 13:14:07,440] {logging_mixin.py:112} INFO - [2020-12-22 13:14:07,440] {batch.py:214} INFO - Submitting the batch to Livy... Payload:
{
  "file": "s3a://alanchn31-loan-default-prediction/dist/main.py",
  "args": [
    "-job=preprocess_data",
    "-phase=train",
    "-mode=aws",
    "-awsKey=AKIAUW4FKHTMR2UR3INH",
    "-awsSecretKey=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",
    "-s3Bucket=alanchn31-loan-default-prediction"
  ],
  "pyFiles": [
    "s3a://alanchn31-loan-default-prediction/dist/src.zip"
  ],
  "name": "preprocess_data_scheduled__2020-12-22T12:43:23.210460+00:00"
}
[2020-12-22 13:14:07,450] {logging_mixin.py:112} INFO - [2020-12-22 13:14:07,449] {base_hook.py:84} INFO - Using connection to: id: livy. Host: http://ec2-3-236-26-7.compute-1.amazonaws.com, Port: 8998, Schema: None, Login: None, Password: None, extra: None
[2020-12-22 13:14:07,452] {logging_mixin.py:112} INFO - [2020-12-22 13:14:07,452] {http_hook.py:136} INFO - Sending 'POST' to url: http://ec2-3-236-26-7.compute-1.amazonaws.com:8998/batches
[2020-12-22 13:14:07,473] {logging_mixin.py:112} INFO - [2020-12-22 13:14:07,473] {batch.py:166} INFO - Batch successfully submitted with id = 8.
[2020-12-22 13:14:07,475] {logging_mixin.py:112} INFO - [2020-12-22 13:14:07,475] {batch.py:80} INFO - Getting batch 8 status...
[2020-12-22 13:14:07,483] {logging_mixin.py:112} INFO - [2020-12-22 13:14:07,482] {base_hook.py:84} INFO - Using connection to: id: livy. Host: http://ec2-3-236-26-7.compute-1.amazonaws.com, Port: 8998, Schema: None, Login: None, Password: None, extra: None
[2020-12-22 13:14:07,484] {logging_mixin.py:112} INFO - [2020-12-22 13:14:07,484] {http_hook.py:136} INFO - Sending 'GET' to url: http://ec2-3-236-26-7.compute-1.amazonaws.com:8998/batches/8
[2020-12-22 13:14:07,494] {logging_mixin.py:112} INFO - [2020-12-22 13:14:07,494] {batch.py:90} INFO - Batch 8 has not finished yet (state is 'starting')
[2020-12-22 13:14:27,506] {logging_mixin.py:112} INFO - [2020-12-22 13:14:27,506] {batch.py:80} INFO - Getting batch 8 status...
[2020-12-22 13:14:27,513] {logging_mixin.py:112} INFO - [2020-12-22 13:14:27,513] {base_hook.py:84} INFO - Using connection to: id: livy. Host: http://ec2-3-236-26-7.compute-1.amazonaws.com, Port: 8998, Schema: None, Login: None, Password: None, extra: None
[2020-12-22 13:14:27,515] {logging_mixin.py:112} INFO - [2020-12-22 13:14:27,514] {http_hook.py:136} INFO - Sending 'GET' to url: http://ec2-3-236-26-7.compute-1.amazonaws.com:8998/batches/8
[2020-12-22 13:14:27,526] {logging_mixin.py:112} INFO - [2020-12-22 13:14:27,525] {batch.py:299} INFO - --------------------------------------------------Full log for batch 8--------------------------------------------------
[2020-12-22 13:14:27,533] {logging_mixin.py:112} INFO - [2020-12-22 13:14:27,533] {base_hook.py:84} INFO - Using connection to: id: livy. Host: http://ec2-3-236-26-7.compute-1.amazonaws.com, Port: 8998, Schema: None, Login: None, Password: None, extra: None
[2020-12-22 13:14:27,535] {logging_mixin.py:112} INFO - [2020-12-22 13:14:27,535] {http_hook.py:136} INFO - Sending 'GET' to url: http://ec2-3-236-26-7.compute-1.amazonaws.com:8998/batches/8/log?from=0&size=100
[2020-12-22 13:14:27,547] {logging_mixin.py:112} INFO - [2020-12-22 13:14:27,547] {batch.py:309} INFO - stdout: 
[2020-12-22 13:14:27,549] {logging_mixin.py:112} INFO - [2020-12-22 13:14:27,548] {batch.py:309} INFO - 2020-12-22 13:14:09,709 WARN util.NativeCodeLoader: Unable to load native-hadoop library for your platform... using builtin-java classes where applicable
[2020-12-22 13:14:27,550] {logging_mixin.py:112} INFO - [2020-12-22 13:14:27,550] {batch.py:309} INFO - usage: main.py [-h] --job JOB [--phase PHASE] --mode MODE [--awsKey AWSKEY]
[2020-12-22 13:14:27,551] {logging_mixin.py:112} INFO - [2020-12-22 13:14:27,551] {batch.py:309} INFO -                [--awsSecretKey AWSSECRETKEY] [--s3Bucket S3BUCKET]
[2020-12-22 13:14:27,551] {logging_mixin.py:112} INFO - [2020-12-22 13:14:27,551] {batch.py:309} INFO - main.py: error: the following arguments are required: --job, --mode
[2020-12-22 13:14:27,551] {logging_mixin.py:112} INFO - [2020-12-22 13:14:27,551] {batch.py:309} INFO - 2020-12-22 13:14:12,993 INFO util.ShutdownHookManager: Shutdown hook called
[2020-12-22 13:14:27,551] {logging_mixin.py:112} INFO - [2020-12-22 13:14:27,551] {batch.py:309} INFO - 2020-12-22 13:14:12,995 INFO util.ShutdownHookManager: Deleting directory /tmp/spark-8087a84b-7c0d-4cb1-ada0-1aeec65dffa6
[2020-12-22 13:14:27,551] {logging_mixin.py:112} INFO - [2020-12-22 13:14:27,551] {batch.py:309} INFO - 2020-12-22 13:14:13,000 INFO impl.MetricsSystemImpl: Stopping s3a-file-system metrics system...
[2020-12-22 13:14:27,551] {logging_mixin.py:112} INFO - [2020-12-22 13:14:27,551] {batch.py:309} INFO - 2020-12-22 13:14:13,001 INFO impl.MetricsSystemImpl: s3a-file-system metrics system stopped.
[2020-12-22 13:14:27,552] {logging_mixin.py:112} INFO - [2020-12-22 13:14:27,552] {batch.py:309} INFO - 2020-12-22 13:14:13,001 INFO impl.MetricsSystemImpl: s3a-file-system metrics system shutdown complete.
[2020-12-22 13:14:27,552] {logging_mixin.py:112} INFO - [2020-12-22 13:14:27,552] {batch.py:309} INFO - 
stderr: 
[2020-12-22 13:14:27,554] {logging_mixin.py:112} INFO - [2020-12-22 13:14:27,552] {batch.py:309} INFO - 
YARN Diagnostics: 
[2020-12-22 13:14:27,554] {logging_mixin.py:112} INFO - [2020-12-22 13:14:27,554] {batch.py:309} INFO - spark-submit start failed
[2020-12-22 13:14:27,554] {logging_mixin.py:112} INFO - [2020-12-22 13:14:27,554] {batch.py:318} INFO - --------------------------------------------------End of full log for batch 8--------------------------------------------------
[2020-12-22 13:14:27,554] {logging_mixin.py:112} INFO - [2020-12-22 13:14:27,554] {batch.py:335} INFO - Closing batch with id = 8
[2020-12-22 13:14:27,563] {logging_mixin.py:112} INFO - [2020-12-22 13:14:27,563] {base_hook.py:84} INFO - Using connection to: id: livy. Host: http://ec2-3-236-26-7.compute-1.amazonaws.com, Port: 8998, Schema: None, Login: None, Password: None, extra: None
[2020-12-22 13:14:27,565] {logging_mixin.py:112} INFO - [2020-12-22 13:14:27,565] {http_hook.py:136} INFO - Sending 'DELETE' to url: http://ec2-3-236-26-7.compute-1.amazonaws.com:8998/batches/8
[2020-12-22 13:14:27,577] {logging_mixin.py:112} INFO - [2020-12-22 13:14:27,577] {batch.py:340} INFO - Batch 8 has been closed
[2020-12-22 13:14:27,589] {taskinstance.py:1128} ERROR - Batch 8 failed with state 'dead'
Traceback (most recent call last):
  File "/opt/bitnami/python/lib/python3.6/site-packages/airflow/models/taskinstance.py", line 966, in _run_raw_task
    result = task_copy.execute(context=context)
  File "/usr/local/airflow/plugins/airflow_livy/batch.py", line 173, in execute
    ).execute(context)
  File "/opt/bitnami/python/lib/python3.6/site-packages/airflow/sensors/base_sensor_operator.py", line 107, in execute
    while not self.poke(context):
  File "/usr/local/airflow/plugins/airflow_livy/batch.py", line 96, in poke
    raise AirflowException(f"Batch {self.batch_id} failed with state '{state}'")
airflow.exceptions.AirflowException: Batch 8 failed with state 'dead'
[2020-12-22 13:14:27,590] {taskinstance.py:1170} INFO - All retries failed; marking task as FAILED.dag_id=loan_prediction_train_model, task_id=preprocess_data, execution_date=20201222T124323, start_date=20201222T131407, end_date=20201222T131427
[2020-12-22 13:14:32,376] {logging_mixin.py:112} INFO - [2020-12-22 13:14:32,375] {local_task_job.py:103} INFO - Task exited with return code 1
