[2020-12-22 13:15:09,422] {taskinstance.py:655} INFO - Dependencies all met for <TaskInstance: loan_prediction_train_model.preprocess_data 2020-12-22T12:43:23.210460+00:00 [queued]>
[2020-12-22 13:15:09,441] {taskinstance.py:655} INFO - Dependencies all met for <TaskInstance: loan_prediction_train_model.preprocess_data 2020-12-22T12:43:23.210460+00:00 [queued]>
[2020-12-22 13:15:09,442] {taskinstance.py:866} INFO - 
--------------------------------------------------------------------------------
[2020-12-22 13:15:09,443] {taskinstance.py:867} INFO - Starting attempt 13 of 18
[2020-12-22 13:15:09,443] {taskinstance.py:868} INFO - 
--------------------------------------------------------------------------------
[2020-12-22 13:15:09,456] {taskinstance.py:887} INFO - Executing <Task(LivyBatchOperator): preprocess_data> on 2020-12-22T12:43:23.210460+00:00
[2020-12-22 13:15:09,460] {standard_task_runner.py:53} INFO - Started process 26622 to run task
[2020-12-22 13:15:09,520] {logging_mixin.py:112} INFO - Running %s on host %s <TaskInstance: loan_prediction_train_model.preprocess_data 2020-12-22T12:43:23.210460+00:00 [running]> dcb43f18a24b
[2020-12-22 13:15:09,543] {logging_mixin.py:112} INFO - [2020-12-22 13:15:09,543] {batch.py:214} INFO - Submitting the batch to Livy... Payload:
{
  "file": "s3a://alanchn31-loan-default-prediction/dist/main.py",
  "args": [
    "-job=preprocess_data",
    "-phase=train",
    "-mode=aws",
    "-awsKey=AKIAUW4FKHTMR2UR3INH",
    "-awsSecretKey=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",
    "-s3Bucket=alanchn31-loan-default-prediction"
  ],
  "pyFiles": [
    "s3a://alanchn31-loan-default-prediction/dist/src.zip"
  ],
  "name": "preprocess_data_scheduled__2020-12-22T12:43:23.210460+00:00"
}
[2020-12-22 13:15:09,554] {logging_mixin.py:112} INFO - [2020-12-22 13:15:09,553] {base_hook.py:84} INFO - Using connection to: id: livy. Host: http://ec2-3-236-26-7.compute-1.amazonaws.com, Port: 8998, Schema: None, Login: None, Password: None, extra: None
[2020-12-22 13:15:09,557] {logging_mixin.py:112} INFO - [2020-12-22 13:15:09,557] {http_hook.py:136} INFO - Sending 'POST' to url: http://ec2-3-236-26-7.compute-1.amazonaws.com:8998/batches
[2020-12-22 13:15:09,577] {logging_mixin.py:112} INFO - [2020-12-22 13:15:09,577] {batch.py:166} INFO - Batch successfully submitted with id = 9.
[2020-12-22 13:15:09,579] {logging_mixin.py:112} INFO - [2020-12-22 13:15:09,579] {batch.py:80} INFO - Getting batch 9 status...
[2020-12-22 13:15:09,587] {logging_mixin.py:112} INFO - [2020-12-22 13:15:09,587] {base_hook.py:84} INFO - Using connection to: id: livy. Host: http://ec2-3-236-26-7.compute-1.amazonaws.com, Port: 8998, Schema: None, Login: None, Password: None, extra: None
[2020-12-22 13:15:09,591] {logging_mixin.py:112} INFO - [2020-12-22 13:15:09,591] {http_hook.py:136} INFO - Sending 'GET' to url: http://ec2-3-236-26-7.compute-1.amazonaws.com:8998/batches/9
[2020-12-22 13:15:09,598] {logging_mixin.py:112} INFO - [2020-12-22 13:15:09,598] {batch.py:90} INFO - Batch 9 has not finished yet (state is 'starting')
[2020-12-22 13:15:29,619] {logging_mixin.py:112} INFO - [2020-12-22 13:15:29,619] {batch.py:80} INFO - Getting batch 9 status...
[2020-12-22 13:15:29,626] {logging_mixin.py:112} INFO - [2020-12-22 13:15:29,626] {base_hook.py:84} INFO - Using connection to: id: livy. Host: http://ec2-3-236-26-7.compute-1.amazonaws.com, Port: 8998, Schema: None, Login: None, Password: None, extra: None
[2020-12-22 13:15:29,628] {logging_mixin.py:112} INFO - [2020-12-22 13:15:29,627] {http_hook.py:136} INFO - Sending 'GET' to url: http://ec2-3-236-26-7.compute-1.amazonaws.com:8998/batches/9
[2020-12-22 13:15:29,638] {logging_mixin.py:112} INFO - [2020-12-22 13:15:29,638] {batch.py:299} INFO - --------------------------------------------------Full log for batch 9--------------------------------------------------
[2020-12-22 13:15:29,645] {logging_mixin.py:112} INFO - [2020-12-22 13:15:29,645] {base_hook.py:84} INFO - Using connection to: id: livy. Host: http://ec2-3-236-26-7.compute-1.amazonaws.com, Port: 8998, Schema: None, Login: None, Password: None, extra: None
[2020-12-22 13:15:29,647] {logging_mixin.py:112} INFO - [2020-12-22 13:15:29,646] {http_hook.py:136} INFO - Sending 'GET' to url: http://ec2-3-236-26-7.compute-1.amazonaws.com:8998/batches/9/log?from=0&size=100
[2020-12-22 13:15:29,654] {logging_mixin.py:112} INFO - [2020-12-22 13:15:29,654] {batch.py:309} INFO - stdout: 
[2020-12-22 13:15:29,654] {logging_mixin.py:112} INFO - [2020-12-22 13:15:29,654] {batch.py:309} INFO - 2020-12-22 13:15:11,412 WARN util.NativeCodeLoader: Unable to load native-hadoop library for your platform... using builtin-java classes where applicable
[2020-12-22 13:15:29,654] {logging_mixin.py:112} INFO - [2020-12-22 13:15:29,654] {batch.py:309} INFO - usage: main.py [-h] --job JOB [--phase PHASE] --mode MODE [--awsKey AWSKEY]
[2020-12-22 13:15:29,655] {logging_mixin.py:112} INFO - [2020-12-22 13:15:29,655] {batch.py:309} INFO -                [--awsSecretKey AWSSECRETKEY] [--s3Bucket S3BUCKET]
[2020-12-22 13:15:29,655] {logging_mixin.py:112} INFO - [2020-12-22 13:15:29,655] {batch.py:309} INFO - main.py: error: the following arguments are required: --job, --mode
[2020-12-22 13:15:29,655] {logging_mixin.py:112} INFO - [2020-12-22 13:15:29,655] {batch.py:309} INFO - 2020-12-22 13:15:15,228 INFO util.ShutdownHookManager: Shutdown hook called
[2020-12-22 13:15:29,655] {logging_mixin.py:112} INFO - [2020-12-22 13:15:29,655] {batch.py:309} INFO - 2020-12-22 13:15:15,232 INFO util.ShutdownHookManager: Deleting directory /tmp/spark-df2f3de6-bc93-4567-bc3c-329ac5bbf414
[2020-12-22 13:15:29,655] {logging_mixin.py:112} INFO - [2020-12-22 13:15:29,655] {batch.py:309} INFO - 2020-12-22 13:15:15,238 INFO impl.MetricsSystemImpl: Stopping s3a-file-system metrics system...
[2020-12-22 13:15:29,656] {logging_mixin.py:112} INFO - [2020-12-22 13:15:29,656] {batch.py:309} INFO - 2020-12-22 13:15:15,238 INFO impl.MetricsSystemImpl: s3a-file-system metrics system stopped.
[2020-12-22 13:15:29,656] {logging_mixin.py:112} INFO - [2020-12-22 13:15:29,656] {batch.py:309} INFO - 2020-12-22 13:15:15,239 INFO impl.MetricsSystemImpl: s3a-file-system metrics system shutdown complete.
[2020-12-22 13:15:29,656] {logging_mixin.py:112} INFO - [2020-12-22 13:15:29,656] {batch.py:309} INFO - 
stderr: 
[2020-12-22 13:15:29,656] {logging_mixin.py:112} INFO - [2020-12-22 13:15:29,656] {batch.py:309} INFO - 
YARN Diagnostics: 
[2020-12-22 13:15:29,656] {logging_mixin.py:112} INFO - [2020-12-22 13:15:29,656] {batch.py:309} INFO - spark-submit start failed
[2020-12-22 13:15:29,657] {logging_mixin.py:112} INFO - [2020-12-22 13:15:29,656] {batch.py:318} INFO - --------------------------------------------------End of full log for batch 9--------------------------------------------------
[2020-12-22 13:15:29,657] {logging_mixin.py:112} INFO - [2020-12-22 13:15:29,657] {batch.py:335} INFO - Closing batch with id = 9
[2020-12-22 13:15:29,665] {logging_mixin.py:112} INFO - [2020-12-22 13:15:29,665] {base_hook.py:84} INFO - Using connection to: id: livy. Host: http://ec2-3-236-26-7.compute-1.amazonaws.com, Port: 8998, Schema: None, Login: None, Password: None, extra: None
[2020-12-22 13:15:29,667] {logging_mixin.py:112} INFO - [2020-12-22 13:15:29,667] {http_hook.py:136} INFO - Sending 'DELETE' to url: http://ec2-3-236-26-7.compute-1.amazonaws.com:8998/batches/9
[2020-12-22 13:15:29,674] {logging_mixin.py:112} INFO - [2020-12-22 13:15:29,674] {batch.py:340} INFO - Batch 9 has been closed
[2020-12-22 13:15:29,682] {taskinstance.py:1128} ERROR - Batch 9 failed with state 'dead'
Traceback (most recent call last):
  File "/opt/bitnami/python/lib/python3.6/site-packages/airflow/models/taskinstance.py", line 966, in _run_raw_task
    result = task_copy.execute(context=context)
  File "/usr/local/airflow/plugins/airflow_livy/batch.py", line 173, in execute
    ).execute(context)
  File "/opt/bitnami/python/lib/python3.6/site-packages/airflow/sensors/base_sensor_operator.py", line 107, in execute
    while not self.poke(context):
  File "/usr/local/airflow/plugins/airflow_livy/batch.py", line 96, in poke
    raise AirflowException(f"Batch {self.batch_id} failed with state '{state}'")
airflow.exceptions.AirflowException: Batch 9 failed with state 'dead'
[2020-12-22 13:15:29,685] {taskinstance.py:1151} INFO - Marking task as UP_FOR_RETRY
[2020-12-22 13:15:34,475] {logging_mixin.py:112} INFO - [2020-12-22 13:15:34,474] {local_task_job.py:103} INFO - Task exited with return code 1
