[2020-12-22 13:16:33,842] {taskinstance.py:655} INFO - Dependencies all met for <TaskInstance: loan_prediction_train_model.preprocess_data 2020-12-22T12:43:23.210460+00:00 [queued]>
[2020-12-22 13:16:33,863] {taskinstance.py:655} INFO - Dependencies all met for <TaskInstance: loan_prediction_train_model.preprocess_data 2020-12-22T12:43:23.210460+00:00 [queued]>
[2020-12-22 13:16:33,863] {taskinstance.py:866} INFO - 
--------------------------------------------------------------------------------
[2020-12-22 13:16:33,863] {taskinstance.py:867} INFO - Starting attempt 14 of 18
[2020-12-22 13:16:33,863] {taskinstance.py:868} INFO - 
--------------------------------------------------------------------------------
[2020-12-22 13:16:33,875] {taskinstance.py:887} INFO - Executing <Task(LivyBatchOperator): preprocess_data> on 2020-12-22T12:43:23.210460+00:00
[2020-12-22 13:16:33,879] {standard_task_runner.py:53} INFO - Started process 27483 to run task
[2020-12-22 13:16:33,937] {logging_mixin.py:112} INFO - Running %s on host %s <TaskInstance: loan_prediction_train_model.preprocess_data 2020-12-22T12:43:23.210460+00:00 [running]> dcb43f18a24b
[2020-12-22 13:16:33,959] {logging_mixin.py:112} INFO - [2020-12-22 13:16:33,959] {batch.py:214} INFO - Submitting the batch to Livy... Payload:
{
  "file": "s3a://alanchn31-loan-default-prediction/dist/main.py",
  "args": [
    "-job=preprocess_data",
    "-phase=train",
    "-mode=aws",
    "-awsKey=AKIAUW4FKHTMR2UR3INH",
    "-awsSecretKey=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",
    "-s3Bucket=alanchn31-loan-default-prediction"
  ],
  "pyFiles": [
    "s3a://alanchn31-loan-default-prediction/dist/src.zip"
  ],
  "name": "preprocess_data_scheduled__2020-12-22T12:43:23.210460+00:00"
}
[2020-12-22 13:16:33,971] {logging_mixin.py:112} INFO - [2020-12-22 13:16:33,970] {base_hook.py:84} INFO - Using connection to: id: livy. Host: http://ec2-3-236-26-7.compute-1.amazonaws.com, Port: 8998, Schema: None, Login: None, Password: None, extra: None
[2020-12-22 13:16:33,975] {logging_mixin.py:112} INFO - [2020-12-22 13:16:33,975] {http_hook.py:136} INFO - Sending 'POST' to url: http://ec2-3-236-26-7.compute-1.amazonaws.com:8998/batches
[2020-12-22 13:16:34,007] {logging_mixin.py:112} INFO - [2020-12-22 13:16:34,007] {batch.py:166} INFO - Batch successfully submitted with id = 10.
[2020-12-22 13:16:34,013] {logging_mixin.py:112} INFO - [2020-12-22 13:16:34,012] {batch.py:80} INFO - Getting batch 10 status...
[2020-12-22 13:16:34,035] {logging_mixin.py:112} INFO - [2020-12-22 13:16:34,035] {base_hook.py:84} INFO - Using connection to: id: livy. Host: http://ec2-3-236-26-7.compute-1.amazonaws.com, Port: 8998, Schema: None, Login: None, Password: None, extra: None
[2020-12-22 13:16:34,037] {logging_mixin.py:112} INFO - [2020-12-22 13:16:34,037] {http_hook.py:136} INFO - Sending 'GET' to url: http://ec2-3-236-26-7.compute-1.amazonaws.com:8998/batches/10
[2020-12-22 13:16:34,048] {logging_mixin.py:112} INFO - [2020-12-22 13:16:34,048] {batch.py:90} INFO - Batch 10 has not finished yet (state is 'starting')
[2020-12-22 13:16:54,066] {logging_mixin.py:112} INFO - [2020-12-22 13:16:54,066] {batch.py:80} INFO - Getting batch 10 status...
[2020-12-22 13:16:54,073] {logging_mixin.py:112} INFO - [2020-12-22 13:16:54,073] {base_hook.py:84} INFO - Using connection to: id: livy. Host: http://ec2-3-236-26-7.compute-1.amazonaws.com, Port: 8998, Schema: None, Login: None, Password: None, extra: None
[2020-12-22 13:16:54,075] {logging_mixin.py:112} INFO - [2020-12-22 13:16:54,075] {http_hook.py:136} INFO - Sending 'GET' to url: http://ec2-3-236-26-7.compute-1.amazonaws.com:8998/batches/10
[2020-12-22 13:16:54,084] {logging_mixin.py:112} INFO - [2020-12-22 13:16:54,084] {batch.py:299} INFO - --------------------------------------------------Full log for batch 10--------------------------------------------------
[2020-12-22 13:16:54,091] {logging_mixin.py:112} INFO - [2020-12-22 13:16:54,090] {base_hook.py:84} INFO - Using connection to: id: livy. Host: http://ec2-3-236-26-7.compute-1.amazonaws.com, Port: 8998, Schema: None, Login: None, Password: None, extra: None
[2020-12-22 13:16:54,093] {logging_mixin.py:112} INFO - [2020-12-22 13:16:54,093] {http_hook.py:136} INFO - Sending 'GET' to url: http://ec2-3-236-26-7.compute-1.amazonaws.com:8998/batches/10/log?from=0&size=100
[2020-12-22 13:16:54,101] {logging_mixin.py:112} INFO - [2020-12-22 13:16:54,100] {batch.py:309} INFO - stdout: 
[2020-12-22 13:16:54,102] {logging_mixin.py:112} INFO - [2020-12-22 13:16:54,102] {batch.py:309} INFO - 2020-12-22 13:16:35,748 WARN util.NativeCodeLoader: Unable to load native-hadoop library for your platform... using builtin-java classes where applicable
[2020-12-22 13:16:54,102] {logging_mixin.py:112} INFO - [2020-12-22 13:16:54,102] {batch.py:309} INFO - usage: main.py [-h] --job JOB [--phase PHASE] --mode MODE [--awsKey AWSKEY]
[2020-12-22 13:16:54,102] {logging_mixin.py:112} INFO - [2020-12-22 13:16:54,102] {batch.py:309} INFO -                [--awsSecretKey AWSSECRETKEY] [--s3Bucket S3BUCKET]
[2020-12-22 13:16:54,102] {logging_mixin.py:112} INFO - [2020-12-22 13:16:54,102] {batch.py:309} INFO - main.py: error: the following arguments are required: --job, --mode
[2020-12-22 13:16:54,102] {logging_mixin.py:112} INFO - [2020-12-22 13:16:54,102] {batch.py:309} INFO - 2020-12-22 13:16:38,905 INFO util.ShutdownHookManager: Shutdown hook called
[2020-12-22 13:16:54,103] {logging_mixin.py:112} INFO - [2020-12-22 13:16:54,103] {batch.py:309} INFO - 2020-12-22 13:16:38,907 INFO util.ShutdownHookManager: Deleting directory /tmp/spark-d8b2c2d8-1781-4665-a5be-c2e142363511
[2020-12-22 13:16:54,103] {logging_mixin.py:112} INFO - [2020-12-22 13:16:54,103] {batch.py:309} INFO - 2020-12-22 13:16:38,912 INFO impl.MetricsSystemImpl: Stopping s3a-file-system metrics system...
[2020-12-22 13:16:54,103] {logging_mixin.py:112} INFO - [2020-12-22 13:16:54,103] {batch.py:309} INFO - 2020-12-22 13:16:38,912 INFO impl.MetricsSystemImpl: s3a-file-system metrics system stopped.
[2020-12-22 13:16:54,103] {logging_mixin.py:112} INFO - [2020-12-22 13:16:54,103] {batch.py:309} INFO - 2020-12-22 13:16:38,913 INFO impl.MetricsSystemImpl: s3a-file-system metrics system shutdown complete.
[2020-12-22 13:16:54,103] {logging_mixin.py:112} INFO - [2020-12-22 13:16:54,103] {batch.py:309} INFO - 
stderr: 
[2020-12-22 13:16:54,103] {logging_mixin.py:112} INFO - [2020-12-22 13:16:54,103] {batch.py:309} INFO - 
YARN Diagnostics: 
[2020-12-22 13:16:54,104] {logging_mixin.py:112} INFO - [2020-12-22 13:16:54,103] {batch.py:309} INFO - spark-submit start failed
[2020-12-22 13:16:54,104] {logging_mixin.py:112} INFO - [2020-12-22 13:16:54,104] {batch.py:318} INFO - --------------------------------------------------End of full log for batch 10--------------------------------------------------
[2020-12-22 13:16:54,104] {logging_mixin.py:112} INFO - [2020-12-22 13:16:54,104] {batch.py:335} INFO - Closing batch with id = 10
[2020-12-22 13:16:54,111] {logging_mixin.py:112} INFO - [2020-12-22 13:16:54,111] {base_hook.py:84} INFO - Using connection to: id: livy. Host: http://ec2-3-236-26-7.compute-1.amazonaws.com, Port: 8998, Schema: None, Login: None, Password: None, extra: None
[2020-12-22 13:16:54,113] {logging_mixin.py:112} INFO - [2020-12-22 13:16:54,113] {http_hook.py:136} INFO - Sending 'DELETE' to url: http://ec2-3-236-26-7.compute-1.amazonaws.com:8998/batches/10
[2020-12-22 13:16:54,121] {logging_mixin.py:112} INFO - [2020-12-22 13:16:54,120] {batch.py:340} INFO - Batch 10 has been closed
[2020-12-22 13:16:54,129] {taskinstance.py:1128} ERROR - Batch 10 failed with state 'dead'
Traceback (most recent call last):
  File "/opt/bitnami/python/lib/python3.6/site-packages/airflow/models/taskinstance.py", line 966, in _run_raw_task
    result = task_copy.execute(context=context)
  File "/usr/local/airflow/plugins/airflow_livy/batch.py", line 173, in execute
    ).execute(context)
  File "/opt/bitnami/python/lib/python3.6/site-packages/airflow/sensors/base_sensor_operator.py", line 107, in execute
    while not self.poke(context):
  File "/usr/local/airflow/plugins/airflow_livy/batch.py", line 96, in poke
    raise AirflowException(f"Batch {self.batch_id} failed with state '{state}'")
airflow.exceptions.AirflowException: Batch 10 failed with state 'dead'
[2020-12-22 13:16:54,131] {taskinstance.py:1151} INFO - Marking task as UP_FOR_RETRY
[2020-12-22 13:16:58,882] {logging_mixin.py:112} INFO - [2020-12-22 13:16:58,882] {local_task_job.py:103} INFO - Task exited with return code 1
