[2020-12-22 13:17:57,533] {taskinstance.py:655} INFO - Dependencies all met for <TaskInstance: loan_prediction_train_model.preprocess_data 2020-12-22T12:43:23.210460+00:00 [queued]>
[2020-12-22 13:17:57,551] {taskinstance.py:655} INFO - Dependencies all met for <TaskInstance: loan_prediction_train_model.preprocess_data 2020-12-22T12:43:23.210460+00:00 [queued]>
[2020-12-22 13:17:57,551] {taskinstance.py:866} INFO - 
--------------------------------------------------------------------------------
[2020-12-22 13:17:57,551] {taskinstance.py:867} INFO - Starting attempt 15 of 18
[2020-12-22 13:17:57,551] {taskinstance.py:868} INFO - 
--------------------------------------------------------------------------------
[2020-12-22 13:17:57,564] {taskinstance.py:887} INFO - Executing <Task(LivyBatchOperator): preprocess_data> on 2020-12-22T12:43:23.210460+00:00
[2020-12-22 13:17:57,569] {standard_task_runner.py:53} INFO - Started process 28340 to run task
[2020-12-22 13:17:57,629] {logging_mixin.py:112} INFO - Running %s on host %s <TaskInstance: loan_prediction_train_model.preprocess_data 2020-12-22T12:43:23.210460+00:00 [running]> dcb43f18a24b
[2020-12-22 13:17:57,652] {logging_mixin.py:112} INFO - [2020-12-22 13:17:57,652] {batch.py:214} INFO - Submitting the batch to Livy... Payload:
{
  "file": "s3a://alanchn31-loan-default-prediction/dist/main.py",
  "args": [
    "-job=preprocess_data",
    "-phase=train",
    "-mode=aws",
    "-awsKey=AKIAUW4FKHTMR2UR3INH",
    "-awsSecretKey=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",
    "-s3Bucket=alanchn31-loan-default-prediction"
  ],
  "pyFiles": [
    "s3a://alanchn31-loan-default-prediction/dist/src.zip"
  ],
  "name": "preprocess_data_scheduled__2020-12-22T12:43:23.210460+00:00"
}
[2020-12-22 13:17:57,662] {logging_mixin.py:112} INFO - [2020-12-22 13:17:57,661] {base_hook.py:84} INFO - Using connection to: id: livy. Host: http://ec2-3-236-26-7.compute-1.amazonaws.com, Port: 8998, Schema: None, Login: None, Password: None, extra: None
[2020-12-22 13:17:57,665] {logging_mixin.py:112} INFO - [2020-12-22 13:17:57,665] {http_hook.py:136} INFO - Sending 'POST' to url: http://ec2-3-236-26-7.compute-1.amazonaws.com:8998/batches
[2020-12-22 13:17:57,693] {logging_mixin.py:112} INFO - [2020-12-22 13:17:57,693] {batch.py:166} INFO - Batch successfully submitted with id = 11.
[2020-12-22 13:17:57,694] {logging_mixin.py:112} INFO - [2020-12-22 13:17:57,694] {batch.py:80} INFO - Getting batch 11 status...
[2020-12-22 13:17:57,701] {logging_mixin.py:112} INFO - [2020-12-22 13:17:57,701] {base_hook.py:84} INFO - Using connection to: id: livy. Host: http://ec2-3-236-26-7.compute-1.amazonaws.com, Port: 8998, Schema: None, Login: None, Password: None, extra: None
[2020-12-22 13:17:57,703] {logging_mixin.py:112} INFO - [2020-12-22 13:17:57,703] {http_hook.py:136} INFO - Sending 'GET' to url: http://ec2-3-236-26-7.compute-1.amazonaws.com:8998/batches/11
[2020-12-22 13:17:57,733] {logging_mixin.py:112} INFO - [2020-12-22 13:17:57,733] {batch.py:90} INFO - Batch 11 has not finished yet (state is 'starting')
[2020-12-22 13:18:17,748] {logging_mixin.py:112} INFO - [2020-12-22 13:18:17,748] {batch.py:80} INFO - Getting batch 11 status...
[2020-12-22 13:18:17,755] {logging_mixin.py:112} INFO - [2020-12-22 13:18:17,755] {base_hook.py:84} INFO - Using connection to: id: livy. Host: http://ec2-3-236-26-7.compute-1.amazonaws.com, Port: 8998, Schema: None, Login: None, Password: None, extra: None
[2020-12-22 13:18:17,757] {logging_mixin.py:112} INFO - [2020-12-22 13:18:17,757] {http_hook.py:136} INFO - Sending 'GET' to url: http://ec2-3-236-26-7.compute-1.amazonaws.com:8998/batches/11
[2020-12-22 13:18:17,766] {logging_mixin.py:112} INFO - [2020-12-22 13:18:17,765] {batch.py:299} INFO - --------------------------------------------------Full log for batch 11--------------------------------------------------
[2020-12-22 13:18:17,773] {logging_mixin.py:112} INFO - [2020-12-22 13:18:17,772] {base_hook.py:84} INFO - Using connection to: id: livy. Host: http://ec2-3-236-26-7.compute-1.amazonaws.com, Port: 8998, Schema: None, Login: None, Password: None, extra: None
[2020-12-22 13:18:17,774] {logging_mixin.py:112} INFO - [2020-12-22 13:18:17,774] {http_hook.py:136} INFO - Sending 'GET' to url: http://ec2-3-236-26-7.compute-1.amazonaws.com:8998/batches/11/log?from=0&size=100
[2020-12-22 13:18:17,780] {logging_mixin.py:112} INFO - [2020-12-22 13:18:17,780] {batch.py:309} INFO - stdout: 
[2020-12-22 13:18:17,782] {logging_mixin.py:112} INFO - [2020-12-22 13:18:17,781] {batch.py:309} INFO - 2020-12-22 13:18:00,346 WARN util.NativeCodeLoader: Unable to load native-hadoop library for your platform... using builtin-java classes where applicable
[2020-12-22 13:18:17,783] {logging_mixin.py:112} INFO - [2020-12-22 13:18:17,783] {batch.py:309} INFO - usage: main.py [-h] --job JOB [--phase PHASE] --mode MODE [--awsKey AWSKEY]
[2020-12-22 13:18:17,784] {logging_mixin.py:112} INFO - [2020-12-22 13:18:17,784] {batch.py:309} INFO -                [--awsSecretKey AWSSECRETKEY] [--s3Bucket S3BUCKET]
[2020-12-22 13:18:17,785] {logging_mixin.py:112} INFO - [2020-12-22 13:18:17,785] {batch.py:309} INFO - main.py: error: the following arguments are required: --job, --mode
[2020-12-22 13:18:17,786] {logging_mixin.py:112} INFO - [2020-12-22 13:18:17,786] {batch.py:309} INFO - 2020-12-22 13:18:05,704 INFO util.ShutdownHookManager: Shutdown hook called
[2020-12-22 13:18:17,787] {logging_mixin.py:112} INFO - [2020-12-22 13:18:17,787] {batch.py:309} INFO - 2020-12-22 13:18:05,706 INFO util.ShutdownHookManager: Deleting directory /tmp/spark-031cc986-b482-457a-aa02-b7c750591a07
[2020-12-22 13:18:17,788] {logging_mixin.py:112} INFO - [2020-12-22 13:18:17,787] {batch.py:309} INFO - 2020-12-22 13:18:05,716 INFO impl.MetricsSystemImpl: Stopping s3a-file-system metrics system...
[2020-12-22 13:18:17,788] {logging_mixin.py:112} INFO - [2020-12-22 13:18:17,788] {batch.py:309} INFO - 2020-12-22 13:18:05,717 INFO impl.MetricsSystemImpl: s3a-file-system metrics system stopped.
[2020-12-22 13:18:17,788] {logging_mixin.py:112} INFO - [2020-12-22 13:18:17,788] {batch.py:309} INFO - 2020-12-22 13:18:05,717 INFO impl.MetricsSystemImpl: s3a-file-system metrics system shutdown complete.
[2020-12-22 13:18:17,788] {logging_mixin.py:112} INFO - [2020-12-22 13:18:17,788] {batch.py:309} INFO - 
stderr: 
[2020-12-22 13:18:17,788] {logging_mixin.py:112} INFO - [2020-12-22 13:18:17,788] {batch.py:309} INFO - 
YARN Diagnostics: 
[2020-12-22 13:18:17,788] {logging_mixin.py:112} INFO - [2020-12-22 13:18:17,788] {batch.py:309} INFO - spark-submit start failed
[2020-12-22 13:18:17,789] {logging_mixin.py:112} INFO - [2020-12-22 13:18:17,788] {batch.py:318} INFO - --------------------------------------------------End of full log for batch 11--------------------------------------------------
[2020-12-22 13:18:17,789] {logging_mixin.py:112} INFO - [2020-12-22 13:18:17,789] {batch.py:335} INFO - Closing batch with id = 11
[2020-12-22 13:18:17,796] {logging_mixin.py:112} INFO - [2020-12-22 13:18:17,796] {base_hook.py:84} INFO - Using connection to: id: livy. Host: http://ec2-3-236-26-7.compute-1.amazonaws.com, Port: 8998, Schema: None, Login: None, Password: None, extra: None
[2020-12-22 13:18:17,797] {logging_mixin.py:112} INFO - [2020-12-22 13:18:17,797] {http_hook.py:136} INFO - Sending 'DELETE' to url: http://ec2-3-236-26-7.compute-1.amazonaws.com:8998/batches/11
[2020-12-22 13:18:17,804] {logging_mixin.py:112} INFO - [2020-12-22 13:18:17,803] {batch.py:340} INFO - Batch 11 has been closed
[2020-12-22 13:18:17,813] {taskinstance.py:1128} ERROR - Batch 11 failed with state 'dead'
Traceback (most recent call last):
  File "/opt/bitnami/python/lib/python3.6/site-packages/airflow/models/taskinstance.py", line 966, in _run_raw_task
    result = task_copy.execute(context=context)
  File "/usr/local/airflow/plugins/airflow_livy/batch.py", line 173, in execute
    ).execute(context)
  File "/opt/bitnami/python/lib/python3.6/site-packages/airflow/sensors/base_sensor_operator.py", line 107, in execute
    while not self.poke(context):
  File "/usr/local/airflow/plugins/airflow_livy/batch.py", line 96, in poke
    raise AirflowException(f"Batch {self.batch_id} failed with state '{state}'")
airflow.exceptions.AirflowException: Batch 11 failed with state 'dead'
[2020-12-22 13:18:17,814] {taskinstance.py:1151} INFO - Marking task as UP_FOR_RETRY
[2020-12-22 13:18:22,580] {logging_mixin.py:112} INFO - [2020-12-22 13:18:22,579] {local_task_job.py:103} INFO - Task exited with return code 1
