[2020-12-22 13:19:21,600] {taskinstance.py:655} INFO - Dependencies all met for <TaskInstance: loan_prediction_train_model.preprocess_data 2020-12-22T12:43:23.210460+00:00 [queued]>
[2020-12-22 13:19:21,622] {taskinstance.py:655} INFO - Dependencies all met for <TaskInstance: loan_prediction_train_model.preprocess_data 2020-12-22T12:43:23.210460+00:00 [queued]>
[2020-12-22 13:19:21,624] {taskinstance.py:866} INFO - 
--------------------------------------------------------------------------------
[2020-12-22 13:19:21,625] {taskinstance.py:867} INFO - Starting attempt 16 of 18
[2020-12-22 13:19:21,626] {taskinstance.py:868} INFO - 
--------------------------------------------------------------------------------
[2020-12-22 13:19:21,640] {taskinstance.py:887} INFO - Executing <Task(LivyBatchOperator): preprocess_data> on 2020-12-22T12:43:23.210460+00:00
[2020-12-22 13:19:21,643] {standard_task_runner.py:53} INFO - Started process 29207 to run task
[2020-12-22 13:19:21,715] {logging_mixin.py:112} INFO - Running %s on host %s <TaskInstance: loan_prediction_train_model.preprocess_data 2020-12-22T12:43:23.210460+00:00 [running]> dcb43f18a24b
[2020-12-22 13:19:21,742] {logging_mixin.py:112} INFO - [2020-12-22 13:19:21,741] {batch.py:214} INFO - Submitting the batch to Livy... Payload:
{
  "file": "s3a://alanchn31-loan-default-prediction/dist/main.py",
  "args": [
    "-job=preprocess_data",
    "-phase=train",
    "-mode=aws",
    "-awsKey=AKIAUW4FKHTMR2UR3INH",
    "-awsSecretKey=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",
    "-s3Bucket=alanchn31-loan-default-prediction"
  ],
  "pyFiles": [
    "s3a://alanchn31-loan-default-prediction/dist/src.zip"
  ],
  "name": "preprocess_data_scheduled__2020-12-22T12:43:23.210460+00:00"
}
[2020-12-22 13:19:21,751] {logging_mixin.py:112} INFO - [2020-12-22 13:19:21,750] {base_hook.py:84} INFO - Using connection to: id: livy. Host: http://ec2-3-236-26-7.compute-1.amazonaws.com, Port: 8998, Schema: None, Login: None, Password: None, extra: None
[2020-12-22 13:19:21,753] {logging_mixin.py:112} INFO - [2020-12-22 13:19:21,753] {http_hook.py:136} INFO - Sending 'POST' to url: http://ec2-3-236-26-7.compute-1.amazonaws.com:8998/batches
[2020-12-22 13:19:21,776] {logging_mixin.py:112} INFO - [2020-12-22 13:19:21,776] {batch.py:166} INFO - Batch successfully submitted with id = 12.
[2020-12-22 13:19:21,776] {logging_mixin.py:112} INFO - [2020-12-22 13:19:21,776] {batch.py:80} INFO - Getting batch 12 status...
[2020-12-22 13:19:21,783] {logging_mixin.py:112} INFO - [2020-12-22 13:19:21,783] {base_hook.py:84} INFO - Using connection to: id: livy. Host: http://ec2-3-236-26-7.compute-1.amazonaws.com, Port: 8998, Schema: None, Login: None, Password: None, extra: None
[2020-12-22 13:19:21,786] {logging_mixin.py:112} INFO - [2020-12-22 13:19:21,786] {http_hook.py:136} INFO - Sending 'GET' to url: http://ec2-3-236-26-7.compute-1.amazonaws.com:8998/batches/12
[2020-12-22 13:19:21,793] {logging_mixin.py:112} INFO - [2020-12-22 13:19:21,793] {batch.py:90} INFO - Batch 12 has not finished yet (state is 'starting')
[2020-12-22 13:19:41,814] {logging_mixin.py:112} INFO - [2020-12-22 13:19:41,814] {batch.py:80} INFO - Getting batch 12 status...
[2020-12-22 13:19:41,823] {logging_mixin.py:112} INFO - [2020-12-22 13:19:41,822] {base_hook.py:84} INFO - Using connection to: id: livy. Host: http://ec2-3-236-26-7.compute-1.amazonaws.com, Port: 8998, Schema: None, Login: None, Password: None, extra: None
[2020-12-22 13:19:41,825] {logging_mixin.py:112} INFO - [2020-12-22 13:19:41,825] {http_hook.py:136} INFO - Sending 'GET' to url: http://ec2-3-236-26-7.compute-1.amazonaws.com:8998/batches/12
[2020-12-22 13:19:41,839] {logging_mixin.py:112} INFO - [2020-12-22 13:19:41,838] {batch.py:299} INFO - --------------------------------------------------Full log for batch 12--------------------------------------------------
[2020-12-22 13:19:41,857] {logging_mixin.py:112} INFO - [2020-12-22 13:19:41,856] {base_hook.py:84} INFO - Using connection to: id: livy. Host: http://ec2-3-236-26-7.compute-1.amazonaws.com, Port: 8998, Schema: None, Login: None, Password: None, extra: None
[2020-12-22 13:19:41,862] {logging_mixin.py:112} INFO - [2020-12-22 13:19:41,862] {http_hook.py:136} INFO - Sending 'GET' to url: http://ec2-3-236-26-7.compute-1.amazonaws.com:8998/batches/12/log?from=0&size=100
[2020-12-22 13:19:41,870] {logging_mixin.py:112} INFO - [2020-12-22 13:19:41,870] {batch.py:309} INFO - stdout: 
[2020-12-22 13:19:41,871] {logging_mixin.py:112} INFO - [2020-12-22 13:19:41,870] {batch.py:309} INFO - 2020-12-22 13:19:23,544 WARN util.NativeCodeLoader: Unable to load native-hadoop library for your platform... using builtin-java classes where applicable
[2020-12-22 13:19:41,871] {logging_mixin.py:112} INFO - [2020-12-22 13:19:41,871] {batch.py:309} INFO - usage: main.py [-h] --job JOB [--phase PHASE] --mode MODE [--awsKey AWSKEY]
[2020-12-22 13:19:41,871] {logging_mixin.py:112} INFO - [2020-12-22 13:19:41,871] {batch.py:309} INFO -                [--awsSecretKey AWSSECRETKEY] [--s3Bucket S3BUCKET]
[2020-12-22 13:19:41,871] {logging_mixin.py:112} INFO - [2020-12-22 13:19:41,871] {batch.py:309} INFO - main.py: error: the following arguments are required: --job, --mode
[2020-12-22 13:19:41,871] {logging_mixin.py:112} INFO - [2020-12-22 13:19:41,871] {batch.py:309} INFO - 2020-12-22 13:19:27,091 INFO util.ShutdownHookManager: Shutdown hook called
[2020-12-22 13:19:41,872] {logging_mixin.py:112} INFO - [2020-12-22 13:19:41,871] {batch.py:309} INFO - 2020-12-22 13:19:27,093 INFO util.ShutdownHookManager: Deleting directory /tmp/spark-3d158084-92b4-4d46-a53e-f0b0e6988083
[2020-12-22 13:19:41,872] {logging_mixin.py:112} INFO - [2020-12-22 13:19:41,872] {batch.py:309} INFO - 2020-12-22 13:19:27,099 INFO impl.MetricsSystemImpl: Stopping s3a-file-system metrics system...
[2020-12-22 13:19:41,872] {logging_mixin.py:112} INFO - [2020-12-22 13:19:41,872] {batch.py:309} INFO - 2020-12-22 13:19:27,099 INFO impl.MetricsSystemImpl: s3a-file-system metrics system stopped.
[2020-12-22 13:19:41,873] {logging_mixin.py:112} INFO - [2020-12-22 13:19:41,872] {batch.py:309} INFO - 2020-12-22 13:19:27,099 INFO impl.MetricsSystemImpl: s3a-file-system metrics system shutdown complete.
[2020-12-22 13:19:41,873] {logging_mixin.py:112} INFO - [2020-12-22 13:19:41,873] {batch.py:309} INFO - 
stderr: 
[2020-12-22 13:19:41,873] {logging_mixin.py:112} INFO - [2020-12-22 13:19:41,873] {batch.py:309} INFO - 
YARN Diagnostics: 
[2020-12-22 13:19:41,873] {logging_mixin.py:112} INFO - [2020-12-22 13:19:41,873] {batch.py:309} INFO - spark-submit start failed
[2020-12-22 13:19:41,874] {logging_mixin.py:112} INFO - [2020-12-22 13:19:41,873] {batch.py:318} INFO - --------------------------------------------------End of full log for batch 12--------------------------------------------------
[2020-12-22 13:19:41,874] {logging_mixin.py:112} INFO - [2020-12-22 13:19:41,874] {batch.py:335} INFO - Closing batch with id = 12
[2020-12-22 13:19:41,881] {logging_mixin.py:112} INFO - [2020-12-22 13:19:41,881] {base_hook.py:84} INFO - Using connection to: id: livy. Host: http://ec2-3-236-26-7.compute-1.amazonaws.com, Port: 8998, Schema: None, Login: None, Password: None, extra: None
[2020-12-22 13:19:41,882] {logging_mixin.py:112} INFO - [2020-12-22 13:19:41,882] {http_hook.py:136} INFO - Sending 'DELETE' to url: http://ec2-3-236-26-7.compute-1.amazonaws.com:8998/batches/12
[2020-12-22 13:19:41,892] {logging_mixin.py:112} INFO - [2020-12-22 13:19:41,892] {batch.py:340} INFO - Batch 12 has been closed
[2020-12-22 13:19:41,901] {taskinstance.py:1128} ERROR - Batch 12 failed with state 'dead'
Traceback (most recent call last):
  File "/opt/bitnami/python/lib/python3.6/site-packages/airflow/models/taskinstance.py", line 966, in _run_raw_task
    result = task_copy.execute(context=context)
  File "/usr/local/airflow/plugins/airflow_livy/batch.py", line 173, in execute
    ).execute(context)
  File "/opt/bitnami/python/lib/python3.6/site-packages/airflow/sensors/base_sensor_operator.py", line 107, in execute
    while not self.poke(context):
  File "/usr/local/airflow/plugins/airflow_livy/batch.py", line 96, in poke
    raise AirflowException(f"Batch {self.batch_id} failed with state '{state}'")
airflow.exceptions.AirflowException: Batch 12 failed with state 'dead'
[2020-12-22 13:19:41,903] {taskinstance.py:1151} INFO - Marking task as UP_FOR_RETRY
[2020-12-22 13:19:46,659] {logging_mixin.py:112} INFO - [2020-12-22 13:19:46,659] {local_task_job.py:103} INFO - Task exited with return code 1
