[2020-12-22 13:20:45,764] {taskinstance.py:655} INFO - Dependencies all met for <TaskInstance: loan_prediction_train_model.preprocess_data 2020-12-22T12:43:23.210460+00:00 [queued]>
[2020-12-22 13:20:45,782] {taskinstance.py:655} INFO - Dependencies all met for <TaskInstance: loan_prediction_train_model.preprocess_data 2020-12-22T12:43:23.210460+00:00 [queued]>
[2020-12-22 13:20:45,782] {taskinstance.py:866} INFO - 
--------------------------------------------------------------------------------
[2020-12-22 13:20:45,782] {taskinstance.py:867} INFO - Starting attempt 17 of 18
[2020-12-22 13:20:45,782] {taskinstance.py:868} INFO - 
--------------------------------------------------------------------------------
[2020-12-22 13:20:45,795] {taskinstance.py:887} INFO - Executing <Task(LivyBatchOperator): preprocess_data> on 2020-12-22T12:43:23.210460+00:00
[2020-12-22 13:20:45,800] {standard_task_runner.py:53} INFO - Started process 30071 to run task
[2020-12-22 13:20:45,859] {logging_mixin.py:112} INFO - Running %s on host %s <TaskInstance: loan_prediction_train_model.preprocess_data 2020-12-22T12:43:23.210460+00:00 [running]> dcb43f18a24b
[2020-12-22 13:20:45,882] {logging_mixin.py:112} INFO - [2020-12-22 13:20:45,882] {batch.py:214} INFO - Submitting the batch to Livy... Payload:
{
  "file": "s3a://alanchn31-loan-default-prediction/dist/main.py",
  "args": [
    "-job=preprocess_data",
    "-phase=train",
    "-mode=aws",
    "-awsKey=AKIAUW4FKHTMR2UR3INH",
    "-awsSecretKey=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",
    "-s3Bucket=alanchn31-loan-default-prediction"
  ],
  "pyFiles": [
    "s3a://alanchn31-loan-default-prediction/dist/src.zip"
  ],
  "name": "preprocess_data_scheduled__2020-12-22T12:43:23.210460+00:00"
}
[2020-12-22 13:20:45,892] {logging_mixin.py:112} INFO - [2020-12-22 13:20:45,891] {base_hook.py:84} INFO - Using connection to: id: livy. Host: http://ec2-3-236-26-7.compute-1.amazonaws.com, Port: 8998, Schema: None, Login: None, Password: None, extra: None
[2020-12-22 13:20:45,895] {logging_mixin.py:112} INFO - [2020-12-22 13:20:45,895] {http_hook.py:136} INFO - Sending 'POST' to url: http://ec2-3-236-26-7.compute-1.amazonaws.com:8998/batches
[2020-12-22 13:20:45,928] {logging_mixin.py:112} INFO - [2020-12-22 13:20:45,928] {batch.py:166} INFO - Batch successfully submitted with id = 13.
[2020-12-22 13:20:45,930] {logging_mixin.py:112} INFO - [2020-12-22 13:20:45,930] {batch.py:80} INFO - Getting batch 13 status...
[2020-12-22 13:20:45,938] {logging_mixin.py:112} INFO - [2020-12-22 13:20:45,938] {base_hook.py:84} INFO - Using connection to: id: livy. Host: http://ec2-3-236-26-7.compute-1.amazonaws.com, Port: 8998, Schema: None, Login: None, Password: None, extra: None
[2020-12-22 13:20:45,940] {logging_mixin.py:112} INFO - [2020-12-22 13:20:45,940] {http_hook.py:136} INFO - Sending 'GET' to url: http://ec2-3-236-26-7.compute-1.amazonaws.com:8998/batches/13
[2020-12-22 13:20:45,947] {logging_mixin.py:112} INFO - [2020-12-22 13:20:45,947] {batch.py:90} INFO - Batch 13 has not finished yet (state is 'starting')
[2020-12-22 13:21:05,966] {logging_mixin.py:112} INFO - [2020-12-22 13:21:05,966] {batch.py:80} INFO - Getting batch 13 status...
[2020-12-22 13:21:05,974] {logging_mixin.py:112} INFO - [2020-12-22 13:21:05,974] {base_hook.py:84} INFO - Using connection to: id: livy. Host: http://ec2-3-236-26-7.compute-1.amazonaws.com, Port: 8998, Schema: None, Login: None, Password: None, extra: None
[2020-12-22 13:21:05,975] {logging_mixin.py:112} INFO - [2020-12-22 13:21:05,975] {http_hook.py:136} INFO - Sending 'GET' to url: http://ec2-3-236-26-7.compute-1.amazonaws.com:8998/batches/13
[2020-12-22 13:21:05,990] {logging_mixin.py:112} INFO - [2020-12-22 13:21:05,990] {batch.py:299} INFO - --------------------------------------------------Full log for batch 13--------------------------------------------------
[2020-12-22 13:21:05,999] {logging_mixin.py:112} INFO - [2020-12-22 13:21:05,998] {base_hook.py:84} INFO - Using connection to: id: livy. Host: http://ec2-3-236-26-7.compute-1.amazonaws.com, Port: 8998, Schema: None, Login: None, Password: None, extra: None
[2020-12-22 13:21:06,003] {logging_mixin.py:112} INFO - [2020-12-22 13:21:06,003] {http_hook.py:136} INFO - Sending 'GET' to url: http://ec2-3-236-26-7.compute-1.amazonaws.com:8998/batches/13/log?from=0&size=100
[2020-12-22 13:21:06,014] {logging_mixin.py:112} INFO - [2020-12-22 13:21:06,013] {batch.py:309} INFO - stdout: 
[2020-12-22 13:21:06,016] {logging_mixin.py:112} INFO - [2020-12-22 13:21:06,015] {batch.py:309} INFO - 2020-12-22 13:20:47,730 WARN util.NativeCodeLoader: Unable to load native-hadoop library for your platform... using builtin-java classes where applicable
[2020-12-22 13:21:06,017] {logging_mixin.py:112} INFO - [2020-12-22 13:21:06,017] {batch.py:309} INFO - usage: main.py [-h] --job JOB [--phase PHASE] --mode MODE [--awsKey AWSKEY]
[2020-12-22 13:21:06,017] {logging_mixin.py:112} INFO - [2020-12-22 13:21:06,017] {batch.py:309} INFO -                [--awsSecretKey AWSSECRETKEY] [--s3Bucket S3BUCKET]
[2020-12-22 13:21:06,017] {logging_mixin.py:112} INFO - [2020-12-22 13:21:06,017] {batch.py:309} INFO - main.py: error: the following arguments are required: --job, --mode
[2020-12-22 13:21:06,021] {logging_mixin.py:112} INFO - [2020-12-22 13:21:06,021] {batch.py:309} INFO - 2020-12-22 13:20:50,918 INFO util.ShutdownHookManager: Shutdown hook called
[2020-12-22 13:21:06,022] {logging_mixin.py:112} INFO - [2020-12-22 13:21:06,021] {batch.py:309} INFO - 2020-12-22 13:20:50,920 INFO util.ShutdownHookManager: Deleting directory /tmp/spark-497e64bd-4783-4303-b6af-bbe253d76825
[2020-12-22 13:21:06,022] {logging_mixin.py:112} INFO - [2020-12-22 13:21:06,022] {batch.py:309} INFO - 2020-12-22 13:20:50,926 INFO impl.MetricsSystemImpl: Stopping s3a-file-system metrics system...
[2020-12-22 13:21:06,022] {logging_mixin.py:112} INFO - [2020-12-22 13:21:06,022] {batch.py:309} INFO - 2020-12-22 13:20:50,926 INFO impl.MetricsSystemImpl: s3a-file-system metrics system stopped.
[2020-12-22 13:21:06,022] {logging_mixin.py:112} INFO - [2020-12-22 13:21:06,022] {batch.py:309} INFO - 2020-12-22 13:20:50,926 INFO impl.MetricsSystemImpl: s3a-file-system metrics system shutdown complete.
[2020-12-22 13:21:06,022] {logging_mixin.py:112} INFO - [2020-12-22 13:21:06,022] {batch.py:309} INFO - 
stderr: 
[2020-12-22 13:21:06,023] {logging_mixin.py:112} INFO - [2020-12-22 13:21:06,022] {batch.py:309} INFO - 
YARN Diagnostics: 
[2020-12-22 13:21:06,023] {logging_mixin.py:112} INFO - [2020-12-22 13:21:06,023] {batch.py:309} INFO - spark-submit start failed
[2020-12-22 13:21:06,023] {logging_mixin.py:112} INFO - [2020-12-22 13:21:06,023] {batch.py:318} INFO - --------------------------------------------------End of full log for batch 13--------------------------------------------------
[2020-12-22 13:21:06,023] {logging_mixin.py:112} INFO - [2020-12-22 13:21:06,023] {batch.py:335} INFO - Closing batch with id = 13
[2020-12-22 13:21:06,034] {logging_mixin.py:112} INFO - [2020-12-22 13:21:06,034] {base_hook.py:84} INFO - Using connection to: id: livy. Host: http://ec2-3-236-26-7.compute-1.amazonaws.com, Port: 8998, Schema: None, Login: None, Password: None, extra: None
[2020-12-22 13:21:06,035] {logging_mixin.py:112} INFO - [2020-12-22 13:21:06,035] {http_hook.py:136} INFO - Sending 'DELETE' to url: http://ec2-3-236-26-7.compute-1.amazonaws.com:8998/batches/13
[2020-12-22 13:21:06,049] {logging_mixin.py:112} INFO - [2020-12-22 13:21:06,049] {batch.py:340} INFO - Batch 13 has been closed
[2020-12-22 13:21:06,059] {taskinstance.py:1128} ERROR - Batch 13 failed with state 'dead'
Traceback (most recent call last):
  File "/opt/bitnami/python/lib/python3.6/site-packages/airflow/models/taskinstance.py", line 966, in _run_raw_task
    result = task_copy.execute(context=context)
  File "/usr/local/airflow/plugins/airflow_livy/batch.py", line 173, in execute
    ).execute(context)
  File "/opt/bitnami/python/lib/python3.6/site-packages/airflow/sensors/base_sensor_operator.py", line 107, in execute
    while not self.poke(context):
  File "/usr/local/airflow/plugins/airflow_livy/batch.py", line 96, in poke
    raise AirflowException(f"Batch {self.batch_id} failed with state '{state}'")
airflow.exceptions.AirflowException: Batch 13 failed with state 'dead'
[2020-12-22 13:21:06,062] {taskinstance.py:1151} INFO - Marking task as UP_FOR_RETRY
[2020-12-22 13:21:10,815] {logging_mixin.py:112} INFO - [2020-12-22 13:21:10,814] {local_task_job.py:103} INFO - Task exited with return code 1
