[2020-12-22 13:22:10,086] {taskinstance.py:655} INFO - Dependencies all met for <TaskInstance: loan_prediction_train_model.preprocess_data 2020-12-22T12:43:23.210460+00:00 [queued]>
[2020-12-22 13:22:10,104] {taskinstance.py:655} INFO - Dependencies all met for <TaskInstance: loan_prediction_train_model.preprocess_data 2020-12-22T12:43:23.210460+00:00 [queued]>
[2020-12-22 13:22:10,104] {taskinstance.py:866} INFO - 
--------------------------------------------------------------------------------
[2020-12-22 13:22:10,104] {taskinstance.py:867} INFO - Starting attempt 18 of 18
[2020-12-22 13:22:10,104] {taskinstance.py:868} INFO - 
--------------------------------------------------------------------------------
[2020-12-22 13:22:10,116] {taskinstance.py:887} INFO - Executing <Task(LivyBatchOperator): preprocess_data> on 2020-12-22T12:43:23.210460+00:00
[2020-12-22 13:22:10,128] {standard_task_runner.py:53} INFO - Started process 30937 to run task
[2020-12-22 13:22:10,238] {logging_mixin.py:112} INFO - Running %s on host %s <TaskInstance: loan_prediction_train_model.preprocess_data 2020-12-22T12:43:23.210460+00:00 [running]> dcb43f18a24b
[2020-12-22 13:22:10,266] {logging_mixin.py:112} INFO - [2020-12-22 13:22:10,266] {batch.py:214} INFO - Submitting the batch to Livy... Payload:
{
  "file": "s3a://alanchn31-loan-default-prediction/dist/main.py",
  "args": [
    "--job preprocess_data",
    "--phase train",
    "--mode aws",
    "--awsKey AKIAUW4FKHTMR2UR3INH",
    "--awsSecretKey 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",
    "--s3Bucket alanchn31-loan-default-prediction"
  ],
  "pyFiles": [
    "s3a://alanchn31-loan-default-prediction/dist/src.zip"
  ],
  "name": "preprocess_data_scheduled__2020-12-22T12:43:23.210460+00:00"
}
[2020-12-22 13:22:10,281] {logging_mixin.py:112} INFO - [2020-12-22 13:22:10,280] {base_hook.py:84} INFO - Using connection to: id: livy. Host: http://ec2-3-236-26-7.compute-1.amazonaws.com, Port: 8998, Schema: None, Login: None, Password: None, extra: None
[2020-12-22 13:22:10,286] {logging_mixin.py:112} INFO - [2020-12-22 13:22:10,285] {http_hook.py:136} INFO - Sending 'POST' to url: http://ec2-3-236-26-7.compute-1.amazonaws.com:8998/batches
[2020-12-22 13:22:10,311] {logging_mixin.py:112} INFO - [2020-12-22 13:22:10,311] {batch.py:166} INFO - Batch successfully submitted with id = 14.
[2020-12-22 13:22:10,312] {logging_mixin.py:112} INFO - [2020-12-22 13:22:10,311] {batch.py:80} INFO - Getting batch 14 status...
[2020-12-22 13:22:10,323] {logging_mixin.py:112} INFO - [2020-12-22 13:22:10,323] {base_hook.py:84} INFO - Using connection to: id: livy. Host: http://ec2-3-236-26-7.compute-1.amazonaws.com, Port: 8998, Schema: None, Login: None, Password: None, extra: None
[2020-12-22 13:22:10,325] {logging_mixin.py:112} INFO - [2020-12-22 13:22:10,324] {http_hook.py:136} INFO - Sending 'GET' to url: http://ec2-3-236-26-7.compute-1.amazonaws.com:8998/batches/14
[2020-12-22 13:22:10,331] {logging_mixin.py:112} INFO - [2020-12-22 13:22:10,331] {batch.py:90} INFO - Batch 14 has not finished yet (state is 'starting')
[2020-12-22 13:22:30,352] {logging_mixin.py:112} INFO - [2020-12-22 13:22:30,352] {batch.py:80} INFO - Getting batch 14 status...
[2020-12-22 13:22:30,359] {logging_mixin.py:112} INFO - [2020-12-22 13:22:30,359] {base_hook.py:84} INFO - Using connection to: id: livy. Host: http://ec2-3-236-26-7.compute-1.amazonaws.com, Port: 8998, Schema: None, Login: None, Password: None, extra: None
[2020-12-22 13:22:30,360] {logging_mixin.py:112} INFO - [2020-12-22 13:22:30,360] {http_hook.py:136} INFO - Sending 'GET' to url: http://ec2-3-236-26-7.compute-1.amazonaws.com:8998/batches/14
[2020-12-22 13:22:30,371] {logging_mixin.py:112} INFO - [2020-12-22 13:22:30,371] {batch.py:299} INFO - --------------------------------------------------Full log for batch 14--------------------------------------------------
[2020-12-22 13:22:30,379] {logging_mixin.py:112} INFO - [2020-12-22 13:22:30,379] {base_hook.py:84} INFO - Using connection to: id: livy. Host: http://ec2-3-236-26-7.compute-1.amazonaws.com, Port: 8998, Schema: None, Login: None, Password: None, extra: None
[2020-12-22 13:22:30,383] {logging_mixin.py:112} INFO - [2020-12-22 13:22:30,383] {http_hook.py:136} INFO - Sending 'GET' to url: http://ec2-3-236-26-7.compute-1.amazonaws.com:8998/batches/14/log?from=0&size=100
[2020-12-22 13:22:30,397] {logging_mixin.py:112} INFO - [2020-12-22 13:22:30,397] {batch.py:309} INFO - stdout: 
[2020-12-22 13:22:30,401] {logging_mixin.py:112} INFO - [2020-12-22 13:22:30,401] {batch.py:309} INFO - 2020-12-22 13:22:11,984 WARN util.NativeCodeLoader: Unable to load native-hadoop library for your platform... using builtin-java classes where applicable
[2020-12-22 13:22:30,403] {logging_mixin.py:112} INFO - [2020-12-22 13:22:30,403] {batch.py:309} INFO - usage: main.py [-h] --job JOB [--phase PHASE] --mode MODE [--awsKey AWSKEY]
[2020-12-22 13:22:30,404] {logging_mixin.py:112} INFO - [2020-12-22 13:22:30,404] {batch.py:309} INFO -                [--awsSecretKey AWSSECRETKEY] [--s3Bucket S3BUCKET]
[2020-12-22 13:22:30,406] {logging_mixin.py:112} INFO - [2020-12-22 13:22:30,406] {batch.py:309} INFO - main.py: error: the following arguments are required: --job, --mode
[2020-12-22 13:22:30,407] {logging_mixin.py:112} INFO - [2020-12-22 13:22:30,407] {batch.py:309} INFO - 2020-12-22 13:22:15,057 INFO util.ShutdownHookManager: Shutdown hook called
[2020-12-22 13:22:30,409] {logging_mixin.py:112} INFO - [2020-12-22 13:22:30,409] {batch.py:309} INFO - 2020-12-22 13:22:15,059 INFO util.ShutdownHookManager: Deleting directory /tmp/spark-cc14f4b1-29ba-4eaa-842e-1c940a004f94
[2020-12-22 13:22:30,411] {logging_mixin.py:112} INFO - [2020-12-22 13:22:30,410] {batch.py:309} INFO - 2020-12-22 13:22:15,064 INFO impl.MetricsSystemImpl: Stopping s3a-file-system metrics system...
[2020-12-22 13:22:30,412] {logging_mixin.py:112} INFO - [2020-12-22 13:22:30,412] {batch.py:309} INFO - 2020-12-22 13:22:15,066 INFO impl.MetricsSystemImpl: s3a-file-system metrics system stopped.
[2020-12-22 13:22:30,412] {logging_mixin.py:112} INFO - [2020-12-22 13:22:30,412] {batch.py:309} INFO - 2020-12-22 13:22:15,066 INFO impl.MetricsSystemImpl: s3a-file-system metrics system shutdown complete.
[2020-12-22 13:22:30,412] {logging_mixin.py:112} INFO - [2020-12-22 13:22:30,412] {batch.py:309} INFO - 
stderr: 
[2020-12-22 13:22:30,412] {logging_mixin.py:112} INFO - [2020-12-22 13:22:30,412] {batch.py:309} INFO - 
YARN Diagnostics: 
[2020-12-22 13:22:30,413] {logging_mixin.py:112} INFO - [2020-12-22 13:22:30,412] {batch.py:309} INFO - spark-submit start failed
[2020-12-22 13:22:30,413] {logging_mixin.py:112} INFO - [2020-12-22 13:22:30,413] {batch.py:318} INFO - --------------------------------------------------End of full log for batch 14--------------------------------------------------
[2020-12-22 13:22:30,413] {logging_mixin.py:112} INFO - [2020-12-22 13:22:30,413] {batch.py:335} INFO - Closing batch with id = 14
[2020-12-22 13:22:30,422] {logging_mixin.py:112} INFO - [2020-12-22 13:22:30,422] {base_hook.py:84} INFO - Using connection to: id: livy. Host: http://ec2-3-236-26-7.compute-1.amazonaws.com, Port: 8998, Schema: None, Login: None, Password: None, extra: None
[2020-12-22 13:22:30,424] {logging_mixin.py:112} INFO - [2020-12-22 13:22:30,424] {http_hook.py:136} INFO - Sending 'DELETE' to url: http://ec2-3-236-26-7.compute-1.amazonaws.com:8998/batches/14
[2020-12-22 13:22:30,432] {logging_mixin.py:112} INFO - [2020-12-22 13:22:30,432] {batch.py:340} INFO - Batch 14 has been closed
[2020-12-22 13:22:30,441] {taskinstance.py:1128} ERROR - Batch 14 failed with state 'dead'
Traceback (most recent call last):
  File "/opt/bitnami/python/lib/python3.6/site-packages/airflow/models/taskinstance.py", line 966, in _run_raw_task
    result = task_copy.execute(context=context)
  File "/usr/local/airflow/plugins/airflow_livy/batch.py", line 173, in execute
    ).execute(context)
  File "/opt/bitnami/python/lib/python3.6/site-packages/airflow/sensors/base_sensor_operator.py", line 107, in execute
    while not self.poke(context):
  File "/usr/local/airflow/plugins/airflow_livy/batch.py", line 96, in poke
    raise AirflowException(f"Batch {self.batch_id} failed with state '{state}'")
airflow.exceptions.AirflowException: Batch 14 failed with state 'dead'
[2020-12-22 13:22:30,444] {taskinstance.py:1170} INFO - All retries failed; marking task as FAILED.dag_id=loan_prediction_train_model, task_id=preprocess_data, execution_date=20201222T124323, start_date=20201222T132210, end_date=20201222T132230
[2020-12-22 13:22:35,130] {logging_mixin.py:112} INFO - [2020-12-22 13:22:35,130] {local_task_job.py:103} INFO - Task exited with return code 1
