[2020-12-22 13:24:12,326] {taskinstance.py:655} INFO - Dependencies all met for <TaskInstance: loan_prediction_train_model.preprocess_data 2020-12-22T12:43:23.210460+00:00 [queued]>
[2020-12-22 13:24:12,357] {taskinstance.py:655} INFO - Dependencies all met for <TaskInstance: loan_prediction_train_model.preprocess_data 2020-12-22T12:43:23.210460+00:00 [queued]>
[2020-12-22 13:24:12,359] {taskinstance.py:866} INFO - 
--------------------------------------------------------------------------------
[2020-12-22 13:24:12,360] {taskinstance.py:867} INFO - Starting attempt 19 of 24
[2020-12-22 13:24:12,362] {taskinstance.py:868} INFO - 
--------------------------------------------------------------------------------
[2020-12-22 13:24:12,387] {taskinstance.py:887} INFO - Executing <Task(LivyBatchOperator): preprocess_data> on 2020-12-22T12:43:23.210460+00:00
[2020-12-22 13:24:12,391] {standard_task_runner.py:53} INFO - Started process 32189 to run task
[2020-12-22 13:24:12,478] {logging_mixin.py:112} INFO - Running %s on host %s <TaskInstance: loan_prediction_train_model.preprocess_data 2020-12-22T12:43:23.210460+00:00 [running]> dcb43f18a24b
[2020-12-22 13:24:12,513] {logging_mixin.py:112} INFO - [2020-12-22 13:24:12,513] {batch.py:214} INFO - Submitting the batch to Livy... Payload:
{
  "file": "s3a://alanchn31-loan-default-prediction/dist/main.py",
  "args": [
    "--job",
    "preprocess_data",
    "--phase",
    "train",
    "--mode",
    "aws",
    "--awsKey",
    "AKIAUW4FKHTMR2UR3INH",
    "--awsSecretKey",
    "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",
    "--s3Bucket",
    "alanchn31-loan-default-prediction"
  ],
  "pyFiles": [
    "s3a://alanchn31-loan-default-prediction/dist/src.zip"
  ],
  "name": "preprocess_data_scheduled__2020-12-22T12:43:23.210460+00:00"
}
[2020-12-22 13:24:12,525] {logging_mixin.py:112} INFO - [2020-12-22 13:24:12,524] {base_hook.py:84} INFO - Using connection to: id: livy. Host: http://ec2-3-236-26-7.compute-1.amazonaws.com, Port: 8998, Schema: None, Login: None, Password: None, extra: None
[2020-12-22 13:24:12,527] {logging_mixin.py:112} INFO - [2020-12-22 13:24:12,527] {http_hook.py:136} INFO - Sending 'POST' to url: http://ec2-3-236-26-7.compute-1.amazonaws.com:8998/batches
[2020-12-22 13:24:12,560] {logging_mixin.py:112} INFO - [2020-12-22 13:24:12,560] {batch.py:166} INFO - Batch successfully submitted with id = 15.
[2020-12-22 13:24:12,562] {logging_mixin.py:112} INFO - [2020-12-22 13:24:12,561] {batch.py:80} INFO - Getting batch 15 status...
[2020-12-22 13:24:12,569] {logging_mixin.py:112} INFO - [2020-12-22 13:24:12,569] {base_hook.py:84} INFO - Using connection to: id: livy. Host: http://ec2-3-236-26-7.compute-1.amazonaws.com, Port: 8998, Schema: None, Login: None, Password: None, extra: None
[2020-12-22 13:24:12,571] {logging_mixin.py:112} INFO - [2020-12-22 13:24:12,571] {http_hook.py:136} INFO - Sending 'GET' to url: http://ec2-3-236-26-7.compute-1.amazonaws.com:8998/batches/15
[2020-12-22 13:24:12,591] {logging_mixin.py:112} INFO - [2020-12-22 13:24:12,590] {batch.py:90} INFO - Batch 15 has not finished yet (state is 'starting')
[2020-12-22 13:24:32,610] {logging_mixin.py:112} INFO - [2020-12-22 13:24:32,610] {batch.py:80} INFO - Getting batch 15 status...
[2020-12-22 13:24:32,617] {logging_mixin.py:112} INFO - [2020-12-22 13:24:32,617] {base_hook.py:84} INFO - Using connection to: id: livy. Host: http://ec2-3-236-26-7.compute-1.amazonaws.com, Port: 8998, Schema: None, Login: None, Password: None, extra: None
[2020-12-22 13:24:32,618] {logging_mixin.py:112} INFO - [2020-12-22 13:24:32,618] {http_hook.py:136} INFO - Sending 'GET' to url: http://ec2-3-236-26-7.compute-1.amazonaws.com:8998/batches/15
[2020-12-22 13:24:32,626] {logging_mixin.py:112} INFO - [2020-12-22 13:24:32,626] {batch.py:299} INFO - --------------------------------------------------Full log for batch 15--------------------------------------------------
[2020-12-22 13:24:32,634] {logging_mixin.py:112} INFO - [2020-12-22 13:24:32,634] {base_hook.py:84} INFO - Using connection to: id: livy. Host: http://ec2-3-236-26-7.compute-1.amazonaws.com, Port: 8998, Schema: None, Login: None, Password: None, extra: None
[2020-12-22 13:24:32,635] {logging_mixin.py:112} INFO - [2020-12-22 13:24:32,635] {http_hook.py:136} INFO - Sending 'GET' to url: http://ec2-3-236-26-7.compute-1.amazonaws.com:8998/batches/15/log?from=0&size=100
[2020-12-22 13:24:32,644] {logging_mixin.py:112} INFO - [2020-12-22 13:24:32,644] {batch.py:309} INFO - stdout: 
[2020-12-22 13:24:32,644] {logging_mixin.py:112} INFO - [2020-12-22 13:24:32,644] {batch.py:309} INFO - 2020-12-22 13:24:14,894 WARN util.NativeCodeLoader: Unable to load native-hadoop library for your platform... using builtin-java classes where applicable
[2020-12-22 13:24:32,645] {logging_mixin.py:112} INFO - [2020-12-22 13:24:32,645] {batch.py:309} INFO - Traceback (most recent call last):
[2020-12-22 13:24:32,645] {logging_mixin.py:112} INFO - [2020-12-22 13:24:32,645] {batch.py:309} INFO -   File "/tmp/spark-92029031-0e9c-4763-9c87-21837e6d400f/main.py", line 74, in <module>
[2020-12-22 13:24:32,645] {logging_mixin.py:112} INFO - [2020-12-22 13:24:32,645] {batch.py:309} INFO -     main()
[2020-12-22 13:24:32,646] {logging_mixin.py:112} INFO - [2020-12-22 13:24:32,645] {batch.py:309} INFO -   File "/tmp/spark-92029031-0e9c-4763-9c87-21837e6d400f/main.py", line 55, in main
[2020-12-22 13:24:32,646] {logging_mixin.py:112} INFO - [2020-12-22 13:24:32,646] {batch.py:309} INFO -     with open("src/config.json", "r") as config_file:
[2020-12-22 13:24:32,646] {logging_mixin.py:112} INFO - [2020-12-22 13:24:32,646] {batch.py:309} INFO - FileNotFoundError: [Errno 2] No such file or directory: 'src/config.json'
[2020-12-22 13:24:32,646] {logging_mixin.py:112} INFO - [2020-12-22 13:24:32,646] {batch.py:309} INFO - 2020-12-22 13:24:17,967 INFO util.ShutdownHookManager: Shutdown hook called
[2020-12-22 13:24:32,647] {logging_mixin.py:112} INFO - [2020-12-22 13:24:32,647] {batch.py:309} INFO - 2020-12-22 13:24:17,969 INFO util.ShutdownHookManager: Deleting directory /tmp/spark-92029031-0e9c-4763-9c87-21837e6d400f
[2020-12-22 13:24:32,647] {logging_mixin.py:112} INFO - [2020-12-22 13:24:32,647] {batch.py:309} INFO - 2020-12-22 13:24:17,978 INFO impl.MetricsSystemImpl: Stopping s3a-file-system metrics system...
[2020-12-22 13:24:32,647] {logging_mixin.py:112} INFO - [2020-12-22 13:24:32,647] {batch.py:309} INFO - 2020-12-22 13:24:17,978 INFO impl.MetricsSystemImpl: s3a-file-system metrics system stopped.
[2020-12-22 13:24:32,647] {logging_mixin.py:112} INFO - [2020-12-22 13:24:32,647] {batch.py:309} INFO - 2020-12-22 13:24:17,979 INFO impl.MetricsSystemImpl: s3a-file-system metrics system shutdown complete.
[2020-12-22 13:24:32,648] {logging_mixin.py:112} INFO - [2020-12-22 13:24:32,647] {batch.py:309} INFO - 
stderr: 
[2020-12-22 13:24:32,648] {logging_mixin.py:112} INFO - [2020-12-22 13:24:32,648] {batch.py:309} INFO - 
YARN Diagnostics: 
[2020-12-22 13:24:32,648] {logging_mixin.py:112} INFO - [2020-12-22 13:24:32,648] {batch.py:309} INFO - spark-submit start failed
[2020-12-22 13:24:32,648] {logging_mixin.py:112} INFO - [2020-12-22 13:24:32,648] {batch.py:318} INFO - --------------------------------------------------End of full log for batch 15--------------------------------------------------
[2020-12-22 13:24:32,649] {logging_mixin.py:112} INFO - [2020-12-22 13:24:32,648] {batch.py:335} INFO - Closing batch with id = 15
[2020-12-22 13:24:32,657] {logging_mixin.py:112} INFO - [2020-12-22 13:24:32,657] {base_hook.py:84} INFO - Using connection to: id: livy. Host: http://ec2-3-236-26-7.compute-1.amazonaws.com, Port: 8998, Schema: None, Login: None, Password: None, extra: None
[2020-12-22 13:24:32,658] {logging_mixin.py:112} INFO - [2020-12-22 13:24:32,658] {http_hook.py:136} INFO - Sending 'DELETE' to url: http://ec2-3-236-26-7.compute-1.amazonaws.com:8998/batches/15
[2020-12-22 13:24:32,665] {logging_mixin.py:112} INFO - [2020-12-22 13:24:32,665] {batch.py:340} INFO - Batch 15 has been closed
[2020-12-22 13:24:32,674] {taskinstance.py:1128} ERROR - Batch 15 failed with state 'dead'
Traceback (most recent call last):
  File "/opt/bitnami/python/lib/python3.6/site-packages/airflow/models/taskinstance.py", line 966, in _run_raw_task
    result = task_copy.execute(context=context)
  File "/usr/local/airflow/plugins/airflow_livy/batch.py", line 173, in execute
    ).execute(context)
  File "/opt/bitnami/python/lib/python3.6/site-packages/airflow/sensors/base_sensor_operator.py", line 107, in execute
    while not self.poke(context):
  File "/usr/local/airflow/plugins/airflow_livy/batch.py", line 96, in poke
    raise AirflowException(f"Batch {self.batch_id} failed with state '{state}'")
airflow.exceptions.AirflowException: Batch 15 failed with state 'dead'
[2020-12-22 13:24:32,675] {taskinstance.py:1151} INFO - Marking task as UP_FOR_RETRY
[2020-12-22 13:24:37,351] {logging_mixin.py:112} INFO - [2020-12-22 13:24:37,350] {local_task_job.py:103} INFO - Task exited with return code 1
