[2020-12-22 13:25:36,318] {taskinstance.py:655} INFO - Dependencies all met for <TaskInstance: loan_prediction_train_model.preprocess_data 2020-12-22T12:43:23.210460+00:00 [queued]>
[2020-12-22 13:25:36,381] {taskinstance.py:655} INFO - Dependencies all met for <TaskInstance: loan_prediction_train_model.preprocess_data 2020-12-22T12:43:23.210460+00:00 [queued]>
[2020-12-22 13:25:36,382] {taskinstance.py:866} INFO - 
--------------------------------------------------------------------------------
[2020-12-22 13:25:36,383] {taskinstance.py:867} INFO - Starting attempt 20 of 24
[2020-12-22 13:25:36,383] {taskinstance.py:868} INFO - 
--------------------------------------------------------------------------------
[2020-12-22 13:25:36,403] {taskinstance.py:887} INFO - Executing <Task(LivyBatchOperator): preprocess_data> on 2020-12-22T12:43:23.210460+00:00
[2020-12-22 13:25:36,408] {standard_task_runner.py:53} INFO - Started process 33051 to run task
[2020-12-22 13:25:36,529] {logging_mixin.py:112} INFO - Running %s on host %s <TaskInstance: loan_prediction_train_model.preprocess_data 2020-12-22T12:43:23.210460+00:00 [running]> dcb43f18a24b
[2020-12-22 13:25:36,559] {logging_mixin.py:112} INFO - [2020-12-22 13:25:36,558] {batch.py:214} INFO - Submitting the batch to Livy... Payload:
{
  "file": "s3a://alanchn31-loan-default-prediction/dist/main.py",
  "args": [
    "--job",
    "preprocess_data",
    "--phase",
    "train",
    "--mode",
    "aws",
    "--awsKey",
    "AKIAUW4FKHTMR2UR3INH",
    "--awsSecretKey",
    "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",
    "--s3Bucket",
    "alanchn31-loan-default-prediction"
  ],
  "pyFiles": [
    "s3a://alanchn31-loan-default-prediction/dist/src.zip"
  ],
  "name": "preprocess_data_scheduled__2020-12-22T12:43:23.210460+00:00"
}
[2020-12-22 13:25:36,572] {logging_mixin.py:112} INFO - [2020-12-22 13:25:36,570] {base_hook.py:84} INFO - Using connection to: id: livy. Host: http://ec2-3-236-26-7.compute-1.amazonaws.com, Port: 8998, Schema: None, Login: None, Password: None, extra: None
[2020-12-22 13:25:36,575] {logging_mixin.py:112} INFO - [2020-12-22 13:25:36,575] {http_hook.py:136} INFO - Sending 'POST' to url: http://ec2-3-236-26-7.compute-1.amazonaws.com:8998/batches
[2020-12-22 13:25:36,613] {logging_mixin.py:112} INFO - [2020-12-22 13:25:36,613] {batch.py:166} INFO - Batch successfully submitted with id = 16.
[2020-12-22 13:25:36,615] {logging_mixin.py:112} INFO - [2020-12-22 13:25:36,615] {batch.py:80} INFO - Getting batch 16 status...
[2020-12-22 13:25:36,635] {logging_mixin.py:112} INFO - [2020-12-22 13:25:36,635] {base_hook.py:84} INFO - Using connection to: id: livy. Host: http://ec2-3-236-26-7.compute-1.amazonaws.com, Port: 8998, Schema: None, Login: None, Password: None, extra: None
[2020-12-22 13:25:36,637] {logging_mixin.py:112} INFO - [2020-12-22 13:25:36,637] {http_hook.py:136} INFO - Sending 'GET' to url: http://ec2-3-236-26-7.compute-1.amazonaws.com:8998/batches/16
[2020-12-22 13:25:36,644] {logging_mixin.py:112} INFO - [2020-12-22 13:25:36,644] {batch.py:90} INFO - Batch 16 has not finished yet (state is 'starting')
[2020-12-22 13:25:56,647] {logging_mixin.py:112} INFO - [2020-12-22 13:25:56,646] {batch.py:80} INFO - Getting batch 16 status...
[2020-12-22 13:25:56,654] {logging_mixin.py:112} INFO - [2020-12-22 13:25:56,654] {base_hook.py:84} INFO - Using connection to: id: livy. Host: http://ec2-3-236-26-7.compute-1.amazonaws.com, Port: 8998, Schema: None, Login: None, Password: None, extra: None
[2020-12-22 13:25:56,656] {logging_mixin.py:112} INFO - [2020-12-22 13:25:56,656] {http_hook.py:136} INFO - Sending 'GET' to url: http://ec2-3-236-26-7.compute-1.amazonaws.com:8998/batches/16
[2020-12-22 13:25:56,666] {logging_mixin.py:112} INFO - [2020-12-22 13:25:56,666] {batch.py:299} INFO - --------------------------------------------------Full log for batch 16--------------------------------------------------
[2020-12-22 13:25:56,676] {logging_mixin.py:112} INFO - [2020-12-22 13:25:56,676] {base_hook.py:84} INFO - Using connection to: id: livy. Host: http://ec2-3-236-26-7.compute-1.amazonaws.com, Port: 8998, Schema: None, Login: None, Password: None, extra: None
[2020-12-22 13:25:56,679] {logging_mixin.py:112} INFO - [2020-12-22 13:25:56,678] {http_hook.py:136} INFO - Sending 'GET' to url: http://ec2-3-236-26-7.compute-1.amazonaws.com:8998/batches/16/log?from=0&size=100
[2020-12-22 13:25:56,686] {logging_mixin.py:112} INFO - [2020-12-22 13:25:56,686] {batch.py:309} INFO - stdout: 
[2020-12-22 13:25:56,686] {logging_mixin.py:112} INFO - [2020-12-22 13:25:56,686] {batch.py:309} INFO - 2020-12-22 13:25:39,000 WARN util.NativeCodeLoader: Unable to load native-hadoop library for your platform... using builtin-java classes where applicable
[2020-12-22 13:25:56,686] {logging_mixin.py:112} INFO - [2020-12-22 13:25:56,686] {batch.py:309} INFO - Traceback (most recent call last):
[2020-12-22 13:25:56,687] {logging_mixin.py:112} INFO - [2020-12-22 13:25:56,686] {batch.py:309} INFO -   File "/tmp/spark-b68b692b-0719-4461-8360-2eea43f9ed94/main.py", line 74, in <module>
[2020-12-22 13:25:56,687] {logging_mixin.py:112} INFO - [2020-12-22 13:25:56,687] {batch.py:309} INFO -     main()
[2020-12-22 13:25:56,687] {logging_mixin.py:112} INFO - [2020-12-22 13:25:56,687] {batch.py:309} INFO -   File "/tmp/spark-b68b692b-0719-4461-8360-2eea43f9ed94/main.py", line 55, in main
[2020-12-22 13:25:56,687] {logging_mixin.py:112} INFO - [2020-12-22 13:25:56,687] {batch.py:309} INFO -     with open("src/config.json", "r") as config_file:
[2020-12-22 13:25:56,687] {logging_mixin.py:112} INFO - [2020-12-22 13:25:56,687] {batch.py:309} INFO - FileNotFoundError: [Errno 2] No such file or directory: 'src/config.json'
[2020-12-22 13:25:56,688] {logging_mixin.py:112} INFO - [2020-12-22 13:25:56,688] {batch.py:309} INFO - 2020-12-22 13:25:43,319 INFO util.ShutdownHookManager: Shutdown hook called
[2020-12-22 13:25:56,688] {logging_mixin.py:112} INFO - [2020-12-22 13:25:56,688] {batch.py:309} INFO - 2020-12-22 13:25:43,320 INFO util.ShutdownHookManager: Deleting directory /tmp/spark-b68b692b-0719-4461-8360-2eea43f9ed94
[2020-12-22 13:25:56,688] {logging_mixin.py:112} INFO - [2020-12-22 13:25:56,688] {batch.py:309} INFO - 2020-12-22 13:25:43,326 INFO impl.MetricsSystemImpl: Stopping s3a-file-system metrics system...
[2020-12-22 13:25:56,688] {logging_mixin.py:112} INFO - [2020-12-22 13:25:56,688] {batch.py:309} INFO - 2020-12-22 13:25:43,327 INFO impl.MetricsSystemImpl: s3a-file-system metrics system stopped.
[2020-12-22 13:25:56,688] {logging_mixin.py:112} INFO - [2020-12-22 13:25:56,688] {batch.py:309} INFO - 2020-12-22 13:25:43,327 INFO impl.MetricsSystemImpl: s3a-file-system metrics system shutdown complete.
[2020-12-22 13:25:56,689] {logging_mixin.py:112} INFO - [2020-12-22 13:25:56,688] {batch.py:309} INFO - 
stderr: 
[2020-12-22 13:25:56,689] {logging_mixin.py:112} INFO - [2020-12-22 13:25:56,689] {batch.py:309} INFO - 
YARN Diagnostics: 
[2020-12-22 13:25:56,689] {logging_mixin.py:112} INFO - [2020-12-22 13:25:56,689] {batch.py:309} INFO - spark-submit start failed
[2020-12-22 13:25:56,689] {logging_mixin.py:112} INFO - [2020-12-22 13:25:56,689] {batch.py:318} INFO - --------------------------------------------------End of full log for batch 16--------------------------------------------------
[2020-12-22 13:25:56,689] {logging_mixin.py:112} INFO - [2020-12-22 13:25:56,689] {batch.py:335} INFO - Closing batch with id = 16
[2020-12-22 13:25:56,698] {logging_mixin.py:112} INFO - [2020-12-22 13:25:56,697] {base_hook.py:84} INFO - Using connection to: id: livy. Host: http://ec2-3-236-26-7.compute-1.amazonaws.com, Port: 8998, Schema: None, Login: None, Password: None, extra: None
[2020-12-22 13:25:56,699] {logging_mixin.py:112} INFO - [2020-12-22 13:25:56,699] {http_hook.py:136} INFO - Sending 'DELETE' to url: http://ec2-3-236-26-7.compute-1.amazonaws.com:8998/batches/16
[2020-12-22 13:25:56,706] {logging_mixin.py:112} INFO - [2020-12-22 13:25:56,706] {batch.py:340} INFO - Batch 16 has been closed
[2020-12-22 13:25:56,716] {taskinstance.py:1128} ERROR - Batch 16 failed with state 'dead'
Traceback (most recent call last):
  File "/opt/bitnami/python/lib/python3.6/site-packages/airflow/models/taskinstance.py", line 966, in _run_raw_task
    result = task_copy.execute(context=context)
  File "/usr/local/airflow/plugins/airflow_livy/batch.py", line 173, in execute
    ).execute(context)
  File "/opt/bitnami/python/lib/python3.6/site-packages/airflow/sensors/base_sensor_operator.py", line 107, in execute
    while not self.poke(context):
  File "/usr/local/airflow/plugins/airflow_livy/batch.py", line 96, in poke
    raise AirflowException(f"Batch {self.batch_id} failed with state '{state}'")
airflow.exceptions.AirflowException: Batch 16 failed with state 'dead'
[2020-12-22 13:25:56,718] {taskinstance.py:1151} INFO - Marking task as UP_FOR_RETRY
[2020-12-22 13:26:01,370] {logging_mixin.py:112} INFO - [2020-12-22 13:26:01,370] {local_task_job.py:103} INFO - Task exited with return code 1
