[2020-12-22 13:27:00,093] {taskinstance.py:655} INFO - Dependencies all met for <TaskInstance: loan_prediction_train_model.preprocess_data 2020-12-22T12:43:23.210460+00:00 [queued]>
[2020-12-22 13:27:00,113] {taskinstance.py:655} INFO - Dependencies all met for <TaskInstance: loan_prediction_train_model.preprocess_data 2020-12-22T12:43:23.210460+00:00 [queued]>
[2020-12-22 13:27:00,113] {taskinstance.py:866} INFO - 
--------------------------------------------------------------------------------
[2020-12-22 13:27:00,113] {taskinstance.py:867} INFO - Starting attempt 21 of 24
[2020-12-22 13:27:00,113] {taskinstance.py:868} INFO - 
--------------------------------------------------------------------------------
[2020-12-22 13:27:00,128] {taskinstance.py:887} INFO - Executing <Task(LivyBatchOperator): preprocess_data> on 2020-12-22T12:43:23.210460+00:00
[2020-12-22 13:27:00,132] {standard_task_runner.py:53} INFO - Started process 33908 to run task
[2020-12-22 13:27:00,190] {logging_mixin.py:112} INFO - Running %s on host %s <TaskInstance: loan_prediction_train_model.preprocess_data 2020-12-22T12:43:23.210460+00:00 [running]> dcb43f18a24b
[2020-12-22 13:27:00,215] {logging_mixin.py:112} INFO - [2020-12-22 13:27:00,214] {batch.py:214} INFO - Submitting the batch to Livy... Payload:
{
  "file": "s3a://alanchn31-loan-default-prediction/dist/main.py",
  "args": [
    "--job",
    "preprocess_data",
    "--phase",
    "train",
    "--mode",
    "aws",
    "--awsKey",
    "AKIAUW4FKHTMR2UR3INH",
    "--awsSecretKey",
    "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",
    "--s3Bucket",
    "alanchn31-loan-default-prediction"
  ],
  "pyFiles": [
    "s3a://alanchn31-loan-default-prediction/dist/src.zip"
  ],
  "name": "preprocess_data_scheduled__2020-12-22T12:43:23.210460+00:00"
}
[2020-12-22 13:27:00,225] {logging_mixin.py:112} INFO - [2020-12-22 13:27:00,224] {base_hook.py:84} INFO - Using connection to: id: livy. Host: http://ec2-3-236-26-7.compute-1.amazonaws.com, Port: 8998, Schema: None, Login: None, Password: None, extra: None
[2020-12-22 13:27:00,227] {logging_mixin.py:112} INFO - [2020-12-22 13:27:00,227] {http_hook.py:136} INFO - Sending 'POST' to url: http://ec2-3-236-26-7.compute-1.amazonaws.com:8998/batches
[2020-12-22 13:27:00,250] {logging_mixin.py:112} INFO - [2020-12-22 13:27:00,250] {batch.py:166} INFO - Batch successfully submitted with id = 17.
[2020-12-22 13:27:00,251] {logging_mixin.py:112} INFO - [2020-12-22 13:27:00,251] {batch.py:80} INFO - Getting batch 17 status...
[2020-12-22 13:27:00,259] {logging_mixin.py:112} INFO - [2020-12-22 13:27:00,259] {base_hook.py:84} INFO - Using connection to: id: livy. Host: http://ec2-3-236-26-7.compute-1.amazonaws.com, Port: 8998, Schema: None, Login: None, Password: None, extra: None
[2020-12-22 13:27:00,260] {logging_mixin.py:112} INFO - [2020-12-22 13:27:00,260] {http_hook.py:136} INFO - Sending 'GET' to url: http://ec2-3-236-26-7.compute-1.amazonaws.com:8998/batches/17
[2020-12-22 13:27:00,266] {logging_mixin.py:112} INFO - [2020-12-22 13:27:00,266] {batch.py:90} INFO - Batch 17 has not finished yet (state is 'starting')
[2020-12-22 13:27:20,286] {logging_mixin.py:112} INFO - [2020-12-22 13:27:20,286] {batch.py:80} INFO - Getting batch 17 status...
[2020-12-22 13:27:20,296] {logging_mixin.py:112} INFO - [2020-12-22 13:27:20,296] {base_hook.py:84} INFO - Using connection to: id: livy. Host: http://ec2-3-236-26-7.compute-1.amazonaws.com, Port: 8998, Schema: None, Login: None, Password: None, extra: None
[2020-12-22 13:27:20,298] {logging_mixin.py:112} INFO - [2020-12-22 13:27:20,298] {http_hook.py:136} INFO - Sending 'GET' to url: http://ec2-3-236-26-7.compute-1.amazonaws.com:8998/batches/17
[2020-12-22 13:27:20,311] {logging_mixin.py:112} INFO - [2020-12-22 13:27:20,311] {batch.py:299} INFO - --------------------------------------------------Full log for batch 17--------------------------------------------------
[2020-12-22 13:27:20,321] {logging_mixin.py:112} INFO - [2020-12-22 13:27:20,321] {base_hook.py:84} INFO - Using connection to: id: livy. Host: http://ec2-3-236-26-7.compute-1.amazonaws.com, Port: 8998, Schema: None, Login: None, Password: None, extra: None
[2020-12-22 13:27:20,323] {logging_mixin.py:112} INFO - [2020-12-22 13:27:20,323] {http_hook.py:136} INFO - Sending 'GET' to url: http://ec2-3-236-26-7.compute-1.amazonaws.com:8998/batches/17/log?from=0&size=100
[2020-12-22 13:27:20,331] {logging_mixin.py:112} INFO - [2020-12-22 13:27:20,331] {batch.py:309} INFO - stdout: 
[2020-12-22 13:27:20,332] {logging_mixin.py:112} INFO - [2020-12-22 13:27:20,332] {batch.py:309} INFO - 2020-12-22 13:27:02,103 WARN util.NativeCodeLoader: Unable to load native-hadoop library for your platform... using builtin-java classes where applicable
[2020-12-22 13:27:20,334] {logging_mixin.py:112} INFO - [2020-12-22 13:27:20,334] {batch.py:309} INFO - Traceback (most recent call last):
[2020-12-22 13:27:20,336] {logging_mixin.py:112} INFO - [2020-12-22 13:27:20,335] {batch.py:309} INFO -   File "/tmp/spark-f304afb7-9f71-4cae-b83a-dfd3752cb56b/main.py", line 74, in <module>
[2020-12-22 13:27:20,337] {logging_mixin.py:112} INFO - [2020-12-22 13:27:20,337] {batch.py:309} INFO -     main()
[2020-12-22 13:27:20,337] {logging_mixin.py:112} INFO - [2020-12-22 13:27:20,337] {batch.py:309} INFO -   File "/tmp/spark-f304afb7-9f71-4cae-b83a-dfd3752cb56b/main.py", line 55, in main
[2020-12-22 13:27:20,338] {logging_mixin.py:112} INFO - [2020-12-22 13:27:20,338] {batch.py:309} INFO -     with open("src/config.json", "r") as config_file:
[2020-12-22 13:27:20,338] {logging_mixin.py:112} INFO - [2020-12-22 13:27:20,338] {batch.py:309} INFO - FileNotFoundError: [Errno 2] No such file or directory: 'src/config.json'
[2020-12-22 13:27:20,338] {logging_mixin.py:112} INFO - [2020-12-22 13:27:20,338] {batch.py:309} INFO - 2020-12-22 13:27:05,375 INFO util.ShutdownHookManager: Shutdown hook called
[2020-12-22 13:27:20,338] {logging_mixin.py:112} INFO - [2020-12-22 13:27:20,338] {batch.py:309} INFO - 2020-12-22 13:27:05,376 INFO util.ShutdownHookManager: Deleting directory /tmp/spark-f304afb7-9f71-4cae-b83a-dfd3752cb56b
[2020-12-22 13:27:20,338] {logging_mixin.py:112} INFO - [2020-12-22 13:27:20,338] {batch.py:309} INFO - 2020-12-22 13:27:05,382 INFO impl.MetricsSystemImpl: Stopping s3a-file-system metrics system...
[2020-12-22 13:27:20,338] {logging_mixin.py:112} INFO - [2020-12-22 13:27:20,338] {batch.py:309} INFO - 2020-12-22 13:27:05,382 INFO impl.MetricsSystemImpl: s3a-file-system metrics system stopped.
[2020-12-22 13:27:20,339] {logging_mixin.py:112} INFO - [2020-12-22 13:27:20,338] {batch.py:309} INFO - 2020-12-22 13:27:05,383 INFO impl.MetricsSystemImpl: s3a-file-system metrics system shutdown complete.
[2020-12-22 13:27:20,339] {logging_mixin.py:112} INFO - [2020-12-22 13:27:20,339] {batch.py:309} INFO - 
stderr: 
[2020-12-22 13:27:20,339] {logging_mixin.py:112} INFO - [2020-12-22 13:27:20,339] {batch.py:309} INFO - 
YARN Diagnostics: 
[2020-12-22 13:27:20,339] {logging_mixin.py:112} INFO - [2020-12-22 13:27:20,339] {batch.py:309} INFO - spark-submit start failed
[2020-12-22 13:27:20,339] {logging_mixin.py:112} INFO - [2020-12-22 13:27:20,339] {batch.py:318} INFO - --------------------------------------------------End of full log for batch 17--------------------------------------------------
[2020-12-22 13:27:20,344] {logging_mixin.py:112} INFO - [2020-12-22 13:27:20,339] {batch.py:335} INFO - Closing batch with id = 17
[2020-12-22 13:27:20,353] {logging_mixin.py:112} INFO - [2020-12-22 13:27:20,353] {base_hook.py:84} INFO - Using connection to: id: livy. Host: http://ec2-3-236-26-7.compute-1.amazonaws.com, Port: 8998, Schema: None, Login: None, Password: None, extra: None
[2020-12-22 13:27:20,355] {logging_mixin.py:112} INFO - [2020-12-22 13:27:20,355] {http_hook.py:136} INFO - Sending 'DELETE' to url: http://ec2-3-236-26-7.compute-1.amazonaws.com:8998/batches/17
[2020-12-22 13:27:20,363] {logging_mixin.py:112} INFO - [2020-12-22 13:27:20,363] {batch.py:340} INFO - Batch 17 has been closed
[2020-12-22 13:27:20,374] {taskinstance.py:1128} ERROR - Batch 17 failed with state 'dead'
Traceback (most recent call last):
  File "/opt/bitnami/python/lib/python3.6/site-packages/airflow/models/taskinstance.py", line 966, in _run_raw_task
    result = task_copy.execute(context=context)
  File "/usr/local/airflow/plugins/airflow_livy/batch.py", line 173, in execute
    ).execute(context)
  File "/opt/bitnami/python/lib/python3.6/site-packages/airflow/sensors/base_sensor_operator.py", line 107, in execute
    while not self.poke(context):
  File "/usr/local/airflow/plugins/airflow_livy/batch.py", line 96, in poke
    raise AirflowException(f"Batch {self.batch_id} failed with state '{state}'")
airflow.exceptions.AirflowException: Batch 17 failed with state 'dead'
[2020-12-22 13:27:20,376] {taskinstance.py:1151} INFO - Marking task as UP_FOR_RETRY
[2020-12-22 13:27:25,134] {logging_mixin.py:112} INFO - [2020-12-22 13:27:25,134] {local_task_job.py:103} INFO - Task exited with return code 1
