[2020-12-22 13:29:48,262] {taskinstance.py:655} INFO - Dependencies all met for <TaskInstance: loan_prediction_train_model.preprocess_data 2020-12-22T12:43:23.210460+00:00 [queued]>
[2020-12-22 13:29:48,279] {taskinstance.py:655} INFO - Dependencies all met for <TaskInstance: loan_prediction_train_model.preprocess_data 2020-12-22T12:43:23.210460+00:00 [queued]>
[2020-12-22 13:29:48,279] {taskinstance.py:866} INFO - 
--------------------------------------------------------------------------------
[2020-12-22 13:29:48,279] {taskinstance.py:867} INFO - Starting attempt 23 of 24
[2020-12-22 13:29:48,279] {taskinstance.py:868} INFO - 
--------------------------------------------------------------------------------
[2020-12-22 13:29:48,292] {taskinstance.py:887} INFO - Executing <Task(LivyBatchOperator): preprocess_data> on 2020-12-22T12:43:23.210460+00:00
[2020-12-22 13:29:48,298] {standard_task_runner.py:53} INFO - Started process 35638 to run task
[2020-12-22 13:29:48,421] {logging_mixin.py:112} INFO - Running %s on host %s <TaskInstance: loan_prediction_train_model.preprocess_data 2020-12-22T12:43:23.210460+00:00 [running]> dcb43f18a24b
[2020-12-22 13:29:48,448] {logging_mixin.py:112} INFO - [2020-12-22 13:29:48,448] {batch.py:214} INFO - Submitting the batch to Livy... Payload:
{
  "file": "s3a://alanchn31-loan-default-prediction/dist/main.py",
  "args": [
    "--job",
    "preprocess_data",
    "--phase",
    "train",
    "--mode",
    "aws",
    "--awsKey",
    "AKIAUW4FKHTMR2UR3INH",
    "--awsSecretKey",
    "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",
    "--s3Bucket",
    "alanchn31-loan-default-prediction"
  ],
  "pyFiles": [
    "s3a://alanchn31-loan-default-prediction/dist/src.zip"
  ],
  "name": "preprocess_data_scheduled__2020-12-22T12:43:23.210460+00:00"
}
[2020-12-22 13:29:48,460] {logging_mixin.py:112} INFO - [2020-12-22 13:29:48,458] {base_hook.py:84} INFO - Using connection to: id: livy. Host: http://ec2-3-236-26-7.compute-1.amazonaws.com, Port: 8998, Schema: None, Login: None, Password: None, extra: None
[2020-12-22 13:29:48,463] {logging_mixin.py:112} INFO - [2020-12-22 13:29:48,463] {http_hook.py:136} INFO - Sending 'POST' to url: http://ec2-3-236-26-7.compute-1.amazonaws.com:8998/batches
[2020-12-22 13:29:48,489] {logging_mixin.py:112} INFO - [2020-12-22 13:29:48,488] {batch.py:166} INFO - Batch successfully submitted with id = 19.
[2020-12-22 13:29:48,491] {logging_mixin.py:112} INFO - [2020-12-22 13:29:48,491] {batch.py:80} INFO - Getting batch 19 status...
[2020-12-22 13:29:48,501] {logging_mixin.py:112} INFO - [2020-12-22 13:29:48,501] {base_hook.py:84} INFO - Using connection to: id: livy. Host: http://ec2-3-236-26-7.compute-1.amazonaws.com, Port: 8998, Schema: None, Login: None, Password: None, extra: None
[2020-12-22 13:29:48,504] {logging_mixin.py:112} INFO - [2020-12-22 13:29:48,504] {http_hook.py:136} INFO - Sending 'GET' to url: http://ec2-3-236-26-7.compute-1.amazonaws.com:8998/batches/19
[2020-12-22 13:29:48,514] {logging_mixin.py:112} INFO - [2020-12-22 13:29:48,514] {batch.py:90} INFO - Batch 19 has not finished yet (state is 'starting')
[2020-12-22 13:30:08,534] {logging_mixin.py:112} INFO - [2020-12-22 13:30:08,534] {batch.py:80} INFO - Getting batch 19 status...
[2020-12-22 13:30:08,541] {logging_mixin.py:112} INFO - [2020-12-22 13:30:08,541] {base_hook.py:84} INFO - Using connection to: id: livy. Host: http://ec2-3-236-26-7.compute-1.amazonaws.com, Port: 8998, Schema: None, Login: None, Password: None, extra: None
[2020-12-22 13:30:08,542] {logging_mixin.py:112} INFO - [2020-12-22 13:30:08,542] {http_hook.py:136} INFO - Sending 'GET' to url: http://ec2-3-236-26-7.compute-1.amazonaws.com:8998/batches/19
[2020-12-22 13:30:08,569] {logging_mixin.py:112} INFO - [2020-12-22 13:30:08,569] {batch.py:299} INFO - --------------------------------------------------Full log for batch 19--------------------------------------------------
[2020-12-22 13:30:08,579] {logging_mixin.py:112} INFO - [2020-12-22 13:30:08,579] {base_hook.py:84} INFO - Using connection to: id: livy. Host: http://ec2-3-236-26-7.compute-1.amazonaws.com, Port: 8998, Schema: None, Login: None, Password: None, extra: None
[2020-12-22 13:30:08,582] {logging_mixin.py:112} INFO - [2020-12-22 13:30:08,582] {http_hook.py:136} INFO - Sending 'GET' to url: http://ec2-3-236-26-7.compute-1.amazonaws.com:8998/batches/19/log?from=0&size=100
[2020-12-22 13:30:08,594] {logging_mixin.py:112} INFO - [2020-12-22 13:30:08,594] {batch.py:309} INFO - stdout: 
[2020-12-22 13:30:08,596] {logging_mixin.py:112} INFO - [2020-12-22 13:30:08,596] {batch.py:309} INFO - 2020-12-22 13:29:50,219 WARN util.NativeCodeLoader: Unable to load native-hadoop library for your platform... using builtin-java classes where applicable
[2020-12-22 13:30:08,598] {logging_mixin.py:112} INFO - [2020-12-22 13:30:08,598] {batch.py:309} INFO - Traceback (most recent call last):
[2020-12-22 13:30:08,601] {logging_mixin.py:112} INFO - [2020-12-22 13:30:08,600] {batch.py:309} INFO -   File "/tmp/spark-3ef3f7a7-319f-41ee-b9e1-585bc9fdc42a/main.py", line 74, in <module>
[2020-12-22 13:30:08,601] {logging_mixin.py:112} INFO - [2020-12-22 13:30:08,601] {batch.py:309} INFO -     main()
[2020-12-22 13:30:08,601] {logging_mixin.py:112} INFO - [2020-12-22 13:30:08,601] {batch.py:309} INFO -   File "/tmp/spark-3ef3f7a7-319f-41ee-b9e1-585bc9fdc42a/main.py", line 55, in main
[2020-12-22 13:30:08,601] {logging_mixin.py:112} INFO - [2020-12-22 13:30:08,601] {batch.py:309} INFO -     with open("src/config.json", "r") as config_file:
[2020-12-22 13:30:08,601] {logging_mixin.py:112} INFO - [2020-12-22 13:30:08,601] {batch.py:309} INFO - FileNotFoundError: [Errno 2] No such file or directory: 'src/config.json'
[2020-12-22 13:30:08,602] {logging_mixin.py:112} INFO - [2020-12-22 13:30:08,601] {batch.py:309} INFO - 2020-12-22 13:29:53,570 INFO util.ShutdownHookManager: Shutdown hook called
[2020-12-22 13:30:08,602] {logging_mixin.py:112} INFO - [2020-12-22 13:30:08,602] {batch.py:309} INFO - 2020-12-22 13:29:53,571 INFO util.ShutdownHookManager: Deleting directory /tmp/spark-3ef3f7a7-319f-41ee-b9e1-585bc9fdc42a
[2020-12-22 13:30:08,602] {logging_mixin.py:112} INFO - [2020-12-22 13:30:08,602] {batch.py:309} INFO - 2020-12-22 13:29:53,576 INFO impl.MetricsSystemImpl: Stopping s3a-file-system metrics system...
[2020-12-22 13:30:08,602] {logging_mixin.py:112} INFO - [2020-12-22 13:30:08,602] {batch.py:309} INFO - 2020-12-22 13:29:53,576 INFO impl.MetricsSystemImpl: s3a-file-system metrics system stopped.
[2020-12-22 13:30:08,602] {logging_mixin.py:112} INFO - [2020-12-22 13:30:08,602] {batch.py:309} INFO - 2020-12-22 13:29:53,576 INFO impl.MetricsSystemImpl: s3a-file-system metrics system shutdown complete.
[2020-12-22 13:30:08,602] {logging_mixin.py:112} INFO - [2020-12-22 13:30:08,602] {batch.py:309} INFO - 
stderr: 
[2020-12-22 13:30:08,607] {logging_mixin.py:112} INFO - [2020-12-22 13:30:08,602] {batch.py:309} INFO - 
YARN Diagnostics: 
[2020-12-22 13:30:08,607] {logging_mixin.py:112} INFO - [2020-12-22 13:30:08,607] {batch.py:309} INFO - spark-submit start failed
[2020-12-22 13:30:08,608] {logging_mixin.py:112} INFO - [2020-12-22 13:30:08,608] {batch.py:318} INFO - --------------------------------------------------End of full log for batch 19--------------------------------------------------
[2020-12-22 13:30:08,608] {logging_mixin.py:112} INFO - [2020-12-22 13:30:08,608] {batch.py:335} INFO - Closing batch with id = 19
[2020-12-22 13:30:08,622] {logging_mixin.py:112} INFO - [2020-12-22 13:30:08,622] {base_hook.py:84} INFO - Using connection to: id: livy. Host: http://ec2-3-236-26-7.compute-1.amazonaws.com, Port: 8998, Schema: None, Login: None, Password: None, extra: None
[2020-12-22 13:30:08,623] {logging_mixin.py:112} INFO - [2020-12-22 13:30:08,623] {http_hook.py:136} INFO - Sending 'DELETE' to url: http://ec2-3-236-26-7.compute-1.amazonaws.com:8998/batches/19
[2020-12-22 13:30:08,634] {logging_mixin.py:112} INFO - [2020-12-22 13:30:08,634] {batch.py:340} INFO - Batch 19 has been closed
[2020-12-22 13:30:08,647] {taskinstance.py:1128} ERROR - Batch 19 failed with state 'dead'
Traceback (most recent call last):
  File "/opt/bitnami/python/lib/python3.6/site-packages/airflow/models/taskinstance.py", line 966, in _run_raw_task
    result = task_copy.execute(context=context)
  File "/usr/local/airflow/plugins/airflow_livy/batch.py", line 173, in execute
    ).execute(context)
  File "/opt/bitnami/python/lib/python3.6/site-packages/airflow/sensors/base_sensor_operator.py", line 107, in execute
    while not self.poke(context):
  File "/usr/local/airflow/plugins/airflow_livy/batch.py", line 96, in poke
    raise AirflowException(f"Batch {self.batch_id} failed with state '{state}'")
airflow.exceptions.AirflowException: Batch 19 failed with state 'dead'
[2020-12-22 13:30:08,651] {taskinstance.py:1151} INFO - Marking task as UP_FOR_RETRY
[2020-12-22 13:30:13,304] {logging_mixin.py:112} INFO - [2020-12-22 13:30:13,303] {local_task_job.py:103} INFO - Task exited with return code 1
