[2020-12-22 13:31:12,634] {taskinstance.py:655} INFO - Dependencies all met for <TaskInstance: loan_prediction_train_model.preprocess_data 2020-12-22T12:43:23.210460+00:00 [queued]>
[2020-12-22 13:31:12,655] {taskinstance.py:655} INFO - Dependencies all met for <TaskInstance: loan_prediction_train_model.preprocess_data 2020-12-22T12:43:23.210460+00:00 [queued]>
[2020-12-22 13:31:12,656] {taskinstance.py:866} INFO - 
--------------------------------------------------------------------------------
[2020-12-22 13:31:12,656] {taskinstance.py:867} INFO - Starting attempt 24 of 24
[2020-12-22 13:31:12,656] {taskinstance.py:868} INFO - 
--------------------------------------------------------------------------------
[2020-12-22 13:31:12,678] {taskinstance.py:887} INFO - Executing <Task(LivyBatchOperator): preprocess_data> on 2020-12-22T12:43:23.210460+00:00
[2020-12-22 13:31:12,686] {standard_task_runner.py:53} INFO - Started process 36507 to run task
[2020-12-22 13:31:12,829] {logging_mixin.py:112} INFO - Running %s on host %s <TaskInstance: loan_prediction_train_model.preprocess_data 2020-12-22T12:43:23.210460+00:00 [running]> dcb43f18a24b
[2020-12-22 13:31:12,905] {logging_mixin.py:112} INFO - [2020-12-22 13:31:12,904] {batch.py:214} INFO - Submitting the batch to Livy... Payload:
{
  "file": "s3a://alanchn31-loan-default-prediction/dist/main.py",
  "args": [
    "--job",
    "preprocess_data",
    "--phase",
    "train",
    "--mode",
    "aws",
    "--awsKey",
    "AKIAUW4FKHTMR2UR3INH",
    "--awsSecretKey",
    "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",
    "--s3Bucket",
    "alanchn31-loan-default-prediction"
  ],
  "pyFiles": [
    "s3a://alanchn31-loan-default-prediction/dist/src.zip"
  ],
  "name": "preprocess_data_scheduled__2020-12-22T12:43:23.210460+00:00"
}
[2020-12-22 13:31:12,954] {logging_mixin.py:112} INFO - [2020-12-22 13:31:12,952] {base_hook.py:84} INFO - Using connection to: id: livy. Host: http://ec2-3-236-26-7.compute-1.amazonaws.com, Port: 8998, Schema: None, Login: None, Password: None, extra: None
[2020-12-22 13:31:12,958] {logging_mixin.py:112} INFO - [2020-12-22 13:31:12,958] {http_hook.py:136} INFO - Sending 'POST' to url: http://ec2-3-236-26-7.compute-1.amazonaws.com:8998/batches
[2020-12-22 13:31:13,016] {logging_mixin.py:112} INFO - [2020-12-22 13:31:13,016] {batch.py:166} INFO - Batch successfully submitted with id = 20.
[2020-12-22 13:31:13,018] {logging_mixin.py:112} INFO - [2020-12-22 13:31:13,018] {batch.py:80} INFO - Getting batch 20 status...
[2020-12-22 13:31:13,058] {logging_mixin.py:112} INFO - [2020-12-22 13:31:13,058] {base_hook.py:84} INFO - Using connection to: id: livy. Host: http://ec2-3-236-26-7.compute-1.amazonaws.com, Port: 8998, Schema: None, Login: None, Password: None, extra: None
[2020-12-22 13:31:13,061] {logging_mixin.py:112} INFO - [2020-12-22 13:31:13,061] {http_hook.py:136} INFO - Sending 'GET' to url: http://ec2-3-236-26-7.compute-1.amazonaws.com:8998/batches/20
[2020-12-22 13:31:13,098] {logging_mixin.py:112} INFO - [2020-12-22 13:31:13,098] {batch.py:90} INFO - Batch 20 has not finished yet (state is 'starting')
[2020-12-22 13:31:33,118] {logging_mixin.py:112} INFO - [2020-12-22 13:31:33,118] {batch.py:80} INFO - Getting batch 20 status...
[2020-12-22 13:31:33,125] {logging_mixin.py:112} INFO - [2020-12-22 13:31:33,125] {base_hook.py:84} INFO - Using connection to: id: livy. Host: http://ec2-3-236-26-7.compute-1.amazonaws.com, Port: 8998, Schema: None, Login: None, Password: None, extra: None
[2020-12-22 13:31:33,127] {logging_mixin.py:112} INFO - [2020-12-22 13:31:33,127] {http_hook.py:136} INFO - Sending 'GET' to url: http://ec2-3-236-26-7.compute-1.amazonaws.com:8998/batches/20
[2020-12-22 13:31:33,135] {logging_mixin.py:112} INFO - [2020-12-22 13:31:33,135] {batch.py:299} INFO - --------------------------------------------------Full log for batch 20--------------------------------------------------
[2020-12-22 13:31:33,143] {logging_mixin.py:112} INFO - [2020-12-22 13:31:33,143] {base_hook.py:84} INFO - Using connection to: id: livy. Host: http://ec2-3-236-26-7.compute-1.amazonaws.com, Port: 8998, Schema: None, Login: None, Password: None, extra: None
[2020-12-22 13:31:33,146] {logging_mixin.py:112} INFO - [2020-12-22 13:31:33,146] {http_hook.py:136} INFO - Sending 'GET' to url: http://ec2-3-236-26-7.compute-1.amazonaws.com:8998/batches/20/log?from=0&size=100
[2020-12-22 13:31:33,153] {logging_mixin.py:112} INFO - [2020-12-22 13:31:33,153] {batch.py:309} INFO - stdout: 
[2020-12-22 13:31:33,155] {logging_mixin.py:112} INFO - [2020-12-22 13:31:33,155] {batch.py:309} INFO - 2020-12-22 13:31:15,570 WARN util.NativeCodeLoader: Unable to load native-hadoop library for your platform... using builtin-java classes where applicable
[2020-12-22 13:31:33,157] {logging_mixin.py:112} INFO - [2020-12-22 13:31:33,156] {batch.py:309} INFO - Traceback (most recent call last):
[2020-12-22 13:31:33,158] {logging_mixin.py:112} INFO - [2020-12-22 13:31:33,158] {batch.py:309} INFO -   File "/tmp/spark-44ad8d9b-54a2-43ed-ae16-6c7cc5c5bc17/main.py", line 74, in <module>
[2020-12-22 13:31:33,158] {logging_mixin.py:112} INFO - [2020-12-22 13:31:33,158] {batch.py:309} INFO -     main()
[2020-12-22 13:31:33,158] {logging_mixin.py:112} INFO - [2020-12-22 13:31:33,158] {batch.py:309} INFO -   File "/tmp/spark-44ad8d9b-54a2-43ed-ae16-6c7cc5c5bc17/main.py", line 55, in main
[2020-12-22 13:31:33,159] {logging_mixin.py:112} INFO - [2020-12-22 13:31:33,158] {batch.py:309} INFO -     with open("src/config.json", "r") as config_file:
[2020-12-22 13:31:33,159] {logging_mixin.py:112} INFO - [2020-12-22 13:31:33,159] {batch.py:309} INFO - FileNotFoundError: [Errno 2] No such file or directory: 'src/config.json'
[2020-12-22 13:31:33,159] {logging_mixin.py:112} INFO - [2020-12-22 13:31:33,159] {batch.py:309} INFO - 2020-12-22 13:31:19,395 INFO util.ShutdownHookManager: Shutdown hook called
[2020-12-22 13:31:33,159] {logging_mixin.py:112} INFO - [2020-12-22 13:31:33,159] {batch.py:309} INFO - 2020-12-22 13:31:19,397 INFO util.ShutdownHookManager: Deleting directory /tmp/spark-44ad8d9b-54a2-43ed-ae16-6c7cc5c5bc17
[2020-12-22 13:31:33,159] {logging_mixin.py:112} INFO - [2020-12-22 13:31:33,159] {batch.py:309} INFO - 2020-12-22 13:31:19,403 INFO impl.MetricsSystemImpl: Stopping s3a-file-system metrics system...
[2020-12-22 13:31:33,159] {logging_mixin.py:112} INFO - [2020-12-22 13:31:33,159] {batch.py:309} INFO - 2020-12-22 13:31:19,403 INFO impl.MetricsSystemImpl: s3a-file-system metrics system stopped.
[2020-12-22 13:31:33,160] {logging_mixin.py:112} INFO - [2020-12-22 13:31:33,160] {batch.py:309} INFO - 2020-12-22 13:31:19,404 INFO impl.MetricsSystemImpl: s3a-file-system metrics system shutdown complete.
[2020-12-22 13:31:33,160] {logging_mixin.py:112} INFO - [2020-12-22 13:31:33,160] {batch.py:309} INFO - 
stderr: 
[2020-12-22 13:31:33,160] {logging_mixin.py:112} INFO - [2020-12-22 13:31:33,160] {batch.py:309} INFO - 
YARN Diagnostics: 
[2020-12-22 13:31:33,160] {logging_mixin.py:112} INFO - [2020-12-22 13:31:33,160] {batch.py:309} INFO - spark-submit start failed
[2020-12-22 13:31:33,160] {logging_mixin.py:112} INFO - [2020-12-22 13:31:33,160] {batch.py:318} INFO - --------------------------------------------------End of full log for batch 20--------------------------------------------------
[2020-12-22 13:31:33,160] {logging_mixin.py:112} INFO - [2020-12-22 13:31:33,160] {batch.py:335} INFO - Closing batch with id = 20
[2020-12-22 13:31:33,168] {logging_mixin.py:112} INFO - [2020-12-22 13:31:33,168] {base_hook.py:84} INFO - Using connection to: id: livy. Host: http://ec2-3-236-26-7.compute-1.amazonaws.com, Port: 8998, Schema: None, Login: None, Password: None, extra: None
[2020-12-22 13:31:33,171] {logging_mixin.py:112} INFO - [2020-12-22 13:31:33,170] {http_hook.py:136} INFO - Sending 'DELETE' to url: http://ec2-3-236-26-7.compute-1.amazonaws.com:8998/batches/20
[2020-12-22 13:31:33,178] {logging_mixin.py:112} INFO - [2020-12-22 13:31:33,177] {batch.py:340} INFO - Batch 20 has been closed
[2020-12-22 13:31:33,185] {taskinstance.py:1128} ERROR - Batch 20 failed with state 'dead'
Traceback (most recent call last):
  File "/opt/bitnami/python/lib/python3.6/site-packages/airflow/models/taskinstance.py", line 966, in _run_raw_task
    result = task_copy.execute(context=context)
  File "/usr/local/airflow/plugins/airflow_livy/batch.py", line 173, in execute
    ).execute(context)
  File "/opt/bitnami/python/lib/python3.6/site-packages/airflow/sensors/base_sensor_operator.py", line 107, in execute
    while not self.poke(context):
  File "/usr/local/airflow/plugins/airflow_livy/batch.py", line 96, in poke
    raise AirflowException(f"Batch {self.batch_id} failed with state '{state}'")
airflow.exceptions.AirflowException: Batch 20 failed with state 'dead'
[2020-12-22 13:31:33,187] {taskinstance.py:1170} INFO - All retries failed; marking task as FAILED.dag_id=loan_prediction_train_model, task_id=preprocess_data, execution_date=20201222T124323, start_date=20201222T133112, end_date=20201222T133133
[2020-12-22 13:31:37,678] {logging_mixin.py:112} INFO - [2020-12-22 13:31:37,677] {local_task_job.py:103} INFO - Task exited with return code 1
