[2020-12-22 13:47:35,440] {taskinstance.py:655} INFO - Dependencies all met for <TaskInstance: loan_prediction_train_model.preprocess_data 2020-12-22T12:43:23.210460+00:00 [queued]>
[2020-12-22 13:47:35,461] {taskinstance.py:655} INFO - Dependencies all met for <TaskInstance: loan_prediction_train_model.preprocess_data 2020-12-22T12:43:23.210460+00:00 [queued]>
[2020-12-22 13:47:35,461] {taskinstance.py:866} INFO - 
--------------------------------------------------------------------------------
[2020-12-22 13:47:35,461] {taskinstance.py:867} INFO - Starting attempt 25 of 30
[2020-12-22 13:47:35,461] {taskinstance.py:868} INFO - 
--------------------------------------------------------------------------------
[2020-12-22 13:47:35,482] {taskinstance.py:887} INFO - Executing <Task(LivyBatchOperator): preprocess_data> on 2020-12-22T12:43:23.210460+00:00
[2020-12-22 13:47:35,486] {standard_task_runner.py:53} INFO - Started process 46543 to run task
[2020-12-22 13:47:35,554] {logging_mixin.py:112} INFO - Running %s on host %s <TaskInstance: loan_prediction_train_model.preprocess_data 2020-12-22T12:43:23.210460+00:00 [running]> dcb43f18a24b
[2020-12-22 13:47:35,580] {logging_mixin.py:112} INFO - [2020-12-22 13:47:35,580] {batch.py:214} INFO - Submitting the batch to Livy... Payload:
{
  "file": "s3a://alanchn31-loan-default-prediction/dist/main.py",
  "args": [
    "--job",
    "preprocess_data",
    "--phase",
    "train",
    "--mode",
    "aws",
    "--awsKey",
    "AKIAUW4FKHTMR2UR3INH",
    "--awsSecretKey",
    "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",
    "--s3Bucket",
    "alanchn31-loan-default-prediction"
  ],
  "pyFiles": [
    "s3a://alanchn31-loan-default-prediction/dist/src.zip"
  ],
  "name": "preprocess_data_scheduled__2020-12-22T12:43:23.210460+00:00"
}
[2020-12-22 13:47:35,590] {logging_mixin.py:112} INFO - [2020-12-22 13:47:35,589] {base_hook.py:84} INFO - Using connection to: id: livy. Host: http://ec2-3-236-26-7.compute-1.amazonaws.com, Port: 8998, Schema: None, Login: None, Password: None, extra: None
[2020-12-22 13:47:35,592] {logging_mixin.py:112} INFO - [2020-12-22 13:47:35,592] {http_hook.py:136} INFO - Sending 'POST' to url: http://ec2-3-236-26-7.compute-1.amazonaws.com:8998/batches
[2020-12-22 13:47:35,613] {logging_mixin.py:112} INFO - [2020-12-22 13:47:35,613] {batch.py:166} INFO - Batch successfully submitted with id = 21.
[2020-12-22 13:47:35,616] {logging_mixin.py:112} INFO - [2020-12-22 13:47:35,615] {batch.py:80} INFO - Getting batch 21 status...
[2020-12-22 13:47:35,625] {logging_mixin.py:112} INFO - [2020-12-22 13:47:35,625] {base_hook.py:84} INFO - Using connection to: id: livy. Host: http://ec2-3-236-26-7.compute-1.amazonaws.com, Port: 8998, Schema: None, Login: None, Password: None, extra: None
[2020-12-22 13:47:35,627] {logging_mixin.py:112} INFO - [2020-12-22 13:47:35,627] {http_hook.py:136} INFO - Sending 'GET' to url: http://ec2-3-236-26-7.compute-1.amazonaws.com:8998/batches/21
[2020-12-22 13:47:35,633] {logging_mixin.py:112} INFO - [2020-12-22 13:47:35,633] {batch.py:90} INFO - Batch 21 has not finished yet (state is 'starting')
[2020-12-22 13:47:55,654] {logging_mixin.py:112} INFO - [2020-12-22 13:47:55,653] {batch.py:80} INFO - Getting batch 21 status...
[2020-12-22 13:47:55,661] {logging_mixin.py:112} INFO - [2020-12-22 13:47:55,660] {base_hook.py:84} INFO - Using connection to: id: livy. Host: http://ec2-3-236-26-7.compute-1.amazonaws.com, Port: 8998, Schema: None, Login: None, Password: None, extra: None
[2020-12-22 13:47:55,661] {logging_mixin.py:112} INFO - [2020-12-22 13:47:55,661] {http_hook.py:136} INFO - Sending 'GET' to url: http://ec2-3-236-26-7.compute-1.amazonaws.com:8998/batches/21
[2020-12-22 13:47:55,671] {logging_mixin.py:112} INFO - [2020-12-22 13:47:55,671] {batch.py:299} INFO - --------------------------------------------------Full log for batch 21--------------------------------------------------
[2020-12-22 13:47:55,683] {logging_mixin.py:112} INFO - [2020-12-22 13:47:55,682] {base_hook.py:84} INFO - Using connection to: id: livy. Host: http://ec2-3-236-26-7.compute-1.amazonaws.com, Port: 8998, Schema: None, Login: None, Password: None, extra: None
[2020-12-22 13:47:55,685] {logging_mixin.py:112} INFO - [2020-12-22 13:47:55,685] {http_hook.py:136} INFO - Sending 'GET' to url: http://ec2-3-236-26-7.compute-1.amazonaws.com:8998/batches/21/log?from=0&size=100
[2020-12-22 13:47:55,692] {logging_mixin.py:112} INFO - [2020-12-22 13:47:55,691] {batch.py:309} INFO - stdout: 
[2020-12-22 13:47:55,692] {logging_mixin.py:112} INFO - [2020-12-22 13:47:55,692] {batch.py:309} INFO - 2020-12-22 13:47:37,406 WARN util.NativeCodeLoader: Unable to load native-hadoop library for your platform... using builtin-java classes where applicable
[2020-12-22 13:47:55,692] {logging_mixin.py:112} INFO - [2020-12-22 13:47:55,692] {batch.py:309} INFO - Traceback (most recent call last):
[2020-12-22 13:47:55,693] {logging_mixin.py:112} INFO - [2020-12-22 13:47:55,692] {batch.py:309} INFO -   File "/tmp/spark-cba4edbf-94b2-4b99-80b0-de61c08a332c/main.py", line 74, in <module>
[2020-12-22 13:47:55,693] {logging_mixin.py:112} INFO - [2020-12-22 13:47:55,693] {batch.py:309} INFO -     main()
[2020-12-22 13:47:55,693] {logging_mixin.py:112} INFO - [2020-12-22 13:47:55,693] {batch.py:309} INFO -   File "/tmp/spark-cba4edbf-94b2-4b99-80b0-de61c08a332c/main.py", line 55, in main
[2020-12-22 13:47:55,693] {logging_mixin.py:112} INFO - [2020-12-22 13:47:55,693] {batch.py:309} INFO -     with open("src/config.json", "r") as config_file:
[2020-12-22 13:47:55,694] {logging_mixin.py:112} INFO - [2020-12-22 13:47:55,693] {batch.py:309} INFO - FileNotFoundError: [Errno 2] No such file or directory: 'src/config.json'
[2020-12-22 13:47:55,694] {logging_mixin.py:112} INFO - [2020-12-22 13:47:55,694] {batch.py:309} INFO - 2020-12-22 13:47:40,310 INFO util.ShutdownHookManager: Shutdown hook called
[2020-12-22 13:47:55,694] {logging_mixin.py:112} INFO - [2020-12-22 13:47:55,694] {batch.py:309} INFO - 2020-12-22 13:47:40,311 INFO util.ShutdownHookManager: Deleting directory /tmp/spark-cba4edbf-94b2-4b99-80b0-de61c08a332c
[2020-12-22 13:47:55,694] {logging_mixin.py:112} INFO - [2020-12-22 13:47:55,694] {batch.py:309} INFO - 2020-12-22 13:47:40,316 INFO impl.MetricsSystemImpl: Stopping s3a-file-system metrics system...
[2020-12-22 13:47:55,694] {logging_mixin.py:112} INFO - [2020-12-22 13:47:55,694] {batch.py:309} INFO - 2020-12-22 13:47:40,317 INFO impl.MetricsSystemImpl: s3a-file-system metrics system stopped.
[2020-12-22 13:47:55,695] {logging_mixin.py:112} INFO - [2020-12-22 13:47:55,694] {batch.py:309} INFO - 2020-12-22 13:47:40,317 INFO impl.MetricsSystemImpl: s3a-file-system metrics system shutdown complete.
[2020-12-22 13:47:55,695] {logging_mixin.py:112} INFO - [2020-12-22 13:47:55,695] {batch.py:309} INFO - 
stderr: 
[2020-12-22 13:47:55,695] {logging_mixin.py:112} INFO - [2020-12-22 13:47:55,695] {batch.py:309} INFO - 
YARN Diagnostics: 
[2020-12-22 13:47:55,696] {logging_mixin.py:112} INFO - [2020-12-22 13:47:55,695] {batch.py:309} INFO - spark-submit start failed
[2020-12-22 13:47:55,696] {logging_mixin.py:112} INFO - [2020-12-22 13:47:55,696] {batch.py:318} INFO - --------------------------------------------------End of full log for batch 21--------------------------------------------------
[2020-12-22 13:47:55,696] {logging_mixin.py:112} INFO - [2020-12-22 13:47:55,696] {batch.py:335} INFO - Closing batch with id = 21
[2020-12-22 13:47:55,705] {logging_mixin.py:112} INFO - [2020-12-22 13:47:55,704] {base_hook.py:84} INFO - Using connection to: id: livy. Host: http://ec2-3-236-26-7.compute-1.amazonaws.com, Port: 8998, Schema: None, Login: None, Password: None, extra: None
[2020-12-22 13:47:55,706] {logging_mixin.py:112} INFO - [2020-12-22 13:47:55,706] {http_hook.py:136} INFO - Sending 'DELETE' to url: http://ec2-3-236-26-7.compute-1.amazonaws.com:8998/batches/21
[2020-12-22 13:47:55,713] {logging_mixin.py:112} INFO - [2020-12-22 13:47:55,713] {batch.py:340} INFO - Batch 21 has been closed
[2020-12-22 13:47:55,724] {taskinstance.py:1128} ERROR - Batch 21 failed with state 'dead'
Traceback (most recent call last):
  File "/opt/bitnami/python/lib/python3.6/site-packages/airflow/models/taskinstance.py", line 966, in _run_raw_task
    result = task_copy.execute(context=context)
  File "/usr/local/airflow/plugins/airflow_livy/batch.py", line 173, in execute
    ).execute(context)
  File "/opt/bitnami/python/lib/python3.6/site-packages/airflow/sensors/base_sensor_operator.py", line 107, in execute
    while not self.poke(context):
  File "/usr/local/airflow/plugins/airflow_livy/batch.py", line 96, in poke
    raise AirflowException(f"Batch {self.batch_id} failed with state '{state}'")
airflow.exceptions.AirflowException: Batch 21 failed with state 'dead'
[2020-12-22 13:47:55,726] {taskinstance.py:1151} INFO - Marking task as UP_FOR_RETRY
[2020-12-22 13:48:00,478] {logging_mixin.py:112} INFO - [2020-12-22 13:48:00,478] {local_task_job.py:103} INFO - Task exited with return code 1
