[2020-12-22 13:48:57,687] {taskinstance.py:655} INFO - Dependencies all met for <TaskInstance: loan_prediction_train_model.preprocess_data 2020-12-22T12:43:23.210460+00:00 [queued]>
[2020-12-22 13:48:57,742] {taskinstance.py:655} INFO - Dependencies all met for <TaskInstance: loan_prediction_train_model.preprocess_data 2020-12-22T12:43:23.210460+00:00 [queued]>
[2020-12-22 13:48:57,742] {taskinstance.py:866} INFO - 
--------------------------------------------------------------------------------
[2020-12-22 13:48:57,743] {taskinstance.py:867} INFO - Starting attempt 26 of 30
[2020-12-22 13:48:57,743] {taskinstance.py:868} INFO - 
--------------------------------------------------------------------------------
[2020-12-22 13:48:57,762] {taskinstance.py:887} INFO - Executing <Task(LivyBatchOperator): preprocess_data> on 2020-12-22T12:43:23.210460+00:00
[2020-12-22 13:48:57,768] {standard_task_runner.py:53} INFO - Started process 47383 to run task
[2020-12-22 13:48:57,945] {logging_mixin.py:112} INFO - Running %s on host %s <TaskInstance: loan_prediction_train_model.preprocess_data 2020-12-22T12:43:23.210460+00:00 [running]> dcb43f18a24b
[2020-12-22 13:48:57,994] {logging_mixin.py:112} INFO - [2020-12-22 13:48:57,993] {batch.py:214} INFO - Submitting the batch to Livy... Payload:
{
  "file": "s3a://alanchn31-loan-default-prediction/dist/main.py",
  "args": [
    "--job",
    "preprocess_data",
    "--phase",
    "train",
    "--mode",
    "aws",
    "--awsKey",
    "AKIAUW4FKHTMR2UR3INH",
    "--awsSecretKey",
    "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",
    "--s3Bucket",
    "alanchn31-loan-default-prediction"
  ],
  "pyFiles": [
    "s3a://alanchn31-loan-default-prediction/dist/src.zip"
  ],
  "name": "preprocess_data_scheduled__2020-12-22T12:43:23.210460+00:00"
}
[2020-12-22 13:48:58,012] {logging_mixin.py:112} INFO - [2020-12-22 13:48:58,010] {base_hook.py:84} INFO - Using connection to: id: livy. Host: http://ec2-3-236-26-7.compute-1.amazonaws.com, Port: 8998, Schema: None, Login: None, Password: None, extra: None
[2020-12-22 13:48:58,015] {logging_mixin.py:112} INFO - [2020-12-22 13:48:58,015] {http_hook.py:136} INFO - Sending 'POST' to url: http://ec2-3-236-26-7.compute-1.amazonaws.com:8998/batches
[2020-12-22 13:48:58,059] {logging_mixin.py:112} INFO - [2020-12-22 13:48:58,059] {batch.py:166} INFO - Batch successfully submitted with id = 22.
[2020-12-22 13:48:58,061] {logging_mixin.py:112} INFO - [2020-12-22 13:48:58,061] {batch.py:80} INFO - Getting batch 22 status...
[2020-12-22 13:48:58,078] {logging_mixin.py:112} INFO - [2020-12-22 13:48:58,078] {base_hook.py:84} INFO - Using connection to: id: livy. Host: http://ec2-3-236-26-7.compute-1.amazonaws.com, Port: 8998, Schema: None, Login: None, Password: None, extra: None
[2020-12-22 13:48:58,082] {logging_mixin.py:112} INFO - [2020-12-22 13:48:58,082] {http_hook.py:136} INFO - Sending 'GET' to url: http://ec2-3-236-26-7.compute-1.amazonaws.com:8998/batches/22
[2020-12-22 13:48:58,093] {logging_mixin.py:112} INFO - [2020-12-22 13:48:58,093] {batch.py:90} INFO - Batch 22 has not finished yet (state is 'starting')
[2020-12-22 13:49:18,108] {logging_mixin.py:112} INFO - [2020-12-22 13:49:18,108] {batch.py:80} INFO - Getting batch 22 status...
[2020-12-22 13:49:18,115] {logging_mixin.py:112} INFO - [2020-12-22 13:49:18,115] {base_hook.py:84} INFO - Using connection to: id: livy. Host: http://ec2-3-236-26-7.compute-1.amazonaws.com, Port: 8998, Schema: None, Login: None, Password: None, extra: None
[2020-12-22 13:49:18,118] {logging_mixin.py:112} INFO - [2020-12-22 13:49:18,118] {http_hook.py:136} INFO - Sending 'GET' to url: http://ec2-3-236-26-7.compute-1.amazonaws.com:8998/batches/22
[2020-12-22 13:49:18,127] {logging_mixin.py:112} INFO - [2020-12-22 13:49:18,127] {batch.py:299} INFO - --------------------------------------------------Full log for batch 22--------------------------------------------------
[2020-12-22 13:49:18,138] {logging_mixin.py:112} INFO - [2020-12-22 13:49:18,138] {base_hook.py:84} INFO - Using connection to: id: livy. Host: http://ec2-3-236-26-7.compute-1.amazonaws.com, Port: 8998, Schema: None, Login: None, Password: None, extra: None
[2020-12-22 13:49:18,141] {logging_mixin.py:112} INFO - [2020-12-22 13:49:18,141] {http_hook.py:136} INFO - Sending 'GET' to url: http://ec2-3-236-26-7.compute-1.amazonaws.com:8998/batches/22/log?from=0&size=100
[2020-12-22 13:49:18,148] {logging_mixin.py:112} INFO - [2020-12-22 13:49:18,148] {batch.py:309} INFO - stdout: 
[2020-12-22 13:49:18,148] {logging_mixin.py:112} INFO - [2020-12-22 13:49:18,148] {batch.py:309} INFO - 2020-12-22 13:49:00,622 WARN util.NativeCodeLoader: Unable to load native-hadoop library for your platform... using builtin-java classes where applicable
[2020-12-22 13:49:18,149] {logging_mixin.py:112} INFO - [2020-12-22 13:49:18,149] {batch.py:309} INFO - Traceback (most recent call last):
[2020-12-22 13:49:18,149] {logging_mixin.py:112} INFO - [2020-12-22 13:49:18,149] {batch.py:309} INFO -   File "/tmp/spark-ae5b784c-2c4d-43d8-aeb2-6995958d2035/main.py", line 74, in <module>
[2020-12-22 13:49:18,149] {logging_mixin.py:112} INFO - [2020-12-22 13:49:18,149] {batch.py:309} INFO -     main()
[2020-12-22 13:49:18,149] {logging_mixin.py:112} INFO - [2020-12-22 13:49:18,149] {batch.py:309} INFO -   File "/tmp/spark-ae5b784c-2c4d-43d8-aeb2-6995958d2035/main.py", line 55, in main
[2020-12-22 13:49:18,150] {logging_mixin.py:112} INFO - [2020-12-22 13:49:18,149] {batch.py:309} INFO -     with open("src/config.json", "r") as config_file:
[2020-12-22 13:49:18,150] {logging_mixin.py:112} INFO - [2020-12-22 13:49:18,150] {batch.py:309} INFO - FileNotFoundError: [Errno 2] No such file or directory: 'src/config.json'
[2020-12-22 13:49:18,150] {logging_mixin.py:112} INFO - [2020-12-22 13:49:18,150] {batch.py:309} INFO - 2020-12-22 13:49:05,009 INFO util.ShutdownHookManager: Shutdown hook called
[2020-12-22 13:49:18,150] {logging_mixin.py:112} INFO - [2020-12-22 13:49:18,150] {batch.py:309} INFO - 2020-12-22 13:49:05,010 INFO util.ShutdownHookManager: Deleting directory /tmp/spark-ae5b784c-2c4d-43d8-aeb2-6995958d2035
[2020-12-22 13:49:18,150] {logging_mixin.py:112} INFO - [2020-12-22 13:49:18,150] {batch.py:309} INFO - 2020-12-22 13:49:05,016 INFO impl.MetricsSystemImpl: Stopping s3a-file-system metrics system...
[2020-12-22 13:49:18,151] {logging_mixin.py:112} INFO - [2020-12-22 13:49:18,150] {batch.py:309} INFO - 2020-12-22 13:49:05,017 INFO impl.MetricsSystemImpl: s3a-file-system metrics system stopped.
[2020-12-22 13:49:18,151] {logging_mixin.py:112} INFO - [2020-12-22 13:49:18,151] {batch.py:309} INFO - 2020-12-22 13:49:05,017 INFO impl.MetricsSystemImpl: s3a-file-system metrics system shutdown complete.
[2020-12-22 13:49:18,151] {logging_mixin.py:112} INFO - [2020-12-22 13:49:18,151] {batch.py:309} INFO - 
stderr: 
[2020-12-22 13:49:18,151] {logging_mixin.py:112} INFO - [2020-12-22 13:49:18,151] {batch.py:309} INFO - 
YARN Diagnostics: 
[2020-12-22 13:49:18,151] {logging_mixin.py:112} INFO - [2020-12-22 13:49:18,151] {batch.py:309} INFO - spark-submit start failed
[2020-12-22 13:49:18,152] {logging_mixin.py:112} INFO - [2020-12-22 13:49:18,152] {batch.py:318} INFO - --------------------------------------------------End of full log for batch 22--------------------------------------------------
[2020-12-22 13:49:18,152] {logging_mixin.py:112} INFO - [2020-12-22 13:49:18,152] {batch.py:335} INFO - Closing batch with id = 22
[2020-12-22 13:49:18,161] {logging_mixin.py:112} INFO - [2020-12-22 13:49:18,161] {base_hook.py:84} INFO - Using connection to: id: livy. Host: http://ec2-3-236-26-7.compute-1.amazonaws.com, Port: 8998, Schema: None, Login: None, Password: None, extra: None
[2020-12-22 13:49:18,162] {logging_mixin.py:112} INFO - [2020-12-22 13:49:18,162] {http_hook.py:136} INFO - Sending 'DELETE' to url: http://ec2-3-236-26-7.compute-1.amazonaws.com:8998/batches/22
[2020-12-22 13:49:18,169] {logging_mixin.py:112} INFO - [2020-12-22 13:49:18,169] {batch.py:340} INFO - Batch 22 has been closed
[2020-12-22 13:49:18,178] {taskinstance.py:1128} ERROR - Batch 22 failed with state 'dead'
Traceback (most recent call last):
  File "/opt/bitnami/python/lib/python3.6/site-packages/airflow/models/taskinstance.py", line 966, in _run_raw_task
    result = task_copy.execute(context=context)
  File "/usr/local/airflow/plugins/airflow_livy/batch.py", line 173, in execute
    ).execute(context)
  File "/opt/bitnami/python/lib/python3.6/site-packages/airflow/sensors/base_sensor_operator.py", line 107, in execute
    while not self.poke(context):
  File "/usr/local/airflow/plugins/airflow_livy/batch.py", line 96, in poke
    raise AirflowException(f"Batch {self.batch_id} failed with state '{state}'")
airflow.exceptions.AirflowException: Batch 22 failed with state 'dead'
[2020-12-22 13:49:18,181] {taskinstance.py:1151} INFO - Marking task as UP_FOR_RETRY
[2020-12-22 13:49:22,758] {logging_mixin.py:112} INFO - [2020-12-22 13:49:22,758] {local_task_job.py:103} INFO - Task exited with return code 1
