[2020-12-22 13:50:21,554] {taskinstance.py:655} INFO - Dependencies all met for <TaskInstance: loan_prediction_train_model.preprocess_data 2020-12-22T12:43:23.210460+00:00 [queued]>
[2020-12-22 13:50:21,576] {taskinstance.py:655} INFO - Dependencies all met for <TaskInstance: loan_prediction_train_model.preprocess_data 2020-12-22T12:43:23.210460+00:00 [queued]>
[2020-12-22 13:50:21,576] {taskinstance.py:866} INFO - 
--------------------------------------------------------------------------------
[2020-12-22 13:50:21,576] {taskinstance.py:867} INFO - Starting attempt 27 of 30
[2020-12-22 13:50:21,576] {taskinstance.py:868} INFO - 
--------------------------------------------------------------------------------
[2020-12-22 13:50:21,591] {taskinstance.py:887} INFO - Executing <Task(LivyBatchOperator): preprocess_data> on 2020-12-22T12:43:23.210460+00:00
[2020-12-22 13:50:21,596] {standard_task_runner.py:53} INFO - Started process 48246 to run task
[2020-12-22 13:50:21,673] {logging_mixin.py:112} INFO - Running %s on host %s <TaskInstance: loan_prediction_train_model.preprocess_data 2020-12-22T12:43:23.210460+00:00 [running]> dcb43f18a24b
[2020-12-22 13:50:21,699] {logging_mixin.py:112} INFO - [2020-12-22 13:50:21,699] {batch.py:214} INFO - Submitting the batch to Livy... Payload:
{
  "file": "s3a://alanchn31-loan-default-prediction/dist/main.py",
  "args": [
    "--job",
    "preprocess_data",
    "--phase",
    "train",
    "--mode",
    "aws",
    "--awsKey",
    "AKIAUW4FKHTMR2UR3INH",
    "--awsSecretKey",
    "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",
    "--s3Bucket",
    "alanchn31-loan-default-prediction"
  ],
  "pyFiles": [
    "s3a://alanchn31-loan-default-prediction/dist/src.zip"
  ],
  "name": "preprocess_data_scheduled__2020-12-22T12:43:23.210460+00:00"
}
[2020-12-22 13:50:21,710] {logging_mixin.py:112} INFO - [2020-12-22 13:50:21,708] {base_hook.py:84} INFO - Using connection to: id: livy. Host: http://ec2-3-236-26-7.compute-1.amazonaws.com, Port: 8998, Schema: None, Login: None, Password: None, extra: None
[2020-12-22 13:50:21,713] {logging_mixin.py:112} INFO - [2020-12-22 13:50:21,712] {http_hook.py:136} INFO - Sending 'POST' to url: http://ec2-3-236-26-7.compute-1.amazonaws.com:8998/batches
[2020-12-22 13:50:21,738] {logging_mixin.py:112} INFO - [2020-12-22 13:50:21,738] {batch.py:166} INFO - Batch successfully submitted with id = 23.
[2020-12-22 13:50:21,739] {logging_mixin.py:112} INFO - [2020-12-22 13:50:21,739] {batch.py:80} INFO - Getting batch 23 status...
[2020-12-22 13:50:21,748] {logging_mixin.py:112} INFO - [2020-12-22 13:50:21,748] {base_hook.py:84} INFO - Using connection to: id: livy. Host: http://ec2-3-236-26-7.compute-1.amazonaws.com, Port: 8998, Schema: None, Login: None, Password: None, extra: None
[2020-12-22 13:50:21,750] {logging_mixin.py:112} INFO - [2020-12-22 13:50:21,750] {http_hook.py:136} INFO - Sending 'GET' to url: http://ec2-3-236-26-7.compute-1.amazonaws.com:8998/batches/23
[2020-12-22 13:50:21,758] {logging_mixin.py:112} INFO - [2020-12-22 13:50:21,758] {batch.py:90} INFO - Batch 23 has not finished yet (state is 'starting')
[2020-12-22 13:50:41,778] {logging_mixin.py:112} INFO - [2020-12-22 13:50:41,778] {batch.py:80} INFO - Getting batch 23 status...
[2020-12-22 13:50:41,786] {logging_mixin.py:112} INFO - [2020-12-22 13:50:41,785] {base_hook.py:84} INFO - Using connection to: id: livy. Host: http://ec2-3-236-26-7.compute-1.amazonaws.com, Port: 8998, Schema: None, Login: None, Password: None, extra: None
[2020-12-22 13:50:41,788] {logging_mixin.py:112} INFO - [2020-12-22 13:50:41,788] {http_hook.py:136} INFO - Sending 'GET' to url: http://ec2-3-236-26-7.compute-1.amazonaws.com:8998/batches/23
[2020-12-22 13:50:41,800] {logging_mixin.py:112} INFO - [2020-12-22 13:50:41,800] {batch.py:299} INFO - --------------------------------------------------Full log for batch 23--------------------------------------------------
[2020-12-22 13:50:41,811] {logging_mixin.py:112} INFO - [2020-12-22 13:50:41,810] {base_hook.py:84} INFO - Using connection to: id: livy. Host: http://ec2-3-236-26-7.compute-1.amazonaws.com, Port: 8998, Schema: None, Login: None, Password: None, extra: None
[2020-12-22 13:50:41,814] {logging_mixin.py:112} INFO - [2020-12-22 13:50:41,814] {http_hook.py:136} INFO - Sending 'GET' to url: http://ec2-3-236-26-7.compute-1.amazonaws.com:8998/batches/23/log?from=0&size=100
[2020-12-22 13:50:41,828] {logging_mixin.py:112} INFO - [2020-12-22 13:50:41,828] {batch.py:309} INFO - stdout: 
[2020-12-22 13:50:41,829] {logging_mixin.py:112} INFO - [2020-12-22 13:50:41,828] {batch.py:309} INFO - 2020-12-22 13:50:23,480 WARN util.NativeCodeLoader: Unable to load native-hadoop library for your platform... using builtin-java classes where applicable
[2020-12-22 13:50:41,829] {logging_mixin.py:112} INFO - [2020-12-22 13:50:41,829] {batch.py:309} INFO - Traceback (most recent call last):
[2020-12-22 13:50:41,829] {logging_mixin.py:112} INFO - [2020-12-22 13:50:41,829] {batch.py:309} INFO -   File "/tmp/spark-47be2266-4599-4696-a8b8-2edac0166085/main.py", line 74, in <module>
[2020-12-22 13:50:41,830] {logging_mixin.py:112} INFO - [2020-12-22 13:50:41,829] {batch.py:309} INFO -     main()
[2020-12-22 13:50:41,830] {logging_mixin.py:112} INFO - [2020-12-22 13:50:41,830] {batch.py:309} INFO -   File "/tmp/spark-47be2266-4599-4696-a8b8-2edac0166085/main.py", line 55, in main
[2020-12-22 13:50:41,830] {logging_mixin.py:112} INFO - [2020-12-22 13:50:41,830] {batch.py:309} INFO -     with open("src/config.json", "r") as config_file:
[2020-12-22 13:50:41,830] {logging_mixin.py:112} INFO - [2020-12-22 13:50:41,830] {batch.py:309} INFO - FileNotFoundError: [Errno 2] No such file or directory: 'src/config.json'
[2020-12-22 13:50:41,830] {logging_mixin.py:112} INFO - [2020-12-22 13:50:41,830] {batch.py:309} INFO - 2020-12-22 13:50:27,702 INFO util.ShutdownHookManager: Shutdown hook called
[2020-12-22 13:50:41,830] {logging_mixin.py:112} INFO - [2020-12-22 13:50:41,830] {batch.py:309} INFO - 2020-12-22 13:50:27,703 INFO util.ShutdownHookManager: Deleting directory /tmp/spark-47be2266-4599-4696-a8b8-2edac0166085
[2020-12-22 13:50:41,831] {logging_mixin.py:112} INFO - [2020-12-22 13:50:41,830] {batch.py:309} INFO - 2020-12-22 13:50:27,714 INFO impl.MetricsSystemImpl: Stopping s3a-file-system metrics system...
[2020-12-22 13:50:41,831] {logging_mixin.py:112} INFO - [2020-12-22 13:50:41,831] {batch.py:309} INFO - 2020-12-22 13:50:27,715 INFO impl.MetricsSystemImpl: s3a-file-system metrics system stopped.
[2020-12-22 13:50:41,831] {logging_mixin.py:112} INFO - [2020-12-22 13:50:41,831] {batch.py:309} INFO - 2020-12-22 13:50:27,715 INFO impl.MetricsSystemImpl: s3a-file-system metrics system shutdown complete.
[2020-12-22 13:50:41,831] {logging_mixin.py:112} INFO - [2020-12-22 13:50:41,831] {batch.py:309} INFO - 
stderr: 
[2020-12-22 13:50:41,831] {logging_mixin.py:112} INFO - [2020-12-22 13:50:41,831] {batch.py:309} INFO - 
YARN Diagnostics: 
[2020-12-22 13:50:41,831] {logging_mixin.py:112} INFO - [2020-12-22 13:50:41,831] {batch.py:309} INFO - spark-submit start failed
[2020-12-22 13:50:41,832] {logging_mixin.py:112} INFO - [2020-12-22 13:50:41,832] {batch.py:318} INFO - --------------------------------------------------End of full log for batch 23--------------------------------------------------
[2020-12-22 13:50:41,832] {logging_mixin.py:112} INFO - [2020-12-22 13:50:41,832] {batch.py:335} INFO - Closing batch with id = 23
[2020-12-22 13:50:41,846] {logging_mixin.py:112} INFO - [2020-12-22 13:50:41,846] {base_hook.py:84} INFO - Using connection to: id: livy. Host: http://ec2-3-236-26-7.compute-1.amazonaws.com, Port: 8998, Schema: None, Login: None, Password: None, extra: None
[2020-12-22 13:50:41,848] {logging_mixin.py:112} INFO - [2020-12-22 13:50:41,848] {http_hook.py:136} INFO - Sending 'DELETE' to url: http://ec2-3-236-26-7.compute-1.amazonaws.com:8998/batches/23
[2020-12-22 13:50:41,854] {logging_mixin.py:112} INFO - [2020-12-22 13:50:41,854] {batch.py:340} INFO - Batch 23 has been closed
[2020-12-22 13:50:41,863] {taskinstance.py:1128} ERROR - Batch 23 failed with state 'dead'
Traceback (most recent call last):
  File "/opt/bitnami/python/lib/python3.6/site-packages/airflow/models/taskinstance.py", line 966, in _run_raw_task
    result = task_copy.execute(context=context)
  File "/usr/local/airflow/plugins/airflow_livy/batch.py", line 173, in execute
    ).execute(context)
  File "/opt/bitnami/python/lib/python3.6/site-packages/airflow/sensors/base_sensor_operator.py", line 107, in execute
    while not self.poke(context):
  File "/usr/local/airflow/plugins/airflow_livy/batch.py", line 96, in poke
    raise AirflowException(f"Batch {self.batch_id} failed with state '{state}'")
airflow.exceptions.AirflowException: Batch 23 failed with state 'dead'
[2020-12-22 13:50:41,864] {taskinstance.py:1151} INFO - Marking task as UP_FOR_RETRY
[2020-12-22 13:50:46,582] {logging_mixin.py:112} INFO - [2020-12-22 13:50:46,581] {local_task_job.py:103} INFO - Task exited with return code 1
