[2020-12-22 13:51:45,644] {taskinstance.py:655} INFO - Dependencies all met for <TaskInstance: loan_prediction_train_model.preprocess_data 2020-12-22T12:43:23.210460+00:00 [queued]>
[2020-12-22 13:51:45,667] {taskinstance.py:655} INFO - Dependencies all met for <TaskInstance: loan_prediction_train_model.preprocess_data 2020-12-22T12:43:23.210460+00:00 [queued]>
[2020-12-22 13:51:45,669] {taskinstance.py:866} INFO - 
--------------------------------------------------------------------------------
[2020-12-22 13:51:45,669] {taskinstance.py:867} INFO - Starting attempt 28 of 30
[2020-12-22 13:51:45,669] {taskinstance.py:868} INFO - 
--------------------------------------------------------------------------------
[2020-12-22 13:51:45,687] {taskinstance.py:887} INFO - Executing <Task(LivyBatchOperator): preprocess_data> on 2020-12-22T12:43:23.210460+00:00
[2020-12-22 13:51:45,691] {standard_task_runner.py:53} INFO - Started process 49108 to run task
[2020-12-22 13:51:45,760] {logging_mixin.py:112} INFO - Running %s on host %s <TaskInstance: loan_prediction_train_model.preprocess_data 2020-12-22T12:43:23.210460+00:00 [running]> dcb43f18a24b
[2020-12-22 13:51:45,783] {logging_mixin.py:112} INFO - [2020-12-22 13:51:45,783] {batch.py:214} INFO - Submitting the batch to Livy... Payload:
{
  "file": "s3a://alanchn31-loan-default-prediction/dist/main.py",
  "args": [
    "--job",
    "preprocess_data",
    "--phase",
    "train",
    "--mode",
    "aws",
    "--awsKey",
    "AKIAUW4FKHTMR2UR3INH",
    "--awsSecretKey",
    "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",
    "--s3Bucket",
    "alanchn31-loan-default-prediction"
  ],
  "pyFiles": [
    "s3a://alanchn31-loan-default-prediction/dist/src.zip"
  ],
  "name": "preprocess_data_scheduled__2020-12-22T12:43:23.210460+00:00"
}
[2020-12-22 13:51:45,792] {logging_mixin.py:112} INFO - [2020-12-22 13:51:45,791] {base_hook.py:84} INFO - Using connection to: id: livy. Host: http://ec2-3-236-26-7.compute-1.amazonaws.com, Port: 8998, Schema: None, Login: None, Password: None, extra: None
[2020-12-22 13:51:45,794] {logging_mixin.py:112} INFO - [2020-12-22 13:51:45,794] {http_hook.py:136} INFO - Sending 'POST' to url: http://ec2-3-236-26-7.compute-1.amazonaws.com:8998/batches
[2020-12-22 13:51:45,811] {logging_mixin.py:112} INFO - [2020-12-22 13:51:45,811] {batch.py:166} INFO - Batch successfully submitted with id = 24.
[2020-12-22 13:51:45,812] {logging_mixin.py:112} INFO - [2020-12-22 13:51:45,812] {batch.py:80} INFO - Getting batch 24 status...
[2020-12-22 13:51:45,825] {logging_mixin.py:112} INFO - [2020-12-22 13:51:45,824] {base_hook.py:84} INFO - Using connection to: id: livy. Host: http://ec2-3-236-26-7.compute-1.amazonaws.com, Port: 8998, Schema: None, Login: None, Password: None, extra: None
[2020-12-22 13:51:45,825] {logging_mixin.py:112} INFO - [2020-12-22 13:51:45,825] {http_hook.py:136} INFO - Sending 'GET' to url: http://ec2-3-236-26-7.compute-1.amazonaws.com:8998/batches/24
[2020-12-22 13:51:45,841] {logging_mixin.py:112} INFO - [2020-12-22 13:51:45,840] {batch.py:90} INFO - Batch 24 has not finished yet (state is 'starting')
[2020-12-22 13:52:05,862] {logging_mixin.py:112} INFO - [2020-12-22 13:52:05,862] {batch.py:80} INFO - Getting batch 24 status...
[2020-12-22 13:52:05,875] {logging_mixin.py:112} INFO - [2020-12-22 13:52:05,875] {base_hook.py:84} INFO - Using connection to: id: livy. Host: http://ec2-3-236-26-7.compute-1.amazonaws.com, Port: 8998, Schema: None, Login: None, Password: None, extra: None
[2020-12-22 13:52:05,876] {logging_mixin.py:112} INFO - [2020-12-22 13:52:05,876] {http_hook.py:136} INFO - Sending 'GET' to url: http://ec2-3-236-26-7.compute-1.amazonaws.com:8998/batches/24
[2020-12-22 13:52:05,885] {logging_mixin.py:112} INFO - [2020-12-22 13:52:05,885] {batch.py:299} INFO - --------------------------------------------------Full log for batch 24--------------------------------------------------
[2020-12-22 13:52:05,905] {logging_mixin.py:112} INFO - [2020-12-22 13:52:05,905] {base_hook.py:84} INFO - Using connection to: id: livy. Host: http://ec2-3-236-26-7.compute-1.amazonaws.com, Port: 8998, Schema: None, Login: None, Password: None, extra: None
[2020-12-22 13:52:05,906] {logging_mixin.py:112} INFO - [2020-12-22 13:52:05,906] {http_hook.py:136} INFO - Sending 'GET' to url: http://ec2-3-236-26-7.compute-1.amazonaws.com:8998/batches/24/log?from=0&size=100
[2020-12-22 13:52:05,934] {logging_mixin.py:112} INFO - [2020-12-22 13:52:05,934] {batch.py:309} INFO - stdout: 
[2020-12-22 13:52:05,934] {logging_mixin.py:112} INFO - [2020-12-22 13:52:05,934] {batch.py:309} INFO - 2020-12-22 13:51:47,567 WARN util.NativeCodeLoader: Unable to load native-hadoop library for your platform... using builtin-java classes where applicable
[2020-12-22 13:52:05,934] {logging_mixin.py:112} INFO - [2020-12-22 13:52:05,934] {batch.py:309} INFO - Traceback (most recent call last):
[2020-12-22 13:52:05,934] {logging_mixin.py:112} INFO - [2020-12-22 13:52:05,934] {batch.py:309} INFO -   File "/tmp/spark-65554d81-4e3c-4af2-a230-03d25c9f8b55/main.py", line 74, in <module>
[2020-12-22 13:52:05,935] {logging_mixin.py:112} INFO - [2020-12-22 13:52:05,934] {batch.py:309} INFO -     main()
[2020-12-22 13:52:05,935] {logging_mixin.py:112} INFO - [2020-12-22 13:52:05,935] {batch.py:309} INFO -   File "/tmp/spark-65554d81-4e3c-4af2-a230-03d25c9f8b55/main.py", line 55, in main
[2020-12-22 13:52:05,935] {logging_mixin.py:112} INFO - [2020-12-22 13:52:05,935] {batch.py:309} INFO -     with open("src/config.json", "r") as config_file:
[2020-12-22 13:52:05,935] {logging_mixin.py:112} INFO - [2020-12-22 13:52:05,935] {batch.py:309} INFO - FileNotFoundError: [Errno 2] No such file or directory: 'src/config.json'
[2020-12-22 13:52:05,935] {logging_mixin.py:112} INFO - [2020-12-22 13:52:05,935] {batch.py:309} INFO - 2020-12-22 13:51:50,595 INFO util.ShutdownHookManager: Shutdown hook called
[2020-12-22 13:52:05,935] {logging_mixin.py:112} INFO - [2020-12-22 13:52:05,935] {batch.py:309} INFO - 2020-12-22 13:51:50,596 INFO util.ShutdownHookManager: Deleting directory /tmp/spark-65554d81-4e3c-4af2-a230-03d25c9f8b55
[2020-12-22 13:52:05,936] {logging_mixin.py:112} INFO - [2020-12-22 13:52:05,936] {batch.py:309} INFO - 2020-12-22 13:51:50,603 INFO impl.MetricsSystemImpl: Stopping s3a-file-system metrics system...
[2020-12-22 13:52:05,936] {logging_mixin.py:112} INFO - [2020-12-22 13:52:05,936] {batch.py:309} INFO - 2020-12-22 13:51:50,603 INFO impl.MetricsSystemImpl: s3a-file-system metrics system stopped.
[2020-12-22 13:52:05,936] {logging_mixin.py:112} INFO - [2020-12-22 13:52:05,936] {batch.py:309} INFO - 2020-12-22 13:51:50,603 INFO impl.MetricsSystemImpl: s3a-file-system metrics system shutdown complete.
[2020-12-22 13:52:05,936] {logging_mixin.py:112} INFO - [2020-12-22 13:52:05,936] {batch.py:309} INFO - 
stderr: 
[2020-12-22 13:52:05,936] {logging_mixin.py:112} INFO - [2020-12-22 13:52:05,936] {batch.py:309} INFO - 
YARN Diagnostics: 
[2020-12-22 13:52:05,936] {logging_mixin.py:112} INFO - [2020-12-22 13:52:05,936] {batch.py:309} INFO - spark-submit start failed
[2020-12-22 13:52:05,937] {logging_mixin.py:112} INFO - [2020-12-22 13:52:05,937] {batch.py:318} INFO - --------------------------------------------------End of full log for batch 24--------------------------------------------------
[2020-12-22 13:52:05,937] {logging_mixin.py:112} INFO - [2020-12-22 13:52:05,937] {batch.py:335} INFO - Closing batch with id = 24
[2020-12-22 13:52:05,950] {logging_mixin.py:112} INFO - [2020-12-22 13:52:05,949] {base_hook.py:84} INFO - Using connection to: id: livy. Host: http://ec2-3-236-26-7.compute-1.amazonaws.com, Port: 8998, Schema: None, Login: None, Password: None, extra: None
[2020-12-22 13:52:05,950] {logging_mixin.py:112} INFO - [2020-12-22 13:52:05,950] {http_hook.py:136} INFO - Sending 'DELETE' to url: http://ec2-3-236-26-7.compute-1.amazonaws.com:8998/batches/24
[2020-12-22 13:52:05,971] {logging_mixin.py:112} INFO - [2020-12-22 13:52:05,971] {batch.py:340} INFO - Batch 24 has been closed
[2020-12-22 13:52:06,000] {taskinstance.py:1128} ERROR - Batch 24 failed with state 'dead'
Traceback (most recent call last):
  File "/opt/bitnami/python/lib/python3.6/site-packages/airflow/models/taskinstance.py", line 966, in _run_raw_task
    result = task_copy.execute(context=context)
  File "/usr/local/airflow/plugins/airflow_livy/batch.py", line 173, in execute
    ).execute(context)
  File "/opt/bitnami/python/lib/python3.6/site-packages/airflow/sensors/base_sensor_operator.py", line 107, in execute
    while not self.poke(context):
  File "/usr/local/airflow/plugins/airflow_livy/batch.py", line 96, in poke
    raise AirflowException(f"Batch {self.batch_id} failed with state '{state}'")
airflow.exceptions.AirflowException: Batch 24 failed with state 'dead'
[2020-12-22 13:52:06,031] {taskinstance.py:1151} INFO - Marking task as UP_FOR_RETRY
[2020-12-22 13:52:10,694] {logging_mixin.py:112} INFO - [2020-12-22 13:52:10,694] {local_task_job.py:103} INFO - Task exited with return code 1
