[2020-12-22 13:53:09,653] {taskinstance.py:655} INFO - Dependencies all met for <TaskInstance: loan_prediction_train_model.preprocess_data 2020-12-22T12:43:23.210460+00:00 [queued]>
[2020-12-22 13:53:09,666] {taskinstance.py:655} INFO - Dependencies all met for <TaskInstance: loan_prediction_train_model.preprocess_data 2020-12-22T12:43:23.210460+00:00 [queued]>
[2020-12-22 13:53:09,666] {taskinstance.py:866} INFO - 
--------------------------------------------------------------------------------
[2020-12-22 13:53:09,667] {taskinstance.py:867} INFO - Starting attempt 29 of 30
[2020-12-22 13:53:09,667] {taskinstance.py:868} INFO - 
--------------------------------------------------------------------------------
[2020-12-22 13:53:09,680] {taskinstance.py:887} INFO - Executing <Task(LivyBatchOperator): preprocess_data> on 2020-12-22T12:43:23.210460+00:00
[2020-12-22 13:53:09,685] {standard_task_runner.py:53} INFO - Started process 49970 to run task
[2020-12-22 13:53:09,743] {logging_mixin.py:112} INFO - Running %s on host %s <TaskInstance: loan_prediction_train_model.preprocess_data 2020-12-22T12:43:23.210460+00:00 [running]> dcb43f18a24b
[2020-12-22 13:53:09,768] {logging_mixin.py:112} INFO - [2020-12-22 13:53:09,767] {batch.py:214} INFO - Submitting the batch to Livy... Payload:
{
  "file": "s3a://alanchn31-loan-default-prediction/dist/main.py",
  "args": [
    "--job",
    "preprocess_data",
    "--phase",
    "train",
    "--mode",
    "aws",
    "--awsKey",
    "AKIAUW4FKHTMR2UR3INH",
    "--awsSecretKey",
    "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",
    "--s3Bucket",
    "alanchn31-loan-default-prediction"
  ],
  "pyFiles": [
    "s3a://alanchn31-loan-default-prediction/dist/src.zip"
  ],
  "name": "preprocess_data_scheduled__2020-12-22T12:43:23.210460+00:00"
}
[2020-12-22 13:53:09,777] {logging_mixin.py:112} INFO - [2020-12-22 13:53:09,776] {base_hook.py:84} INFO - Using connection to: id: livy. Host: http://ec2-3-236-26-7.compute-1.amazonaws.com, Port: 8998, Schema: None, Login: None, Password: None, extra: None
[2020-12-22 13:53:09,780] {logging_mixin.py:112} INFO - [2020-12-22 13:53:09,780] {http_hook.py:136} INFO - Sending 'POST' to url: http://ec2-3-236-26-7.compute-1.amazonaws.com:8998/batches
[2020-12-22 13:53:09,803] {logging_mixin.py:112} INFO - [2020-12-22 13:53:09,802] {batch.py:166} INFO - Batch successfully submitted with id = 25.
[2020-12-22 13:53:09,805] {logging_mixin.py:112} INFO - [2020-12-22 13:53:09,805] {batch.py:80} INFO - Getting batch 25 status...
[2020-12-22 13:53:09,813] {logging_mixin.py:112} INFO - [2020-12-22 13:53:09,812] {base_hook.py:84} INFO - Using connection to: id: livy. Host: http://ec2-3-236-26-7.compute-1.amazonaws.com, Port: 8998, Schema: None, Login: None, Password: None, extra: None
[2020-12-22 13:53:09,816] {logging_mixin.py:112} INFO - [2020-12-22 13:53:09,816] {http_hook.py:136} INFO - Sending 'GET' to url: http://ec2-3-236-26-7.compute-1.amazonaws.com:8998/batches/25
[2020-12-22 13:53:09,825] {logging_mixin.py:112} INFO - [2020-12-22 13:53:09,825] {batch.py:90} INFO - Batch 25 has not finished yet (state is 'starting')
[2020-12-22 13:53:29,847] {logging_mixin.py:112} INFO - [2020-12-22 13:53:29,847] {batch.py:80} INFO - Getting batch 25 status...
[2020-12-22 13:53:29,854] {logging_mixin.py:112} INFO - [2020-12-22 13:53:29,854] {base_hook.py:84} INFO - Using connection to: id: livy. Host: http://ec2-3-236-26-7.compute-1.amazonaws.com, Port: 8998, Schema: None, Login: None, Password: None, extra: None
[2020-12-22 13:53:29,857] {logging_mixin.py:112} INFO - [2020-12-22 13:53:29,857] {http_hook.py:136} INFO - Sending 'GET' to url: http://ec2-3-236-26-7.compute-1.amazonaws.com:8998/batches/25
[2020-12-22 13:53:29,866] {logging_mixin.py:112} INFO - [2020-12-22 13:53:29,866] {batch.py:299} INFO - --------------------------------------------------Full log for batch 25--------------------------------------------------
[2020-12-22 13:53:29,877] {logging_mixin.py:112} INFO - [2020-12-22 13:53:29,877] {base_hook.py:84} INFO - Using connection to: id: livy. Host: http://ec2-3-236-26-7.compute-1.amazonaws.com, Port: 8998, Schema: None, Login: None, Password: None, extra: None
[2020-12-22 13:53:29,879] {logging_mixin.py:112} INFO - [2020-12-22 13:53:29,879] {http_hook.py:136} INFO - Sending 'GET' to url: http://ec2-3-236-26-7.compute-1.amazonaws.com:8998/batches/25/log?from=0&size=100
[2020-12-22 13:53:29,890] {logging_mixin.py:112} INFO - [2020-12-22 13:53:29,890] {batch.py:309} INFO - stdout: 
[2020-12-22 13:53:29,891] {logging_mixin.py:112} INFO - [2020-12-22 13:53:29,891] {batch.py:309} INFO - 2020-12-22 13:53:11,575 WARN util.NativeCodeLoader: Unable to load native-hadoop library for your platform... using builtin-java classes where applicable
[2020-12-22 13:53:29,892] {logging_mixin.py:112} INFO - [2020-12-22 13:53:29,892] {batch.py:309} INFO - Traceback (most recent call last):
[2020-12-22 13:53:29,892] {logging_mixin.py:112} INFO - [2020-12-22 13:53:29,892] {batch.py:309} INFO -   File "/tmp/spark-8ced790a-0b6a-41a7-a259-e974e5571087/main.py", line 74, in <module>
[2020-12-22 13:53:29,892] {logging_mixin.py:112} INFO - [2020-12-22 13:53:29,892] {batch.py:309} INFO -     main()
[2020-12-22 13:53:29,892] {logging_mixin.py:112} INFO - [2020-12-22 13:53:29,892] {batch.py:309} INFO -   File "/tmp/spark-8ced790a-0b6a-41a7-a259-e974e5571087/main.py", line 55, in main
[2020-12-22 13:53:29,892] {logging_mixin.py:112} INFO - [2020-12-22 13:53:29,892] {batch.py:309} INFO -     with open("src/config.json", "r") as config_file:
[2020-12-22 13:53:29,892] {logging_mixin.py:112} INFO - [2020-12-22 13:53:29,892] {batch.py:309} INFO - FileNotFoundError: [Errno 2] No such file or directory: 'src/config.json'
[2020-12-22 13:53:29,893] {logging_mixin.py:112} INFO - [2020-12-22 13:53:29,892] {batch.py:309} INFO - 2020-12-22 13:53:14,940 INFO util.ShutdownHookManager: Shutdown hook called
[2020-12-22 13:53:29,893] {logging_mixin.py:112} INFO - [2020-12-22 13:53:29,893] {batch.py:309} INFO - 2020-12-22 13:53:14,941 INFO util.ShutdownHookManager: Deleting directory /tmp/spark-8ced790a-0b6a-41a7-a259-e974e5571087
[2020-12-22 13:53:29,893] {logging_mixin.py:112} INFO - [2020-12-22 13:53:29,893] {batch.py:309} INFO - 2020-12-22 13:53:14,951 INFO impl.MetricsSystemImpl: Stopping s3a-file-system metrics system...
[2020-12-22 13:53:29,893] {logging_mixin.py:112} INFO - [2020-12-22 13:53:29,893] {batch.py:309} INFO - 2020-12-22 13:53:14,951 INFO impl.MetricsSystemImpl: s3a-file-system metrics system stopped.
[2020-12-22 13:53:29,893] {logging_mixin.py:112} INFO - [2020-12-22 13:53:29,893] {batch.py:309} INFO - 2020-12-22 13:53:14,951 INFO impl.MetricsSystemImpl: s3a-file-system metrics system shutdown complete.
[2020-12-22 13:53:29,894] {logging_mixin.py:112} INFO - [2020-12-22 13:53:29,893] {batch.py:309} INFO - 
stderr: 
[2020-12-22 13:53:29,894] {logging_mixin.py:112} INFO - [2020-12-22 13:53:29,894] {batch.py:309} INFO - 
YARN Diagnostics: 
[2020-12-22 13:53:29,894] {logging_mixin.py:112} INFO - [2020-12-22 13:53:29,894] {batch.py:309} INFO - spark-submit start failed
[2020-12-22 13:53:29,894] {logging_mixin.py:112} INFO - [2020-12-22 13:53:29,894] {batch.py:318} INFO - --------------------------------------------------End of full log for batch 25--------------------------------------------------
[2020-12-22 13:53:29,894] {logging_mixin.py:112} INFO - [2020-12-22 13:53:29,894] {batch.py:335} INFO - Closing batch with id = 25
[2020-12-22 13:53:29,903] {logging_mixin.py:112} INFO - [2020-12-22 13:53:29,903] {base_hook.py:84} INFO - Using connection to: id: livy. Host: http://ec2-3-236-26-7.compute-1.amazonaws.com, Port: 8998, Schema: None, Login: None, Password: None, extra: None
[2020-12-22 13:53:29,904] {logging_mixin.py:112} INFO - [2020-12-22 13:53:29,904] {http_hook.py:136} INFO - Sending 'DELETE' to url: http://ec2-3-236-26-7.compute-1.amazonaws.com:8998/batches/25
[2020-12-22 13:53:29,912] {logging_mixin.py:112} INFO - [2020-12-22 13:53:29,911] {batch.py:340} INFO - Batch 25 has been closed
[2020-12-22 13:53:29,920] {taskinstance.py:1128} ERROR - Batch 25 failed with state 'dead'
Traceback (most recent call last):
  File "/opt/bitnami/python/lib/python3.6/site-packages/airflow/models/taskinstance.py", line 966, in _run_raw_task
    result = task_copy.execute(context=context)
  File "/usr/local/airflow/plugins/airflow_livy/batch.py", line 173, in execute
    ).execute(context)
  File "/opt/bitnami/python/lib/python3.6/site-packages/airflow/sensors/base_sensor_operator.py", line 107, in execute
    while not self.poke(context):
  File "/usr/local/airflow/plugins/airflow_livy/batch.py", line 96, in poke
    raise AirflowException(f"Batch {self.batch_id} failed with state '{state}'")
airflow.exceptions.AirflowException: Batch 25 failed with state 'dead'
[2020-12-22 13:53:29,922] {taskinstance.py:1151} INFO - Marking task as UP_FOR_RETRY
[2020-12-22 13:53:34,699] {logging_mixin.py:112} INFO - [2020-12-22 13:53:34,699] {local_task_job.py:103} INFO - Task exited with return code 1
