[2020-12-22 13:54:34,192] {taskinstance.py:655} INFO - Dependencies all met for <TaskInstance: loan_prediction_train_model.preprocess_data 2020-12-22T12:43:23.210460+00:00 [queued]>
[2020-12-22 13:54:34,209] {taskinstance.py:655} INFO - Dependencies all met for <TaskInstance: loan_prediction_train_model.preprocess_data 2020-12-22T12:43:23.210460+00:00 [queued]>
[2020-12-22 13:54:34,211] {taskinstance.py:866} INFO - 
--------------------------------------------------------------------------------
[2020-12-22 13:54:34,211] {taskinstance.py:867} INFO - Starting attempt 30 of 30
[2020-12-22 13:54:34,211] {taskinstance.py:868} INFO - 
--------------------------------------------------------------------------------
[2020-12-22 13:54:34,223] {taskinstance.py:887} INFO - Executing <Task(LivyBatchOperator): preprocess_data> on 2020-12-22T12:43:23.210460+00:00
[2020-12-22 13:54:34,226] {standard_task_runner.py:53} INFO - Started process 50834 to run task
[2020-12-22 13:54:34,292] {logging_mixin.py:112} INFO - Running %s on host %s <TaskInstance: loan_prediction_train_model.preprocess_data 2020-12-22T12:43:23.210460+00:00 [running]> dcb43f18a24b
[2020-12-22 13:54:34,316] {logging_mixin.py:112} INFO - [2020-12-22 13:54:34,316] {batch.py:214} INFO - Submitting the batch to Livy... Payload:
{
  "file": "s3a://alanchn31-loan-default-prediction/dist/main.py",
  "args": [
    "--job",
    "preprocess_data",
    "--phase",
    "train",
    "--mode",
    "aws",
    "--awsKey",
    "AKIAUW4FKHTMR2UR3INH",
    "--awsSecretKey",
    "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",
    "--s3Bucket",
    "alanchn31-loan-default-prediction"
  ],
  "pyFiles": [
    "s3a://alanchn31-loan-default-prediction/dist/src.zip"
  ],
  "name": "preprocess_data_scheduled__2020-12-22T12:43:23.210460+00:00"
}
[2020-12-22 13:54:34,325] {logging_mixin.py:112} INFO - [2020-12-22 13:54:34,324] {base_hook.py:84} INFO - Using connection to: id: livy. Host: http://ec2-3-236-26-7.compute-1.amazonaws.com, Port: 8998, Schema: None, Login: None, Password: None, extra: None
[2020-12-22 13:54:34,328] {logging_mixin.py:112} INFO - [2020-12-22 13:54:34,328] {http_hook.py:136} INFO - Sending 'POST' to url: http://ec2-3-236-26-7.compute-1.amazonaws.com:8998/batches
[2020-12-22 13:54:34,346] {logging_mixin.py:112} INFO - [2020-12-22 13:54:34,346] {batch.py:166} INFO - Batch successfully submitted with id = 26.
[2020-12-22 13:54:34,348] {logging_mixin.py:112} INFO - [2020-12-22 13:54:34,348] {batch.py:80} INFO - Getting batch 26 status...
[2020-12-22 13:54:34,358] {logging_mixin.py:112} INFO - [2020-12-22 13:54:34,358] {base_hook.py:84} INFO - Using connection to: id: livy. Host: http://ec2-3-236-26-7.compute-1.amazonaws.com, Port: 8998, Schema: None, Login: None, Password: None, extra: None
[2020-12-22 13:54:34,360] {logging_mixin.py:112} INFO - [2020-12-22 13:54:34,360] {http_hook.py:136} INFO - Sending 'GET' to url: http://ec2-3-236-26-7.compute-1.amazonaws.com:8998/batches/26
[2020-12-22 13:54:34,366] {logging_mixin.py:112} INFO - [2020-12-22 13:54:34,366] {batch.py:90} INFO - Batch 26 has not finished yet (state is 'starting')
[2020-12-22 13:54:54,387] {logging_mixin.py:112} INFO - [2020-12-22 13:54:54,387] {batch.py:80} INFO - Getting batch 26 status...
[2020-12-22 13:54:54,394] {logging_mixin.py:112} INFO - [2020-12-22 13:54:54,394] {base_hook.py:84} INFO - Using connection to: id: livy. Host: http://ec2-3-236-26-7.compute-1.amazonaws.com, Port: 8998, Schema: None, Login: None, Password: None, extra: None
[2020-12-22 13:54:54,396] {logging_mixin.py:112} INFO - [2020-12-22 13:54:54,395] {http_hook.py:136} INFO - Sending 'GET' to url: http://ec2-3-236-26-7.compute-1.amazonaws.com:8998/batches/26
[2020-12-22 13:54:54,403] {logging_mixin.py:112} INFO - [2020-12-22 13:54:54,403] {batch.py:299} INFO - --------------------------------------------------Full log for batch 26--------------------------------------------------
[2020-12-22 13:54:54,410] {logging_mixin.py:112} INFO - [2020-12-22 13:54:54,410] {base_hook.py:84} INFO - Using connection to: id: livy. Host: http://ec2-3-236-26-7.compute-1.amazonaws.com, Port: 8998, Schema: None, Login: None, Password: None, extra: None
[2020-12-22 13:54:54,411] {logging_mixin.py:112} INFO - [2020-12-22 13:54:54,411] {http_hook.py:136} INFO - Sending 'GET' to url: http://ec2-3-236-26-7.compute-1.amazonaws.com:8998/batches/26/log?from=0&size=100
[2020-12-22 13:54:54,417] {logging_mixin.py:112} INFO - [2020-12-22 13:54:54,417] {batch.py:309} INFO - stdout: 
[2020-12-22 13:54:54,417] {logging_mixin.py:112} INFO - [2020-12-22 13:54:54,417] {batch.py:309} INFO - 2020-12-22 13:54:37,345 WARN util.NativeCodeLoader: Unable to load native-hadoop library for your platform... using builtin-java classes where applicable
[2020-12-22 13:54:54,418] {logging_mixin.py:112} INFO - [2020-12-22 13:54:54,417] {batch.py:309} INFO - Traceback (most recent call last):
[2020-12-22 13:54:54,418] {logging_mixin.py:112} INFO - [2020-12-22 13:54:54,418] {batch.py:309} INFO -   File "/tmp/spark-168ca168-68a4-42e2-8cff-b7fee689b4fb/main.py", line 74, in <module>
[2020-12-22 13:54:54,418] {logging_mixin.py:112} INFO - [2020-12-22 13:54:54,418] {batch.py:309} INFO -     main()
[2020-12-22 13:54:54,418] {logging_mixin.py:112} INFO - [2020-12-22 13:54:54,418] {batch.py:309} INFO -   File "/tmp/spark-168ca168-68a4-42e2-8cff-b7fee689b4fb/main.py", line 55, in main
[2020-12-22 13:54:54,419] {logging_mixin.py:112} INFO - [2020-12-22 13:54:54,419] {batch.py:309} INFO -     with open("src/config.json", "r") as config_file:
[2020-12-22 13:54:54,419] {logging_mixin.py:112} INFO - [2020-12-22 13:54:54,419] {batch.py:309} INFO - FileNotFoundError: [Errno 2] No such file or directory: 'src/config.json'
[2020-12-22 13:54:54,419] {logging_mixin.py:112} INFO - [2020-12-22 13:54:54,419] {batch.py:309} INFO - 2020-12-22 13:54:41,640 INFO util.ShutdownHookManager: Shutdown hook called
[2020-12-22 13:54:54,419] {logging_mixin.py:112} INFO - [2020-12-22 13:54:54,419] {batch.py:309} INFO - 2020-12-22 13:54:41,641 INFO util.ShutdownHookManager: Deleting directory /tmp/spark-168ca168-68a4-42e2-8cff-b7fee689b4fb
[2020-12-22 13:54:54,420] {logging_mixin.py:112} INFO - [2020-12-22 13:54:54,419] {batch.py:309} INFO - 2020-12-22 13:54:41,648 INFO impl.MetricsSystemImpl: Stopping s3a-file-system metrics system...
[2020-12-22 13:54:54,421] {logging_mixin.py:112} INFO - [2020-12-22 13:54:54,421] {batch.py:309} INFO - 2020-12-22 13:54:41,651 INFO impl.MetricsSystemImpl: s3a-file-system metrics system stopped.
[2020-12-22 13:54:54,421] {logging_mixin.py:112} INFO - [2020-12-22 13:54:54,421] {batch.py:309} INFO - 2020-12-22 13:54:41,651 INFO impl.MetricsSystemImpl: s3a-file-system metrics system shutdown complete.
[2020-12-22 13:54:54,421] {logging_mixin.py:112} INFO - [2020-12-22 13:54:54,421] {batch.py:309} INFO - 
stderr: 
[2020-12-22 13:54:54,421] {logging_mixin.py:112} INFO - [2020-12-22 13:54:54,421] {batch.py:309} INFO - 
YARN Diagnostics: 
[2020-12-22 13:54:54,422] {logging_mixin.py:112} INFO - [2020-12-22 13:54:54,421] {batch.py:309} INFO - spark-submit start failed
[2020-12-22 13:54:54,422] {logging_mixin.py:112} INFO - [2020-12-22 13:54:54,422] {batch.py:318} INFO - --------------------------------------------------End of full log for batch 26--------------------------------------------------
[2020-12-22 13:54:54,422] {logging_mixin.py:112} INFO - [2020-12-22 13:54:54,422] {batch.py:335} INFO - Closing batch with id = 26
[2020-12-22 13:54:54,429] {logging_mixin.py:112} INFO - [2020-12-22 13:54:54,428] {base_hook.py:84} INFO - Using connection to: id: livy. Host: http://ec2-3-236-26-7.compute-1.amazonaws.com, Port: 8998, Schema: None, Login: None, Password: None, extra: None
[2020-12-22 13:54:54,429] {logging_mixin.py:112} INFO - [2020-12-22 13:54:54,429] {http_hook.py:136} INFO - Sending 'DELETE' to url: http://ec2-3-236-26-7.compute-1.amazonaws.com:8998/batches/26
[2020-12-22 13:54:54,436] {logging_mixin.py:112} INFO - [2020-12-22 13:54:54,435] {batch.py:340} INFO - Batch 26 has been closed
[2020-12-22 13:54:54,443] {taskinstance.py:1128} ERROR - Batch 26 failed with state 'dead'
Traceback (most recent call last):
  File "/opt/bitnami/python/lib/python3.6/site-packages/airflow/models/taskinstance.py", line 966, in _run_raw_task
    result = task_copy.execute(context=context)
  File "/usr/local/airflow/plugins/airflow_livy/batch.py", line 173, in execute
    ).execute(context)
  File "/opt/bitnami/python/lib/python3.6/site-packages/airflow/sensors/base_sensor_operator.py", line 107, in execute
    while not self.poke(context):
  File "/usr/local/airflow/plugins/airflow_livy/batch.py", line 96, in poke
    raise AirflowException(f"Batch {self.batch_id} failed with state '{state}'")
airflow.exceptions.AirflowException: Batch 26 failed with state 'dead'
[2020-12-22 13:54:54,446] {taskinstance.py:1170} INFO - All retries failed; marking task as FAILED.dag_id=loan_prediction_train_model, task_id=preprocess_data, execution_date=20201222T124323, start_date=20201222T135434, end_date=20201222T135454
[2020-12-22 13:54:59,286] {logging_mixin.py:112} INFO - [2020-12-22 13:54:59,286] {local_task_job.py:103} INFO - Task exited with return code 1
