[2020-12-22 13:56:06,223] {taskinstance.py:655} INFO - Dependencies all met for <TaskInstance: loan_prediction_train_model.preprocess_data 2020-12-22T12:43:23.210460+00:00 [queued]>
[2020-12-22 13:56:06,242] {taskinstance.py:655} INFO - Dependencies all met for <TaskInstance: loan_prediction_train_model.preprocess_data 2020-12-22T12:43:23.210460+00:00 [queued]>
[2020-12-22 13:56:06,244] {taskinstance.py:866} INFO - 
--------------------------------------------------------------------------------
[2020-12-22 13:56:06,244] {taskinstance.py:867} INFO - Starting attempt 31 of 36
[2020-12-22 13:56:06,244] {taskinstance.py:868} INFO - 
--------------------------------------------------------------------------------
[2020-12-22 13:56:06,258] {taskinstance.py:887} INFO - Executing <Task(LivyBatchOperator): preprocess_data> on 2020-12-22T12:43:23.210460+00:00
[2020-12-22 13:56:06,263] {standard_task_runner.py:53} INFO - Started process 51778 to run task
[2020-12-22 13:56:06,340] {logging_mixin.py:112} INFO - Running %s on host %s <TaskInstance: loan_prediction_train_model.preprocess_data 2020-12-22T12:43:23.210460+00:00 [running]> dcb43f18a24b
[2020-12-22 13:56:06,369] {logging_mixin.py:112} INFO - [2020-12-22 13:56:06,368] {batch.py:214} INFO - Submitting the batch to Livy... Payload:
{
  "file": "s3a://alanchn31-loan-default-prediction/dist/main.py",
  "args": [
    "--job",
    "preprocess_data",
    "--phase",
    "train",
    "--mode",
    "aws",
    "--awsKey",
    "AKIAUW4FKHTMR2UR3INH",
    "--awsSecretKey",
    "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",
    "--s3Bucket",
    "alanchn31-loan-default-prediction"
  ],
  "pyFiles": [
    "s3a://alanchn31-loan-default-prediction/dist/src.zip"
  ],
  "name": "preprocess_data_scheduled__2020-12-22T12:43:23.210460+00:00"
}
[2020-12-22 13:56:06,387] {logging_mixin.py:112} INFO - [2020-12-22 13:56:06,385] {base_hook.py:84} INFO - Using connection to: id: livy. Host: http://ec2-3-236-26-7.compute-1.amazonaws.com, Port: 8998, Schema: None, Login: None, Password: None, extra: None
[2020-12-22 13:56:06,395] {logging_mixin.py:112} INFO - [2020-12-22 13:56:06,394] {http_hook.py:136} INFO - Sending 'POST' to url: http://ec2-3-236-26-7.compute-1.amazonaws.com:8998/batches
[2020-12-22 13:56:06,453] {logging_mixin.py:112} INFO - [2020-12-22 13:56:06,453] {batch.py:166} INFO - Batch successfully submitted with id = 27.
[2020-12-22 13:56:06,454] {logging_mixin.py:112} INFO - [2020-12-22 13:56:06,454] {batch.py:80} INFO - Getting batch 27 status...
[2020-12-22 13:56:06,465] {logging_mixin.py:112} INFO - [2020-12-22 13:56:06,464] {base_hook.py:84} INFO - Using connection to: id: livy. Host: http://ec2-3-236-26-7.compute-1.amazonaws.com, Port: 8998, Schema: None, Login: None, Password: None, extra: None
[2020-12-22 13:56:06,468] {logging_mixin.py:112} INFO - [2020-12-22 13:56:06,468] {http_hook.py:136} INFO - Sending 'GET' to url: http://ec2-3-236-26-7.compute-1.amazonaws.com:8998/batches/27
[2020-12-22 13:56:06,475] {logging_mixin.py:112} INFO - [2020-12-22 13:56:06,475] {batch.py:90} INFO - Batch 27 has not finished yet (state is 'starting')
[2020-12-22 13:56:26,494] {logging_mixin.py:112} INFO - [2020-12-22 13:56:26,494] {batch.py:80} INFO - Getting batch 27 status...
[2020-12-22 13:56:26,501] {logging_mixin.py:112} INFO - [2020-12-22 13:56:26,501] {base_hook.py:84} INFO - Using connection to: id: livy. Host: http://ec2-3-236-26-7.compute-1.amazonaws.com, Port: 8998, Schema: None, Login: None, Password: None, extra: None
[2020-12-22 13:56:26,503] {logging_mixin.py:112} INFO - [2020-12-22 13:56:26,502] {http_hook.py:136} INFO - Sending 'GET' to url: http://ec2-3-236-26-7.compute-1.amazonaws.com:8998/batches/27
[2020-12-22 13:56:26,510] {logging_mixin.py:112} INFO - [2020-12-22 13:56:26,510] {batch.py:299} INFO - --------------------------------------------------Full log for batch 27--------------------------------------------------
[2020-12-22 13:56:26,518] {logging_mixin.py:112} INFO - [2020-12-22 13:56:26,518] {base_hook.py:84} INFO - Using connection to: id: livy. Host: http://ec2-3-236-26-7.compute-1.amazonaws.com, Port: 8998, Schema: None, Login: None, Password: None, extra: None
[2020-12-22 13:56:26,521] {logging_mixin.py:112} INFO - [2020-12-22 13:56:26,521] {http_hook.py:136} INFO - Sending 'GET' to url: http://ec2-3-236-26-7.compute-1.amazonaws.com:8998/batches/27/log?from=0&size=100
[2020-12-22 13:56:26,527] {logging_mixin.py:112} INFO - [2020-12-22 13:56:26,527] {batch.py:309} INFO - stdout: 
[2020-12-22 13:56:26,527] {logging_mixin.py:112} INFO - [2020-12-22 13:56:26,527] {batch.py:309} INFO - 2020-12-22 13:56:09,467 WARN util.NativeCodeLoader: Unable to load native-hadoop library for your platform... using builtin-java classes where applicable
[2020-12-22 13:56:26,527] {logging_mixin.py:112} INFO - [2020-12-22 13:56:26,527] {batch.py:309} INFO - Traceback (most recent call last):
[2020-12-22 13:56:26,527] {logging_mixin.py:112} INFO - [2020-12-22 13:56:26,527] {batch.py:309} INFO -   File "/tmp/spark-2a987366-40b8-4252-bfca-34ab07059b2f/main.py", line 74, in <module>
[2020-12-22 13:56:26,528] {logging_mixin.py:112} INFO - [2020-12-22 13:56:26,528] {batch.py:309} INFO -     main()
[2020-12-22 13:56:26,528] {logging_mixin.py:112} INFO - [2020-12-22 13:56:26,528] {batch.py:309} INFO -   File "/tmp/spark-2a987366-40b8-4252-bfca-34ab07059b2f/main.py", line 55, in main
[2020-12-22 13:56:26,528] {logging_mixin.py:112} INFO - [2020-12-22 13:56:26,528] {batch.py:309} INFO -     with open("src/config.json", "r") as config_file:
[2020-12-22 13:56:26,528] {logging_mixin.py:112} INFO - [2020-12-22 13:56:26,528] {batch.py:309} INFO - FileNotFoundError: [Errno 2] No such file or directory: 'src/config.json'
[2020-12-22 13:56:26,528] {logging_mixin.py:112} INFO - [2020-12-22 13:56:26,528] {batch.py:309} INFO - 2020-12-22 13:56:13,457 INFO util.ShutdownHookManager: Shutdown hook called
[2020-12-22 13:56:26,528] {logging_mixin.py:112} INFO - [2020-12-22 13:56:26,528] {batch.py:309} INFO - 2020-12-22 13:56:13,458 INFO util.ShutdownHookManager: Deleting directory /tmp/spark-2a987366-40b8-4252-bfca-34ab07059b2f
[2020-12-22 13:56:26,529] {logging_mixin.py:112} INFO - [2020-12-22 13:56:26,529] {batch.py:309} INFO - 2020-12-22 13:56:13,465 INFO impl.MetricsSystemImpl: Stopping s3a-file-system metrics system...
[2020-12-22 13:56:26,529] {logging_mixin.py:112} INFO - [2020-12-22 13:56:26,529] {batch.py:309} INFO - 2020-12-22 13:56:13,465 INFO impl.MetricsSystemImpl: s3a-file-system metrics system stopped.
[2020-12-22 13:56:26,529] {logging_mixin.py:112} INFO - [2020-12-22 13:56:26,529] {batch.py:309} INFO - 2020-12-22 13:56:13,465 INFO impl.MetricsSystemImpl: s3a-file-system metrics system shutdown complete.
[2020-12-22 13:56:26,529] {logging_mixin.py:112} INFO - [2020-12-22 13:56:26,529] {batch.py:309} INFO - 
stderr: 
[2020-12-22 13:56:26,529] {logging_mixin.py:112} INFO - [2020-12-22 13:56:26,529] {batch.py:309} INFO - 
YARN Diagnostics: 
[2020-12-22 13:56:26,529] {logging_mixin.py:112} INFO - [2020-12-22 13:56:26,529] {batch.py:309} INFO - spark-submit start failed
[2020-12-22 13:56:26,530] {logging_mixin.py:112} INFO - [2020-12-22 13:56:26,529] {batch.py:318} INFO - --------------------------------------------------End of full log for batch 27--------------------------------------------------
[2020-12-22 13:56:26,530] {logging_mixin.py:112} INFO - [2020-12-22 13:56:26,530] {batch.py:335} INFO - Closing batch with id = 27
[2020-12-22 13:56:26,536] {logging_mixin.py:112} INFO - [2020-12-22 13:56:26,536] {base_hook.py:84} INFO - Using connection to: id: livy. Host: http://ec2-3-236-26-7.compute-1.amazonaws.com, Port: 8998, Schema: None, Login: None, Password: None, extra: None
[2020-12-22 13:56:26,537] {logging_mixin.py:112} INFO - [2020-12-22 13:56:26,537] {http_hook.py:136} INFO - Sending 'DELETE' to url: http://ec2-3-236-26-7.compute-1.amazonaws.com:8998/batches/27
[2020-12-22 13:56:26,545] {logging_mixin.py:112} INFO - [2020-12-22 13:56:26,545] {batch.py:340} INFO - Batch 27 has been closed
[2020-12-22 13:56:26,554] {taskinstance.py:1128} ERROR - Batch 27 failed with state 'dead'
Traceback (most recent call last):
  File "/opt/bitnami/python/lib/python3.6/site-packages/airflow/models/taskinstance.py", line 966, in _run_raw_task
    result = task_copy.execute(context=context)
  File "/usr/local/airflow/plugins/airflow_livy/batch.py", line 173, in execute
    ).execute(context)
  File "/opt/bitnami/python/lib/python3.6/site-packages/airflow/sensors/base_sensor_operator.py", line 107, in execute
    while not self.poke(context):
  File "/usr/local/airflow/plugins/airflow_livy/batch.py", line 96, in poke
    raise AirflowException(f"Batch {self.batch_id} failed with state '{state}'")
airflow.exceptions.AirflowException: Batch 27 failed with state 'dead'
[2020-12-22 13:56:26,555] {taskinstance.py:1151} INFO - Marking task as UP_FOR_RETRY
[2020-12-22 13:56:31,262] {logging_mixin.py:112} INFO - [2020-12-22 13:56:31,262] {local_task_job.py:103} INFO - Task exited with return code 1
