[2020-12-22 14:00:18,087] {taskinstance.py:655} INFO - Dependencies all met for <TaskInstance: loan_prediction_train_model.preprocess_data 2020-12-22T12:43:23.210460+00:00 [queued]>
[2020-12-22 14:00:18,103] {taskinstance.py:655} INFO - Dependencies all met for <TaskInstance: loan_prediction_train_model.preprocess_data 2020-12-22T12:43:23.210460+00:00 [queued]>
[2020-12-22 14:00:18,103] {taskinstance.py:866} INFO - 
--------------------------------------------------------------------------------
[2020-12-22 14:00:18,103] {taskinstance.py:867} INFO - Starting attempt 34 of 36
[2020-12-22 14:00:18,103] {taskinstance.py:868} INFO - 
--------------------------------------------------------------------------------
[2020-12-22 14:00:18,118] {taskinstance.py:887} INFO - Executing <Task(LivyBatchOperator): preprocess_data> on 2020-12-22T12:43:23.210460+00:00
[2020-12-22 14:00:18,123] {standard_task_runner.py:53} INFO - Started process 54370 to run task
[2020-12-22 14:00:18,182] {logging_mixin.py:112} INFO - Running %s on host %s <TaskInstance: loan_prediction_train_model.preprocess_data 2020-12-22T12:43:23.210460+00:00 [running]> dcb43f18a24b
[2020-12-22 14:00:18,210] {logging_mixin.py:112} INFO - [2020-12-22 14:00:18,209] {batch.py:214} INFO - Submitting the batch to Livy... Payload:
{
  "file": "s3a://alanchn31-loan-default-prediction/dist/main.py",
  "args": [
    "--job",
    "preprocess_data",
    "--phase",
    "train",
    "--mode",
    "aws",
    "--awsKey",
    "AKIAUW4FKHTMR2UR3INH",
    "--awsSecretKey",
    "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",
    "--s3Bucket",
    "alanchn31-loan-default-prediction"
  ],
  "pyFiles": [
    "s3a://alanchn31-loan-default-prediction/dist/src.zip"
  ],
  "name": "preprocess_data_scheduled__2020-12-22T12:43:23.210460+00:00"
}
[2020-12-22 14:00:18,219] {logging_mixin.py:112} INFO - [2020-12-22 14:00:18,218] {base_hook.py:84} INFO - Using connection to: id: livy. Host: http://ec2-3-236-26-7.compute-1.amazonaws.com, Port: 8998, Schema: None, Login: None, Password: None, extra: None
[2020-12-22 14:00:18,222] {logging_mixin.py:112} INFO - [2020-12-22 14:00:18,222] {http_hook.py:136} INFO - Sending 'POST' to url: http://ec2-3-236-26-7.compute-1.amazonaws.com:8998/batches
[2020-12-22 14:00:18,242] {logging_mixin.py:112} INFO - [2020-12-22 14:00:18,241] {batch.py:166} INFO - Batch successfully submitted with id = 30.
[2020-12-22 14:00:18,242] {logging_mixin.py:112} INFO - [2020-12-22 14:00:18,242] {batch.py:80} INFO - Getting batch 30 status...
[2020-12-22 14:00:18,251] {logging_mixin.py:112} INFO - [2020-12-22 14:00:18,251] {base_hook.py:84} INFO - Using connection to: id: livy. Host: http://ec2-3-236-26-7.compute-1.amazonaws.com, Port: 8998, Schema: None, Login: None, Password: None, extra: None
[2020-12-22 14:00:18,252] {logging_mixin.py:112} INFO - [2020-12-22 14:00:18,252] {http_hook.py:136} INFO - Sending 'GET' to url: http://ec2-3-236-26-7.compute-1.amazonaws.com:8998/batches/30
[2020-12-22 14:00:18,262] {logging_mixin.py:112} INFO - [2020-12-22 14:00:18,262] {batch.py:90} INFO - Batch 30 has not finished yet (state is 'starting')
[2020-12-22 14:00:38,282] {logging_mixin.py:112} INFO - [2020-12-22 14:00:38,282] {batch.py:80} INFO - Getting batch 30 status...
[2020-12-22 14:00:38,289] {logging_mixin.py:112} INFO - [2020-12-22 14:00:38,289] {base_hook.py:84} INFO - Using connection to: id: livy. Host: http://ec2-3-236-26-7.compute-1.amazonaws.com, Port: 8998, Schema: None, Login: None, Password: None, extra: None
[2020-12-22 14:00:38,292] {logging_mixin.py:112} INFO - [2020-12-22 14:00:38,292] {http_hook.py:136} INFO - Sending 'GET' to url: http://ec2-3-236-26-7.compute-1.amazonaws.com:8998/batches/30
[2020-12-22 14:00:38,300] {logging_mixin.py:112} INFO - [2020-12-22 14:00:38,300] {batch.py:299} INFO - --------------------------------------------------Full log for batch 30--------------------------------------------------
[2020-12-22 14:00:38,307] {logging_mixin.py:112} INFO - [2020-12-22 14:00:38,307] {base_hook.py:84} INFO - Using connection to: id: livy. Host: http://ec2-3-236-26-7.compute-1.amazonaws.com, Port: 8998, Schema: None, Login: None, Password: None, extra: None
[2020-12-22 14:00:38,310] {logging_mixin.py:112} INFO - [2020-12-22 14:00:38,310] {http_hook.py:136} INFO - Sending 'GET' to url: http://ec2-3-236-26-7.compute-1.amazonaws.com:8998/batches/30/log?from=0&size=100
[2020-12-22 14:00:38,317] {logging_mixin.py:112} INFO - [2020-12-22 14:00:38,317] {batch.py:309} INFO - stdout: 
[2020-12-22 14:00:38,319] {logging_mixin.py:112} INFO - [2020-12-22 14:00:38,319] {batch.py:309} INFO - 2020-12-22 14:00:20,006 WARN util.NativeCodeLoader: Unable to load native-hadoop library for your platform... using builtin-java classes where applicable
[2020-12-22 14:00:38,321] {logging_mixin.py:112} INFO - [2020-12-22 14:00:38,321] {batch.py:309} INFO - Traceback (most recent call last):
[2020-12-22 14:00:38,323] {logging_mixin.py:112} INFO - [2020-12-22 14:00:38,323] {batch.py:309} INFO -   File "/tmp/spark-235d8287-b091-408c-a6e6-81e6d312461c/main.py", line 74, in <module>
[2020-12-22 14:00:38,324] {logging_mixin.py:112} INFO - [2020-12-22 14:00:38,323] {batch.py:309} INFO -     main()
[2020-12-22 14:00:38,324] {logging_mixin.py:112} INFO - [2020-12-22 14:00:38,324] {batch.py:309} INFO -   File "/tmp/spark-235d8287-b091-408c-a6e6-81e6d312461c/main.py", line 55, in main
[2020-12-22 14:00:38,324] {logging_mixin.py:112} INFO - [2020-12-22 14:00:38,324] {batch.py:309} INFO -     with open("src/config.json", "r") as config_file:
[2020-12-22 14:00:38,324] {logging_mixin.py:112} INFO - [2020-12-22 14:00:38,324] {batch.py:309} INFO - FileNotFoundError: [Errno 2] No such file or directory: 'src/config.json'
[2020-12-22 14:00:38,324] {logging_mixin.py:112} INFO - [2020-12-22 14:00:38,324] {batch.py:309} INFO - 2020-12-22 14:00:22,911 INFO util.ShutdownHookManager: Shutdown hook called
[2020-12-22 14:00:38,324] {logging_mixin.py:112} INFO - [2020-12-22 14:00:38,324] {batch.py:309} INFO - 2020-12-22 14:00:22,912 INFO util.ShutdownHookManager: Deleting directory /tmp/spark-235d8287-b091-408c-a6e6-81e6d312461c
[2020-12-22 14:00:38,324] {logging_mixin.py:112} INFO - [2020-12-22 14:00:38,324] {batch.py:309} INFO - 2020-12-22 14:00:22,925 INFO impl.MetricsSystemImpl: Stopping s3a-file-system metrics system...
[2020-12-22 14:00:38,325] {logging_mixin.py:112} INFO - [2020-12-22 14:00:38,325] {batch.py:309} INFO - 2020-12-22 14:00:22,926 INFO impl.MetricsSystemImpl: s3a-file-system metrics system stopped.
[2020-12-22 14:00:38,325] {logging_mixin.py:112} INFO - [2020-12-22 14:00:38,325] {batch.py:309} INFO - 2020-12-22 14:00:22,927 INFO impl.MetricsSystemImpl: s3a-file-system metrics system shutdown complete.
[2020-12-22 14:00:38,325] {logging_mixin.py:112} INFO - [2020-12-22 14:00:38,325] {batch.py:309} INFO - 
stderr: 
[2020-12-22 14:00:38,325] {logging_mixin.py:112} INFO - [2020-12-22 14:00:38,325] {batch.py:309} INFO - 
YARN Diagnostics: 
[2020-12-22 14:00:38,325] {logging_mixin.py:112} INFO - [2020-12-22 14:00:38,325] {batch.py:309} INFO - spark-submit start failed
[2020-12-22 14:00:38,325] {logging_mixin.py:112} INFO - [2020-12-22 14:00:38,325] {batch.py:318} INFO - --------------------------------------------------End of full log for batch 30--------------------------------------------------
[2020-12-22 14:00:38,326] {logging_mixin.py:112} INFO - [2020-12-22 14:00:38,326] {batch.py:335} INFO - Closing batch with id = 30
[2020-12-22 14:00:38,344] {logging_mixin.py:112} INFO - [2020-12-22 14:00:38,343] {base_hook.py:84} INFO - Using connection to: id: livy. Host: http://ec2-3-236-26-7.compute-1.amazonaws.com, Port: 8998, Schema: None, Login: None, Password: None, extra: None
[2020-12-22 14:00:38,345] {logging_mixin.py:112} INFO - [2020-12-22 14:00:38,344] {http_hook.py:136} INFO - Sending 'DELETE' to url: http://ec2-3-236-26-7.compute-1.amazonaws.com:8998/batches/30
[2020-12-22 14:00:38,357] {logging_mixin.py:112} INFO - [2020-12-22 14:00:38,357] {batch.py:340} INFO - Batch 30 has been closed
[2020-12-22 14:00:38,382] {taskinstance.py:1128} ERROR - Batch 30 failed with state 'dead'
Traceback (most recent call last):
  File "/opt/bitnami/python/lib/python3.6/site-packages/airflow/models/taskinstance.py", line 966, in _run_raw_task
    result = task_copy.execute(context=context)
  File "/usr/local/airflow/plugins/airflow_livy/batch.py", line 173, in execute
    ).execute(context)
  File "/opt/bitnami/python/lib/python3.6/site-packages/airflow/sensors/base_sensor_operator.py", line 107, in execute
    while not self.poke(context):
  File "/usr/local/airflow/plugins/airflow_livy/batch.py", line 96, in poke
    raise AirflowException(f"Batch {self.batch_id} failed with state '{state}'")
airflow.exceptions.AirflowException: Batch 30 failed with state 'dead'
[2020-12-22 14:00:38,389] {taskinstance.py:1151} INFO - Marking task as UP_FOR_RETRY
[2020-12-22 14:00:43,138] {logging_mixin.py:112} INFO - [2020-12-22 14:00:43,138] {local_task_job.py:103} INFO - Task exited with return code 1
