[2020-12-22 14:03:06,223] {taskinstance.py:655} INFO - Dependencies all met for <TaskInstance: loan_prediction_train_model.preprocess_data 2020-12-22T12:43:23.210460+00:00 [queued]>
[2020-12-22 14:03:06,236] {taskinstance.py:655} INFO - Dependencies all met for <TaskInstance: loan_prediction_train_model.preprocess_data 2020-12-22T12:43:23.210460+00:00 [queued]>
[2020-12-22 14:03:06,237] {taskinstance.py:866} INFO - 
--------------------------------------------------------------------------------
[2020-12-22 14:03:06,237] {taskinstance.py:867} INFO - Starting attempt 36 of 36
[2020-12-22 14:03:06,237] {taskinstance.py:868} INFO - 
--------------------------------------------------------------------------------
[2020-12-22 14:03:06,251] {taskinstance.py:887} INFO - Executing <Task(LivyBatchOperator): preprocess_data> on 2020-12-22T12:43:23.210460+00:00
[2020-12-22 14:03:06,256] {standard_task_runner.py:53} INFO - Started process 55864 to run task
[2020-12-22 14:03:06,314] {logging_mixin.py:112} INFO - Running %s on host %s <TaskInstance: loan_prediction_train_model.preprocess_data 2020-12-22T12:43:23.210460+00:00 [running]> dcb43f18a24b
[2020-12-22 14:03:06,346] {logging_mixin.py:112} INFO - [2020-12-22 14:03:06,344] {batch.py:214} INFO - Submitting the batch to Livy... Payload:
{
  "file": "s3a://alanchn31-loan-default-prediction/dist/main.py",
  "args": [
    "--job",
    "preprocess_data",
    "--phase",
    "train",
    "--mode",
    "aws",
    "--awsKey",
    "AKIAUW4FKHTMR2UR3INH",
    "--awsSecretKey",
    "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",
    "--s3Bucket",
    "alanchn31-loan-default-prediction"
  ],
  "pyFiles": [
    "s3a://alanchn31-loan-default-prediction/dist/src.zip"
  ],
  "name": "preprocess_data_scheduled__2020-12-22T12:43:23.210460+00:00"
}
[2020-12-22 14:03:06,356] {logging_mixin.py:112} INFO - [2020-12-22 14:03:06,355] {base_hook.py:84} INFO - Using connection to: id: livy. Host: http://ec2-3-236-26-7.compute-1.amazonaws.com, Port: 8998, Schema: None, Login: None, Password: None, extra: None
[2020-12-22 14:03:06,359] {logging_mixin.py:112} INFO - [2020-12-22 14:03:06,359] {http_hook.py:136} INFO - Sending 'POST' to url: http://ec2-3-236-26-7.compute-1.amazonaws.com:8998/batches
[2020-12-22 14:03:06,388] {logging_mixin.py:112} INFO - [2020-12-22 14:03:06,388] {batch.py:166} INFO - Batch successfully submitted with id = 32.
[2020-12-22 14:03:06,391] {logging_mixin.py:112} INFO - [2020-12-22 14:03:06,391] {batch.py:80} INFO - Getting batch 32 status...
[2020-12-22 14:03:06,404] {logging_mixin.py:112} INFO - [2020-12-22 14:03:06,404] {base_hook.py:84} INFO - Using connection to: id: livy. Host: http://ec2-3-236-26-7.compute-1.amazonaws.com, Port: 8998, Schema: None, Login: None, Password: None, extra: None
[2020-12-22 14:03:06,407] {logging_mixin.py:112} INFO - [2020-12-22 14:03:06,407] {http_hook.py:136} INFO - Sending 'GET' to url: http://ec2-3-236-26-7.compute-1.amazonaws.com:8998/batches/32
[2020-12-22 14:03:06,421] {logging_mixin.py:112} INFO - [2020-12-22 14:03:06,420] {batch.py:90} INFO - Batch 32 has not finished yet (state is 'starting')
[2020-12-22 14:03:26,443] {logging_mixin.py:112} INFO - [2020-12-22 14:03:26,443] {batch.py:80} INFO - Getting batch 32 status...
[2020-12-22 14:03:26,453] {logging_mixin.py:112} INFO - [2020-12-22 14:03:26,453] {base_hook.py:84} INFO - Using connection to: id: livy. Host: http://ec2-3-236-26-7.compute-1.amazonaws.com, Port: 8998, Schema: None, Login: None, Password: None, extra: None
[2020-12-22 14:03:26,456] {logging_mixin.py:112} INFO - [2020-12-22 14:03:26,456] {http_hook.py:136} INFO - Sending 'GET' to url: http://ec2-3-236-26-7.compute-1.amazonaws.com:8998/batches/32
[2020-12-22 14:03:26,470] {logging_mixin.py:112} INFO - [2020-12-22 14:03:26,470] {batch.py:299} INFO - --------------------------------------------------Full log for batch 32--------------------------------------------------
[2020-12-22 14:03:26,481] {logging_mixin.py:112} INFO - [2020-12-22 14:03:26,480] {base_hook.py:84} INFO - Using connection to: id: livy. Host: http://ec2-3-236-26-7.compute-1.amazonaws.com, Port: 8998, Schema: None, Login: None, Password: None, extra: None
[2020-12-22 14:03:26,484] {logging_mixin.py:112} INFO - [2020-12-22 14:03:26,484] {http_hook.py:136} INFO - Sending 'GET' to url: http://ec2-3-236-26-7.compute-1.amazonaws.com:8998/batches/32/log?from=0&size=100
[2020-12-22 14:03:26,495] {logging_mixin.py:112} INFO - [2020-12-22 14:03:26,494] {batch.py:309} INFO - stdout: 
[2020-12-22 14:03:26,497] {logging_mixin.py:112} INFO - [2020-12-22 14:03:26,497] {batch.py:309} INFO - 2020-12-22 14:03:08,149 WARN util.NativeCodeLoader: Unable to load native-hadoop library for your platform... using builtin-java classes where applicable
[2020-12-22 14:03:26,500] {logging_mixin.py:112} INFO - [2020-12-22 14:03:26,499] {batch.py:309} INFO - Traceback (most recent call last):
[2020-12-22 14:03:26,502] {logging_mixin.py:112} INFO - [2020-12-22 14:03:26,502] {batch.py:309} INFO -   File "/tmp/spark-3ca26fb7-7032-46a9-83f1-0dde18a99d92/main.py", line 74, in <module>
[2020-12-22 14:03:26,502] {logging_mixin.py:112} INFO - [2020-12-22 14:03:26,502] {batch.py:309} INFO -     main()
[2020-12-22 14:03:26,502] {logging_mixin.py:112} INFO - [2020-12-22 14:03:26,502] {batch.py:309} INFO -   File "/tmp/spark-3ca26fb7-7032-46a9-83f1-0dde18a99d92/main.py", line 55, in main
[2020-12-22 14:03:26,503] {logging_mixin.py:112} INFO - [2020-12-22 14:03:26,502] {batch.py:309} INFO -     with open("src/config.json", "r") as config_file:
[2020-12-22 14:03:26,503] {logging_mixin.py:112} INFO - [2020-12-22 14:03:26,503] {batch.py:309} INFO - FileNotFoundError: [Errno 2] No such file or directory: 'src/config.json'
[2020-12-22 14:03:26,503] {logging_mixin.py:112} INFO - [2020-12-22 14:03:26,503] {batch.py:309} INFO - 2020-12-22 14:03:12,686 INFO util.ShutdownHookManager: Shutdown hook called
[2020-12-22 14:03:26,503] {logging_mixin.py:112} INFO - [2020-12-22 14:03:26,503] {batch.py:309} INFO - 2020-12-22 14:03:12,687 INFO util.ShutdownHookManager: Deleting directory /tmp/spark-3ca26fb7-7032-46a9-83f1-0dde18a99d92
[2020-12-22 14:03:26,503] {logging_mixin.py:112} INFO - [2020-12-22 14:03:26,503] {batch.py:309} INFO - 2020-12-22 14:03:12,693 INFO impl.MetricsSystemImpl: Stopping s3a-file-system metrics system...
[2020-12-22 14:03:26,503] {logging_mixin.py:112} INFO - [2020-12-22 14:03:26,503] {batch.py:309} INFO - 2020-12-22 14:03:12,693 INFO impl.MetricsSystemImpl: s3a-file-system metrics system stopped.
[2020-12-22 14:03:26,504] {logging_mixin.py:112} INFO - [2020-12-22 14:03:26,503] {batch.py:309} INFO - 2020-12-22 14:03:12,694 INFO impl.MetricsSystemImpl: s3a-file-system metrics system shutdown complete.
[2020-12-22 14:03:26,504] {logging_mixin.py:112} INFO - [2020-12-22 14:03:26,504] {batch.py:309} INFO - 
stderr: 
[2020-12-22 14:03:26,504] {logging_mixin.py:112} INFO - [2020-12-22 14:03:26,504] {batch.py:309} INFO - 
YARN Diagnostics: 
[2020-12-22 14:03:26,504] {logging_mixin.py:112} INFO - [2020-12-22 14:03:26,504] {batch.py:309} INFO - spark-submit start failed
[2020-12-22 14:03:26,504] {logging_mixin.py:112} INFO - [2020-12-22 14:03:26,504] {batch.py:318} INFO - --------------------------------------------------End of full log for batch 32--------------------------------------------------
[2020-12-22 14:03:26,504] {logging_mixin.py:112} INFO - [2020-12-22 14:03:26,504] {batch.py:335} INFO - Closing batch with id = 32
[2020-12-22 14:03:26,517] {logging_mixin.py:112} INFO - [2020-12-22 14:03:26,517] {base_hook.py:84} INFO - Using connection to: id: livy. Host: http://ec2-3-236-26-7.compute-1.amazonaws.com, Port: 8998, Schema: None, Login: None, Password: None, extra: None
[2020-12-22 14:03:26,520] {logging_mixin.py:112} INFO - [2020-12-22 14:03:26,520] {http_hook.py:136} INFO - Sending 'DELETE' to url: http://ec2-3-236-26-7.compute-1.amazonaws.com:8998/batches/32
[2020-12-22 14:03:26,533] {logging_mixin.py:112} INFO - [2020-12-22 14:03:26,533] {batch.py:340} INFO - Batch 32 has been closed
[2020-12-22 14:03:26,545] {taskinstance.py:1128} ERROR - Batch 32 failed with state 'dead'
Traceback (most recent call last):
  File "/opt/bitnami/python/lib/python3.6/site-packages/airflow/models/taskinstance.py", line 966, in _run_raw_task
    result = task_copy.execute(context=context)
  File "/usr/local/airflow/plugins/airflow_livy/batch.py", line 173, in execute
    ).execute(context)
  File "/opt/bitnami/python/lib/python3.6/site-packages/airflow/sensors/base_sensor_operator.py", line 107, in execute
    while not self.poke(context):
  File "/usr/local/airflow/plugins/airflow_livy/batch.py", line 96, in poke
    raise AirflowException(f"Batch {self.batch_id} failed with state '{state}'")
airflow.exceptions.AirflowException: Batch 32 failed with state 'dead'
[2020-12-22 14:03:26,548] {taskinstance.py:1170} INFO - All retries failed; marking task as FAILED.dag_id=loan_prediction_train_model, task_id=preprocess_data, execution_date=20201222T124323, start_date=20201222T140306, end_date=20201222T140326
[2020-12-22 14:03:31,262] {logging_mixin.py:112} INFO - [2020-12-22 14:03:31,262] {local_task_job.py:103} INFO - Task exited with return code 1
