[2020-12-22 14:04:06,590] {taskinstance.py:655} INFO - Dependencies all met for <TaskInstance: loan_prediction_train_model.preprocess_data 2020-12-22T12:43:23.210460+00:00 [queued]>
[2020-12-22 14:04:06,605] {taskinstance.py:655} INFO - Dependencies all met for <TaskInstance: loan_prediction_train_model.preprocess_data 2020-12-22T12:43:23.210460+00:00 [queued]>
[2020-12-22 14:04:06,605] {taskinstance.py:866} INFO - 
--------------------------------------------------------------------------------
[2020-12-22 14:04:06,605] {taskinstance.py:867} INFO - Starting attempt 37 of 42
[2020-12-22 14:04:06,605] {taskinstance.py:868} INFO - 
--------------------------------------------------------------------------------
[2020-12-22 14:04:06,621] {taskinstance.py:887} INFO - Executing <Task(LivyBatchOperator): preprocess_data> on 2020-12-22T12:43:23.210460+00:00
[2020-12-22 14:04:06,627] {standard_task_runner.py:53} INFO - Started process 56187 to run task
[2020-12-22 14:04:06,687] {logging_mixin.py:112} INFO - Running %s on host %s <TaskInstance: loan_prediction_train_model.preprocess_data 2020-12-22T12:43:23.210460+00:00 [running]> dcb43f18a24b
[2020-12-22 14:04:06,724] {logging_mixin.py:112} INFO - [2020-12-22 14:04:06,723] {batch.py:214} INFO - Submitting the batch to Livy... Payload:
{
  "file": "s3a://alanchn31-loan-default-prediction/dist/main.py",
  "args": [
    "--job",
    "preprocess_data",
    "--phase",
    "train",
    "--mode",
    "aws",
    "--awsKey",
    "AKIAUW4FKHTMR2UR3INH",
    "--awsSecretKey",
    "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",
    "--s3Bucket",
    "alanchn31-loan-default-prediction"
  ],
  "pyFiles": [
    "s3a://alanchn31-loan-default-prediction/dist/src.zip"
  ],
  "name": "preprocess_data_scheduled__2020-12-22T12:43:23.210460+00:00"
}
[2020-12-22 14:04:06,736] {logging_mixin.py:112} INFO - [2020-12-22 14:04:06,735] {base_hook.py:84} INFO - Using connection to: id: livy. Host: http://ec2-3-236-26-7.compute-1.amazonaws.com, Port: 8998, Schema: None, Login: None, Password: None, extra: None
[2020-12-22 14:04:06,741] {logging_mixin.py:112} INFO - [2020-12-22 14:04:06,741] {http_hook.py:136} INFO - Sending 'POST' to url: http://ec2-3-236-26-7.compute-1.amazonaws.com:8998/batches
[2020-12-22 14:04:06,782] {logging_mixin.py:112} INFO - [2020-12-22 14:04:06,782] {batch.py:166} INFO - Batch successfully submitted with id = 33.
[2020-12-22 14:04:06,784] {logging_mixin.py:112} INFO - [2020-12-22 14:04:06,784] {batch.py:80} INFO - Getting batch 33 status...
[2020-12-22 14:04:06,797] {logging_mixin.py:112} INFO - [2020-12-22 14:04:06,797] {base_hook.py:84} INFO - Using connection to: id: livy. Host: http://ec2-3-236-26-7.compute-1.amazonaws.com, Port: 8998, Schema: None, Login: None, Password: None, extra: None
[2020-12-22 14:04:06,800] {logging_mixin.py:112} INFO - [2020-12-22 14:04:06,799] {http_hook.py:136} INFO - Sending 'GET' to url: http://ec2-3-236-26-7.compute-1.amazonaws.com:8998/batches/33
[2020-12-22 14:04:06,815] {logging_mixin.py:112} INFO - [2020-12-22 14:04:06,814] {batch.py:90} INFO - Batch 33 has not finished yet (state is 'starting')
[2020-12-22 14:04:26,835] {logging_mixin.py:112} INFO - [2020-12-22 14:04:26,834] {batch.py:80} INFO - Getting batch 33 status...
[2020-12-22 14:04:26,843] {logging_mixin.py:112} INFO - [2020-12-22 14:04:26,843] {base_hook.py:84} INFO - Using connection to: id: livy. Host: http://ec2-3-236-26-7.compute-1.amazonaws.com, Port: 8998, Schema: None, Login: None, Password: None, extra: None
[2020-12-22 14:04:26,844] {logging_mixin.py:112} INFO - [2020-12-22 14:04:26,844] {http_hook.py:136} INFO - Sending 'GET' to url: http://ec2-3-236-26-7.compute-1.amazonaws.com:8998/batches/33
[2020-12-22 14:04:26,855] {logging_mixin.py:112} INFO - [2020-12-22 14:04:26,855] {batch.py:299} INFO - --------------------------------------------------Full log for batch 33--------------------------------------------------
[2020-12-22 14:04:26,867] {logging_mixin.py:112} INFO - [2020-12-22 14:04:26,867] {base_hook.py:84} INFO - Using connection to: id: livy. Host: http://ec2-3-236-26-7.compute-1.amazonaws.com, Port: 8998, Schema: None, Login: None, Password: None, extra: None
[2020-12-22 14:04:26,868] {logging_mixin.py:112} INFO - [2020-12-22 14:04:26,868] {http_hook.py:136} INFO - Sending 'GET' to url: http://ec2-3-236-26-7.compute-1.amazonaws.com:8998/batches/33/log?from=0&size=100
[2020-12-22 14:04:26,875] {logging_mixin.py:112} INFO - [2020-12-22 14:04:26,875] {batch.py:309} INFO - stdout: 
[2020-12-22 14:04:26,875] {logging_mixin.py:112} INFO - [2020-12-22 14:04:26,875] {batch.py:309} INFO - 2020-12-22 14:04:08,491 WARN util.NativeCodeLoader: Unable to load native-hadoop library for your platform... using builtin-java classes where applicable
[2020-12-22 14:04:26,876] {logging_mixin.py:112} INFO - [2020-12-22 14:04:26,875] {batch.py:309} INFO - Traceback (most recent call last):
[2020-12-22 14:04:26,876] {logging_mixin.py:112} INFO - [2020-12-22 14:04:26,876] {batch.py:309} INFO -   File "/tmp/spark-aa9db4a8-d642-4c7f-a64f-a0b7397ecf51/main.py", line 86, in <module>
[2020-12-22 14:04:26,876] {logging_mixin.py:112} INFO - [2020-12-22 14:04:26,876] {batch.py:309} INFO -     main()
[2020-12-22 14:04:26,876] {logging_mixin.py:112} INFO - [2020-12-22 14:04:26,876] {batch.py:309} INFO -   File "/tmp/spark-aa9db4a8-d642-4c7f-a64f-a0b7397ecf51/main.py", line 56, in main
[2020-12-22 14:04:26,876] {logging_mixin.py:112} INFO - [2020-12-22 14:04:26,876] {batch.py:309} INFO -     spark_files_dir = SparkFiles.getRootDirectory()
[2020-12-22 14:04:26,877] {logging_mixin.py:112} INFO - [2020-12-22 14:04:26,877] {batch.py:309} INFO -   File "/usr/spark/python/lib/pyspark.zip/pyspark/files.py", line 59, in getRootDirectory
[2020-12-22 14:04:26,877] {logging_mixin.py:112} INFO - [2020-12-22 14:04:26,877] {batch.py:309} INFO - AttributeError: 'NoneType' object has no attribute '_jvm'
[2020-12-22 14:04:26,878] {logging_mixin.py:112} INFO - [2020-12-22 14:04:26,878] {batch.py:309} INFO - 2020-12-22 14:04:11,658 INFO util.ShutdownHookManager: Shutdown hook called
[2020-12-22 14:04:26,878] {logging_mixin.py:112} INFO - [2020-12-22 14:04:26,878] {batch.py:309} INFO - 2020-12-22 14:04:11,659 INFO util.ShutdownHookManager: Deleting directory /tmp/spark-aa9db4a8-d642-4c7f-a64f-a0b7397ecf51
[2020-12-22 14:04:26,878] {logging_mixin.py:112} INFO - [2020-12-22 14:04:26,878] {batch.py:309} INFO - 2020-12-22 14:04:11,665 INFO impl.MetricsSystemImpl: Stopping s3a-file-system metrics system...
[2020-12-22 14:04:26,878] {logging_mixin.py:112} INFO - [2020-12-22 14:04:26,878] {batch.py:309} INFO - 2020-12-22 14:04:11,666 INFO impl.MetricsSystemImpl: s3a-file-system metrics system stopped.
[2020-12-22 14:04:26,878] {logging_mixin.py:112} INFO - [2020-12-22 14:04:26,878] {batch.py:309} INFO - 2020-12-22 14:04:11,666 INFO impl.MetricsSystemImpl: s3a-file-system metrics system shutdown complete.
[2020-12-22 14:04:26,879] {logging_mixin.py:112} INFO - [2020-12-22 14:04:26,878] {batch.py:309} INFO - 
stderr: 
[2020-12-22 14:04:26,879] {logging_mixin.py:112} INFO - [2020-12-22 14:04:26,879] {batch.py:309} INFO - 
YARN Diagnostics: 
[2020-12-22 14:04:26,879] {logging_mixin.py:112} INFO - [2020-12-22 14:04:26,879] {batch.py:309} INFO - spark-submit start failed
[2020-12-22 14:04:26,880] {logging_mixin.py:112} INFO - [2020-12-22 14:04:26,880] {batch.py:318} INFO - --------------------------------------------------End of full log for batch 33--------------------------------------------------
[2020-12-22 14:04:26,880] {logging_mixin.py:112} INFO - [2020-12-22 14:04:26,880] {batch.py:335} INFO - Closing batch with id = 33
[2020-12-22 14:04:26,889] {logging_mixin.py:112} INFO - [2020-12-22 14:04:26,889] {base_hook.py:84} INFO - Using connection to: id: livy. Host: http://ec2-3-236-26-7.compute-1.amazonaws.com, Port: 8998, Schema: None, Login: None, Password: None, extra: None
[2020-12-22 14:04:26,891] {logging_mixin.py:112} INFO - [2020-12-22 14:04:26,891] {http_hook.py:136} INFO - Sending 'DELETE' to url: http://ec2-3-236-26-7.compute-1.amazonaws.com:8998/batches/33
[2020-12-22 14:04:26,898] {logging_mixin.py:112} INFO - [2020-12-22 14:04:26,897] {batch.py:340} INFO - Batch 33 has been closed
[2020-12-22 14:04:26,907] {taskinstance.py:1128} ERROR - Batch 33 failed with state 'dead'
Traceback (most recent call last):
  File "/opt/bitnami/python/lib/python3.6/site-packages/airflow/models/taskinstance.py", line 966, in _run_raw_task
    result = task_copy.execute(context=context)
  File "/usr/local/airflow/plugins/airflow_livy/batch.py", line 173, in execute
    ).execute(context)
  File "/opt/bitnami/python/lib/python3.6/site-packages/airflow/sensors/base_sensor_operator.py", line 107, in execute
    while not self.poke(context):
  File "/usr/local/airflow/plugins/airflow_livy/batch.py", line 96, in poke
    raise AirflowException(f"Batch {self.batch_id} failed with state '{state}'")
airflow.exceptions.AirflowException: Batch 33 failed with state 'dead'
[2020-12-22 14:04:26,909] {taskinstance.py:1151} INFO - Marking task as UP_FOR_RETRY
[2020-12-22 14:04:31,631] {logging_mixin.py:112} INFO - [2020-12-22 14:04:31,630] {local_task_job.py:103} INFO - Task exited with return code 1
