[2020-12-22 14:06:54,463] {taskinstance.py:655} INFO - Dependencies all met for <TaskInstance: loan_prediction_train_model.preprocess_data 2020-12-22T12:43:23.210460+00:00 [queued]>
[2020-12-22 14:06:54,478] {taskinstance.py:655} INFO - Dependencies all met for <TaskInstance: loan_prediction_train_model.preprocess_data 2020-12-22T12:43:23.210460+00:00 [queued]>
[2020-12-22 14:06:54,478] {taskinstance.py:866} INFO - 
--------------------------------------------------------------------------------
[2020-12-22 14:06:54,478] {taskinstance.py:867} INFO - Starting attempt 39 of 42
[2020-12-22 14:06:54,478] {taskinstance.py:868} INFO - 
--------------------------------------------------------------------------------
[2020-12-22 14:06:54,493] {taskinstance.py:887} INFO - Executing <Task(LivyBatchOperator): preprocess_data> on 2020-12-22T12:43:23.210460+00:00
[2020-12-22 14:06:54,497] {standard_task_runner.py:53} INFO - Started process 57089 to run task
[2020-12-22 14:06:54,557] {logging_mixin.py:112} INFO - Running %s on host %s <TaskInstance: loan_prediction_train_model.preprocess_data 2020-12-22T12:43:23.210460+00:00 [running]> dcb43f18a24b
[2020-12-22 14:06:54,585] {logging_mixin.py:112} INFO - [2020-12-22 14:06:54,585] {batch.py:214} INFO - Submitting the batch to Livy... Payload:
{
  "file": "s3a://alanchn31-loan-default-prediction/dist/main.py",
  "args": [
    "--job",
    "preprocess_data",
    "--phase",
    "train",
    "--mode",
    "aws",
    "--awsKey",
    "AKIAUW4FKHTMR2UR3INH",
    "--awsSecretKey",
    "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",
    "--s3Bucket",
    "alanchn31-loan-default-prediction"
  ],
  "pyFiles": [
    "s3a://alanchn31-loan-default-prediction/dist/src.zip"
  ],
  "name": "preprocess_data_scheduled__2020-12-22T12:43:23.210460+00:00"
}
[2020-12-22 14:06:54,595] {logging_mixin.py:112} INFO - [2020-12-22 14:06:54,594] {base_hook.py:84} INFO - Using connection to: id: livy. Host: http://ec2-3-236-26-7.compute-1.amazonaws.com, Port: 8998, Schema: None, Login: None, Password: None, extra: None
[2020-12-22 14:06:54,598] {logging_mixin.py:112} INFO - [2020-12-22 14:06:54,598] {http_hook.py:136} INFO - Sending 'POST' to url: http://ec2-3-236-26-7.compute-1.amazonaws.com:8998/batches
[2020-12-22 14:06:54,621] {logging_mixin.py:112} INFO - [2020-12-22 14:06:54,621] {batch.py:166} INFO - Batch successfully submitted with id = 35.
[2020-12-22 14:06:54,624] {logging_mixin.py:112} INFO - [2020-12-22 14:06:54,624] {batch.py:80} INFO - Getting batch 35 status...
[2020-12-22 14:06:54,633] {logging_mixin.py:112} INFO - [2020-12-22 14:06:54,633] {base_hook.py:84} INFO - Using connection to: id: livy. Host: http://ec2-3-236-26-7.compute-1.amazonaws.com, Port: 8998, Schema: None, Login: None, Password: None, extra: None
[2020-12-22 14:06:54,636] {logging_mixin.py:112} INFO - [2020-12-22 14:06:54,636] {http_hook.py:136} INFO - Sending 'GET' to url: http://ec2-3-236-26-7.compute-1.amazonaws.com:8998/batches/35
[2020-12-22 14:06:54,644] {logging_mixin.py:112} INFO - [2020-12-22 14:06:54,643] {batch.py:90} INFO - Batch 35 has not finished yet (state is 'starting')
[2020-12-22 14:07:14,666] {logging_mixin.py:112} INFO - [2020-12-22 14:07:14,666] {batch.py:80} INFO - Getting batch 35 status...
[2020-12-22 14:07:14,673] {logging_mixin.py:112} INFO - [2020-12-22 14:07:14,673] {base_hook.py:84} INFO - Using connection to: id: livy. Host: http://ec2-3-236-26-7.compute-1.amazonaws.com, Port: 8998, Schema: None, Login: None, Password: None, extra: None
[2020-12-22 14:07:14,675] {logging_mixin.py:112} INFO - [2020-12-22 14:07:14,674] {http_hook.py:136} INFO - Sending 'GET' to url: http://ec2-3-236-26-7.compute-1.amazonaws.com:8998/batches/35
[2020-12-22 14:07:14,682] {logging_mixin.py:112} INFO - [2020-12-22 14:07:14,682] {batch.py:299} INFO - --------------------------------------------------Full log for batch 35--------------------------------------------------
[2020-12-22 14:07:14,689] {logging_mixin.py:112} INFO - [2020-12-22 14:07:14,689] {base_hook.py:84} INFO - Using connection to: id: livy. Host: http://ec2-3-236-26-7.compute-1.amazonaws.com, Port: 8998, Schema: None, Login: None, Password: None, extra: None
[2020-12-22 14:07:14,692] {logging_mixin.py:112} INFO - [2020-12-22 14:07:14,692] {http_hook.py:136} INFO - Sending 'GET' to url: http://ec2-3-236-26-7.compute-1.amazonaws.com:8998/batches/35/log?from=0&size=100
[2020-12-22 14:07:14,699] {logging_mixin.py:112} INFO - [2020-12-22 14:07:14,699] {batch.py:309} INFO - stdout: 
[2020-12-22 14:07:14,699] {logging_mixin.py:112} INFO - [2020-12-22 14:07:14,699] {batch.py:309} INFO - 2020-12-22 14:06:56,454 WARN util.NativeCodeLoader: Unable to load native-hadoop library for your platform... using builtin-java classes where applicable
[2020-12-22 14:07:14,700] {logging_mixin.py:112} INFO - [2020-12-22 14:07:14,700] {batch.py:309} INFO - Traceback (most recent call last):
[2020-12-22 14:07:14,700] {logging_mixin.py:112} INFO - [2020-12-22 14:07:14,700] {batch.py:309} INFO -   File "/tmp/spark-e70518a6-0953-4eaa-aa94-bdfda40f944c/main.py", line 86, in <module>
[2020-12-22 14:07:14,700] {logging_mixin.py:112} INFO - [2020-12-22 14:07:14,700] {batch.py:309} INFO -     main()
[2020-12-22 14:07:14,701] {logging_mixin.py:112} INFO - [2020-12-22 14:07:14,700] {batch.py:309} INFO -   File "/tmp/spark-e70518a6-0953-4eaa-aa94-bdfda40f944c/main.py", line 56, in main
[2020-12-22 14:07:14,701] {logging_mixin.py:112} INFO - [2020-12-22 14:07:14,701] {batch.py:309} INFO -     spark_files_dir = SparkFiles.getRootDirectory()
[2020-12-22 14:07:14,701] {logging_mixin.py:112} INFO - [2020-12-22 14:07:14,701] {batch.py:309} INFO -   File "/usr/spark/python/lib/pyspark.zip/pyspark/files.py", line 59, in getRootDirectory
[2020-12-22 14:07:14,701] {logging_mixin.py:112} INFO - [2020-12-22 14:07:14,701] {batch.py:309} INFO - AttributeError: 'NoneType' object has no attribute '_jvm'
[2020-12-22 14:07:14,701] {logging_mixin.py:112} INFO - [2020-12-22 14:07:14,701] {batch.py:309} INFO - 2020-12-22 14:06:59,682 INFO util.ShutdownHookManager: Shutdown hook called
[2020-12-22 14:07:14,702] {logging_mixin.py:112} INFO - [2020-12-22 14:07:14,702] {batch.py:309} INFO - 2020-12-22 14:06:59,685 INFO util.ShutdownHookManager: Deleting directory /tmp/spark-e70518a6-0953-4eaa-aa94-bdfda40f944c
[2020-12-22 14:07:14,702] {logging_mixin.py:112} INFO - [2020-12-22 14:07:14,702] {batch.py:309} INFO - 2020-12-22 14:06:59,691 INFO impl.MetricsSystemImpl: Stopping s3a-file-system metrics system...
[2020-12-22 14:07:14,702] {logging_mixin.py:112} INFO - [2020-12-22 14:07:14,702] {batch.py:309} INFO - 2020-12-22 14:06:59,691 INFO impl.MetricsSystemImpl: s3a-file-system metrics system stopped.
[2020-12-22 14:07:14,702] {logging_mixin.py:112} INFO - [2020-12-22 14:07:14,702] {batch.py:309} INFO - 2020-12-22 14:06:59,691 INFO impl.MetricsSystemImpl: s3a-file-system metrics system shutdown complete.
[2020-12-22 14:07:14,702] {logging_mixin.py:112} INFO - [2020-12-22 14:07:14,702] {batch.py:309} INFO - 
stderr: 
[2020-12-22 14:07:14,702] {logging_mixin.py:112} INFO - [2020-12-22 14:07:14,702] {batch.py:309} INFO - 
YARN Diagnostics: 
[2020-12-22 14:07:14,703] {logging_mixin.py:112} INFO - [2020-12-22 14:07:14,703] {batch.py:309} INFO - spark-submit start failed
[2020-12-22 14:07:14,703] {logging_mixin.py:112} INFO - [2020-12-22 14:07:14,703] {batch.py:318} INFO - --------------------------------------------------End of full log for batch 35--------------------------------------------------
[2020-12-22 14:07:14,703] {logging_mixin.py:112} INFO - [2020-12-22 14:07:14,703] {batch.py:335} INFO - Closing batch with id = 35
[2020-12-22 14:07:14,712] {logging_mixin.py:112} INFO - [2020-12-22 14:07:14,712] {base_hook.py:84} INFO - Using connection to: id: livy. Host: http://ec2-3-236-26-7.compute-1.amazonaws.com, Port: 8998, Schema: None, Login: None, Password: None, extra: None
[2020-12-22 14:07:14,713] {logging_mixin.py:112} INFO - [2020-12-22 14:07:14,713] {http_hook.py:136} INFO - Sending 'DELETE' to url: http://ec2-3-236-26-7.compute-1.amazonaws.com:8998/batches/35
[2020-12-22 14:07:14,722] {logging_mixin.py:112} INFO - [2020-12-22 14:07:14,722] {batch.py:340} INFO - Batch 35 has been closed
[2020-12-22 14:07:14,730] {taskinstance.py:1128} ERROR - Batch 35 failed with state 'dead'
Traceback (most recent call last):
  File "/opt/bitnami/python/lib/python3.6/site-packages/airflow/models/taskinstance.py", line 966, in _run_raw_task
    result = task_copy.execute(context=context)
  File "/usr/local/airflow/plugins/airflow_livy/batch.py", line 173, in execute
    ).execute(context)
  File "/opt/bitnami/python/lib/python3.6/site-packages/airflow/sensors/base_sensor_operator.py", line 107, in execute
    while not self.poke(context):
  File "/usr/local/airflow/plugins/airflow_livy/batch.py", line 96, in poke
    raise AirflowException(f"Batch {self.batch_id} failed with state '{state}'")
airflow.exceptions.AirflowException: Batch 35 failed with state 'dead'
[2020-12-22 14:07:14,732] {taskinstance.py:1151} INFO - Marking task as UP_FOR_RETRY
[2020-12-22 14:07:19,514] {logging_mixin.py:112} INFO - [2020-12-22 14:07:19,514] {local_task_job.py:103} INFO - Task exited with return code 1
