[2020-12-22 12:53:48,053] {taskinstance.py:655} INFO - Dependencies all met for <TaskInstance: loan_prediction_train_model.preprocess_data 2020-12-22T12:43:23.210460+00:00 [queued]>
[2020-12-22 12:53:48,071] {taskinstance.py:655} INFO - Dependencies all met for <TaskInstance: loan_prediction_train_model.preprocess_data 2020-12-22T12:43:23.210460+00:00 [queued]>
[2020-12-22 12:53:48,071] {taskinstance.py:866} INFO - 
--------------------------------------------------------------------------------
[2020-12-22 12:53:48,071] {taskinstance.py:867} INFO - Starting attempt 4 of 6
[2020-12-22 12:53:48,071] {taskinstance.py:868} INFO - 
--------------------------------------------------------------------------------
[2020-12-22 12:53:48,082] {taskinstance.py:887} INFO - Executing <Task(LivyBatchOperator): preprocess_data> on 2020-12-22T12:43:23.210460+00:00
[2020-12-22 12:53:48,085] {standard_task_runner.py:53} INFO - Started process 13494 to run task
[2020-12-22 12:53:48,141] {logging_mixin.py:112} INFO - Running %s on host %s <TaskInstance: loan_prediction_train_model.preprocess_data 2020-12-22T12:43:23.210460+00:00 [running]> dcb43f18a24b
[2020-12-22 12:53:48,162] {logging_mixin.py:112} INFO - [2020-12-22 12:53:48,162] {batch.py:214} INFO - Submitting the batch to Livy... Payload:
{
  "file": "local:/tmp/airflowtmpqsaf8yls/usr/local/airflow/dist/main.py",
  "args": [
    "-job=preprocess_data",
    "-phase=train",
    "-mode=aws",
    "-awsKey=AKIAUW4FKHTMR2UR3INH",
    "-awsSecretKey=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",
    "-s3Bucket=alanchn31-loan-default-prediction"
  ],
  "pyFiles": [
    "local:/tmp/airflowtmpqsaf8yls/usr/local/airflow/dist/src.zip"
  ],
  "name": "preprocess_data_scheduled__2020-12-22T12:43:23.210460+00:00"
}
[2020-12-22 12:53:48,171] {logging_mixin.py:112} INFO - [2020-12-22 12:53:48,170] {base_hook.py:84} INFO - Using connection to: id: livy. Host: http://ec2-3-236-26-7.compute-1.amazonaws.com, Port: 8998, Schema: None, Login: None, Password: None, extra: None
[2020-12-22 12:53:48,173] {logging_mixin.py:112} INFO - [2020-12-22 12:53:48,173] {http_hook.py:136} INFO - Sending 'POST' to url: http://ec2-3-236-26-7.compute-1.amazonaws.com:8998/batches
[2020-12-22 12:53:48,554] {logging_mixin.py:112} INFO - [2020-12-22 12:53:48,553] {batch.py:166} INFO - Batch successfully submitted with id = 0.
[2020-12-22 12:53:48,554] {logging_mixin.py:112} INFO - [2020-12-22 12:53:48,554] {batch.py:80} INFO - Getting batch 0 status...
[2020-12-22 12:53:48,561] {logging_mixin.py:112} INFO - [2020-12-22 12:53:48,560] {base_hook.py:84} INFO - Using connection to: id: livy. Host: http://ec2-3-236-26-7.compute-1.amazonaws.com, Port: 8998, Schema: None, Login: None, Password: None, extra: None
[2020-12-22 12:53:48,562] {logging_mixin.py:112} INFO - [2020-12-22 12:53:48,562] {http_hook.py:136} INFO - Sending 'GET' to url: http://ec2-3-236-26-7.compute-1.amazonaws.com:8998/batches/0
[2020-12-22 12:53:48,574] {logging_mixin.py:112} INFO - [2020-12-22 12:53:48,573] {batch.py:90} INFO - Batch 0 has not finished yet (state is 'starting')
[2020-12-22 12:54:08,594] {logging_mixin.py:112} INFO - [2020-12-22 12:54:08,594] {batch.py:80} INFO - Getting batch 0 status...
[2020-12-22 12:54:08,624] {logging_mixin.py:112} INFO - [2020-12-22 12:54:08,623] {base_hook.py:84} INFO - Using connection to: id: livy. Host: http://ec2-3-236-26-7.compute-1.amazonaws.com, Port: 8998, Schema: None, Login: None, Password: None, extra: None
[2020-12-22 12:54:08,624] {logging_mixin.py:112} INFO - [2020-12-22 12:54:08,624] {http_hook.py:136} INFO - Sending 'GET' to url: http://ec2-3-236-26-7.compute-1.amazonaws.com:8998/batches/0
[2020-12-22 12:54:08,653] {logging_mixin.py:112} INFO - [2020-12-22 12:54:08,652] {batch.py:299} INFO - --------------------------------------------------Full log for batch 0--------------------------------------------------
[2020-12-22 12:54:08,663] {logging_mixin.py:112} INFO - [2020-12-22 12:54:08,663] {base_hook.py:84} INFO - Using connection to: id: livy. Host: http://ec2-3-236-26-7.compute-1.amazonaws.com, Port: 8998, Schema: None, Login: None, Password: None, extra: None
[2020-12-22 12:54:08,664] {logging_mixin.py:112} INFO - [2020-12-22 12:54:08,664] {http_hook.py:136} INFO - Sending 'GET' to url: http://ec2-3-236-26-7.compute-1.amazonaws.com:8998/batches/0/log?from=0&size=100
[2020-12-22 12:54:08,689] {logging_mixin.py:112} INFO - [2020-12-22 12:54:08,688] {batch.py:309} INFO - stdout: 
[2020-12-22 12:54:08,689] {logging_mixin.py:112} INFO - [2020-12-22 12:54:08,689] {batch.py:309} INFO - 2020-12-22 12:53:50,791 WARN util.NativeCodeLoader: Unable to load native-hadoop library for your platform... using builtin-java classes where applicable
[2020-12-22 12:54:08,689] {logging_mixin.py:112} INFO - [2020-12-22 12:54:08,689] {batch.py:309} INFO - python: can't open file '/tmp/airflowtmpqsaf8yls/usr/local/airflow/dist/main.py': [Errno 2] No such file or directory
[2020-12-22 12:54:08,689] {logging_mixin.py:112} INFO - [2020-12-22 12:54:08,689] {batch.py:309} INFO - 2020-12-22 12:53:51,334 INFO util.ShutdownHookManager: Shutdown hook called
[2020-12-22 12:54:08,689] {logging_mixin.py:112} INFO - [2020-12-22 12:54:08,689] {batch.py:309} INFO - 2020-12-22 12:53:51,335 INFO util.ShutdownHookManager: Deleting directory /tmp/spark-ce37c1eb-8ecd-4c12-a3ce-c57f5d7b34ac
[2020-12-22 12:54:08,690] {logging_mixin.py:112} INFO - [2020-12-22 12:54:08,689] {batch.py:309} INFO - 
stderr: 
[2020-12-22 12:54:08,690] {logging_mixin.py:112} INFO - [2020-12-22 12:54:08,690] {batch.py:309} INFO - 
YARN Diagnostics: 
[2020-12-22 12:54:08,690] {logging_mixin.py:112} INFO - [2020-12-22 12:54:08,690] {batch.py:309} INFO - spark-submit start failed
[2020-12-22 12:54:08,690] {logging_mixin.py:112} INFO - [2020-12-22 12:54:08,690] {batch.py:318} INFO - --------------------------------------------------End of full log for batch 0--------------------------------------------------
[2020-12-22 12:54:08,690] {logging_mixin.py:112} INFO - [2020-12-22 12:54:08,690] {batch.py:335} INFO - Closing batch with id = 0
[2020-12-22 12:54:08,701] {logging_mixin.py:112} INFO - [2020-12-22 12:54:08,700] {base_hook.py:84} INFO - Using connection to: id: livy. Host: http://ec2-3-236-26-7.compute-1.amazonaws.com, Port: 8998, Schema: None, Login: None, Password: None, extra: None
[2020-12-22 12:54:08,702] {logging_mixin.py:112} INFO - [2020-12-22 12:54:08,702] {http_hook.py:136} INFO - Sending 'DELETE' to url: http://ec2-3-236-26-7.compute-1.amazonaws.com:8998/batches/0
[2020-12-22 12:54:08,720] {logging_mixin.py:112} INFO - [2020-12-22 12:54:08,720] {batch.py:340} INFO - Batch 0 has been closed
[2020-12-22 12:54:08,732] {taskinstance.py:1128} ERROR - Batch 0 failed with state 'dead'
Traceback (most recent call last):
  File "/opt/bitnami/python/lib/python3.6/site-packages/airflow/models/taskinstance.py", line 966, in _run_raw_task
    result = task_copy.execute(context=context)
  File "/usr/local/airflow/plugins/airflow_livy/batch.py", line 173, in execute
    ).execute(context)
  File "/opt/bitnami/python/lib/python3.6/site-packages/airflow/sensors/base_sensor_operator.py", line 107, in execute
    while not self.poke(context):
  File "/usr/local/airflow/plugins/airflow_livy/batch.py", line 96, in poke
    raise AirflowException(f"Batch {self.batch_id} failed with state '{state}'")
airflow.exceptions.AirflowException: Batch 0 failed with state 'dead'
[2020-12-22 12:54:08,736] {taskinstance.py:1151} INFO - Marking task as UP_FOR_RETRY
[2020-12-22 12:54:13,111] {logging_mixin.py:112} INFO - [2020-12-22 12:54:13,111] {local_task_job.py:103} INFO - Task exited with return code 1
