[2020-12-22 14:08:19,331] {taskinstance.py:655} INFO - Dependencies all met for <TaskInstance: loan_prediction_train_model.preprocess_data 2020-12-22T12:43:23.210460+00:00 [queued]>
[2020-12-22 14:08:19,351] {taskinstance.py:655} INFO - Dependencies all met for <TaskInstance: loan_prediction_train_model.preprocess_data 2020-12-22T12:43:23.210460+00:00 [queued]>
[2020-12-22 14:08:19,354] {taskinstance.py:866} INFO - 
--------------------------------------------------------------------------------
[2020-12-22 14:08:19,357] {taskinstance.py:867} INFO - Starting attempt 40 of 42
[2020-12-22 14:08:19,357] {taskinstance.py:868} INFO - 
--------------------------------------------------------------------------------
[2020-12-22 14:08:19,375] {taskinstance.py:887} INFO - Executing <Task(LivyBatchOperator): preprocess_data> on 2020-12-22T12:43:23.210460+00:00
[2020-12-22 14:08:19,380] {standard_task_runner.py:53} INFO - Started process 57543 to run task
[2020-12-22 14:08:19,452] {logging_mixin.py:112} INFO - Running %s on host %s <TaskInstance: loan_prediction_train_model.preprocess_data 2020-12-22T12:43:23.210460+00:00 [running]> dcb43f18a24b
[2020-12-22 14:08:19,479] {logging_mixin.py:112} INFO - [2020-12-22 14:08:19,478] {batch.py:214} INFO - Submitting the batch to Livy... Payload:
{
  "file": "s3a://alanchn31-loan-default-prediction/dist/main.py",
  "args": [
    "--job",
    "preprocess_data",
    "--phase",
    "train",
    "--mode",
    "aws",
    "--awsKey",
    "AKIAUW4FKHTMR2UR3INH",
    "--awsSecretKey",
    "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",
    "--s3Bucket",
    "alanchn31-loan-default-prediction"
  ],
  "pyFiles": [
    "s3a://alanchn31-loan-default-prediction/dist/src.zip"
  ],
  "name": "preprocess_data_scheduled__2020-12-22T12:43:23.210460+00:00"
}
[2020-12-22 14:08:19,488] {logging_mixin.py:112} INFO - [2020-12-22 14:08:19,487] {base_hook.py:84} INFO - Using connection to: id: livy. Host: http://ec2-3-236-26-7.compute-1.amazonaws.com, Port: 8998, Schema: None, Login: None, Password: None, extra: None
[2020-12-22 14:08:19,491] {logging_mixin.py:112} INFO - [2020-12-22 14:08:19,491] {http_hook.py:136} INFO - Sending 'POST' to url: http://ec2-3-236-26-7.compute-1.amazonaws.com:8998/batches
[2020-12-22 14:08:19,510] {logging_mixin.py:112} INFO - [2020-12-22 14:08:19,510] {batch.py:166} INFO - Batch successfully submitted with id = 36.
[2020-12-22 14:08:19,513] {logging_mixin.py:112} INFO - [2020-12-22 14:08:19,513] {batch.py:80} INFO - Getting batch 36 status...
[2020-12-22 14:08:19,522] {logging_mixin.py:112} INFO - [2020-12-22 14:08:19,521] {base_hook.py:84} INFO - Using connection to: id: livy. Host: http://ec2-3-236-26-7.compute-1.amazonaws.com, Port: 8998, Schema: None, Login: None, Password: None, extra: None
[2020-12-22 14:08:19,525] {logging_mixin.py:112} INFO - [2020-12-22 14:08:19,525] {http_hook.py:136} INFO - Sending 'GET' to url: http://ec2-3-236-26-7.compute-1.amazonaws.com:8998/batches/36
[2020-12-22 14:08:19,534] {logging_mixin.py:112} INFO - [2020-12-22 14:08:19,534] {batch.py:90} INFO - Batch 36 has not finished yet (state is 'starting')
[2020-12-22 14:08:39,554] {logging_mixin.py:112} INFO - [2020-12-22 14:08:39,554] {batch.py:80} INFO - Getting batch 36 status...
[2020-12-22 14:08:39,561] {logging_mixin.py:112} INFO - [2020-12-22 14:08:39,561] {base_hook.py:84} INFO - Using connection to: id: livy. Host: http://ec2-3-236-26-7.compute-1.amazonaws.com, Port: 8998, Schema: None, Login: None, Password: None, extra: None
[2020-12-22 14:08:39,565] {logging_mixin.py:112} INFO - [2020-12-22 14:08:39,565] {http_hook.py:136} INFO - Sending 'GET' to url: http://ec2-3-236-26-7.compute-1.amazonaws.com:8998/batches/36
[2020-12-22 14:08:39,573] {logging_mixin.py:112} INFO - [2020-12-22 14:08:39,573] {batch.py:299} INFO - --------------------------------------------------Full log for batch 36--------------------------------------------------
[2020-12-22 14:08:39,582] {logging_mixin.py:112} INFO - [2020-12-22 14:08:39,582] {base_hook.py:84} INFO - Using connection to: id: livy. Host: http://ec2-3-236-26-7.compute-1.amazonaws.com, Port: 8998, Schema: None, Login: None, Password: None, extra: None
[2020-12-22 14:08:39,585] {logging_mixin.py:112} INFO - [2020-12-22 14:08:39,585] {http_hook.py:136} INFO - Sending 'GET' to url: http://ec2-3-236-26-7.compute-1.amazonaws.com:8998/batches/36/log?from=0&size=100
[2020-12-22 14:08:39,594] {logging_mixin.py:112} INFO - [2020-12-22 14:08:39,593] {batch.py:309} INFO - stdout: 
[2020-12-22 14:08:39,594] {logging_mixin.py:112} INFO - [2020-12-22 14:08:39,594] {batch.py:309} INFO - 2020-12-22 14:08:22,384 WARN util.NativeCodeLoader: Unable to load native-hadoop library for your platform... using builtin-java classes where applicable
[2020-12-22 14:08:39,594] {logging_mixin.py:112} INFO - [2020-12-22 14:08:39,594] {batch.py:309} INFO - Traceback (most recent call last):
[2020-12-22 14:08:39,594] {logging_mixin.py:112} INFO - [2020-12-22 14:08:39,594] {batch.py:309} INFO -   File "/tmp/spark-4bd82ff7-b742-4c40-af78-deea06e96883/main.py", line 86, in <module>
[2020-12-22 14:08:39,594] {logging_mixin.py:112} INFO - [2020-12-22 14:08:39,594] {batch.py:309} INFO -     main()
[2020-12-22 14:08:39,595] {logging_mixin.py:112} INFO - [2020-12-22 14:08:39,594] {batch.py:309} INFO -   File "/tmp/spark-4bd82ff7-b742-4c40-af78-deea06e96883/main.py", line 56, in main
[2020-12-22 14:08:39,595] {logging_mixin.py:112} INFO - [2020-12-22 14:08:39,595] {batch.py:309} INFO -     spark_files_dir = SparkFiles.getRootDirectory()
[2020-12-22 14:08:39,595] {logging_mixin.py:112} INFO - [2020-12-22 14:08:39,595] {batch.py:309} INFO -   File "/usr/spark/python/lib/pyspark.zip/pyspark/files.py", line 59, in getRootDirectory
[2020-12-22 14:08:39,595] {logging_mixin.py:112} INFO - [2020-12-22 14:08:39,595] {batch.py:309} INFO - AttributeError: 'NoneType' object has no attribute '_jvm'
[2020-12-22 14:08:39,595] {logging_mixin.py:112} INFO - [2020-12-22 14:08:39,595] {batch.py:309} INFO - 2020-12-22 14:08:25,279 INFO util.ShutdownHookManager: Shutdown hook called
[2020-12-22 14:08:39,595] {logging_mixin.py:112} INFO - [2020-12-22 14:08:39,595] {batch.py:309} INFO - 2020-12-22 14:08:25,280 INFO util.ShutdownHookManager: Deleting directory /tmp/spark-4bd82ff7-b742-4c40-af78-deea06e96883
[2020-12-22 14:08:39,596] {logging_mixin.py:112} INFO - [2020-12-22 14:08:39,595] {batch.py:309} INFO - 2020-12-22 14:08:25,290 INFO impl.MetricsSystemImpl: Stopping s3a-file-system metrics system...
[2020-12-22 14:08:39,596] {logging_mixin.py:112} INFO - [2020-12-22 14:08:39,596] {batch.py:309} INFO - 2020-12-22 14:08:25,290 INFO impl.MetricsSystemImpl: s3a-file-system metrics system stopped.
[2020-12-22 14:08:39,596] {logging_mixin.py:112} INFO - [2020-12-22 14:08:39,596] {batch.py:309} INFO - 2020-12-22 14:08:25,290 INFO impl.MetricsSystemImpl: s3a-file-system metrics system shutdown complete.
[2020-12-22 14:08:39,596] {logging_mixin.py:112} INFO - [2020-12-22 14:08:39,596] {batch.py:309} INFO - 
stderr: 
[2020-12-22 14:08:39,596] {logging_mixin.py:112} INFO - [2020-12-22 14:08:39,596] {batch.py:309} INFO - 
YARN Diagnostics: 
[2020-12-22 14:08:39,596] {logging_mixin.py:112} INFO - [2020-12-22 14:08:39,596] {batch.py:309} INFO - spark-submit start failed
[2020-12-22 14:08:39,597] {logging_mixin.py:112} INFO - [2020-12-22 14:08:39,597] {batch.py:318} INFO - --------------------------------------------------End of full log for batch 36--------------------------------------------------
[2020-12-22 14:08:39,597] {logging_mixin.py:112} INFO - [2020-12-22 14:08:39,597] {batch.py:335} INFO - Closing batch with id = 36
[2020-12-22 14:08:39,607] {logging_mixin.py:112} INFO - [2020-12-22 14:08:39,607] {base_hook.py:84} INFO - Using connection to: id: livy. Host: http://ec2-3-236-26-7.compute-1.amazonaws.com, Port: 8998, Schema: None, Login: None, Password: None, extra: None
[2020-12-22 14:08:39,608] {logging_mixin.py:112} INFO - [2020-12-22 14:08:39,608] {http_hook.py:136} INFO - Sending 'DELETE' to url: http://ec2-3-236-26-7.compute-1.amazonaws.com:8998/batches/36
[2020-12-22 14:08:39,618] {logging_mixin.py:112} INFO - [2020-12-22 14:08:39,618] {batch.py:340} INFO - Batch 36 has been closed
[2020-12-22 14:08:39,626] {taskinstance.py:1128} ERROR - Batch 36 failed with state 'dead'
Traceback (most recent call last):
  File "/opt/bitnami/python/lib/python3.6/site-packages/airflow/models/taskinstance.py", line 966, in _run_raw_task
    result = task_copy.execute(context=context)
  File "/usr/local/airflow/plugins/airflow_livy/batch.py", line 173, in execute
    ).execute(context)
  File "/opt/bitnami/python/lib/python3.6/site-packages/airflow/sensors/base_sensor_operator.py", line 107, in execute
    while not self.poke(context):
  File "/usr/local/airflow/plugins/airflow_livy/batch.py", line 96, in poke
    raise AirflowException(f"Batch {self.batch_id} failed with state '{state}'")
airflow.exceptions.AirflowException: Batch 36 failed with state 'dead'
[2020-12-22 14:08:39,628] {taskinstance.py:1151} INFO - Marking task as UP_FOR_RETRY
[2020-12-22 14:08:44,379] {logging_mixin.py:112} INFO - [2020-12-22 14:08:44,378] {local_task_job.py:103} INFO - Task exited with return code 1
