[2020-12-22 14:09:42,596] {taskinstance.py:655} INFO - Dependencies all met for <TaskInstance: loan_prediction_train_model.preprocess_data 2020-12-22T12:43:23.210460+00:00 [queued]>
[2020-12-22 14:09:42,611] {taskinstance.py:655} INFO - Dependencies all met for <TaskInstance: loan_prediction_train_model.preprocess_data 2020-12-22T12:43:23.210460+00:00 [queued]>
[2020-12-22 14:09:42,611] {taskinstance.py:866} INFO - 
--------------------------------------------------------------------------------
[2020-12-22 14:09:42,611] {taskinstance.py:867} INFO - Starting attempt 41 of 42
[2020-12-22 14:09:42,611] {taskinstance.py:868} INFO - 
--------------------------------------------------------------------------------
[2020-12-22 14:09:42,627] {taskinstance.py:887} INFO - Executing <Task(LivyBatchOperator): preprocess_data> on 2020-12-22T12:43:23.210460+00:00
[2020-12-22 14:09:42,631] {standard_task_runner.py:53} INFO - Started process 57987 to run task
[2020-12-22 14:09:42,693] {logging_mixin.py:112} INFO - Running %s on host %s <TaskInstance: loan_prediction_train_model.preprocess_data 2020-12-22T12:43:23.210460+00:00 [running]> dcb43f18a24b
[2020-12-22 14:09:42,718] {logging_mixin.py:112} INFO - [2020-12-22 14:09:42,718] {batch.py:214} INFO - Submitting the batch to Livy... Payload:
{
  "file": "s3a://alanchn31-loan-default-prediction/dist/main.py",
  "args": [
    "--job",
    "preprocess_data",
    "--phase",
    "train",
    "--mode",
    "aws",
    "--awsKey",
    "AKIAUW4FKHTMR2UR3INH",
    "--awsSecretKey",
    "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",
    "--s3Bucket",
    "alanchn31-loan-default-prediction"
  ],
  "pyFiles": [
    "s3a://alanchn31-loan-default-prediction/dist/src.zip"
  ],
  "name": "preprocess_data_scheduled__2020-12-22T12:43:23.210460+00:00"
}
[2020-12-22 14:09:42,728] {logging_mixin.py:112} INFO - [2020-12-22 14:09:42,727] {base_hook.py:84} INFO - Using connection to: id: livy. Host: http://ec2-3-236-26-7.compute-1.amazonaws.com, Port: 8998, Schema: None, Login: None, Password: None, extra: None
[2020-12-22 14:09:42,731] {logging_mixin.py:112} INFO - [2020-12-22 14:09:42,731] {http_hook.py:136} INFO - Sending 'POST' to url: http://ec2-3-236-26-7.compute-1.amazonaws.com:8998/batches
[2020-12-22 14:09:42,749] {logging_mixin.py:112} INFO - [2020-12-22 14:09:42,749] {batch.py:166} INFO - Batch successfully submitted with id = 37.
[2020-12-22 14:09:42,752] {logging_mixin.py:112} INFO - [2020-12-22 14:09:42,752] {batch.py:80} INFO - Getting batch 37 status...
[2020-12-22 14:09:42,761] {logging_mixin.py:112} INFO - [2020-12-22 14:09:42,760] {base_hook.py:84} INFO - Using connection to: id: livy. Host: http://ec2-3-236-26-7.compute-1.amazonaws.com, Port: 8998, Schema: None, Login: None, Password: None, extra: None
[2020-12-22 14:09:42,763] {logging_mixin.py:112} INFO - [2020-12-22 14:09:42,763] {http_hook.py:136} INFO - Sending 'GET' to url: http://ec2-3-236-26-7.compute-1.amazonaws.com:8998/batches/37
[2020-12-22 14:09:42,770] {logging_mixin.py:112} INFO - [2020-12-22 14:09:42,769] {batch.py:90} INFO - Batch 37 has not finished yet (state is 'starting')
[2020-12-22 14:10:02,790] {logging_mixin.py:112} INFO - [2020-12-22 14:10:02,790] {batch.py:80} INFO - Getting batch 37 status...
[2020-12-22 14:10:02,797] {logging_mixin.py:112} INFO - [2020-12-22 14:10:02,797] {base_hook.py:84} INFO - Using connection to: id: livy. Host: http://ec2-3-236-26-7.compute-1.amazonaws.com, Port: 8998, Schema: None, Login: None, Password: None, extra: None
[2020-12-22 14:10:02,799] {logging_mixin.py:112} INFO - [2020-12-22 14:10:02,799] {http_hook.py:136} INFO - Sending 'GET' to url: http://ec2-3-236-26-7.compute-1.amazonaws.com:8998/batches/37
[2020-12-22 14:10:02,806] {logging_mixin.py:112} INFO - [2020-12-22 14:10:02,806] {batch.py:299} INFO - --------------------------------------------------Full log for batch 37--------------------------------------------------
[2020-12-22 14:10:02,816] {logging_mixin.py:112} INFO - [2020-12-22 14:10:02,816] {base_hook.py:84} INFO - Using connection to: id: livy. Host: http://ec2-3-236-26-7.compute-1.amazonaws.com, Port: 8998, Schema: None, Login: None, Password: None, extra: None
[2020-12-22 14:10:02,820] {logging_mixin.py:112} INFO - [2020-12-22 14:10:02,820] {http_hook.py:136} INFO - Sending 'GET' to url: http://ec2-3-236-26-7.compute-1.amazonaws.com:8998/batches/37/log?from=0&size=100
[2020-12-22 14:10:02,826] {logging_mixin.py:112} INFO - [2020-12-22 14:10:02,826] {batch.py:309} INFO - stdout: 
[2020-12-22 14:10:02,826] {logging_mixin.py:112} INFO - [2020-12-22 14:10:02,826] {batch.py:309} INFO - 2020-12-22 14:09:44,501 WARN util.NativeCodeLoader: Unable to load native-hadoop library for your platform... using builtin-java classes where applicable
[2020-12-22 14:10:02,827] {logging_mixin.py:112} INFO - [2020-12-22 14:10:02,826] {batch.py:309} INFO - Traceback (most recent call last):
[2020-12-22 14:10:02,827] {logging_mixin.py:112} INFO - [2020-12-22 14:10:02,827] {batch.py:309} INFO -   File "/tmp/spark-114c84bc-eb09-41db-a625-475b3f0abf93/main.py", line 86, in <module>
[2020-12-22 14:10:02,827] {logging_mixin.py:112} INFO - [2020-12-22 14:10:02,827] {batch.py:309} INFO -     main()
[2020-12-22 14:10:02,827] {logging_mixin.py:112} INFO - [2020-12-22 14:10:02,827] {batch.py:309} INFO -   File "/tmp/spark-114c84bc-eb09-41db-a625-475b3f0abf93/main.py", line 56, in main
[2020-12-22 14:10:02,827] {logging_mixin.py:112} INFO - [2020-12-22 14:10:02,827] {batch.py:309} INFO -     spark_files_dir = SparkFiles.getRootDirectory()
[2020-12-22 14:10:02,830] {logging_mixin.py:112} INFO - [2020-12-22 14:10:02,830] {batch.py:309} INFO -   File "/usr/spark/python/lib/pyspark.zip/pyspark/files.py", line 59, in getRootDirectory
[2020-12-22 14:10:02,830] {logging_mixin.py:112} INFO - [2020-12-22 14:10:02,830] {batch.py:309} INFO - AttributeError: 'NoneType' object has no attribute '_jvm'
[2020-12-22 14:10:02,831] {logging_mixin.py:112} INFO - [2020-12-22 14:10:02,831] {batch.py:309} INFO - 2020-12-22 14:09:48,239 INFO util.ShutdownHookManager: Shutdown hook called
[2020-12-22 14:10:02,831] {logging_mixin.py:112} INFO - [2020-12-22 14:10:02,831] {batch.py:309} INFO - 2020-12-22 14:09:48,240 INFO util.ShutdownHookManager: Deleting directory /tmp/spark-114c84bc-eb09-41db-a625-475b3f0abf93
[2020-12-22 14:10:02,831] {logging_mixin.py:112} INFO - [2020-12-22 14:10:02,831] {batch.py:309} INFO - 2020-12-22 14:09:48,253 INFO impl.MetricsSystemImpl: Stopping s3a-file-system metrics system...
[2020-12-22 14:10:02,831] {logging_mixin.py:112} INFO - [2020-12-22 14:10:02,831] {batch.py:309} INFO - 2020-12-22 14:09:48,254 INFO impl.MetricsSystemImpl: s3a-file-system metrics system stopped.
[2020-12-22 14:10:02,831] {logging_mixin.py:112} INFO - [2020-12-22 14:10:02,831] {batch.py:309} INFO - 2020-12-22 14:09:48,254 INFO impl.MetricsSystemImpl: s3a-file-system metrics system shutdown complete.
[2020-12-22 14:10:02,832] {logging_mixin.py:112} INFO - [2020-12-22 14:10:02,832] {batch.py:309} INFO - 
stderr: 
[2020-12-22 14:10:02,832] {logging_mixin.py:112} INFO - [2020-12-22 14:10:02,832] {batch.py:309} INFO - 
YARN Diagnostics: 
[2020-12-22 14:10:02,832] {logging_mixin.py:112} INFO - [2020-12-22 14:10:02,832] {batch.py:309} INFO - spark-submit start failed
[2020-12-22 14:10:02,832] {logging_mixin.py:112} INFO - [2020-12-22 14:10:02,832] {batch.py:318} INFO - --------------------------------------------------End of full log for batch 37--------------------------------------------------
[2020-12-22 14:10:02,832] {logging_mixin.py:112} INFO - [2020-12-22 14:10:02,832] {batch.py:335} INFO - Closing batch with id = 37
[2020-12-22 14:10:02,839] {logging_mixin.py:112} INFO - [2020-12-22 14:10:02,839] {base_hook.py:84} INFO - Using connection to: id: livy. Host: http://ec2-3-236-26-7.compute-1.amazonaws.com, Port: 8998, Schema: None, Login: None, Password: None, extra: None
[2020-12-22 14:10:02,840] {logging_mixin.py:112} INFO - [2020-12-22 14:10:02,840] {http_hook.py:136} INFO - Sending 'DELETE' to url: http://ec2-3-236-26-7.compute-1.amazonaws.com:8998/batches/37
[2020-12-22 14:10:02,847] {logging_mixin.py:112} INFO - [2020-12-22 14:10:02,847] {batch.py:340} INFO - Batch 37 has been closed
[2020-12-22 14:10:02,855] {taskinstance.py:1128} ERROR - Batch 37 failed with state 'dead'
Traceback (most recent call last):
  File "/opt/bitnami/python/lib/python3.6/site-packages/airflow/models/taskinstance.py", line 966, in _run_raw_task
    result = task_copy.execute(context=context)
  File "/usr/local/airflow/plugins/airflow_livy/batch.py", line 173, in execute
    ).execute(context)
  File "/opt/bitnami/python/lib/python3.6/site-packages/airflow/sensors/base_sensor_operator.py", line 107, in execute
    while not self.poke(context):
  File "/usr/local/airflow/plugins/airflow_livy/batch.py", line 96, in poke
    raise AirflowException(f"Batch {self.batch_id} failed with state '{state}'")
airflow.exceptions.AirflowException: Batch 37 failed with state 'dead'
[2020-12-22 14:10:02,859] {taskinstance.py:1151} INFO - Marking task as UP_FOR_RETRY
[2020-12-22 14:10:07,674] {logging_mixin.py:112} INFO - [2020-12-22 14:10:07,674] {local_task_job.py:103} INFO - Task exited with return code 1
