[2020-12-22 14:16:17,004] {taskinstance.py:655} INFO - Dependencies all met for <TaskInstance: loan_prediction_train_model.preprocess_data 2020-12-22T12:43:23.210460+00:00 [queued]>
[2020-12-22 14:16:17,020] {taskinstance.py:655} INFO - Dependencies all met for <TaskInstance: loan_prediction_train_model.preprocess_data 2020-12-22T12:43:23.210460+00:00 [queued]>
[2020-12-22 14:16:17,022] {taskinstance.py:866} INFO - 
--------------------------------------------------------------------------------
[2020-12-22 14:16:17,022] {taskinstance.py:867} INFO - Starting attempt 44 of 48
[2020-12-22 14:16:17,022] {taskinstance.py:868} INFO - 
--------------------------------------------------------------------------------
[2020-12-22 14:16:17,035] {taskinstance.py:887} INFO - Executing <Task(LivyBatchOperator): preprocess_data> on 2020-12-22T12:43:23.210460+00:00
[2020-12-22 14:16:17,038] {standard_task_runner.py:53} INFO - Started process 60078 to run task
[2020-12-22 14:16:17,101] {logging_mixin.py:112} INFO - Running %s on host %s <TaskInstance: loan_prediction_train_model.preprocess_data 2020-12-22T12:43:23.210460+00:00 [running]> dcb43f18a24b
[2020-12-22 14:16:17,127] {logging_mixin.py:112} INFO - [2020-12-22 14:16:17,127] {batch.py:214} INFO - Submitting the batch to Livy... Payload:
{
  "file": "s3a://alanchn31-loan-default-prediction/dist/main.py",
  "args": [
    "--job",
    "preprocess_data",
    "--phase",
    "train",
    "--mode",
    "aws",
    "--awsKey",
    "AKIAUW4FKHTMR2UR3INH",
    "--awsSecretKey",
    "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",
    "--s3Bucket",
    "alanchn31-loan-default-prediction"
  ],
  "pyFiles": [
    "s3a://alanchn31-loan-default-prediction/dist/src.zip"
  ],
  "name": "preprocess_data_scheduled__2020-12-22T12:43:23.210460+00:00"
}
[2020-12-22 14:16:17,137] {logging_mixin.py:112} INFO - [2020-12-22 14:16:17,136] {base_hook.py:84} INFO - Using connection to: id: livy. Host: http://ec2-3-236-26-7.compute-1.amazonaws.com, Port: 8998, Schema: None, Login: None, Password: None, extra: None
[2020-12-22 14:16:17,140] {logging_mixin.py:112} INFO - [2020-12-22 14:16:17,140] {http_hook.py:136} INFO - Sending 'POST' to url: http://ec2-3-236-26-7.compute-1.amazonaws.com:8998/batches
[2020-12-22 14:16:17,159] {logging_mixin.py:112} INFO - [2020-12-22 14:16:17,159] {batch.py:166} INFO - Batch successfully submitted with id = 40.
[2020-12-22 14:16:17,162] {logging_mixin.py:112} INFO - [2020-12-22 14:16:17,162] {batch.py:80} INFO - Getting batch 40 status...
[2020-12-22 14:16:17,173] {logging_mixin.py:112} INFO - [2020-12-22 14:16:17,172] {base_hook.py:84} INFO - Using connection to: id: livy. Host: http://ec2-3-236-26-7.compute-1.amazonaws.com, Port: 8998, Schema: None, Login: None, Password: None, extra: None
[2020-12-22 14:16:17,175] {logging_mixin.py:112} INFO - [2020-12-22 14:16:17,175] {http_hook.py:136} INFO - Sending 'GET' to url: http://ec2-3-236-26-7.compute-1.amazonaws.com:8998/batches/40
[2020-12-22 14:16:17,185] {logging_mixin.py:112} INFO - [2020-12-22 14:16:17,185] {batch.py:90} INFO - Batch 40 has not finished yet (state is 'starting')
[2020-12-22 14:16:37,214] {logging_mixin.py:112} INFO - [2020-12-22 14:16:37,214] {batch.py:80} INFO - Getting batch 40 status...
[2020-12-22 14:16:37,221] {logging_mixin.py:112} INFO - [2020-12-22 14:16:37,221] {base_hook.py:84} INFO - Using connection to: id: livy. Host: http://ec2-3-236-26-7.compute-1.amazonaws.com, Port: 8998, Schema: None, Login: None, Password: None, extra: None
[2020-12-22 14:16:37,223] {logging_mixin.py:112} INFO - [2020-12-22 14:16:37,223] {http_hook.py:136} INFO - Sending 'GET' to url: http://ec2-3-236-26-7.compute-1.amazonaws.com:8998/batches/40
[2020-12-22 14:16:37,231] {logging_mixin.py:112} INFO - [2020-12-22 14:16:37,231] {batch.py:299} INFO - --------------------------------------------------Full log for batch 40--------------------------------------------------
[2020-12-22 14:16:37,239] {logging_mixin.py:112} INFO - [2020-12-22 14:16:37,239] {base_hook.py:84} INFO - Using connection to: id: livy. Host: http://ec2-3-236-26-7.compute-1.amazonaws.com, Port: 8998, Schema: None, Login: None, Password: None, extra: None
[2020-12-22 14:16:37,243] {logging_mixin.py:112} INFO - [2020-12-22 14:16:37,242] {http_hook.py:136} INFO - Sending 'GET' to url: http://ec2-3-236-26-7.compute-1.amazonaws.com:8998/batches/40/log?from=0&size=100
[2020-12-22 14:16:37,250] {logging_mixin.py:112} INFO - [2020-12-22 14:16:37,250] {batch.py:309} INFO - stdout: 
[2020-12-22 14:16:37,250] {logging_mixin.py:112} INFO - [2020-12-22 14:16:37,250] {batch.py:309} INFO - 2020-12-22 14:16:18,909 WARN util.NativeCodeLoader: Unable to load native-hadoop library for your platform... using builtin-java classes where applicable
[2020-12-22 14:16:37,250] {logging_mixin.py:112} INFO - [2020-12-22 14:16:37,250] {batch.py:309} INFO - Traceback (most recent call last):
[2020-12-22 14:16:37,251] {logging_mixin.py:112} INFO - [2020-12-22 14:16:37,251] {batch.py:309} INFO -   File "/tmp/spark-62312150-1d7f-45ff-ad15-ac5aa19fe321/main.py", line 87, in <module>
[2020-12-22 14:16:37,251] {logging_mixin.py:112} INFO - [2020-12-22 14:16:37,251] {batch.py:309} INFO -     main()
[2020-12-22 14:16:37,251] {logging_mixin.py:112} INFO - [2020-12-22 14:16:37,251] {batch.py:309} INFO -   File "/tmp/spark-62312150-1d7f-45ff-ad15-ac5aa19fe321/main.py", line 59, in main
[2020-12-22 14:16:37,251] {logging_mixin.py:112} INFO - [2020-12-22 14:16:37,251] {batch.py:309} INFO -     for filename in listdir(ROOT_DIR)
[2020-12-22 14:16:37,252] {logging_mixin.py:112} INFO - [2020-12-22 14:16:37,252] {batch.py:309} INFO - NameError: name 'listdir' is not defined
[2020-12-22 14:16:37,252] {logging_mixin.py:112} INFO - [2020-12-22 14:16:37,252] {batch.py:309} INFO - 2020-12-22 14:16:21,922 INFO util.ShutdownHookManager: Shutdown hook called
[2020-12-22 14:16:37,252] {logging_mixin.py:112} INFO - [2020-12-22 14:16:37,252] {batch.py:309} INFO - 2020-12-22 14:16:21,924 INFO util.ShutdownHookManager: Deleting directory /tmp/spark-62312150-1d7f-45ff-ad15-ac5aa19fe321
[2020-12-22 14:16:37,252] {logging_mixin.py:112} INFO - [2020-12-22 14:16:37,252] {batch.py:309} INFO - 2020-12-22 14:16:21,929 INFO impl.MetricsSystemImpl: Stopping s3a-file-system metrics system...
[2020-12-22 14:16:37,253] {logging_mixin.py:112} INFO - [2020-12-22 14:16:37,252] {batch.py:309} INFO - 2020-12-22 14:16:21,930 INFO impl.MetricsSystemImpl: s3a-file-system metrics system stopped.
[2020-12-22 14:16:37,253] {logging_mixin.py:112} INFO - [2020-12-22 14:16:37,253] {batch.py:309} INFO - 2020-12-22 14:16:21,930 INFO impl.MetricsSystemImpl: s3a-file-system metrics system shutdown complete.
[2020-12-22 14:16:37,253] {logging_mixin.py:112} INFO - [2020-12-22 14:16:37,253] {batch.py:309} INFO - 
stderr: 
[2020-12-22 14:16:37,253] {logging_mixin.py:112} INFO - [2020-12-22 14:16:37,253] {batch.py:309} INFO - 
YARN Diagnostics: 
[2020-12-22 14:16:37,253] {logging_mixin.py:112} INFO - [2020-12-22 14:16:37,253] {batch.py:309} INFO - spark-submit start failed
[2020-12-22 14:16:37,254] {logging_mixin.py:112} INFO - [2020-12-22 14:16:37,254] {batch.py:318} INFO - --------------------------------------------------End of full log for batch 40--------------------------------------------------
[2020-12-22 14:16:37,254] {logging_mixin.py:112} INFO - [2020-12-22 14:16:37,254] {batch.py:335} INFO - Closing batch with id = 40
[2020-12-22 14:16:37,266] {logging_mixin.py:112} INFO - [2020-12-22 14:16:37,266] {base_hook.py:84} INFO - Using connection to: id: livy. Host: http://ec2-3-236-26-7.compute-1.amazonaws.com, Port: 8998, Schema: None, Login: None, Password: None, extra: None
[2020-12-22 14:16:37,267] {logging_mixin.py:112} INFO - [2020-12-22 14:16:37,267] {http_hook.py:136} INFO - Sending 'DELETE' to url: http://ec2-3-236-26-7.compute-1.amazonaws.com:8998/batches/40
[2020-12-22 14:16:37,275] {logging_mixin.py:112} INFO - [2020-12-22 14:16:37,274] {batch.py:340} INFO - Batch 40 has been closed
[2020-12-22 14:16:37,284] {taskinstance.py:1128} ERROR - Batch 40 failed with state 'dead'
Traceback (most recent call last):
  File "/opt/bitnami/python/lib/python3.6/site-packages/airflow/models/taskinstance.py", line 966, in _run_raw_task
    result = task_copy.execute(context=context)
  File "/usr/local/airflow/plugins/airflow_livy/batch.py", line 173, in execute
    ).execute(context)
  File "/opt/bitnami/python/lib/python3.6/site-packages/airflow/sensors/base_sensor_operator.py", line 107, in execute
    while not self.poke(context):
  File "/usr/local/airflow/plugins/airflow_livy/batch.py", line 96, in poke
    raise AirflowException(f"Batch {self.batch_id} failed with state '{state}'")
airflow.exceptions.AirflowException: Batch 40 failed with state 'dead'
[2020-12-22 14:16:37,286] {taskinstance.py:1151} INFO - Marking task as UP_FOR_RETRY
[2020-12-22 14:16:42,048] {logging_mixin.py:112} INFO - [2020-12-22 14:16:42,047] {local_task_job.py:103} INFO - Task exited with return code 1
