[2020-12-22 14:23:39,472] {taskinstance.py:655} INFO - Dependencies all met for <TaskInstance: loan_prediction_train_model.preprocess_data 2020-12-22T12:43:23.210460+00:00 [queued]>
[2020-12-22 14:23:39,487] {taskinstance.py:655} INFO - Dependencies all met for <TaskInstance: loan_prediction_train_model.preprocess_data 2020-12-22T12:43:23.210460+00:00 [queued]>
[2020-12-22 14:23:39,487] {taskinstance.py:866} INFO - 
--------------------------------------------------------------------------------
[2020-12-22 14:23:39,487] {taskinstance.py:867} INFO - Starting attempt 49 of 54
[2020-12-22 14:23:39,487] {taskinstance.py:868} INFO - 
--------------------------------------------------------------------------------
[2020-12-22 14:23:39,503] {taskinstance.py:887} INFO - Executing <Task(LivyBatchOperator): preprocess_data> on 2020-12-22T12:43:23.210460+00:00
[2020-12-22 14:23:39,506] {standard_task_runner.py:53} INFO - Started process 62429 to run task
[2020-12-22 14:23:39,571] {logging_mixin.py:112} INFO - Running %s on host %s <TaskInstance: loan_prediction_train_model.preprocess_data 2020-12-22T12:43:23.210460+00:00 [running]> dcb43f18a24b
[2020-12-22 14:23:39,597] {logging_mixin.py:112} INFO - [2020-12-22 14:23:39,597] {batch.py:214} INFO - Submitting the batch to Livy... Payload:
{
  "file": "s3a://alanchn31-loan-default-prediction/dist/main.py",
  "args": [
    "--job",
    "preprocess_data",
    "--phase",
    "train",
    "--mode",
    "aws",
    "--awsKey",
    "AKIAUW4FKHTMR2UR3INH",
    "--awsSecretKey",
    "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",
    "--s3Bucket",
    "alanchn31-loan-default-prediction"
  ],
  "pyFiles": [
    "s3a://alanchn31-loan-default-prediction/dist/src.zip"
  ],
  "name": "preprocess_data_scheduled__2020-12-22T12:43:23.210460+00:00"
}
[2020-12-22 14:23:39,607] {logging_mixin.py:112} INFO - [2020-12-22 14:23:39,606] {base_hook.py:84} INFO - Using connection to: id: livy. Host: http://ec2-3-236-26-7.compute-1.amazonaws.com, Port: 8998, Schema: None, Login: None, Password: None, extra: None
[2020-12-22 14:23:39,610] {logging_mixin.py:112} INFO - [2020-12-22 14:23:39,610] {http_hook.py:136} INFO - Sending 'POST' to url: http://ec2-3-236-26-7.compute-1.amazonaws.com:8998/batches
[2020-12-22 14:23:39,636] {logging_mixin.py:112} INFO - [2020-12-22 14:23:39,636] {batch.py:166} INFO - Batch successfully submitted with id = 45.
[2020-12-22 14:23:39,639] {logging_mixin.py:112} INFO - [2020-12-22 14:23:39,639] {batch.py:80} INFO - Getting batch 45 status...
[2020-12-22 14:23:39,651] {logging_mixin.py:112} INFO - [2020-12-22 14:23:39,651] {base_hook.py:84} INFO - Using connection to: id: livy. Host: http://ec2-3-236-26-7.compute-1.amazonaws.com, Port: 8998, Schema: None, Login: None, Password: None, extra: None
[2020-12-22 14:23:39,654] {logging_mixin.py:112} INFO - [2020-12-22 14:23:39,654] {http_hook.py:136} INFO - Sending 'GET' to url: http://ec2-3-236-26-7.compute-1.amazonaws.com:8998/batches/45
[2020-12-22 14:23:39,662] {logging_mixin.py:112} INFO - [2020-12-22 14:23:39,661] {batch.py:90} INFO - Batch 45 has not finished yet (state is 'starting')
[2020-12-22 14:23:59,681] {logging_mixin.py:112} INFO - [2020-12-22 14:23:59,681] {batch.py:80} INFO - Getting batch 45 status...
[2020-12-22 14:23:59,689] {logging_mixin.py:112} INFO - [2020-12-22 14:23:59,688] {base_hook.py:84} INFO - Using connection to: id: livy. Host: http://ec2-3-236-26-7.compute-1.amazonaws.com, Port: 8998, Schema: None, Login: None, Password: None, extra: None
[2020-12-22 14:23:59,691] {logging_mixin.py:112} INFO - [2020-12-22 14:23:59,691] {http_hook.py:136} INFO - Sending 'GET' to url: http://ec2-3-236-26-7.compute-1.amazonaws.com:8998/batches/45
[2020-12-22 14:23:59,699] {logging_mixin.py:112} INFO - [2020-12-22 14:23:59,699] {batch.py:299} INFO - --------------------------------------------------Full log for batch 45--------------------------------------------------
[2020-12-22 14:23:59,714] {logging_mixin.py:112} INFO - [2020-12-22 14:23:59,714] {base_hook.py:84} INFO - Using connection to: id: livy. Host: http://ec2-3-236-26-7.compute-1.amazonaws.com, Port: 8998, Schema: None, Login: None, Password: None, extra: None
[2020-12-22 14:23:59,717] {logging_mixin.py:112} INFO - [2020-12-22 14:23:59,717] {http_hook.py:136} INFO - Sending 'GET' to url: http://ec2-3-236-26-7.compute-1.amazonaws.com:8998/batches/45/log?from=0&size=100
[2020-12-22 14:23:59,728] {logging_mixin.py:112} INFO - [2020-12-22 14:23:59,728] {batch.py:309} INFO - stdout: 
[2020-12-22 14:23:59,729] {logging_mixin.py:112} INFO - [2020-12-22 14:23:59,728] {batch.py:309} INFO - 2020-12-22 14:23:44,773 INFO spark.SecurityManager: Changing modify acls to: root
[2020-12-22 14:23:59,729] {logging_mixin.py:112} INFO - [2020-12-22 14:23:59,729] {batch.py:309} INFO - 2020-12-22 14:23:44,774 INFO spark.SecurityManager: Changing view acls groups to: 
[2020-12-22 14:23:59,729] {logging_mixin.py:112} INFO - [2020-12-22 14:23:59,729] {batch.py:309} INFO - 2020-12-22 14:23:44,774 INFO spark.SecurityManager: Changing modify acls groups to: 
[2020-12-22 14:23:59,729] {logging_mixin.py:112} INFO - [2020-12-22 14:23:59,729] {batch.py:309} INFO - 2020-12-22 14:23:44,774 INFO spark.SecurityManager: SecurityManager: authentication disabled; ui acls disabled; users  with view permissions: Set(root); groups with view permissions: Set(); users  with modify permissions: Set(root); groups with modify permissions: Set()
[2020-12-22 14:23:59,729] {logging_mixin.py:112} INFO - [2020-12-22 14:23:59,729] {batch.py:309} INFO - 2020-12-22 14:23:45,205 INFO util.Utils: Successfully started service 'sparkDriver' on port 7001.
[2020-12-22 14:23:59,730] {logging_mixin.py:112} INFO - [2020-12-22 14:23:59,729] {batch.py:309} INFO - 2020-12-22 14:23:45,244 INFO spark.SparkEnv: Registering MapOutputTracker
[2020-12-22 14:23:59,730] {logging_mixin.py:112} INFO - [2020-12-22 14:23:59,730] {batch.py:309} INFO - 2020-12-22 14:23:45,274 INFO spark.SparkEnv: Registering BlockManagerMaster
[2020-12-22 14:23:59,730] {logging_mixin.py:112} INFO - [2020-12-22 14:23:59,730] {batch.py:309} INFO - 2020-12-22 14:23:45,278 INFO storage.BlockManagerMasterEndpoint: Using org.apache.spark.storage.DefaultTopologyMapper for getting topology information
[2020-12-22 14:23:59,730] {logging_mixin.py:112} INFO - [2020-12-22 14:23:59,730] {batch.py:309} INFO - 2020-12-22 14:23:45,278 INFO storage.BlockManagerMasterEndpoint: BlockManagerMasterEndpoint up
[2020-12-22 14:23:59,730] {logging_mixin.py:112} INFO - [2020-12-22 14:23:59,730] {batch.py:309} INFO - 2020-12-22 14:23:45,293 INFO storage.DiskBlockManager: Created local directory at /tmp/blockmgr-4755ba4c-03c5-40d0-b1e4-a9afa480e623
[2020-12-22 14:23:59,730] {logging_mixin.py:112} INFO - [2020-12-22 14:23:59,730] {batch.py:309} INFO - 2020-12-22 14:23:45,313 INFO memory.MemoryStore: MemoryStore started with capacity 366.3 MB
[2020-12-22 14:23:59,731] {logging_mixin.py:112} INFO - [2020-12-22 14:23:59,731] {batch.py:309} INFO - 2020-12-22 14:23:45,386 INFO spark.SparkEnv: Registering OutputCommitCoordinator
[2020-12-22 14:23:59,731] {logging_mixin.py:112} INFO - [2020-12-22 14:23:59,731] {batch.py:309} INFO - 2020-12-22 14:23:45,476 INFO util.log: Logging initialized @5640ms
[2020-12-22 14:23:59,731] {logging_mixin.py:112} INFO - [2020-12-22 14:23:59,731] {batch.py:309} INFO - 2020-12-22 14:23:45,547 INFO server.Server: jetty-9.3.z-SNAPSHOT, build timestamp: 2018-06-05T17:11:56Z, git hash: 84205aa28f11a4f31f2a3b86d1bba2cc8ab69827
[2020-12-22 14:23:59,731] {logging_mixin.py:112} INFO - [2020-12-22 14:23:59,731] {batch.py:309} INFO - 2020-12-22 14:23:45,565 INFO server.Server: Started @5730ms
[2020-12-22 14:23:59,731] {logging_mixin.py:112} INFO - [2020-12-22 14:23:59,731] {batch.py:309} INFO - 2020-12-22 14:23:45,584 INFO server.AbstractConnector: Started ServerConnector@7ed01700{HTTP/1.1,[http/1.1]}{0.0.0.0:4040}
[2020-12-22 14:23:59,731] {logging_mixin.py:112} INFO - [2020-12-22 14:23:59,731] {batch.py:309} INFO - 2020-12-22 14:23:45,584 INFO util.Utils: Successfully started service 'SparkUI' on port 4040.
[2020-12-22 14:23:59,732] {logging_mixin.py:112} INFO - [2020-12-22 14:23:59,731] {batch.py:309} INFO - 2020-12-22 14:23:45,611 INFO handler.ContextHandler: Started o.s.j.s.ServletContextHandler@330254b9{/jobs,null,AVAILABLE,@Spark}
[2020-12-22 14:23:59,732] {logging_mixin.py:112} INFO - [2020-12-22 14:23:59,732] {batch.py:309} INFO - 2020-12-22 14:23:45,612 INFO handler.ContextHandler: Started o.s.j.s.ServletContextHandler@7aa16a24{/jobs/json,null,AVAILABLE,@Spark}
[2020-12-22 14:23:59,732] {logging_mixin.py:112} INFO - [2020-12-22 14:23:59,732] {batch.py:309} INFO - 2020-12-22 14:23:45,613 INFO handler.ContextHandler: Started o.s.j.s.ServletContextHandler@b8db091{/jobs/job,null,AVAILABLE,@Spark}
[2020-12-22 14:23:59,732] {logging_mixin.py:112} INFO - [2020-12-22 14:23:59,732] {batch.py:309} INFO - 2020-12-22 14:23:45,614 INFO handler.ContextHandler: Started o.s.j.s.ServletContextHandler@e683a51{/jobs/job/json,null,AVAILABLE,@Spark}
[2020-12-22 14:23:59,732] {logging_mixin.py:112} INFO - [2020-12-22 14:23:59,732] {batch.py:309} INFO - 2020-12-22 14:23:45,614 INFO handler.ContextHandler: Started o.s.j.s.ServletContextHandler@52cacd9d{/stages,null,AVAILABLE,@Spark}
[2020-12-22 14:23:59,733] {logging_mixin.py:112} INFO - [2020-12-22 14:23:59,732] {batch.py:309} INFO - 2020-12-22 14:23:45,615 INFO handler.ContextHandler: Started o.s.j.s.ServletContextHandler@23cb7daa{/stages/json,null,AVAILABLE,@Spark}
[2020-12-22 14:23:59,733] {logging_mixin.py:112} INFO - [2020-12-22 14:23:59,733] {batch.py:309} INFO - 2020-12-22 14:23:45,616 INFO handler.ContextHandler: Started o.s.j.s.ServletContextHandler@4524587a{/stages/stage,null,AVAILABLE,@Spark}
[2020-12-22 14:23:59,733] {logging_mixin.py:112} INFO - [2020-12-22 14:23:59,733] {batch.py:309} INFO - 2020-12-22 14:23:45,617 INFO handler.ContextHandler: Started o.s.j.s.ServletContextHandler@762dd096{/stages/stage/json,null,AVAILABLE,@Spark}
[2020-12-22 14:23:59,733] {logging_mixin.py:112} INFO - [2020-12-22 14:23:59,733] {batch.py:309} INFO - 2020-12-22 14:23:45,618 INFO handler.ContextHandler: Started o.s.j.s.ServletContextHandler@11adb1a1{/stages/pool,null,AVAILABLE,@Spark}
[2020-12-22 14:23:59,733] {logging_mixin.py:112} INFO - [2020-12-22 14:23:59,733] {batch.py:309} INFO - 2020-12-22 14:23:45,619 INFO handler.ContextHandler: Started o.s.j.s.ServletContextHandler@113d9319{/stages/pool/json,null,AVAILABLE,@Spark}
[2020-12-22 14:23:59,734] {logging_mixin.py:112} INFO - [2020-12-22 14:23:59,733] {batch.py:309} INFO - 2020-12-22 14:23:45,620 INFO handler.ContextHandler: Started o.s.j.s.ServletContextHandler@1888643{/storage,null,AVAILABLE,@Spark}
[2020-12-22 14:23:59,734] {logging_mixin.py:112} INFO - [2020-12-22 14:23:59,734] {batch.py:309} INFO - 2020-12-22 14:23:45,621 INFO handler.ContextHandler: Started o.s.j.s.ServletContextHandler@19394f84{/storage/json,null,AVAILABLE,@Spark}
[2020-12-22 14:23:59,734] {logging_mixin.py:112} INFO - [2020-12-22 14:23:59,734] {batch.py:309} INFO - 2020-12-22 14:23:45,621 INFO handler.ContextHandler: Started o.s.j.s.ServletContextHandler@6565d5bb{/storage/rdd,null,AVAILABLE,@Spark}
[2020-12-22 14:23:59,734] {logging_mixin.py:112} INFO - [2020-12-22 14:23:59,734] {batch.py:309} INFO - 2020-12-22 14:23:45,622 INFO handler.ContextHandler: Started o.s.j.s.ServletContextHandler@183d2755{/storage/rdd/json,null,AVAILABLE,@Spark}
[2020-12-22 14:23:59,734] {logging_mixin.py:112} INFO - [2020-12-22 14:23:59,734] {batch.py:309} INFO - 2020-12-22 14:23:45,623 INFO handler.ContextHandler: Started o.s.j.s.ServletContextHandler@5dc2108f{/environment,null,AVAILABLE,@Spark}
[2020-12-22 14:23:59,734] {logging_mixin.py:112} INFO - [2020-12-22 14:23:59,734] {batch.py:309} INFO - 2020-12-22 14:23:45,624 INFO handler.ContextHandler: Started o.s.j.s.ServletContextHandler@e5421dc{/environment/json,null,AVAILABLE,@Spark}
[2020-12-22 14:23:59,734] {logging_mixin.py:112} INFO - [2020-12-22 14:23:59,734] {batch.py:309} INFO - 2020-12-22 14:23:45,625 INFO handler.ContextHandler: Started o.s.j.s.ServletContextHandler@45d7e5a0{/executors,null,AVAILABLE,@Spark}
[2020-12-22 14:23:59,735] {logging_mixin.py:112} INFO - [2020-12-22 14:23:59,735] {batch.py:309} INFO - 2020-12-22 14:23:45,625 INFO handler.ContextHandler: Started o.s.j.s.ServletContextHandler@34a165c0{/executors/json,null,AVAILABLE,@Spark}
[2020-12-22 14:23:59,735] {logging_mixin.py:112} INFO - [2020-12-22 14:23:59,735] {batch.py:309} INFO - 2020-12-22 14:23:45,626 INFO handler.ContextHandler: Started o.s.j.s.ServletContextHandler@792a4db3{/executors/threadDump,null,AVAILABLE,@Spark}
[2020-12-22 14:23:59,735] {logging_mixin.py:112} INFO - [2020-12-22 14:23:59,735] {batch.py:309} INFO - 2020-12-22 14:23:45,627 INFO handler.ContextHandler: Started o.s.j.s.ServletContextHandler@56dfc98b{/executors/threadDump/json,null,AVAILABLE,@Spark}
[2020-12-22 14:23:59,735] {logging_mixin.py:112} INFO - [2020-12-22 14:23:59,735] {batch.py:309} INFO - 2020-12-22 14:23:45,637 INFO handler.ContextHandler: Started o.s.j.s.ServletContextHandler@2cdfdc15{/static,null,AVAILABLE,@Spark}
[2020-12-22 14:23:59,735] {logging_mixin.py:112} INFO - [2020-12-22 14:23:59,735] {batch.py:309} INFO - 2020-12-22 14:23:45,638 INFO handler.ContextHandler: Started o.s.j.s.ServletContextHandler@36b92fb1{/,null,AVAILABLE,@Spark}
[2020-12-22 14:23:59,736] {logging_mixin.py:112} INFO - [2020-12-22 14:23:59,736] {batch.py:309} INFO - 2020-12-22 14:23:45,639 INFO handler.ContextHandler: Started o.s.j.s.ServletContextHandler@360d55e2{/api,null,AVAILABLE,@Spark}
[2020-12-22 14:23:59,736] {logging_mixin.py:112} INFO - [2020-12-22 14:23:59,736] {batch.py:309} INFO - 2020-12-22 14:23:45,640 INFO handler.ContextHandler: Started o.s.j.s.ServletContextHandler@9cb37ea{/jobs/job/kill,null,AVAILABLE,@Spark}
[2020-12-22 14:23:59,736] {logging_mixin.py:112} INFO - [2020-12-22 14:23:59,736] {batch.py:309} INFO - 2020-12-22 14:23:45,640 INFO handler.ContextHandler: Started o.s.j.s.ServletContextHandler@54b20b2f{/stages/stage/kill,null,AVAILABLE,@Spark}
[2020-12-22 14:23:59,736] {logging_mixin.py:112} INFO - [2020-12-22 14:23:59,736] {batch.py:309} INFO - 2020-12-22 14:23:45,643 INFO ui.SparkUI: Bound SparkUI to 0.0.0.0, and started at http://livy:4040
[2020-12-22 14:23:59,736] {logging_mixin.py:112} INFO - [2020-12-22 14:23:59,736] {batch.py:309} INFO - 2020-12-22 14:23:46,633 INFO client.RMProxy: Connecting to ResourceManager at master/172.20.0.8:8032
[2020-12-22 14:23:59,737] {logging_mixin.py:112} INFO - [2020-12-22 14:23:59,737] {batch.py:309} INFO - 2020-12-22 14:23:47,179 INFO yarn.Client: Requesting a new application from cluster with 2 NodeManagers
[2020-12-22 14:23:59,737] {logging_mixin.py:112} INFO - [2020-12-22 14:23:59,737] {batch.py:309} INFO - 2020-12-22 14:23:47,285 INFO conf.Configuration: resource-types.xml not found
[2020-12-22 14:23:59,737] {logging_mixin.py:112} INFO - [2020-12-22 14:23:59,737] {batch.py:309} INFO - 2020-12-22 14:23:47,286 INFO resource.ResourceUtils: Unable to find 'resource-types.xml'.
[2020-12-22 14:23:59,737] {logging_mixin.py:112} INFO - [2020-12-22 14:23:59,737] {batch.py:309} INFO - 2020-12-22 14:23:47,309 INFO yarn.Client: Verifying our application has not requested more than the maximum memory capability of the cluster (4096 MB per container)
[2020-12-22 14:23:59,737] {logging_mixin.py:112} INFO - [2020-12-22 14:23:59,737] {batch.py:309} INFO - 2020-12-22 14:23:47,310 INFO yarn.Client: Will allocate AM container, with 896 MB memory including 384 MB overhead
[2020-12-22 14:23:59,737] {logging_mixin.py:112} INFO - [2020-12-22 14:23:59,737] {batch.py:309} INFO - 2020-12-22 14:23:47,310 INFO yarn.Client: Setting up container launch context for our AM
[2020-12-22 14:23:59,738] {logging_mixin.py:112} INFO - [2020-12-22 14:23:59,738] {batch.py:309} INFO - 2020-12-22 14:23:47,315 INFO yarn.Client: Setting up the launch environment for our AM container
[2020-12-22 14:23:59,738] {logging_mixin.py:112} INFO - [2020-12-22 14:23:59,738] {batch.py:309} INFO - 2020-12-22 14:23:47,324 INFO yarn.Client: Preparing resources for our AM container
[2020-12-22 14:23:59,738] {logging_mixin.py:112} INFO - [2020-12-22 14:23:59,738] {batch.py:309} INFO - 2020-12-22 14:23:47,381 INFO yarn.Client: Uploading resource file:/usr/spark/python/lib/pyspark.zip -> hdfs://master:9000/user/root/.sparkStaging/application_1608640367429_0001/pyspark.zip
[2020-12-22 14:23:59,738] {logging_mixin.py:112} INFO - [2020-12-22 14:23:59,738] {batch.py:309} INFO - 2020-12-22 14:23:47,520 WARN hdfs.DataStreamer: DataStreamer Exception
[2020-12-22 14:23:59,738] {logging_mixin.py:112} INFO - [2020-12-22 14:23:59,738] {batch.py:309} INFO - org.apache.hadoop.ipc.RemoteException(java.io.IOException): File /user/root/.sparkStaging/application_1608640367429_0001/pyspark.zip could only be written to 0 of the 1 minReplication nodes. There are 0 datanode(s) running and 0 node(s) are excluded in this operation.
[2020-12-22 14:23:59,738] {logging_mixin.py:112} INFO - [2020-12-22 14:23:59,738] {batch.py:309} INFO - 	at org.apache.hadoop.hdfs.server.blockmanagement.BlockManager.chooseTarget4NewBlock(BlockManager.java:2135)
[2020-12-22 14:23:59,739] {logging_mixin.py:112} INFO - [2020-12-22 14:23:59,739] {batch.py:309} INFO - 	at org.apache.hadoop.hdfs.server.namenode.FSDirWriteFileOp.chooseTargetForNewBlock(FSDirWriteFileOp.java:294)
[2020-12-22 14:23:59,739] {logging_mixin.py:112} INFO - [2020-12-22 14:23:59,739] {batch.py:309} INFO - 	at org.apache.hadoop.hdfs.server.namenode.FSNamesystem.getAdditionalBlock(FSNamesystem.java:2771)
[2020-12-22 14:23:59,739] {logging_mixin.py:112} INFO - [2020-12-22 14:23:59,739] {batch.py:309} INFO - 	at org.apache.hadoop.hdfs.server.namenode.NameNodeRpcServer.addBlock(NameNodeRpcServer.java:876)
[2020-12-22 14:23:59,739] {logging_mixin.py:112} INFO - [2020-12-22 14:23:59,739] {batch.py:309} INFO - 	at org.apache.hadoop.hdfs.protocolPB.ClientNamenodeProtocolServerSideTranslatorPB.addBlock(ClientNamenodeProtocolServerSideTranslatorPB.java:567)
[2020-12-22 14:23:59,739] {logging_mixin.py:112} INFO - [2020-12-22 14:23:59,739] {batch.py:309} INFO - 	at org.apache.hadoop.hdfs.protocol.proto.ClientNamenodeProtocolProtos$ClientNamenodeProtocol$2.callBlockingMethod(ClientNamenodeProtocolProtos.java)
[2020-12-22 14:23:59,739] {logging_mixin.py:112} INFO - [2020-12-22 14:23:59,739] {batch.py:309} INFO - 	at org.apache.hadoop.ipc.ProtobufRpcEngine$Server$ProtoBufRpcInvoker.call(ProtobufRpcEngine.java:524)
[2020-12-22 14:23:59,740] {logging_mixin.py:112} INFO - [2020-12-22 14:23:59,740] {batch.py:309} INFO - 	at org.apache.hadoop.ipc.RPC$Server.call(RPC.java:1025)
[2020-12-22 14:23:59,740] {logging_mixin.py:112} INFO - [2020-12-22 14:23:59,740] {batch.py:309} INFO - 	at org.apache.hadoop.ipc.Server$RpcCall.run(Server.java:876)
[2020-12-22 14:23:59,740] {logging_mixin.py:112} INFO - [2020-12-22 14:23:59,740] {batch.py:309} INFO - 	at org.apache.hadoop.ipc.Server$RpcCall.run(Server.java:822)
[2020-12-22 14:23:59,740] {logging_mixin.py:112} INFO - [2020-12-22 14:23:59,740] {batch.py:309} INFO - 	at java.security.AccessController.doPrivileged(Native Method)
[2020-12-22 14:23:59,740] {logging_mixin.py:112} INFO - [2020-12-22 14:23:59,740] {batch.py:309} INFO - 	at javax.security.auth.Subject.doAs(Subject.java:422)
[2020-12-22 14:23:59,741] {logging_mixin.py:112} INFO - [2020-12-22 14:23:59,740] {batch.py:309} INFO - 	at org.apache.hadoop.security.UserGroupInformation.doAs(UserGroupInformation.java:1730)
[2020-12-22 14:23:59,741] {logging_mixin.py:112} INFO - [2020-12-22 14:23:59,741] {batch.py:309} INFO - 	at org.apache.hadoop.ipc.Server$Handler.run(Server.java:2682)
[2020-12-22 14:23:59,741] {logging_mixin.py:112} INFO - [2020-12-22 14:23:59,741] {batch.py:309} INFO - 
[2020-12-22 14:23:59,741] {logging_mixin.py:112} INFO - [2020-12-22 14:23:59,741] {batch.py:309} INFO - 	at org.apache.hadoop.ipc.Client.getRpcResponse(Client.java:1511)
[2020-12-22 14:23:59,741] {logging_mixin.py:112} INFO - [2020-12-22 14:23:59,741] {batch.py:309} INFO - 	at org.apache.hadoop.ipc.Client.call(Client.java:1457)
[2020-12-22 14:23:59,741] {logging_mixin.py:112} INFO - [2020-12-22 14:23:59,741] {batch.py:309} INFO - 	at org.apache.hadoop.ipc.Client.call(Client.java:1367)
[2020-12-22 14:23:59,742] {logging_mixin.py:112} INFO - [2020-12-22 14:23:59,741] {batch.py:309} INFO - 	at org.apache.hadoop.ipc.ProtobufRpcEngine$Invoker.invoke(ProtobufRpcEngine.java:228)
[2020-12-22 14:23:59,742] {logging_mixin.py:112} INFO - [2020-12-22 14:23:59,742] {batch.py:309} INFO - 	at org.apache.hadoop.ipc.ProtobufRpcEngine$Invoker.invoke(ProtobufRpcEngine.java:116)
[2020-12-22 14:23:59,742] {logging_mixin.py:112} INFO - [2020-12-22 14:23:59,742] {batch.py:309} INFO - 	at com.sun.proxy.$Proxy24.addBlock(Unknown Source)
[2020-12-22 14:23:59,742] {logging_mixin.py:112} INFO - [2020-12-22 14:23:59,742] {batch.py:309} INFO - 	at org.apache.hadoop.hdfs.protocolPB.ClientNamenodeProtocolTranslatorPB.addBlock(ClientNamenodeProtocolTranslatorPB.java:513)
[2020-12-22 14:23:59,742] {logging_mixin.py:112} INFO - [2020-12-22 14:23:59,742] {batch.py:309} INFO - 	at sun.reflect.NativeMethodAccessorImpl.invoke0(Native Method)
[2020-12-22 14:23:59,742] {logging_mixin.py:112} INFO - [2020-12-22 14:23:59,742] {batch.py:309} INFO - 	at sun.reflect.NativeMethodAccessorImpl.invoke(NativeMethodAccessorImpl.java:62)
[2020-12-22 14:23:59,743] {logging_mixin.py:112} INFO - [2020-12-22 14:23:59,742] {batch.py:309} INFO - 	at sun.reflect.DelegatingMethodAccessorImpl.invoke(DelegatingMethodAccessorImpl.java:43)
[2020-12-22 14:23:59,743] {logging_mixin.py:112} INFO - [2020-12-22 14:23:59,743] {batch.py:309} INFO - 	at java.lang.reflect.Method.invoke(Method.java:498)
[2020-12-22 14:23:59,743] {logging_mixin.py:112} INFO - [2020-12-22 14:23:59,743] {batch.py:309} INFO - 	at org.apache.hadoop.io.retry.RetryInvocationHandler.invokeMethod(RetryInvocationHandler.java:422)
[2020-12-22 14:23:59,743] {logging_mixin.py:112} INFO - [2020-12-22 14:23:59,743] {batch.py:309} INFO - 	at org.apache.hadoop.io.retry.RetryInvocationHandler$Call.invokeMethod(RetryInvocationHandler.java:165)
[2020-12-22 14:23:59,743] {logging_mixin.py:112} INFO - [2020-12-22 14:23:59,743] {batch.py:309} INFO - 	at org.apache.hadoop.io.retry.RetryInvocationHandler$Call.invoke(RetryInvocationHandler.java:157)
[2020-12-22 14:23:59,743] {logging_mixin.py:112} INFO - [2020-12-22 14:23:59,743] {batch.py:309} INFO - 	at org.apache.hadoop.io.retry.RetryInvocationHandler$Call.invokeOnce(RetryInvocationHandler.java:95)
[2020-12-22 14:23:59,743] {logging_mixin.py:112} INFO - [2020-12-22 14:23:59,743] {batch.py:309} INFO - 	at org.apache.hadoop.io.retry.RetryInvocationHandler.invoke(RetryInvocationHandler.java:359)
[2020-12-22 14:23:59,744] {logging_mixin.py:112} INFO - [2020-12-22 14:23:59,744] {batch.py:309} INFO - 	at com.sun.proxy.$Proxy25.addBlock(Unknown Source)
[2020-12-22 14:23:59,744] {logging_mixin.py:112} INFO - [2020-12-22 14:23:59,744] {batch.py:309} INFO - 	at org.apache.hadoop.hdfs.DFSOutputStream.addBlock(DFSOutputStream.java:1081)
[2020-12-22 14:23:59,744] {logging_mixin.py:112} INFO - [2020-12-22 14:23:59,744] {batch.py:309} INFO - 	at org.apache.hadoop.hdfs.DataStreamer.locateFollowingBlock(DataStreamer.java:1865)
[2020-12-22 14:23:59,744] {logging_mixin.py:112} INFO - [2020-12-22 14:23:59,744] {batch.py:309} INFO - 	at org.apache.hadoop.hdfs.DataStreamer.nextBlockOutputStream(DataStreamer.java:1668)
[2020-12-22 14:23:59,744] {logging_mixin.py:112} INFO - [2020-12-22 14:23:59,744] {batch.py:309} INFO - 	at org.apache.hadoop.hdfs.DataStreamer.run(DataStreamer.java:716)
[2020-12-22 14:23:59,744] {logging_mixin.py:112} INFO - [2020-12-22 14:23:59,744] {batch.py:309} INFO - 2020-12-22 14:23:47,536 INFO yarn.Client: Deleted staging directory hdfs://master:9000/user/root/.sparkStaging/application_1608640367429_0001
[2020-12-22 14:23:59,745] {logging_mixin.py:112} INFO - [2020-12-22 14:23:59,745] {batch.py:309} INFO - 2020-12-22 14:23:47,537 ERROR spark.SparkContext: Error initializing SparkContext.
[2020-12-22 14:23:59,745] {logging_mixin.py:112} INFO - [2020-12-22 14:23:59,745] {batch.py:309} INFO - org.apache.hadoop.ipc.RemoteException(java.io.IOException): File /user/root/.sparkStaging/application_1608640367429_0001/pyspark.zip could only be written to 0 of the 1 minReplication nodes. There are 0 datanode(s) running and 0 node(s) are excluded in this operation.
[2020-12-22 14:23:59,745] {logging_mixin.py:112} INFO - [2020-12-22 14:23:59,745] {batch.py:309} INFO - 	at org.apache.hadoop.hdfs.server.blockmanagement.BlockManager.chooseTarget4NewBlock(BlockManager.java:2135)
[2020-12-22 14:23:59,745] {logging_mixin.py:112} INFO - [2020-12-22 14:23:59,745] {batch.py:309} INFO - 	at org.apache.hadoop.hdfs.server.namenode.FSDirWriteFileOp.chooseTargetForNewBlock(FSDirWriteFileOp.java:294)
[2020-12-22 14:23:59,745] {logging_mixin.py:112} INFO - [2020-12-22 14:23:59,745] {batch.py:309} INFO - 	at org.apache.hadoop.hdfs.server.namenode.FSNamesystem.getAdditionalBlock(FSNamesystem.java:2771)
[2020-12-22 14:23:59,745] {logging_mixin.py:112} INFO - [2020-12-22 14:23:59,745] {batch.py:309} INFO - 	at org.apache.hadoop.hdfs.server.namenode.NameNodeRpcServer.addBlock(NameNodeRpcServer.java:876)
[2020-12-22 14:23:59,746] {logging_mixin.py:112} INFO - [2020-12-22 14:23:59,745] {batch.py:309} INFO - 	at org.apache.hadoop.hdfs.protocolPB.ClientNamenodeProtocolServerSideTranslatorPB.addBlock(ClientNamenodeProtocolServerSideTranslatorPB.java:567)
[2020-12-22 14:23:59,753] {logging_mixin.py:112} INFO - [2020-12-22 14:23:59,752] {base_hook.py:84} INFO - Using connection to: id: livy. Host: http://ec2-3-236-26-7.compute-1.amazonaws.com, Port: 8998, Schema: None, Login: None, Password: None, extra: None
[2020-12-22 14:23:59,753] {logging_mixin.py:112} INFO - [2020-12-22 14:23:59,753] {http_hook.py:136} INFO - Sending 'GET' to url: http://ec2-3-236-26-7.compute-1.amazonaws.com:8998/batches/45/log?from=100&size=100
[2020-12-22 14:23:59,764] {logging_mixin.py:112} INFO - [2020-12-22 14:23:59,763] {batch.py:309} INFO - 	at org.apache.hadoop.hdfs.protocol.proto.ClientNamenodeProtocolProtos$ClientNamenodeProtocol$2.callBlockingMethod(ClientNamenodeProtocolProtos.java)
[2020-12-22 14:23:59,764] {logging_mixin.py:112} INFO - [2020-12-22 14:23:59,764] {batch.py:309} INFO - 	at org.apache.hadoop.ipc.ProtobufRpcEngine$Server$ProtoBufRpcInvoker.call(ProtobufRpcEngine.java:524)
[2020-12-22 14:23:59,764] {logging_mixin.py:112} INFO - [2020-12-22 14:23:59,764] {batch.py:309} INFO - 	at org.apache.hadoop.ipc.RPC$Server.call(RPC.java:1025)
[2020-12-22 14:23:59,764] {logging_mixin.py:112} INFO - [2020-12-22 14:23:59,764] {batch.py:309} INFO - 	at org.apache.hadoop.ipc.Server$RpcCall.run(Server.java:876)
[2020-12-22 14:23:59,764] {logging_mixin.py:112} INFO - [2020-12-22 14:23:59,764] {batch.py:309} INFO - 	at org.apache.hadoop.ipc.Server$RpcCall.run(Server.java:822)
[2020-12-22 14:23:59,765] {logging_mixin.py:112} INFO - [2020-12-22 14:23:59,764] {batch.py:309} INFO - 	at java.security.AccessController.doPrivileged(Native Method)
[2020-12-22 14:23:59,765] {logging_mixin.py:112} INFO - [2020-12-22 14:23:59,765] {batch.py:309} INFO - 	at javax.security.auth.Subject.doAs(Subject.java:422)
[2020-12-22 14:23:59,765] {logging_mixin.py:112} INFO - [2020-12-22 14:23:59,765] {batch.py:309} INFO - 	at org.apache.hadoop.security.UserGroupInformation.doAs(UserGroupInformation.java:1730)
[2020-12-22 14:23:59,765] {logging_mixin.py:112} INFO - [2020-12-22 14:23:59,765] {batch.py:309} INFO - 	at org.apache.hadoop.ipc.Server$Handler.run(Server.java:2682)
[2020-12-22 14:23:59,765] {logging_mixin.py:112} INFO - [2020-12-22 14:23:59,765] {batch.py:309} INFO - 
[2020-12-22 14:23:59,765] {logging_mixin.py:112} INFO - [2020-12-22 14:23:59,765] {batch.py:309} INFO - 	at org.apache.hadoop.ipc.Client.getRpcResponse(Client.java:1511)
[2020-12-22 14:23:59,766] {logging_mixin.py:112} INFO - [2020-12-22 14:23:59,765] {batch.py:309} INFO - 	at org.apache.hadoop.ipc.Client.call(Client.java:1457)
[2020-12-22 14:23:59,766] {logging_mixin.py:112} INFO - [2020-12-22 14:23:59,766] {batch.py:309} INFO - 	at org.apache.hadoop.ipc.Client.call(Client.java:1367)
[2020-12-22 14:23:59,766] {logging_mixin.py:112} INFO - [2020-12-22 14:23:59,766] {batch.py:309} INFO - 	at org.apache.hadoop.ipc.ProtobufRpcEngine$Invoker.invoke(ProtobufRpcEngine.java:228)
[2020-12-22 14:23:59,766] {logging_mixin.py:112} INFO - [2020-12-22 14:23:59,766] {batch.py:309} INFO - 	at org.apache.hadoop.ipc.ProtobufRpcEngine$Invoker.invoke(ProtobufRpcEngine.java:116)
[2020-12-22 14:23:59,766] {logging_mixin.py:112} INFO - [2020-12-22 14:23:59,766] {batch.py:309} INFO - 	at com.sun.proxy.$Proxy24.addBlock(Unknown Source)
[2020-12-22 14:23:59,766] {logging_mixin.py:112} INFO - [2020-12-22 14:23:59,766] {batch.py:309} INFO - 	at org.apache.hadoop.hdfs.protocolPB.ClientNamenodeProtocolTranslatorPB.addBlock(ClientNamenodeProtocolTranslatorPB.java:513)
[2020-12-22 14:23:59,767] {logging_mixin.py:112} INFO - [2020-12-22 14:23:59,767] {batch.py:309} INFO - 	at sun.reflect.NativeMethodAccessorImpl.invoke0(Native Method)
[2020-12-22 14:23:59,767] {logging_mixin.py:112} INFO - [2020-12-22 14:23:59,767] {batch.py:309} INFO - 	at sun.reflect.NativeMethodAccessorImpl.invoke(NativeMethodAccessorImpl.java:62)
[2020-12-22 14:23:59,767] {logging_mixin.py:112} INFO - [2020-12-22 14:23:59,767] {batch.py:309} INFO - 	at sun.reflect.DelegatingMethodAccessorImpl.invoke(DelegatingMethodAccessorImpl.java:43)
[2020-12-22 14:23:59,767] {logging_mixin.py:112} INFO - [2020-12-22 14:23:59,767] {batch.py:309} INFO - 	at java.lang.reflect.Method.invoke(Method.java:498)
[2020-12-22 14:23:59,767] {logging_mixin.py:112} INFO - [2020-12-22 14:23:59,767] {batch.py:309} INFO - 	at org.apache.hadoop.io.retry.RetryInvocationHandler.invokeMethod(RetryInvocationHandler.java:422)
[2020-12-22 14:23:59,767] {logging_mixin.py:112} INFO - [2020-12-22 14:23:59,767] {batch.py:309} INFO - 	at org.apache.hadoop.io.retry.RetryInvocationHandler$Call.invokeMethod(RetryInvocationHandler.java:165)
[2020-12-22 14:23:59,768] {logging_mixin.py:112} INFO - [2020-12-22 14:23:59,767] {batch.py:309} INFO - 	at org.apache.hadoop.io.retry.RetryInvocationHandler$Call.invoke(RetryInvocationHandler.java:157)
[2020-12-22 14:23:59,768] {logging_mixin.py:112} INFO - [2020-12-22 14:23:59,768] {batch.py:309} INFO - 	at org.apache.hadoop.io.retry.RetryInvocationHandler$Call.invokeOnce(RetryInvocationHandler.java:95)
[2020-12-22 14:23:59,768] {logging_mixin.py:112} INFO - [2020-12-22 14:23:59,768] {batch.py:309} INFO - 	at org.apache.hadoop.io.retry.RetryInvocationHandler.invoke(RetryInvocationHandler.java:359)
[2020-12-22 14:23:59,768] {logging_mixin.py:112} INFO - [2020-12-22 14:23:59,768] {batch.py:309} INFO - 	at com.sun.proxy.$Proxy25.addBlock(Unknown Source)
[2020-12-22 14:23:59,768] {logging_mixin.py:112} INFO - [2020-12-22 14:23:59,768] {batch.py:309} INFO - 	at org.apache.hadoop.hdfs.DFSOutputStream.addBlock(DFSOutputStream.java:1081)
[2020-12-22 14:23:59,768] {logging_mixin.py:112} INFO - [2020-12-22 14:23:59,768] {batch.py:309} INFO - 	at org.apache.hadoop.hdfs.DataStreamer.locateFollowingBlock(DataStreamer.java:1865)
[2020-12-22 14:23:59,769] {logging_mixin.py:112} INFO - [2020-12-22 14:23:59,768] {batch.py:309} INFO - 	at org.apache.hadoop.hdfs.DataStreamer.nextBlockOutputStream(DataStreamer.java:1668)
[2020-12-22 14:23:59,769] {logging_mixin.py:112} INFO - [2020-12-22 14:23:59,769] {batch.py:309} INFO - 	at org.apache.hadoop.hdfs.DataStreamer.run(DataStreamer.java:716)
[2020-12-22 14:23:59,769] {logging_mixin.py:112} INFO - [2020-12-22 14:23:59,769] {batch.py:309} INFO - 2020-12-22 14:23:47,549 INFO server.AbstractConnector: Stopped Spark@7ed01700{HTTP/1.1,[http/1.1]}{0.0.0.0:4040}
[2020-12-22 14:23:59,769] {logging_mixin.py:112} INFO - [2020-12-22 14:23:59,769] {batch.py:309} INFO - 2020-12-22 14:23:47,552 INFO ui.SparkUI: Stopped Spark web UI at http://livy:4040
[2020-12-22 14:23:59,769] {logging_mixin.py:112} INFO - [2020-12-22 14:23:59,769] {batch.py:309} INFO - 2020-12-22 14:23:47,563 WARN cluster.YarnSchedulerBackend$YarnSchedulerEndpoint: Attempted to request executors before the AM has registered!
[2020-12-22 14:23:59,769] {logging_mixin.py:112} INFO - [2020-12-22 14:23:59,769] {batch.py:309} INFO - 2020-12-22 14:23:47,567 INFO cluster.YarnClientSchedulerBackend: Stopped
[2020-12-22 14:23:59,770] {logging_mixin.py:112} INFO - [2020-12-22 14:23:59,769] {batch.py:309} INFO - 2020-12-22 14:23:47,577 INFO spark.MapOutputTrackerMasterEndpoint: MapOutputTrackerMasterEndpoint stopped!
[2020-12-22 14:23:59,770] {logging_mixin.py:112} INFO - [2020-12-22 14:23:59,770] {batch.py:309} INFO - 2020-12-22 14:23:47,587 INFO memory.MemoryStore: MemoryStore cleared
[2020-12-22 14:23:59,770] {logging_mixin.py:112} INFO - [2020-12-22 14:23:59,770] {batch.py:309} INFO - 2020-12-22 14:23:47,587 INFO storage.BlockManager: BlockManager stopped
[2020-12-22 14:23:59,770] {logging_mixin.py:112} INFO - [2020-12-22 14:23:59,770] {batch.py:309} INFO - 2020-12-22 14:23:47,602 INFO storage.BlockManagerMaster: BlockManagerMaster stopped
[2020-12-22 14:23:59,770] {logging_mixin.py:112} INFO - [2020-12-22 14:23:59,770] {batch.py:309} INFO - 2020-12-22 14:23:47,603 WARN metrics.MetricsSystem: Stopping a MetricsSystem that is not running
[2020-12-22 14:23:59,770] {logging_mixin.py:112} INFO - [2020-12-22 14:23:59,770] {batch.py:309} INFO - 2020-12-22 14:23:47,609 INFO scheduler.OutputCommitCoordinator$OutputCommitCoordinatorEndpoint: OutputCommitCoordinator stopped!
[2020-12-22 14:23:59,771] {logging_mixin.py:112} INFO - [2020-12-22 14:23:59,771] {batch.py:309} INFO - 2020-12-22 14:23:47,615 INFO spark.SparkContext: Successfully stopped SparkContext
[2020-12-22 14:23:59,771] {logging_mixin.py:112} INFO - [2020-12-22 14:23:59,771] {batch.py:309} INFO - Traceback (most recent call last):
[2020-12-22 14:23:59,771] {logging_mixin.py:112} INFO - [2020-12-22 14:23:59,771] {batch.py:309} INFO -   File "/tmp/spark-33aaaed9-5988-4eda-bb35-11c8f1d271de/main.py", line 87, in <module>
[2020-12-22 14:23:59,771] {logging_mixin.py:112} INFO - [2020-12-22 14:23:59,771] {batch.py:309} INFO -     main()
[2020-12-22 14:23:59,771] {logging_mixin.py:112} INFO - [2020-12-22 14:23:59,771] {batch.py:309} INFO -   File "/tmp/spark-33aaaed9-5988-4eda-bb35-11c8f1d271de/main.py", line 56, in main
[2020-12-22 14:23:59,771] {logging_mixin.py:112} INFO - [2020-12-22 14:23:59,771] {batch.py:309} INFO -     spark = create_spark_session(args.mode, args.awsKey, args.awsSecretKey)
[2020-12-22 14:23:59,772] {logging_mixin.py:112} INFO - [2020-12-22 14:23:59,771] {batch.py:309} INFO -   File "/tmp/spark-33aaaed9-5988-4eda-bb35-11c8f1d271de/main.py", line 37, in create_spark_session
[2020-12-22 14:23:59,772] {logging_mixin.py:112} INFO - [2020-12-22 14:23:59,772] {batch.py:309} INFO -     .appName("LoanDefaultPrediction") \
[2020-12-22 14:23:59,772] {logging_mixin.py:112} INFO - [2020-12-22 14:23:59,772] {batch.py:309} INFO -   File "/usr/spark/python/lib/pyspark.zip/pyspark/sql/session.py", line 173, in getOrCreate
[2020-12-22 14:23:59,772] {logging_mixin.py:112} INFO - [2020-12-22 14:23:59,772] {batch.py:309} INFO -   File "/usr/spark/python/lib/pyspark.zip/pyspark/context.py", line 367, in getOrCreate
[2020-12-22 14:23:59,772] {logging_mixin.py:112} INFO - [2020-12-22 14:23:59,772] {batch.py:309} INFO -   File "/usr/spark/python/lib/pyspark.zip/pyspark/context.py", line 136, in __init__
[2020-12-22 14:23:59,773] {logging_mixin.py:112} INFO - [2020-12-22 14:23:59,772] {batch.py:309} INFO -   File "/usr/spark/python/lib/pyspark.zip/pyspark/context.py", line 198, in _do_init
[2020-12-22 14:23:59,773] {logging_mixin.py:112} INFO - [2020-12-22 14:23:59,773] {batch.py:309} INFO -   File "/usr/spark/python/lib/pyspark.zip/pyspark/context.py", line 306, in _initialize_context
[2020-12-22 14:23:59,773] {logging_mixin.py:112} INFO - [2020-12-22 14:23:59,773] {batch.py:309} INFO -   File "/usr/spark/python/lib/py4j-0.10.7-src.zip/py4j/java_gateway.py", line 1525, in __call__
[2020-12-22 14:23:59,773] {logging_mixin.py:112} INFO - [2020-12-22 14:23:59,773] {batch.py:309} INFO -   File "/usr/spark/python/lib/py4j-0.10.7-src.zip/py4j/protocol.py", line 328, in get_return_value
[2020-12-22 14:23:59,773] {logging_mixin.py:112} INFO - [2020-12-22 14:23:59,773] {batch.py:309} INFO - py4j.protocol.Py4JJavaError: An error occurred while calling None.org.apache.spark.api.java.JavaSparkContext.
[2020-12-22 14:23:59,773] {logging_mixin.py:112} INFO - [2020-12-22 14:23:59,773] {batch.py:309} INFO - : org.apache.hadoop.ipc.RemoteException(java.io.IOException): File /user/root/.sparkStaging/application_1608640367429_0001/pyspark.zip could only be written to 0 of the 1 minReplication nodes. There are 0 datanode(s) running and 0 node(s) are excluded in this operation.
[2020-12-22 14:23:59,774] {logging_mixin.py:112} INFO - [2020-12-22 14:23:59,773] {batch.py:309} INFO - 	at org.apache.hadoop.hdfs.server.blockmanagement.BlockManager.chooseTarget4NewBlock(BlockManager.java:2135)
[2020-12-22 14:23:59,774] {logging_mixin.py:112} INFO - [2020-12-22 14:23:59,774] {batch.py:309} INFO - 	at org.apache.hadoop.hdfs.server.namenode.FSDirWriteFileOp.chooseTargetForNewBlock(FSDirWriteFileOp.java:294)
[2020-12-22 14:23:59,774] {logging_mixin.py:112} INFO - [2020-12-22 14:23:59,774] {batch.py:309} INFO - 	at org.apache.hadoop.hdfs.server.namenode.FSNamesystem.getAdditionalBlock(FSNamesystem.java:2771)
[2020-12-22 14:23:59,774] {logging_mixin.py:112} INFO - [2020-12-22 14:23:59,774] {batch.py:309} INFO - 	at org.apache.hadoop.hdfs.server.namenode.NameNodeRpcServer.addBlock(NameNodeRpcServer.java:876)
[2020-12-22 14:23:59,774] {logging_mixin.py:112} INFO - [2020-12-22 14:23:59,774] {batch.py:309} INFO - 	at org.apache.hadoop.hdfs.protocolPB.ClientNamenodeProtocolServerSideTranslatorPB.addBlock(ClientNamenodeProtocolServerSideTranslatorPB.java:567)
[2020-12-22 14:23:59,774] {logging_mixin.py:112} INFO - [2020-12-22 14:23:59,774] {batch.py:309} INFO - 	at org.apache.hadoop.hdfs.protocol.proto.ClientNamenodeProtocolProtos$ClientNamenodeProtocol$2.callBlockingMethod(ClientNamenodeProtocolProtos.java)
[2020-12-22 14:23:59,775] {logging_mixin.py:112} INFO - [2020-12-22 14:23:59,774] {batch.py:309} INFO - 	at org.apache.hadoop.ipc.ProtobufRpcEngine$Server$ProtoBufRpcInvoker.call(ProtobufRpcEngine.java:524)
[2020-12-22 14:23:59,775] {logging_mixin.py:112} INFO - [2020-12-22 14:23:59,775] {batch.py:309} INFO - 	at org.apache.hadoop.ipc.RPC$Server.call(RPC.java:1025)
[2020-12-22 14:23:59,775] {logging_mixin.py:112} INFO - [2020-12-22 14:23:59,775] {batch.py:309} INFO - 	at org.apache.hadoop.ipc.Server$RpcCall.run(Server.java:876)
[2020-12-22 14:23:59,775] {logging_mixin.py:112} INFO - [2020-12-22 14:23:59,775] {batch.py:309} INFO - 	at org.apache.hadoop.ipc.Server$RpcCall.run(Server.java:822)
[2020-12-22 14:23:59,775] {logging_mixin.py:112} INFO - [2020-12-22 14:23:59,775] {batch.py:309} INFO - 	at java.security.AccessController.doPrivileged(Native Method)
[2020-12-22 14:23:59,775] {logging_mixin.py:112} INFO - [2020-12-22 14:23:59,775] {batch.py:309} INFO - 	at javax.security.auth.Subject.doAs(Subject.java:422)
[2020-12-22 14:23:59,776] {logging_mixin.py:112} INFO - [2020-12-22 14:23:59,775] {batch.py:309} INFO - 	at org.apache.hadoop.security.UserGroupInformation.doAs(UserGroupInformation.java:1730)
[2020-12-22 14:23:59,776] {logging_mixin.py:112} INFO - [2020-12-22 14:23:59,776] {batch.py:309} INFO - 	at org.apache.hadoop.ipc.Server$Handler.run(Server.java:2682)
[2020-12-22 14:23:59,776] {logging_mixin.py:112} INFO - [2020-12-22 14:23:59,776] {batch.py:309} INFO - 
[2020-12-22 14:23:59,776] {logging_mixin.py:112} INFO - [2020-12-22 14:23:59,776] {batch.py:309} INFO - 	at org.apache.hadoop.ipc.Client.getRpcResponse(Client.java:1511)
[2020-12-22 14:23:59,776] {logging_mixin.py:112} INFO - [2020-12-22 14:23:59,776] {batch.py:309} INFO - 	at org.apache.hadoop.ipc.Client.call(Client.java:1457)
[2020-12-22 14:23:59,776] {logging_mixin.py:112} INFO - [2020-12-22 14:23:59,776] {batch.py:309} INFO - 	at org.apache.hadoop.ipc.Client.call(Client.java:1367)
[2020-12-22 14:23:59,777] {logging_mixin.py:112} INFO - [2020-12-22 14:23:59,776] {batch.py:309} INFO - 	at org.apache.hadoop.ipc.ProtobufRpcEngine$Invoker.invoke(ProtobufRpcEngine.java:228)
[2020-12-22 14:23:59,777] {logging_mixin.py:112} INFO - [2020-12-22 14:23:59,777] {batch.py:309} INFO - 	at org.apache.hadoop.ipc.ProtobufRpcEngine$Invoker.invoke(ProtobufRpcEngine.java:116)
[2020-12-22 14:23:59,777] {logging_mixin.py:112} INFO - [2020-12-22 14:23:59,777] {batch.py:309} INFO - 	at com.sun.proxy.$Proxy24.addBlock(Unknown Source)
[2020-12-22 14:23:59,777] {logging_mixin.py:112} INFO - [2020-12-22 14:23:59,777] {batch.py:309} INFO - 	at org.apache.hadoop.hdfs.protocolPB.ClientNamenodeProtocolTranslatorPB.addBlock(ClientNamenodeProtocolTranslatorPB.java:513)
[2020-12-22 14:23:59,777] {logging_mixin.py:112} INFO - [2020-12-22 14:23:59,777] {batch.py:309} INFO - 	at sun.reflect.NativeMethodAccessorImpl.invoke0(Native Method)
[2020-12-22 14:23:59,777] {logging_mixin.py:112} INFO - [2020-12-22 14:23:59,777] {batch.py:309} INFO - 	at sun.reflect.NativeMethodAccessorImpl.invoke(NativeMethodAccessorImpl.java:62)
[2020-12-22 14:23:59,778] {logging_mixin.py:112} INFO - [2020-12-22 14:23:59,777] {batch.py:309} INFO - 	at sun.reflect.DelegatingMethodAccessorImpl.invoke(DelegatingMethodAccessorImpl.java:43)
[2020-12-22 14:23:59,778] {logging_mixin.py:112} INFO - [2020-12-22 14:23:59,778] {batch.py:309} INFO - 	at java.lang.reflect.Method.invoke(Method.java:498)
[2020-12-22 14:23:59,778] {logging_mixin.py:112} INFO - [2020-12-22 14:23:59,778] {batch.py:309} INFO - 	at org.apache.hadoop.io.retry.RetryInvocationHandler.invokeMethod(RetryInvocationHandler.java:422)
[2020-12-22 14:23:59,778] {logging_mixin.py:112} INFO - [2020-12-22 14:23:59,778] {batch.py:309} INFO - 	at org.apache.hadoop.io.retry.RetryInvocationHandler$Call.invokeMethod(RetryInvocationHandler.java:165)
[2020-12-22 14:23:59,778] {logging_mixin.py:112} INFO - [2020-12-22 14:23:59,778] {batch.py:309} INFO - 	at org.apache.hadoop.io.retry.RetryInvocationHandler$Call.invoke(RetryInvocationHandler.java:157)
[2020-12-22 14:23:59,778] {logging_mixin.py:112} INFO - [2020-12-22 14:23:59,778] {batch.py:309} INFO - 	at org.apache.hadoop.io.retry.RetryInvocationHandler$Call.invokeOnce(RetryInvocationHandler.java:95)
[2020-12-22 14:23:59,779] {logging_mixin.py:112} INFO - [2020-12-22 14:23:59,778] {batch.py:309} INFO - 	at org.apache.hadoop.io.retry.RetryInvocationHandler.invoke(RetryInvocationHandler.java:359)
[2020-12-22 14:23:59,779] {logging_mixin.py:112} INFO - [2020-12-22 14:23:59,779] {batch.py:309} INFO - 	at com.sun.proxy.$Proxy25.addBlock(Unknown Source)
[2020-12-22 14:23:59,779] {logging_mixin.py:112} INFO - [2020-12-22 14:23:59,779] {batch.py:309} INFO - 	at org.apache.hadoop.hdfs.DFSOutputStream.addBlock(DFSOutputStream.java:1081)
[2020-12-22 14:23:59,779] {logging_mixin.py:112} INFO - [2020-12-22 14:23:59,779] {batch.py:309} INFO - 	at org.apache.hadoop.hdfs.DataStreamer.locateFollowingBlock(DataStreamer.java:1865)
[2020-12-22 14:23:59,779] {logging_mixin.py:112} INFO - [2020-12-22 14:23:59,779] {batch.py:309} INFO - 	at org.apache.hadoop.hdfs.DataStreamer.nextBlockOutputStream(DataStreamer.java:1668)
[2020-12-22 14:23:59,779] {logging_mixin.py:112} INFO - [2020-12-22 14:23:59,779] {batch.py:309} INFO - 	at org.apache.hadoop.hdfs.DataStreamer.run(DataStreamer.java:716)
[2020-12-22 14:23:59,779] {logging_mixin.py:112} INFO - [2020-12-22 14:23:59,779] {batch.py:309} INFO - 
[2020-12-22 14:23:59,780] {logging_mixin.py:112} INFO - [2020-12-22 14:23:59,780] {batch.py:309} INFO - 2020-12-22 14:23:47,648 INFO util.ShutdownHookManager: Shutdown hook called
[2020-12-22 14:23:59,780] {logging_mixin.py:112} INFO - [2020-12-22 14:23:59,780] {batch.py:309} INFO - 2020-12-22 14:23:47,650 INFO util.ShutdownHookManager: Deleting directory /tmp/spark-33aaaed9-5988-4eda-bb35-11c8f1d271de
[2020-12-22 14:23:59,780] {logging_mixin.py:112} INFO - [2020-12-22 14:23:59,780] {batch.py:309} INFO - 2020-12-22 14:23:47,654 INFO util.ShutdownHookManager: Deleting directory /tmp/spark-29afbe38-3fa2-4e42-b012-7ea05594895d
[2020-12-22 14:23:59,780] {logging_mixin.py:112} INFO - [2020-12-22 14:23:59,780] {batch.py:309} INFO - 2020-12-22 14:23:47,659 INFO impl.MetricsSystemImpl: Stopping s3a-file-system metrics system...
[2020-12-22 14:23:59,780] {logging_mixin.py:112} INFO - [2020-12-22 14:23:59,780] {batch.py:309} INFO - 2020-12-22 14:23:47,659 INFO impl.MetricsSystemImpl: s3a-file-system metrics system stopped.
[2020-12-22 14:23:59,787] {logging_mixin.py:112} INFO - [2020-12-22 14:23:59,787] {base_hook.py:84} INFO - Using connection to: id: livy. Host: http://ec2-3-236-26-7.compute-1.amazonaws.com, Port: 8998, Schema: None, Login: None, Password: None, extra: None
[2020-12-22 14:23:59,788] {logging_mixin.py:112} INFO - [2020-12-22 14:23:59,788] {http_hook.py:136} INFO - Sending 'GET' to url: http://ec2-3-236-26-7.compute-1.amazonaws.com:8998/batches/45/log?from=200&size=100
[2020-12-22 14:23:59,802] {logging_mixin.py:112} INFO - [2020-12-22 14:23:59,801] {batch.py:309} INFO - 2020-12-22 14:23:47,659 INFO impl.MetricsSystemImpl: s3a-file-system metrics system shutdown complete.
[2020-12-22 14:23:59,802] {logging_mixin.py:112} INFO - [2020-12-22 14:23:59,802] {batch.py:309} INFO - 
stderr: 
[2020-12-22 14:23:59,802] {logging_mixin.py:112} INFO - [2020-12-22 14:23:59,802] {batch.py:309} INFO - 
YARN Diagnostics: 
[2020-12-22 14:23:59,802] {logging_mixin.py:112} INFO - [2020-12-22 14:23:59,802] {batch.py:309} INFO - spark-submit start failed
[2020-12-22 14:23:59,802] {logging_mixin.py:112} INFO - [2020-12-22 14:23:59,802] {batch.py:318} INFO - --------------------------------------------------End of full log for batch 45--------------------------------------------------
[2020-12-22 14:23:59,803] {logging_mixin.py:112} INFO - [2020-12-22 14:23:59,802] {batch.py:335} INFO - Closing batch with id = 45
[2020-12-22 14:23:59,812] {logging_mixin.py:112} INFO - [2020-12-22 14:23:59,812] {base_hook.py:84} INFO - Using connection to: id: livy. Host: http://ec2-3-236-26-7.compute-1.amazonaws.com, Port: 8998, Schema: None, Login: None, Password: None, extra: None
[2020-12-22 14:23:59,813] {logging_mixin.py:112} INFO - [2020-12-22 14:23:59,813] {http_hook.py:136} INFO - Sending 'DELETE' to url: http://ec2-3-236-26-7.compute-1.amazonaws.com:8998/batches/45
[2020-12-22 14:23:59,822] {logging_mixin.py:112} INFO - [2020-12-22 14:23:59,822] {batch.py:340} INFO - Batch 45 has been closed
[2020-12-22 14:23:59,831] {taskinstance.py:1128} ERROR - Batch 45 failed with state 'dead'
Traceback (most recent call last):
  File "/opt/bitnami/python/lib/python3.6/site-packages/airflow/models/taskinstance.py", line 966, in _run_raw_task
    result = task_copy.execute(context=context)
  File "/usr/local/airflow/plugins/airflow_livy/batch.py", line 173, in execute
    ).execute(context)
  File "/opt/bitnami/python/lib/python3.6/site-packages/airflow/sensors/base_sensor_operator.py", line 107, in execute
    while not self.poke(context):
  File "/usr/local/airflow/plugins/airflow_livy/batch.py", line 96, in poke
    raise AirflowException(f"Batch {self.batch_id} failed with state '{state}'")
airflow.exceptions.AirflowException: Batch 45 failed with state 'dead'
[2020-12-22 14:23:59,833] {taskinstance.py:1151} INFO - Marking task as UP_FOR_RETRY
[2020-12-22 14:24:04,515] {logging_mixin.py:112} INFO - [2020-12-22 14:24:04,514] {local_task_job.py:103} INFO - Task exited with return code 1
