[2020-12-22 12:55:12,468] {taskinstance.py:655} INFO - Dependencies all met for <TaskInstance: loan_prediction_train_model.preprocess_data 2020-12-22T12:43:23.210460+00:00 [queued]>
[2020-12-22 12:55:12,487] {taskinstance.py:655} INFO - Dependencies all met for <TaskInstance: loan_prediction_train_model.preprocess_data 2020-12-22T12:43:23.210460+00:00 [queued]>
[2020-12-22 12:55:12,488] {taskinstance.py:866} INFO - 
--------------------------------------------------------------------------------
[2020-12-22 12:55:12,488] {taskinstance.py:867} INFO - Starting attempt 5 of 6
[2020-12-22 12:55:12,488] {taskinstance.py:868} INFO - 
--------------------------------------------------------------------------------
[2020-12-22 12:55:12,504] {taskinstance.py:887} INFO - Executing <Task(LivyBatchOperator): preprocess_data> on 2020-12-22T12:43:23.210460+00:00
[2020-12-22 12:55:12,507] {standard_task_runner.py:53} INFO - Started process 14358 to run task
[2020-12-22 12:55:12,630] {logging_mixin.py:112} INFO - Running %s on host %s <TaskInstance: loan_prediction_train_model.preprocess_data 2020-12-22T12:43:23.210460+00:00 [running]> dcb43f18a24b
[2020-12-22 12:55:12,661] {logging_mixin.py:112} INFO - [2020-12-22 12:55:12,661] {batch.py:214} INFO - Submitting the batch to Livy... Payload:
{
  "file": "local:/tmp/airflowtmpqsaf8yls/usr/local/airflow/dist/main.py",
  "args": [
    "-job=preprocess_data",
    "-phase=train",
    "-mode=aws",
    "-awsKey=AKIAUW4FKHTMR2UR3INH",
    "-awsSecretKey=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",
    "-s3Bucket=alanchn31-loan-default-prediction"
  ],
  "pyFiles": [
    "local:/tmp/airflowtmpqsaf8yls/usr/local/airflow/dist/src.zip"
  ],
  "name": "preprocess_data_scheduled__2020-12-22T12:43:23.210460+00:00"
}
[2020-12-22 12:55:12,673] {logging_mixin.py:112} INFO - [2020-12-22 12:55:12,672] {base_hook.py:84} INFO - Using connection to: id: livy. Host: http://ec2-3-236-26-7.compute-1.amazonaws.com, Port: 8998, Schema: None, Login: None, Password: None, extra: None
[2020-12-22 12:55:12,676] {logging_mixin.py:112} INFO - [2020-12-22 12:55:12,675] {http_hook.py:136} INFO - Sending 'POST' to url: http://ec2-3-236-26-7.compute-1.amazonaws.com:8998/batches
[2020-12-22 12:55:12,705] {logging_mixin.py:112} INFO - [2020-12-22 12:55:12,705] {batch.py:166} INFO - Batch successfully submitted with id = 1.
[2020-12-22 12:55:12,706] {logging_mixin.py:112} INFO - [2020-12-22 12:55:12,706] {batch.py:80} INFO - Getting batch 1 status...
[2020-12-22 12:55:12,717] {logging_mixin.py:112} INFO - [2020-12-22 12:55:12,716] {base_hook.py:84} INFO - Using connection to: id: livy. Host: http://ec2-3-236-26-7.compute-1.amazonaws.com, Port: 8998, Schema: None, Login: None, Password: None, extra: None
[2020-12-22 12:55:12,718] {logging_mixin.py:112} INFO - [2020-12-22 12:55:12,718] {http_hook.py:136} INFO - Sending 'GET' to url: http://ec2-3-236-26-7.compute-1.amazonaws.com:8998/batches/1
[2020-12-22 12:55:12,734] {logging_mixin.py:112} INFO - [2020-12-22 12:55:12,734] {batch.py:90} INFO - Batch 1 has not finished yet (state is 'starting')
[2020-12-22 12:55:32,755] {logging_mixin.py:112} INFO - [2020-12-22 12:55:32,755] {batch.py:80} INFO - Getting batch 1 status...
[2020-12-22 12:55:32,763] {logging_mixin.py:112} INFO - [2020-12-22 12:55:32,763] {base_hook.py:84} INFO - Using connection to: id: livy. Host: http://ec2-3-236-26-7.compute-1.amazonaws.com, Port: 8998, Schema: None, Login: None, Password: None, extra: None
[2020-12-22 12:55:32,765] {logging_mixin.py:112} INFO - [2020-12-22 12:55:32,765] {http_hook.py:136} INFO - Sending 'GET' to url: http://ec2-3-236-26-7.compute-1.amazonaws.com:8998/batches/1
[2020-12-22 12:55:32,784] {logging_mixin.py:112} INFO - [2020-12-22 12:55:32,784] {batch.py:299} INFO - --------------------------------------------------Full log for batch 1--------------------------------------------------
[2020-12-22 12:55:32,792] {logging_mixin.py:112} INFO - [2020-12-22 12:55:32,792] {base_hook.py:84} INFO - Using connection to: id: livy. Host: http://ec2-3-236-26-7.compute-1.amazonaws.com, Port: 8998, Schema: None, Login: None, Password: None, extra: None
[2020-12-22 12:55:32,794] {logging_mixin.py:112} INFO - [2020-12-22 12:55:32,793] {http_hook.py:136} INFO - Sending 'GET' to url: http://ec2-3-236-26-7.compute-1.amazonaws.com:8998/batches/1/log?from=0&size=100
[2020-12-22 12:55:32,801] {logging_mixin.py:112} INFO - [2020-12-22 12:55:32,801] {batch.py:309} INFO - stdout: 
[2020-12-22 12:55:32,803] {logging_mixin.py:112} INFO - [2020-12-22 12:55:32,803] {batch.py:309} INFO - 2020-12-22 12:55:15,071 WARN util.NativeCodeLoader: Unable to load native-hadoop library for your platform... using builtin-java classes where applicable
[2020-12-22 12:55:32,804] {logging_mixin.py:112} INFO - [2020-12-22 12:55:32,804] {batch.py:309} INFO - python: can't open file '/tmp/airflowtmpqsaf8yls/usr/local/airflow/dist/main.py': [Errno 2] No such file or directory
[2020-12-22 12:55:32,806] {logging_mixin.py:112} INFO - [2020-12-22 12:55:32,806] {batch.py:309} INFO - 2020-12-22 12:55:15,341 INFO util.ShutdownHookManager: Shutdown hook called
[2020-12-22 12:55:32,807] {logging_mixin.py:112} INFO - [2020-12-22 12:55:32,807] {batch.py:309} INFO - 2020-12-22 12:55:15,343 INFO util.ShutdownHookManager: Deleting directory /tmp/spark-1fba0793-c4a0-484c-a5df-3178f09b2e62
[2020-12-22 12:55:32,808] {logging_mixin.py:112} INFO - [2020-12-22 12:55:32,808] {batch.py:309} INFO - 
stderr: 
[2020-12-22 12:55:32,809] {logging_mixin.py:112} INFO - [2020-12-22 12:55:32,809] {batch.py:309} INFO - 
YARN Diagnostics: 
[2020-12-22 12:55:32,809] {logging_mixin.py:112} INFO - [2020-12-22 12:55:32,809] {batch.py:309} INFO - spark-submit start failed
[2020-12-22 12:55:32,810] {logging_mixin.py:112} INFO - [2020-12-22 12:55:32,810] {batch.py:318} INFO - --------------------------------------------------End of full log for batch 1--------------------------------------------------
[2020-12-22 12:55:32,811] {logging_mixin.py:112} INFO - [2020-12-22 12:55:32,811] {batch.py:335} INFO - Closing batch with id = 1
[2020-12-22 12:55:32,820] {logging_mixin.py:112} INFO - [2020-12-22 12:55:32,819] {base_hook.py:84} INFO - Using connection to: id: livy. Host: http://ec2-3-236-26-7.compute-1.amazonaws.com, Port: 8998, Schema: None, Login: None, Password: None, extra: None
[2020-12-22 12:55:32,820] {logging_mixin.py:112} INFO - [2020-12-22 12:55:32,820] {http_hook.py:136} INFO - Sending 'DELETE' to url: http://ec2-3-236-26-7.compute-1.amazonaws.com:8998/batches/1
[2020-12-22 12:55:32,831] {logging_mixin.py:112} INFO - [2020-12-22 12:55:32,831] {batch.py:340} INFO - Batch 1 has been closed
[2020-12-22 12:55:32,874] {taskinstance.py:1128} ERROR - Batch 1 failed with state 'dead'
Traceback (most recent call last):
  File "/opt/bitnami/python/lib/python3.6/site-packages/airflow/models/taskinstance.py", line 966, in _run_raw_task
    result = task_copy.execute(context=context)
  File "/usr/local/airflow/plugins/airflow_livy/batch.py", line 173, in execute
    ).execute(context)
  File "/opt/bitnami/python/lib/python3.6/site-packages/airflow/sensors/base_sensor_operator.py", line 107, in execute
    while not self.poke(context):
  File "/usr/local/airflow/plugins/airflow_livy/batch.py", line 96, in poke
    raise AirflowException(f"Batch {self.batch_id} failed with state '{state}'")
airflow.exceptions.AirflowException: Batch 1 failed with state 'dead'
[2020-12-22 12:55:32,876] {taskinstance.py:1151} INFO - Marking task as UP_FOR_RETRY
[2020-12-22 12:55:37,507] {logging_mixin.py:112} INFO - [2020-12-22 12:55:37,507] {local_task_job.py:103} INFO - Task exited with return code 1
