[2020-12-22 14:25:03,779] {taskinstance.py:655} INFO - Dependencies all met for <TaskInstance: loan_prediction_train_model.preprocess_data 2020-12-22T12:43:23.210460+00:00 [queued]>
[2020-12-22 14:25:03,795] {taskinstance.py:655} INFO - Dependencies all met for <TaskInstance: loan_prediction_train_model.preprocess_data 2020-12-22T12:43:23.210460+00:00 [queued]>
[2020-12-22 14:25:03,795] {taskinstance.py:866} INFO - 
--------------------------------------------------------------------------------
[2020-12-22 14:25:03,795] {taskinstance.py:867} INFO - Starting attempt 50 of 54
[2020-12-22 14:25:03,795] {taskinstance.py:868} INFO - 
--------------------------------------------------------------------------------
[2020-12-22 14:25:03,811] {taskinstance.py:887} INFO - Executing <Task(LivyBatchOperator): preprocess_data> on 2020-12-22T12:43:23.210460+00:00
[2020-12-22 14:25:03,818] {standard_task_runner.py:53} INFO - Started process 62885 to run task
[2020-12-22 14:25:03,876] {logging_mixin.py:112} INFO - Running %s on host %s <TaskInstance: loan_prediction_train_model.preprocess_data 2020-12-22T12:43:23.210460+00:00 [running]> dcb43f18a24b
[2020-12-22 14:25:03,904] {logging_mixin.py:112} INFO - [2020-12-22 14:25:03,903] {batch.py:214} INFO - Submitting the batch to Livy... Payload:
{
  "file": "s3a://alanchn31-loan-default-prediction/dist/main.py",
  "args": [
    "--job",
    "preprocess_data",
    "--phase",
    "train",
    "--mode",
    "aws",
    "--awsKey",
    "AKIAUW4FKHTMR2UR3INH",
    "--awsSecretKey",
    "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",
    "--s3Bucket",
    "alanchn31-loan-default-prediction"
  ],
  "pyFiles": [
    "s3a://alanchn31-loan-default-prediction/dist/src.zip"
  ],
  "name": "preprocess_data_scheduled__2020-12-22T12:43:23.210460+00:00"
}
[2020-12-22 14:25:03,927] {logging_mixin.py:112} INFO - [2020-12-22 14:25:03,925] {base_hook.py:84} INFO - Using connection to: id: livy. Host: http://ec2-3-236-26-7.compute-1.amazonaws.com, Port: 8998, Schema: None, Login: None, Password: None, extra: None
[2020-12-22 14:25:03,929] {logging_mixin.py:112} INFO - [2020-12-22 14:25:03,929] {http_hook.py:136} INFO - Sending 'POST' to url: http://ec2-3-236-26-7.compute-1.amazonaws.com:8998/batches
[2020-12-22 14:25:03,966] {logging_mixin.py:112} INFO - [2020-12-22 14:25:03,966] {batch.py:166} INFO - Batch successfully submitted with id = 46.
[2020-12-22 14:25:03,969] {logging_mixin.py:112} INFO - [2020-12-22 14:25:03,969] {batch.py:80} INFO - Getting batch 46 status...
[2020-12-22 14:25:03,981] {logging_mixin.py:112} INFO - [2020-12-22 14:25:03,980] {base_hook.py:84} INFO - Using connection to: id: livy. Host: http://ec2-3-236-26-7.compute-1.amazonaws.com, Port: 8998, Schema: None, Login: None, Password: None, extra: None
[2020-12-22 14:25:03,986] {logging_mixin.py:112} INFO - [2020-12-22 14:25:03,986] {http_hook.py:136} INFO - Sending 'GET' to url: http://ec2-3-236-26-7.compute-1.amazonaws.com:8998/batches/46
[2020-12-22 14:25:03,997] {logging_mixin.py:112} INFO - [2020-12-22 14:25:03,997] {batch.py:90} INFO - Batch 46 has not finished yet (state is 'starting')
[2020-12-22 14:25:24,019] {logging_mixin.py:112} INFO - [2020-12-22 14:25:24,019] {batch.py:80} INFO - Getting batch 46 status...
[2020-12-22 14:25:24,027] {logging_mixin.py:112} INFO - [2020-12-22 14:25:24,027] {base_hook.py:84} INFO - Using connection to: id: livy. Host: http://ec2-3-236-26-7.compute-1.amazonaws.com, Port: 8998, Schema: None, Login: None, Password: None, extra: None
[2020-12-22 14:25:24,032] {logging_mixin.py:112} INFO - [2020-12-22 14:25:24,032] {http_hook.py:136} INFO - Sending 'GET' to url: http://ec2-3-236-26-7.compute-1.amazonaws.com:8998/batches/46
[2020-12-22 14:25:24,041] {logging_mixin.py:112} INFO - [2020-12-22 14:25:24,041] {batch.py:299} INFO - --------------------------------------------------Full log for batch 46--------------------------------------------------
[2020-12-22 14:25:24,049] {logging_mixin.py:112} INFO - [2020-12-22 14:25:24,049] {base_hook.py:84} INFO - Using connection to: id: livy. Host: http://ec2-3-236-26-7.compute-1.amazonaws.com, Port: 8998, Schema: None, Login: None, Password: None, extra: None
[2020-12-22 14:25:24,051] {logging_mixin.py:112} INFO - [2020-12-22 14:25:24,051] {http_hook.py:136} INFO - Sending 'GET' to url: http://ec2-3-236-26-7.compute-1.amazonaws.com:8998/batches/46/log?from=0&size=100
[2020-12-22 14:25:24,063] {logging_mixin.py:112} INFO - [2020-12-22 14:25:24,062] {batch.py:309} INFO - stdout: 
[2020-12-22 14:25:24,066] {logging_mixin.py:112} INFO - [2020-12-22 14:25:24,066] {batch.py:309} INFO - 2020-12-22 14:25:11,814 INFO spark.SecurityManager: Changing modify acls to: root
[2020-12-22 14:25:24,066] {logging_mixin.py:112} INFO - [2020-12-22 14:25:24,066] {batch.py:309} INFO - 2020-12-22 14:25:11,814 INFO spark.SecurityManager: Changing view acls groups to: 
[2020-12-22 14:25:24,066] {logging_mixin.py:112} INFO - [2020-12-22 14:25:24,066] {batch.py:309} INFO - 2020-12-22 14:25:11,814 INFO spark.SecurityManager: Changing modify acls groups to: 
[2020-12-22 14:25:24,067] {logging_mixin.py:112} INFO - [2020-12-22 14:25:24,066] {batch.py:309} INFO - 2020-12-22 14:25:11,814 INFO spark.SecurityManager: SecurityManager: authentication disabled; ui acls disabled; users  with view permissions: Set(root); groups with view permissions: Set(); users  with modify permissions: Set(root); groups with modify permissions: Set()
[2020-12-22 14:25:24,067] {logging_mixin.py:112} INFO - [2020-12-22 14:25:24,067] {batch.py:309} INFO - 2020-12-22 14:25:12,246 INFO util.Utils: Successfully started service 'sparkDriver' on port 7001.
[2020-12-22 14:25:24,067] {logging_mixin.py:112} INFO - [2020-12-22 14:25:24,067] {batch.py:309} INFO - 2020-12-22 14:25:12,302 INFO spark.SparkEnv: Registering MapOutputTracker
[2020-12-22 14:25:24,067] {logging_mixin.py:112} INFO - [2020-12-22 14:25:24,067] {batch.py:309} INFO - 2020-12-22 14:25:12,330 INFO spark.SparkEnv: Registering BlockManagerMaster
[2020-12-22 14:25:24,067] {logging_mixin.py:112} INFO - [2020-12-22 14:25:24,067] {batch.py:309} INFO - 2020-12-22 14:25:12,334 INFO storage.BlockManagerMasterEndpoint: Using org.apache.spark.storage.DefaultTopologyMapper for getting topology information
[2020-12-22 14:25:24,067] {logging_mixin.py:112} INFO - [2020-12-22 14:25:24,067] {batch.py:309} INFO - 2020-12-22 14:25:12,334 INFO storage.BlockManagerMasterEndpoint: BlockManagerMasterEndpoint up
[2020-12-22 14:25:24,068] {logging_mixin.py:112} INFO - [2020-12-22 14:25:24,067] {batch.py:309} INFO - 2020-12-22 14:25:12,346 INFO storage.DiskBlockManager: Created local directory at /tmp/blockmgr-5a2d4b90-7756-464d-8337-43958444cddb
[2020-12-22 14:25:24,068] {logging_mixin.py:112} INFO - [2020-12-22 14:25:24,068] {batch.py:309} INFO - 2020-12-22 14:25:12,366 INFO memory.MemoryStore: MemoryStore started with capacity 366.3 MB
[2020-12-22 14:25:24,068] {logging_mixin.py:112} INFO - [2020-12-22 14:25:24,068] {batch.py:309} INFO - 2020-12-22 14:25:12,448 INFO spark.SparkEnv: Registering OutputCommitCoordinator
[2020-12-22 14:25:24,068] {logging_mixin.py:112} INFO - [2020-12-22 14:25:24,068] {batch.py:309} INFO - 2020-12-22 14:25:12,669 INFO util.log: Logging initialized @8512ms
[2020-12-22 14:25:24,068] {logging_mixin.py:112} INFO - [2020-12-22 14:25:24,068] {batch.py:309} INFO - 2020-12-22 14:25:12,785 INFO server.Server: jetty-9.3.z-SNAPSHOT, build timestamp: 2018-06-05T17:11:56Z, git hash: 84205aa28f11a4f31f2a3b86d1bba2cc8ab69827
[2020-12-22 14:25:24,068] {logging_mixin.py:112} INFO - [2020-12-22 14:25:24,068] {batch.py:309} INFO - 2020-12-22 14:25:12,810 INFO server.Server: Started @8658ms
[2020-12-22 14:25:24,068] {logging_mixin.py:112} INFO - [2020-12-22 14:25:24,068] {batch.py:309} INFO - 2020-12-22 14:25:12,834 INFO server.AbstractConnector: Started ServerConnector@23d641f1{HTTP/1.1,[http/1.1]}{0.0.0.0:4040}
[2020-12-22 14:25:24,069] {logging_mixin.py:112} INFO - [2020-12-22 14:25:24,069] {batch.py:309} INFO - 2020-12-22 14:25:12,834 INFO util.Utils: Successfully started service 'SparkUI' on port 4040.
[2020-12-22 14:25:24,069] {logging_mixin.py:112} INFO - [2020-12-22 14:25:24,069] {batch.py:309} INFO - 2020-12-22 14:25:12,868 INFO handler.ContextHandler: Started o.s.j.s.ServletContextHandler@281dee99{/jobs,null,AVAILABLE,@Spark}
[2020-12-22 14:25:24,069] {logging_mixin.py:112} INFO - [2020-12-22 14:25:24,069] {batch.py:309} INFO - 2020-12-22 14:25:12,870 INFO handler.ContextHandler: Started o.s.j.s.ServletContextHandler@7f54f027{/jobs/json,null,AVAILABLE,@Spark}
[2020-12-22 14:25:24,069] {logging_mixin.py:112} INFO - [2020-12-22 14:25:24,069] {batch.py:309} INFO - 2020-12-22 14:25:12,870 INFO handler.ContextHandler: Started o.s.j.s.ServletContextHandler@58fc5de5{/jobs/job,null,AVAILABLE,@Spark}
[2020-12-22 14:25:24,069] {logging_mixin.py:112} INFO - [2020-12-22 14:25:24,069] {batch.py:309} INFO - 2020-12-22 14:25:12,871 INFO handler.ContextHandler: Started o.s.j.s.ServletContextHandler@7312f896{/jobs/job/json,null,AVAILABLE,@Spark}
[2020-12-22 14:25:24,069] {logging_mixin.py:112} INFO - [2020-12-22 14:25:24,069] {batch.py:309} INFO - 2020-12-22 14:25:12,872 INFO handler.ContextHandler: Started o.s.j.s.ServletContextHandler@5c7670d5{/stages,null,AVAILABLE,@Spark}
[2020-12-22 14:25:24,070] {logging_mixin.py:112} INFO - [2020-12-22 14:25:24,070] {batch.py:309} INFO - 2020-12-22 14:25:12,873 INFO handler.ContextHandler: Started o.s.j.s.ServletContextHandler@4fb66b4{/stages/json,null,AVAILABLE,@Spark}
[2020-12-22 14:25:24,070] {logging_mixin.py:112} INFO - [2020-12-22 14:25:24,070] {batch.py:309} INFO - 2020-12-22 14:25:12,874 INFO handler.ContextHandler: Started o.s.j.s.ServletContextHandler@3e5200bb{/stages/stage,null,AVAILABLE,@Spark}
[2020-12-22 14:25:24,070] {logging_mixin.py:112} INFO - [2020-12-22 14:25:24,070] {batch.py:309} INFO - 2020-12-22 14:25:12,876 INFO handler.ContextHandler: Started o.s.j.s.ServletContextHandler@6aeeb433{/stages/stage/json,null,AVAILABLE,@Spark}
[2020-12-22 14:25:24,070] {logging_mixin.py:112} INFO - [2020-12-22 14:25:24,070] {batch.py:309} INFO - 2020-12-22 14:25:12,878 INFO handler.ContextHandler: Started o.s.j.s.ServletContextHandler@4497260d{/stages/pool,null,AVAILABLE,@Spark}
[2020-12-22 14:25:24,070] {logging_mixin.py:112} INFO - [2020-12-22 14:25:24,070] {batch.py:309} INFO - 2020-12-22 14:25:12,879 INFO handler.ContextHandler: Started o.s.j.s.ServletContextHandler@1ae462c1{/stages/pool/json,null,AVAILABLE,@Spark}
[2020-12-22 14:25:24,070] {logging_mixin.py:112} INFO - [2020-12-22 14:25:24,070] {batch.py:309} INFO - 2020-12-22 14:25:12,880 INFO handler.ContextHandler: Started o.s.j.s.ServletContextHandler@52040329{/storage,null,AVAILABLE,@Spark}
[2020-12-22 14:25:24,071] {logging_mixin.py:112} INFO - [2020-12-22 14:25:24,070] {batch.py:309} INFO - 2020-12-22 14:25:12,881 INFO handler.ContextHandler: Started o.s.j.s.ServletContextHandler@4dd47a76{/storage/json,null,AVAILABLE,@Spark}
[2020-12-22 14:25:24,071] {logging_mixin.py:112} INFO - [2020-12-22 14:25:24,071] {batch.py:309} INFO - 2020-12-22 14:25:12,882 INFO handler.ContextHandler: Started o.s.j.s.ServletContextHandler@300e9a8f{/storage/rdd,null,AVAILABLE,@Spark}
[2020-12-22 14:25:24,071] {logging_mixin.py:112} INFO - [2020-12-22 14:25:24,071] {batch.py:309} INFO - 2020-12-22 14:25:12,883 INFO handler.ContextHandler: Started o.s.j.s.ServletContextHandler@9c50425{/storage/rdd/json,null,AVAILABLE,@Spark}
[2020-12-22 14:25:24,071] {logging_mixin.py:112} INFO - [2020-12-22 14:25:24,071] {batch.py:309} INFO - 2020-12-22 14:25:12,886 INFO handler.ContextHandler: Started o.s.j.s.ServletContextHandler@7b2a537f{/environment,null,AVAILABLE,@Spark}
[2020-12-22 14:25:24,071] {logging_mixin.py:112} INFO - [2020-12-22 14:25:24,071] {batch.py:309} INFO - 2020-12-22 14:25:12,887 INFO handler.ContextHandler: Started o.s.j.s.ServletContextHandler@15c381a6{/environment/json,null,AVAILABLE,@Spark}
[2020-12-22 14:25:24,071] {logging_mixin.py:112} INFO - [2020-12-22 14:25:24,071] {batch.py:309} INFO - 2020-12-22 14:25:12,889 INFO handler.ContextHandler: Started o.s.j.s.ServletContextHandler@515dbb73{/executors,null,AVAILABLE,@Spark}
[2020-12-22 14:25:24,071] {logging_mixin.py:112} INFO - [2020-12-22 14:25:24,071] {batch.py:309} INFO - 2020-12-22 14:25:12,890 INFO handler.ContextHandler: Started o.s.j.s.ServletContextHandler@70987951{/executors/json,null,AVAILABLE,@Spark}
[2020-12-22 14:25:24,072] {logging_mixin.py:112} INFO - [2020-12-22 14:25:24,071] {batch.py:309} INFO - 2020-12-22 14:25:12,892 INFO handler.ContextHandler: Started o.s.j.s.ServletContextHandler@59806d96{/executors/threadDump,null,AVAILABLE,@Spark}
[2020-12-22 14:25:24,072] {logging_mixin.py:112} INFO - [2020-12-22 14:25:24,072] {batch.py:309} INFO - 2020-12-22 14:25:12,892 INFO handler.ContextHandler: Started o.s.j.s.ServletContextHandler@504709b1{/executors/threadDump/json,null,AVAILABLE,@Spark}
[2020-12-22 14:25:24,072] {logging_mixin.py:112} INFO - [2020-12-22 14:25:24,072] {batch.py:309} INFO - 2020-12-22 14:25:12,900 INFO handler.ContextHandler: Started o.s.j.s.ServletContextHandler@6c7db6e9{/static,null,AVAILABLE,@Spark}
[2020-12-22 14:25:24,072] {logging_mixin.py:112} INFO - [2020-12-22 14:25:24,072] {batch.py:309} INFO - 2020-12-22 14:25:12,900 INFO handler.ContextHandler: Started o.s.j.s.ServletContextHandler@5202e7e9{/,null,AVAILABLE,@Spark}
[2020-12-22 14:25:24,072] {logging_mixin.py:112} INFO - [2020-12-22 14:25:24,072] {batch.py:309} INFO - 2020-12-22 14:25:12,904 INFO handler.ContextHandler: Started o.s.j.s.ServletContextHandler@3eea5a88{/api,null,AVAILABLE,@Spark}
[2020-12-22 14:25:24,072] {logging_mixin.py:112} INFO - [2020-12-22 14:25:24,072] {batch.py:309} INFO - 2020-12-22 14:25:12,905 INFO handler.ContextHandler: Started o.s.j.s.ServletContextHandler@6d8c7c02{/jobs/job/kill,null,AVAILABLE,@Spark}
[2020-12-22 14:25:24,073] {logging_mixin.py:112} INFO - [2020-12-22 14:25:24,072] {batch.py:309} INFO - 2020-12-22 14:25:12,909 INFO handler.ContextHandler: Started o.s.j.s.ServletContextHandler@1bfb2694{/stages/stage/kill,null,AVAILABLE,@Spark}
[2020-12-22 14:25:24,073] {logging_mixin.py:112} INFO - [2020-12-22 14:25:24,073] {batch.py:309} INFO - 2020-12-22 14:25:12,912 INFO ui.SparkUI: Bound SparkUI to 0.0.0.0, and started at http://livy:4040
[2020-12-22 14:25:24,073] {logging_mixin.py:112} INFO - [2020-12-22 14:25:24,073] {batch.py:309} INFO - 2020-12-22 14:25:13,967 INFO client.RMProxy: Connecting to ResourceManager at master/172.20.0.8:8032
[2020-12-22 14:25:24,073] {logging_mixin.py:112} INFO - [2020-12-22 14:25:24,073] {batch.py:309} INFO - 2020-12-22 14:25:14,264 INFO yarn.Client: Requesting a new application from cluster with 2 NodeManagers
[2020-12-22 14:25:24,073] {logging_mixin.py:112} INFO - [2020-12-22 14:25:24,073] {batch.py:309} INFO - 2020-12-22 14:25:14,329 INFO conf.Configuration: resource-types.xml not found
[2020-12-22 14:25:24,073] {logging_mixin.py:112} INFO - [2020-12-22 14:25:24,073] {batch.py:309} INFO - 2020-12-22 14:25:14,329 INFO resource.ResourceUtils: Unable to find 'resource-types.xml'.
[2020-12-22 14:25:24,074] {logging_mixin.py:112} INFO - [2020-12-22 14:25:24,074] {batch.py:309} INFO - 2020-12-22 14:25:14,350 INFO yarn.Client: Verifying our application has not requested more than the maximum memory capability of the cluster (4096 MB per container)
[2020-12-22 14:25:24,074] {logging_mixin.py:112} INFO - [2020-12-22 14:25:24,074] {batch.py:309} INFO - 2020-12-22 14:25:14,351 INFO yarn.Client: Will allocate AM container, with 896 MB memory including 384 MB overhead
[2020-12-22 14:25:24,074] {logging_mixin.py:112} INFO - [2020-12-22 14:25:24,074] {batch.py:309} INFO - 2020-12-22 14:25:14,352 INFO yarn.Client: Setting up container launch context for our AM
[2020-12-22 14:25:24,074] {logging_mixin.py:112} INFO - [2020-12-22 14:25:24,074] {batch.py:309} INFO - 2020-12-22 14:25:14,356 INFO yarn.Client: Setting up the launch environment for our AM container
[2020-12-22 14:25:24,074] {logging_mixin.py:112} INFO - [2020-12-22 14:25:24,074] {batch.py:309} INFO - 2020-12-22 14:25:14,364 INFO yarn.Client: Preparing resources for our AM container
[2020-12-22 14:25:24,075] {logging_mixin.py:112} INFO - [2020-12-22 14:25:24,074] {batch.py:309} INFO - 2020-12-22 14:25:14,420 INFO yarn.Client: Uploading resource file:/usr/spark/python/lib/pyspark.zip -> hdfs://master:9000/user/root/.sparkStaging/application_1608640367429_0002/pyspark.zip
[2020-12-22 14:25:24,075] {logging_mixin.py:112} INFO - [2020-12-22 14:25:24,075] {batch.py:309} INFO - 2020-12-22 14:25:14,603 WARN hdfs.DataStreamer: DataStreamer Exception
[2020-12-22 14:25:24,075] {logging_mixin.py:112} INFO - [2020-12-22 14:25:24,075] {batch.py:309} INFO - org.apache.hadoop.ipc.RemoteException(java.io.IOException): File /user/root/.sparkStaging/application_1608640367429_0002/pyspark.zip could only be written to 0 of the 1 minReplication nodes. There are 0 datanode(s) running and 0 node(s) are excluded in this operation.
[2020-12-22 14:25:24,075] {logging_mixin.py:112} INFO - [2020-12-22 14:25:24,075] {batch.py:309} INFO - 	at org.apache.hadoop.hdfs.server.blockmanagement.BlockManager.chooseTarget4NewBlock(BlockManager.java:2135)
[2020-12-22 14:25:24,075] {logging_mixin.py:112} INFO - [2020-12-22 14:25:24,075] {batch.py:309} INFO - 	at org.apache.hadoop.hdfs.server.namenode.FSDirWriteFileOp.chooseTargetForNewBlock(FSDirWriteFileOp.java:294)
[2020-12-22 14:25:24,075] {logging_mixin.py:112} INFO - [2020-12-22 14:25:24,075] {batch.py:309} INFO - 	at org.apache.hadoop.hdfs.server.namenode.FSNamesystem.getAdditionalBlock(FSNamesystem.java:2771)
[2020-12-22 14:25:24,075] {logging_mixin.py:112} INFO - [2020-12-22 14:25:24,075] {batch.py:309} INFO - 	at org.apache.hadoop.hdfs.server.namenode.NameNodeRpcServer.addBlock(NameNodeRpcServer.java:876)
[2020-12-22 14:25:24,076] {logging_mixin.py:112} INFO - [2020-12-22 14:25:24,076] {batch.py:309} INFO - 	at org.apache.hadoop.hdfs.protocolPB.ClientNamenodeProtocolServerSideTranslatorPB.addBlock(ClientNamenodeProtocolServerSideTranslatorPB.java:567)
[2020-12-22 14:25:24,076] {logging_mixin.py:112} INFO - [2020-12-22 14:25:24,076] {batch.py:309} INFO - 	at org.apache.hadoop.hdfs.protocol.proto.ClientNamenodeProtocolProtos$ClientNamenodeProtocol$2.callBlockingMethod(ClientNamenodeProtocolProtos.java)
[2020-12-22 14:25:24,076] {logging_mixin.py:112} INFO - [2020-12-22 14:25:24,076] {batch.py:309} INFO - 	at org.apache.hadoop.ipc.ProtobufRpcEngine$Server$ProtoBufRpcInvoker.call(ProtobufRpcEngine.java:524)
[2020-12-22 14:25:24,076] {logging_mixin.py:112} INFO - [2020-12-22 14:25:24,076] {batch.py:309} INFO - 	at org.apache.hadoop.ipc.RPC$Server.call(RPC.java:1025)
[2020-12-22 14:25:24,076] {logging_mixin.py:112} INFO - [2020-12-22 14:25:24,076] {batch.py:309} INFO - 	at org.apache.hadoop.ipc.Server$RpcCall.run(Server.java:876)
[2020-12-22 14:25:24,076] {logging_mixin.py:112} INFO - [2020-12-22 14:25:24,076] {batch.py:309} INFO - 	at org.apache.hadoop.ipc.Server$RpcCall.run(Server.java:822)
[2020-12-22 14:25:24,077] {logging_mixin.py:112} INFO - [2020-12-22 14:25:24,076] {batch.py:309} INFO - 	at java.security.AccessController.doPrivileged(Native Method)
[2020-12-22 14:25:24,077] {logging_mixin.py:112} INFO - [2020-12-22 14:25:24,077] {batch.py:309} INFO - 	at javax.security.auth.Subject.doAs(Subject.java:422)
[2020-12-22 14:25:24,077] {logging_mixin.py:112} INFO - [2020-12-22 14:25:24,077] {batch.py:309} INFO - 	at org.apache.hadoop.security.UserGroupInformation.doAs(UserGroupInformation.java:1730)
[2020-12-22 14:25:24,077] {logging_mixin.py:112} INFO - [2020-12-22 14:25:24,077] {batch.py:309} INFO - 	at org.apache.hadoop.ipc.Server$Handler.run(Server.java:2682)
[2020-12-22 14:25:24,077] {logging_mixin.py:112} INFO - [2020-12-22 14:25:24,077] {batch.py:309} INFO - 
[2020-12-22 14:25:24,077] {logging_mixin.py:112} INFO - [2020-12-22 14:25:24,077] {batch.py:309} INFO - 	at org.apache.hadoop.ipc.Client.getRpcResponse(Client.java:1511)
[2020-12-22 14:25:24,078] {logging_mixin.py:112} INFO - [2020-12-22 14:25:24,077] {batch.py:309} INFO - 	at org.apache.hadoop.ipc.Client.call(Client.java:1457)
[2020-12-22 14:25:24,078] {logging_mixin.py:112} INFO - [2020-12-22 14:25:24,078] {batch.py:309} INFO - 	at org.apache.hadoop.ipc.Client.call(Client.java:1367)
[2020-12-22 14:25:24,078] {logging_mixin.py:112} INFO - [2020-12-22 14:25:24,078] {batch.py:309} INFO - 	at org.apache.hadoop.ipc.ProtobufRpcEngine$Invoker.invoke(ProtobufRpcEngine.java:228)
[2020-12-22 14:25:24,078] {logging_mixin.py:112} INFO - [2020-12-22 14:25:24,078] {batch.py:309} INFO - 	at org.apache.hadoop.ipc.ProtobufRpcEngine$Invoker.invoke(ProtobufRpcEngine.java:116)
[2020-12-22 14:25:24,078] {logging_mixin.py:112} INFO - [2020-12-22 14:25:24,078] {batch.py:309} INFO - 	at com.sun.proxy.$Proxy24.addBlock(Unknown Source)
[2020-12-22 14:25:24,078] {logging_mixin.py:112} INFO - [2020-12-22 14:25:24,078] {batch.py:309} INFO - 	at org.apache.hadoop.hdfs.protocolPB.ClientNamenodeProtocolTranslatorPB.addBlock(ClientNamenodeProtocolTranslatorPB.java:513)
[2020-12-22 14:25:24,078] {logging_mixin.py:112} INFO - [2020-12-22 14:25:24,078] {batch.py:309} INFO - 	at sun.reflect.NativeMethodAccessorImpl.invoke0(Native Method)
[2020-12-22 14:25:24,079] {logging_mixin.py:112} INFO - [2020-12-22 14:25:24,079] {batch.py:309} INFO - 	at sun.reflect.NativeMethodAccessorImpl.invoke(NativeMethodAccessorImpl.java:62)
[2020-12-22 14:25:24,079] {logging_mixin.py:112} INFO - [2020-12-22 14:25:24,079] {batch.py:309} INFO - 	at sun.reflect.DelegatingMethodAccessorImpl.invoke(DelegatingMethodAccessorImpl.java:43)
[2020-12-22 14:25:24,079] {logging_mixin.py:112} INFO - [2020-12-22 14:25:24,079] {batch.py:309} INFO - 	at java.lang.reflect.Method.invoke(Method.java:498)
[2020-12-22 14:25:24,079] {logging_mixin.py:112} INFO - [2020-12-22 14:25:24,079] {batch.py:309} INFO - 	at org.apache.hadoop.io.retry.RetryInvocationHandler.invokeMethod(RetryInvocationHandler.java:422)
[2020-12-22 14:25:24,080] {logging_mixin.py:112} INFO - [2020-12-22 14:25:24,079] {batch.py:309} INFO - 	at org.apache.hadoop.io.retry.RetryInvocationHandler$Call.invokeMethod(RetryInvocationHandler.java:165)
[2020-12-22 14:25:24,080] {logging_mixin.py:112} INFO - [2020-12-22 14:25:24,080] {batch.py:309} INFO - 	at org.apache.hadoop.io.retry.RetryInvocationHandler$Call.invoke(RetryInvocationHandler.java:157)
[2020-12-22 14:25:24,080] {logging_mixin.py:112} INFO - [2020-12-22 14:25:24,080] {batch.py:309} INFO - 	at org.apache.hadoop.io.retry.RetryInvocationHandler$Call.invokeOnce(RetryInvocationHandler.java:95)
[2020-12-22 14:25:24,080] {logging_mixin.py:112} INFO - [2020-12-22 14:25:24,080] {batch.py:309} INFO - 	at org.apache.hadoop.io.retry.RetryInvocationHandler.invoke(RetryInvocationHandler.java:359)
[2020-12-22 14:25:24,080] {logging_mixin.py:112} INFO - [2020-12-22 14:25:24,080] {batch.py:309} INFO - 	at com.sun.proxy.$Proxy25.addBlock(Unknown Source)
[2020-12-22 14:25:24,080] {logging_mixin.py:112} INFO - [2020-12-22 14:25:24,080] {batch.py:309} INFO - 	at org.apache.hadoop.hdfs.DFSOutputStream.addBlock(DFSOutputStream.java:1081)
[2020-12-22 14:25:24,081] {logging_mixin.py:112} INFO - [2020-12-22 14:25:24,081] {batch.py:309} INFO - 	at org.apache.hadoop.hdfs.DataStreamer.locateFollowingBlock(DataStreamer.java:1865)
[2020-12-22 14:25:24,081] {logging_mixin.py:112} INFO - [2020-12-22 14:25:24,081] {batch.py:309} INFO - 	at org.apache.hadoop.hdfs.DataStreamer.nextBlockOutputStream(DataStreamer.java:1668)
[2020-12-22 14:25:24,081] {logging_mixin.py:112} INFO - [2020-12-22 14:25:24,081] {batch.py:309} INFO - 	at org.apache.hadoop.hdfs.DataStreamer.run(DataStreamer.java:716)
[2020-12-22 14:25:24,081] {logging_mixin.py:112} INFO - [2020-12-22 14:25:24,081] {batch.py:309} INFO - 2020-12-22 14:25:14,630 INFO yarn.Client: Deleted staging directory hdfs://master:9000/user/root/.sparkStaging/application_1608640367429_0002
[2020-12-22 14:25:24,081] {logging_mixin.py:112} INFO - [2020-12-22 14:25:24,081] {batch.py:309} INFO - 2020-12-22 14:25:14,631 ERROR spark.SparkContext: Error initializing SparkContext.
[2020-12-22 14:25:24,081] {logging_mixin.py:112} INFO - [2020-12-22 14:25:24,081] {batch.py:309} INFO - org.apache.hadoop.ipc.RemoteException(java.io.IOException): File /user/root/.sparkStaging/application_1608640367429_0002/pyspark.zip could only be written to 0 of the 1 minReplication nodes. There are 0 datanode(s) running and 0 node(s) are excluded in this operation.
[2020-12-22 14:25:24,082] {logging_mixin.py:112} INFO - [2020-12-22 14:25:24,082] {batch.py:309} INFO - 	at org.apache.hadoop.hdfs.server.blockmanagement.BlockManager.chooseTarget4NewBlock(BlockManager.java:2135)
[2020-12-22 14:25:24,082] {logging_mixin.py:112} INFO - [2020-12-22 14:25:24,082] {batch.py:309} INFO - 	at org.apache.hadoop.hdfs.server.namenode.FSDirWriteFileOp.chooseTargetForNewBlock(FSDirWriteFileOp.java:294)
[2020-12-22 14:25:24,082] {logging_mixin.py:112} INFO - [2020-12-22 14:25:24,082] {batch.py:309} INFO - 	at org.apache.hadoop.hdfs.server.namenode.FSNamesystem.getAdditionalBlock(FSNamesystem.java:2771)
[2020-12-22 14:25:24,082] {logging_mixin.py:112} INFO - [2020-12-22 14:25:24,082] {batch.py:309} INFO - 	at org.apache.hadoop.hdfs.server.namenode.NameNodeRpcServer.addBlock(NameNodeRpcServer.java:876)
[2020-12-22 14:25:24,082] {logging_mixin.py:112} INFO - [2020-12-22 14:25:24,082] {batch.py:309} INFO - 	at org.apache.hadoop.hdfs.protocolPB.ClientNamenodeProtocolServerSideTranslatorPB.addBlock(ClientNamenodeProtocolServerSideTranslatorPB.java:567)
[2020-12-22 14:25:24,089] {logging_mixin.py:112} INFO - [2020-12-22 14:25:24,089] {base_hook.py:84} INFO - Using connection to: id: livy. Host: http://ec2-3-236-26-7.compute-1.amazonaws.com, Port: 8998, Schema: None, Login: None, Password: None, extra: None
[2020-12-22 14:25:24,090] {logging_mixin.py:112} INFO - [2020-12-22 14:25:24,090] {http_hook.py:136} INFO - Sending 'GET' to url: http://ec2-3-236-26-7.compute-1.amazonaws.com:8998/batches/46/log?from=100&size=100
[2020-12-22 14:25:24,099] {logging_mixin.py:112} INFO - [2020-12-22 14:25:24,099] {batch.py:309} INFO - 	at org.apache.hadoop.hdfs.protocol.proto.ClientNamenodeProtocolProtos$ClientNamenodeProtocol$2.callBlockingMethod(ClientNamenodeProtocolProtos.java)
[2020-12-22 14:25:24,099] {logging_mixin.py:112} INFO - [2020-12-22 14:25:24,099] {batch.py:309} INFO - 	at org.apache.hadoop.ipc.ProtobufRpcEngine$Server$ProtoBufRpcInvoker.call(ProtobufRpcEngine.java:524)
[2020-12-22 14:25:24,100] {logging_mixin.py:112} INFO - [2020-12-22 14:25:24,100] {batch.py:309} INFO - 	at org.apache.hadoop.ipc.RPC$Server.call(RPC.java:1025)
[2020-12-22 14:25:24,100] {logging_mixin.py:112} INFO - [2020-12-22 14:25:24,100] {batch.py:309} INFO - 	at org.apache.hadoop.ipc.Server$RpcCall.run(Server.java:876)
[2020-12-22 14:25:24,100] {logging_mixin.py:112} INFO - [2020-12-22 14:25:24,100] {batch.py:309} INFO - 	at org.apache.hadoop.ipc.Server$RpcCall.run(Server.java:822)
[2020-12-22 14:25:24,100] {logging_mixin.py:112} INFO - [2020-12-22 14:25:24,100] {batch.py:309} INFO - 	at java.security.AccessController.doPrivileged(Native Method)
[2020-12-22 14:25:24,100] {logging_mixin.py:112} INFO - [2020-12-22 14:25:24,100] {batch.py:309} INFO - 	at javax.security.auth.Subject.doAs(Subject.java:422)
[2020-12-22 14:25:24,100] {logging_mixin.py:112} INFO - [2020-12-22 14:25:24,100] {batch.py:309} INFO - 	at org.apache.hadoop.security.UserGroupInformation.doAs(UserGroupInformation.java:1730)
[2020-12-22 14:25:24,101] {logging_mixin.py:112} INFO - [2020-12-22 14:25:24,101] {batch.py:309} INFO - 	at org.apache.hadoop.ipc.Server$Handler.run(Server.java:2682)
[2020-12-22 14:25:24,101] {logging_mixin.py:112} INFO - [2020-12-22 14:25:24,101] {batch.py:309} INFO - 
[2020-12-22 14:25:24,101] {logging_mixin.py:112} INFO - [2020-12-22 14:25:24,101] {batch.py:309} INFO - 	at org.apache.hadoop.ipc.Client.getRpcResponse(Client.java:1511)
[2020-12-22 14:25:24,101] {logging_mixin.py:112} INFO - [2020-12-22 14:25:24,101] {batch.py:309} INFO - 	at org.apache.hadoop.ipc.Client.call(Client.java:1457)
[2020-12-22 14:25:24,101] {logging_mixin.py:112} INFO - [2020-12-22 14:25:24,101] {batch.py:309} INFO - 	at org.apache.hadoop.ipc.Client.call(Client.java:1367)
[2020-12-22 14:25:24,102] {logging_mixin.py:112} INFO - [2020-12-22 14:25:24,101] {batch.py:309} INFO - 	at org.apache.hadoop.ipc.ProtobufRpcEngine$Invoker.invoke(ProtobufRpcEngine.java:228)
[2020-12-22 14:25:24,102] {logging_mixin.py:112} INFO - [2020-12-22 14:25:24,102] {batch.py:309} INFO - 	at org.apache.hadoop.ipc.ProtobufRpcEngine$Invoker.invoke(ProtobufRpcEngine.java:116)
[2020-12-22 14:25:24,102] {logging_mixin.py:112} INFO - [2020-12-22 14:25:24,102] {batch.py:309} INFO - 	at com.sun.proxy.$Proxy24.addBlock(Unknown Source)
[2020-12-22 14:25:24,102] {logging_mixin.py:112} INFO - [2020-12-22 14:25:24,102] {batch.py:309} INFO - 	at org.apache.hadoop.hdfs.protocolPB.ClientNamenodeProtocolTranslatorPB.addBlock(ClientNamenodeProtocolTranslatorPB.java:513)
[2020-12-22 14:25:24,102] {logging_mixin.py:112} INFO - [2020-12-22 14:25:24,102] {batch.py:309} INFO - 	at sun.reflect.NativeMethodAccessorImpl.invoke0(Native Method)
[2020-12-22 14:25:24,102] {logging_mixin.py:112} INFO - [2020-12-22 14:25:24,102] {batch.py:309} INFO - 	at sun.reflect.NativeMethodAccessorImpl.invoke(NativeMethodAccessorImpl.java:62)
[2020-12-22 14:25:24,103] {logging_mixin.py:112} INFO - [2020-12-22 14:25:24,102] {batch.py:309} INFO - 	at sun.reflect.DelegatingMethodAccessorImpl.invoke(DelegatingMethodAccessorImpl.java:43)
[2020-12-22 14:25:24,103] {logging_mixin.py:112} INFO - [2020-12-22 14:25:24,103] {batch.py:309} INFO - 	at java.lang.reflect.Method.invoke(Method.java:498)
[2020-12-22 14:25:24,103] {logging_mixin.py:112} INFO - [2020-12-22 14:25:24,103] {batch.py:309} INFO - 	at org.apache.hadoop.io.retry.RetryInvocationHandler.invokeMethod(RetryInvocationHandler.java:422)
[2020-12-22 14:25:24,103] {logging_mixin.py:112} INFO - [2020-12-22 14:25:24,103] {batch.py:309} INFO - 	at org.apache.hadoop.io.retry.RetryInvocationHandler$Call.invokeMethod(RetryInvocationHandler.java:165)
[2020-12-22 14:25:24,103] {logging_mixin.py:112} INFO - [2020-12-22 14:25:24,103] {batch.py:309} INFO - 	at org.apache.hadoop.io.retry.RetryInvocationHandler$Call.invoke(RetryInvocationHandler.java:157)
[2020-12-22 14:25:24,103] {logging_mixin.py:112} INFO - [2020-12-22 14:25:24,103] {batch.py:309} INFO - 	at org.apache.hadoop.io.retry.RetryInvocationHandler$Call.invokeOnce(RetryInvocationHandler.java:95)
[2020-12-22 14:25:24,103] {logging_mixin.py:112} INFO - [2020-12-22 14:25:24,103] {batch.py:309} INFO - 	at org.apache.hadoop.io.retry.RetryInvocationHandler.invoke(RetryInvocationHandler.java:359)
[2020-12-22 14:25:24,104] {logging_mixin.py:112} INFO - [2020-12-22 14:25:24,103] {batch.py:309} INFO - 	at com.sun.proxy.$Proxy25.addBlock(Unknown Source)
[2020-12-22 14:25:24,104] {logging_mixin.py:112} INFO - [2020-12-22 14:25:24,104] {batch.py:309} INFO - 	at org.apache.hadoop.hdfs.DFSOutputStream.addBlock(DFSOutputStream.java:1081)
[2020-12-22 14:25:24,104] {logging_mixin.py:112} INFO - [2020-12-22 14:25:24,104] {batch.py:309} INFO - 	at org.apache.hadoop.hdfs.DataStreamer.locateFollowingBlock(DataStreamer.java:1865)
[2020-12-22 14:25:24,104] {logging_mixin.py:112} INFO - [2020-12-22 14:25:24,104] {batch.py:309} INFO - 	at org.apache.hadoop.hdfs.DataStreamer.nextBlockOutputStream(DataStreamer.java:1668)
[2020-12-22 14:25:24,104] {logging_mixin.py:112} INFO - [2020-12-22 14:25:24,104] {batch.py:309} INFO - 	at org.apache.hadoop.hdfs.DataStreamer.run(DataStreamer.java:716)
[2020-12-22 14:25:24,104] {logging_mixin.py:112} INFO - [2020-12-22 14:25:24,104] {batch.py:309} INFO - 2020-12-22 14:25:14,651 INFO server.AbstractConnector: Stopped Spark@23d641f1{HTTP/1.1,[http/1.1]}{0.0.0.0:4040}
[2020-12-22 14:25:24,105] {logging_mixin.py:112} INFO - [2020-12-22 14:25:24,104] {batch.py:309} INFO - 2020-12-22 14:25:14,655 INFO ui.SparkUI: Stopped Spark web UI at http://livy:4040
[2020-12-22 14:25:24,105] {logging_mixin.py:112} INFO - [2020-12-22 14:25:24,105] {batch.py:309} INFO - 2020-12-22 14:25:14,673 WARN cluster.YarnSchedulerBackend$YarnSchedulerEndpoint: Attempted to request executors before the AM has registered!
[2020-12-22 14:25:24,105] {logging_mixin.py:112} INFO - [2020-12-22 14:25:24,105] {batch.py:309} INFO - 2020-12-22 14:25:14,675 INFO cluster.YarnClientSchedulerBackend: Stopped
[2020-12-22 14:25:24,105] {logging_mixin.py:112} INFO - [2020-12-22 14:25:24,105] {batch.py:309} INFO - 2020-12-22 14:25:14,690 INFO spark.MapOutputTrackerMasterEndpoint: MapOutputTrackerMasterEndpoint stopped!
[2020-12-22 14:25:24,105] {logging_mixin.py:112} INFO - [2020-12-22 14:25:24,105] {batch.py:309} INFO - 2020-12-22 14:25:14,711 INFO memory.MemoryStore: MemoryStore cleared
[2020-12-22 14:25:24,105] {logging_mixin.py:112} INFO - [2020-12-22 14:25:24,105] {batch.py:309} INFO - 2020-12-22 14:25:14,712 INFO storage.BlockManager: BlockManager stopped
[2020-12-22 14:25:24,106] {logging_mixin.py:112} INFO - [2020-12-22 14:25:24,105] {batch.py:309} INFO - 2020-12-22 14:25:14,723 INFO storage.BlockManagerMaster: BlockManagerMaster stopped
[2020-12-22 14:25:24,106] {logging_mixin.py:112} INFO - [2020-12-22 14:25:24,106] {batch.py:309} INFO - 2020-12-22 14:25:14,724 WARN metrics.MetricsSystem: Stopping a MetricsSystem that is not running
[2020-12-22 14:25:24,106] {logging_mixin.py:112} INFO - [2020-12-22 14:25:24,106] {batch.py:309} INFO - 2020-12-22 14:25:14,729 INFO scheduler.OutputCommitCoordinator$OutputCommitCoordinatorEndpoint: OutputCommitCoordinator stopped!
[2020-12-22 14:25:24,106] {logging_mixin.py:112} INFO - [2020-12-22 14:25:24,106] {batch.py:309} INFO - 2020-12-22 14:25:14,736 INFO spark.SparkContext: Successfully stopped SparkContext
[2020-12-22 14:25:24,106] {logging_mixin.py:112} INFO - [2020-12-22 14:25:24,106] {batch.py:309} INFO - Traceback (most recent call last):
[2020-12-22 14:25:24,106] {logging_mixin.py:112} INFO - [2020-12-22 14:25:24,106] {batch.py:309} INFO -   File "/tmp/spark-68b43c7b-8f03-4cc5-a779-1cd1f4b1dcf5/main.py", line 87, in <module>
[2020-12-22 14:25:24,107] {logging_mixin.py:112} INFO - [2020-12-22 14:25:24,106] {batch.py:309} INFO -     main()
[2020-12-22 14:25:24,107] {logging_mixin.py:112} INFO - [2020-12-22 14:25:24,107] {batch.py:309} INFO -   File "/tmp/spark-68b43c7b-8f03-4cc5-a779-1cd1f4b1dcf5/main.py", line 56, in main
[2020-12-22 14:25:24,107] {logging_mixin.py:112} INFO - [2020-12-22 14:25:24,107] {batch.py:309} INFO -     spark = create_spark_session(args.mode, args.awsKey, args.awsSecretKey)
[2020-12-22 14:25:24,107] {logging_mixin.py:112} INFO - [2020-12-22 14:25:24,107] {batch.py:309} INFO -   File "/tmp/spark-68b43c7b-8f03-4cc5-a779-1cd1f4b1dcf5/main.py", line 37, in create_spark_session
[2020-12-22 14:25:24,107] {logging_mixin.py:112} INFO - [2020-12-22 14:25:24,107] {batch.py:309} INFO -     .appName("LoanDefaultPrediction") \
[2020-12-22 14:25:24,107] {logging_mixin.py:112} INFO - [2020-12-22 14:25:24,107] {batch.py:309} INFO -   File "/usr/spark/python/lib/pyspark.zip/pyspark/sql/session.py", line 173, in getOrCreate
[2020-12-22 14:25:24,108] {logging_mixin.py:112} INFO - [2020-12-22 14:25:24,108] {batch.py:309} INFO -   File "/usr/spark/python/lib/pyspark.zip/pyspark/context.py", line 367, in getOrCreate
[2020-12-22 14:25:24,108] {logging_mixin.py:112} INFO - [2020-12-22 14:25:24,108] {batch.py:309} INFO -   File "/usr/spark/python/lib/pyspark.zip/pyspark/context.py", line 136, in __init__
[2020-12-22 14:25:24,108] {logging_mixin.py:112} INFO - [2020-12-22 14:25:24,108] {batch.py:309} INFO -   File "/usr/spark/python/lib/pyspark.zip/pyspark/context.py", line 198, in _do_init
[2020-12-22 14:25:24,108] {logging_mixin.py:112} INFO - [2020-12-22 14:25:24,108] {batch.py:309} INFO -   File "/usr/spark/python/lib/pyspark.zip/pyspark/context.py", line 306, in _initialize_context
[2020-12-22 14:25:24,108] {logging_mixin.py:112} INFO - [2020-12-22 14:25:24,108] {batch.py:309} INFO -   File "/usr/spark/python/lib/py4j-0.10.7-src.zip/py4j/java_gateway.py", line 1525, in __call__
[2020-12-22 14:25:24,109] {logging_mixin.py:112} INFO - [2020-12-22 14:25:24,108] {batch.py:309} INFO -   File "/usr/spark/python/lib/py4j-0.10.7-src.zip/py4j/protocol.py", line 328, in get_return_value
[2020-12-22 14:25:24,109] {logging_mixin.py:112} INFO - [2020-12-22 14:25:24,109] {batch.py:309} INFO - py4j.protocol.Py4JJavaError: An error occurred while calling None.org.apache.spark.api.java.JavaSparkContext.
[2020-12-22 14:25:24,109] {logging_mixin.py:112} INFO - [2020-12-22 14:25:24,109] {batch.py:309} INFO - : org.apache.hadoop.ipc.RemoteException(java.io.IOException): File /user/root/.sparkStaging/application_1608640367429_0002/pyspark.zip could only be written to 0 of the 1 minReplication nodes. There are 0 datanode(s) running and 0 node(s) are excluded in this operation.
[2020-12-22 14:25:24,109] {logging_mixin.py:112} INFO - [2020-12-22 14:25:24,109] {batch.py:309} INFO - 	at org.apache.hadoop.hdfs.server.blockmanagement.BlockManager.chooseTarget4NewBlock(BlockManager.java:2135)
[2020-12-22 14:25:24,109] {logging_mixin.py:112} INFO - [2020-12-22 14:25:24,109] {batch.py:309} INFO - 	at org.apache.hadoop.hdfs.server.namenode.FSDirWriteFileOp.chooseTargetForNewBlock(FSDirWriteFileOp.java:294)
[2020-12-22 14:25:24,110] {logging_mixin.py:112} INFO - [2020-12-22 14:25:24,109] {batch.py:309} INFO - 	at org.apache.hadoop.hdfs.server.namenode.FSNamesystem.getAdditionalBlock(FSNamesystem.java:2771)
[2020-12-22 14:25:24,110] {logging_mixin.py:112} INFO - [2020-12-22 14:25:24,110] {batch.py:309} INFO - 	at org.apache.hadoop.hdfs.server.namenode.NameNodeRpcServer.addBlock(NameNodeRpcServer.java:876)
[2020-12-22 14:25:24,110] {logging_mixin.py:112} INFO - [2020-12-22 14:25:24,110] {batch.py:309} INFO - 	at org.apache.hadoop.hdfs.protocolPB.ClientNamenodeProtocolServerSideTranslatorPB.addBlock(ClientNamenodeProtocolServerSideTranslatorPB.java:567)
[2020-12-22 14:25:24,110] {logging_mixin.py:112} INFO - [2020-12-22 14:25:24,110] {batch.py:309} INFO - 	at org.apache.hadoop.hdfs.protocol.proto.ClientNamenodeProtocolProtos$ClientNamenodeProtocol$2.callBlockingMethod(ClientNamenodeProtocolProtos.java)
[2020-12-22 14:25:24,110] {logging_mixin.py:112} INFO - [2020-12-22 14:25:24,110] {batch.py:309} INFO - 	at org.apache.hadoop.ipc.ProtobufRpcEngine$Server$ProtoBufRpcInvoker.call(ProtobufRpcEngine.java:524)
[2020-12-22 14:25:24,110] {logging_mixin.py:112} INFO - [2020-12-22 14:25:24,110] {batch.py:309} INFO - 	at org.apache.hadoop.ipc.RPC$Server.call(RPC.java:1025)
[2020-12-22 14:25:24,110] {logging_mixin.py:112} INFO - [2020-12-22 14:25:24,110] {batch.py:309} INFO - 	at org.apache.hadoop.ipc.Server$RpcCall.run(Server.java:876)
[2020-12-22 14:25:24,111] {logging_mixin.py:112} INFO - [2020-12-22 14:25:24,111] {batch.py:309} INFO - 	at org.apache.hadoop.ipc.Server$RpcCall.run(Server.java:822)
[2020-12-22 14:25:24,111] {logging_mixin.py:112} INFO - [2020-12-22 14:25:24,111] {batch.py:309} INFO - 	at java.security.AccessController.doPrivileged(Native Method)
[2020-12-22 14:25:24,111] {logging_mixin.py:112} INFO - [2020-12-22 14:25:24,111] {batch.py:309} INFO - 	at javax.security.auth.Subject.doAs(Subject.java:422)
[2020-12-22 14:25:24,111] {logging_mixin.py:112} INFO - [2020-12-22 14:25:24,111] {batch.py:309} INFO - 	at org.apache.hadoop.security.UserGroupInformation.doAs(UserGroupInformation.java:1730)
[2020-12-22 14:25:24,111] {logging_mixin.py:112} INFO - [2020-12-22 14:25:24,111] {batch.py:309} INFO - 	at org.apache.hadoop.ipc.Server$Handler.run(Server.java:2682)
[2020-12-22 14:25:24,111] {logging_mixin.py:112} INFO - [2020-12-22 14:25:24,111] {batch.py:309} INFO - 
[2020-12-22 14:25:24,111] {logging_mixin.py:112} INFO - [2020-12-22 14:25:24,111] {batch.py:309} INFO - 	at org.apache.hadoop.ipc.Client.getRpcResponse(Client.java:1511)
[2020-12-22 14:25:24,112] {logging_mixin.py:112} INFO - [2020-12-22 14:25:24,112] {batch.py:309} INFO - 	at org.apache.hadoop.ipc.Client.call(Client.java:1457)
[2020-12-22 14:25:24,112] {logging_mixin.py:112} INFO - [2020-12-22 14:25:24,112] {batch.py:309} INFO - 	at org.apache.hadoop.ipc.Client.call(Client.java:1367)
[2020-12-22 14:25:24,112] {logging_mixin.py:112} INFO - [2020-12-22 14:25:24,112] {batch.py:309} INFO - 	at org.apache.hadoop.ipc.ProtobufRpcEngine$Invoker.invoke(ProtobufRpcEngine.java:228)
[2020-12-22 14:25:24,112] {logging_mixin.py:112} INFO - [2020-12-22 14:25:24,112] {batch.py:309} INFO - 	at org.apache.hadoop.ipc.ProtobufRpcEngine$Invoker.invoke(ProtobufRpcEngine.java:116)
[2020-12-22 14:25:24,112] {logging_mixin.py:112} INFO - [2020-12-22 14:25:24,112] {batch.py:309} INFO - 	at com.sun.proxy.$Proxy24.addBlock(Unknown Source)
[2020-12-22 14:25:24,112] {logging_mixin.py:112} INFO - [2020-12-22 14:25:24,112] {batch.py:309} INFO - 	at org.apache.hadoop.hdfs.protocolPB.ClientNamenodeProtocolTranslatorPB.addBlock(ClientNamenodeProtocolTranslatorPB.java:513)
[2020-12-22 14:25:24,113] {logging_mixin.py:112} INFO - [2020-12-22 14:25:24,113] {batch.py:309} INFO - 	at sun.reflect.NativeMethodAccessorImpl.invoke0(Native Method)
[2020-12-22 14:25:24,113] {logging_mixin.py:112} INFO - [2020-12-22 14:25:24,113] {batch.py:309} INFO - 	at sun.reflect.NativeMethodAccessorImpl.invoke(NativeMethodAccessorImpl.java:62)
[2020-12-22 14:25:24,113] {logging_mixin.py:112} INFO - [2020-12-22 14:25:24,113] {batch.py:309} INFO - 	at sun.reflect.DelegatingMethodAccessorImpl.invoke(DelegatingMethodAccessorImpl.java:43)
[2020-12-22 14:25:24,113] {logging_mixin.py:112} INFO - [2020-12-22 14:25:24,113] {batch.py:309} INFO - 	at java.lang.reflect.Method.invoke(Method.java:498)
[2020-12-22 14:25:24,113] {logging_mixin.py:112} INFO - [2020-12-22 14:25:24,113] {batch.py:309} INFO - 	at org.apache.hadoop.io.retry.RetryInvocationHandler.invokeMethod(RetryInvocationHandler.java:422)
[2020-12-22 14:25:24,114] {logging_mixin.py:112} INFO - [2020-12-22 14:25:24,113] {batch.py:309} INFO - 	at org.apache.hadoop.io.retry.RetryInvocationHandler$Call.invokeMethod(RetryInvocationHandler.java:165)
[2020-12-22 14:25:24,114] {logging_mixin.py:112} INFO - [2020-12-22 14:25:24,114] {batch.py:309} INFO - 	at org.apache.hadoop.io.retry.RetryInvocationHandler$Call.invoke(RetryInvocationHandler.java:157)
[2020-12-22 14:25:24,114] {logging_mixin.py:112} INFO - [2020-12-22 14:25:24,114] {batch.py:309} INFO - 	at org.apache.hadoop.io.retry.RetryInvocationHandler$Call.invokeOnce(RetryInvocationHandler.java:95)
[2020-12-22 14:25:24,114] {logging_mixin.py:112} INFO - [2020-12-22 14:25:24,114] {batch.py:309} INFO - 	at org.apache.hadoop.io.retry.RetryInvocationHandler.invoke(RetryInvocationHandler.java:359)
[2020-12-22 14:25:24,114] {logging_mixin.py:112} INFO - [2020-12-22 14:25:24,114] {batch.py:309} INFO - 	at com.sun.proxy.$Proxy25.addBlock(Unknown Source)
[2020-12-22 14:25:24,114] {logging_mixin.py:112} INFO - [2020-12-22 14:25:24,114] {batch.py:309} INFO - 	at org.apache.hadoop.hdfs.DFSOutputStream.addBlock(DFSOutputStream.java:1081)
[2020-12-22 14:25:24,115] {logging_mixin.py:112} INFO - [2020-12-22 14:25:24,115] {batch.py:309} INFO - 	at org.apache.hadoop.hdfs.DataStreamer.locateFollowingBlock(DataStreamer.java:1865)
[2020-12-22 14:25:24,115] {logging_mixin.py:112} INFO - [2020-12-22 14:25:24,115] {batch.py:309} INFO - 	at org.apache.hadoop.hdfs.DataStreamer.nextBlockOutputStream(DataStreamer.java:1668)
[2020-12-22 14:25:24,115] {logging_mixin.py:112} INFO - [2020-12-22 14:25:24,115] {batch.py:309} INFO - 	at org.apache.hadoop.hdfs.DataStreamer.run(DataStreamer.java:716)
[2020-12-22 14:25:24,115] {logging_mixin.py:112} INFO - [2020-12-22 14:25:24,115] {batch.py:309} INFO - 
[2020-12-22 14:25:24,115] {logging_mixin.py:112} INFO - [2020-12-22 14:25:24,115] {batch.py:309} INFO - 2020-12-22 14:25:14,782 INFO util.ShutdownHookManager: Shutdown hook called
[2020-12-22 14:25:24,116] {logging_mixin.py:112} INFO - [2020-12-22 14:25:24,115] {batch.py:309} INFO - 2020-12-22 14:25:14,783 INFO util.ShutdownHookManager: Deleting directory /tmp/spark-68b43c7b-8f03-4cc5-a779-1cd1f4b1dcf5
[2020-12-22 14:25:24,116] {logging_mixin.py:112} INFO - [2020-12-22 14:25:24,116] {batch.py:309} INFO - 2020-12-22 14:25:14,790 INFO util.ShutdownHookManager: Deleting directory /tmp/spark-b3008015-3b90-404e-9863-ed753f813b62
[2020-12-22 14:25:24,116] {logging_mixin.py:112} INFO - [2020-12-22 14:25:24,116] {batch.py:309} INFO - 2020-12-22 14:25:14,896 INFO impl.MetricsSystemImpl: Stopping s3a-file-system metrics system...
[2020-12-22 14:25:24,116] {logging_mixin.py:112} INFO - [2020-12-22 14:25:24,116] {batch.py:309} INFO - 2020-12-22 14:25:14,897 INFO impl.MetricsSystemImpl: s3a-file-system metrics system stopped.
[2020-12-22 14:25:24,125] {logging_mixin.py:112} INFO - [2020-12-22 14:25:24,124] {base_hook.py:84} INFO - Using connection to: id: livy. Host: http://ec2-3-236-26-7.compute-1.amazonaws.com, Port: 8998, Schema: None, Login: None, Password: None, extra: None
[2020-12-22 14:25:24,125] {logging_mixin.py:112} INFO - [2020-12-22 14:25:24,125] {http_hook.py:136} INFO - Sending 'GET' to url: http://ec2-3-236-26-7.compute-1.amazonaws.com:8998/batches/46/log?from=200&size=100
[2020-12-22 14:25:24,135] {logging_mixin.py:112} INFO - [2020-12-22 14:25:24,134] {batch.py:309} INFO - 2020-12-22 14:25:14,898 INFO impl.MetricsSystemImpl: s3a-file-system metrics system shutdown complete.
[2020-12-22 14:25:24,135] {logging_mixin.py:112} INFO - [2020-12-22 14:25:24,135] {batch.py:309} INFO - 
stderr: 
[2020-12-22 14:25:24,135] {logging_mixin.py:112} INFO - [2020-12-22 14:25:24,135] {batch.py:309} INFO - 
YARN Diagnostics: 
[2020-12-22 14:25:24,135] {logging_mixin.py:112} INFO - [2020-12-22 14:25:24,135] {batch.py:309} INFO - spark-submit start failed
[2020-12-22 14:25:24,135] {logging_mixin.py:112} INFO - [2020-12-22 14:25:24,135] {batch.py:318} INFO - --------------------------------------------------End of full log for batch 46--------------------------------------------------
[2020-12-22 14:25:24,136] {logging_mixin.py:112} INFO - [2020-12-22 14:25:24,135] {batch.py:335} INFO - Closing batch with id = 46
[2020-12-22 14:25:24,144] {logging_mixin.py:112} INFO - [2020-12-22 14:25:24,144] {base_hook.py:84} INFO - Using connection to: id: livy. Host: http://ec2-3-236-26-7.compute-1.amazonaws.com, Port: 8998, Schema: None, Login: None, Password: None, extra: None
[2020-12-22 14:25:24,145] {logging_mixin.py:112} INFO - [2020-12-22 14:25:24,145] {http_hook.py:136} INFO - Sending 'DELETE' to url: http://ec2-3-236-26-7.compute-1.amazonaws.com:8998/batches/46
[2020-12-22 14:25:24,154] {logging_mixin.py:112} INFO - [2020-12-22 14:25:24,154] {batch.py:340} INFO - Batch 46 has been closed
[2020-12-22 14:25:24,164] {taskinstance.py:1128} ERROR - Batch 46 failed with state 'dead'
Traceback (most recent call last):
  File "/opt/bitnami/python/lib/python3.6/site-packages/airflow/models/taskinstance.py", line 966, in _run_raw_task
    result = task_copy.execute(context=context)
  File "/usr/local/airflow/plugins/airflow_livy/batch.py", line 173, in execute
    ).execute(context)
  File "/opt/bitnami/python/lib/python3.6/site-packages/airflow/sensors/base_sensor_operator.py", line 107, in execute
    while not self.poke(context):
  File "/usr/local/airflow/plugins/airflow_livy/batch.py", line 96, in poke
    raise AirflowException(f"Batch {self.batch_id} failed with state '{state}'")
airflow.exceptions.AirflowException: Batch 46 failed with state 'dead'
[2020-12-22 14:25:24,166] {taskinstance.py:1151} INFO - Marking task as UP_FOR_RETRY
[2020-12-22 14:25:28,826] {logging_mixin.py:112} INFO - [2020-12-22 14:25:28,826] {local_task_job.py:103} INFO - Task exited with return code 1
