[2020-12-22 14:27:51,720] {taskinstance.py:655} INFO - Dependencies all met for <TaskInstance: loan_prediction_train_model.preprocess_data 2020-12-22T12:43:23.210460+00:00 [queued]>
[2020-12-22 14:27:51,735] {taskinstance.py:655} INFO - Dependencies all met for <TaskInstance: loan_prediction_train_model.preprocess_data 2020-12-22T12:43:23.210460+00:00 [queued]>
[2020-12-22 14:27:51,738] {taskinstance.py:866} INFO - 
--------------------------------------------------------------------------------
[2020-12-22 14:27:51,738] {taskinstance.py:867} INFO - Starting attempt 52 of 54
[2020-12-22 14:27:51,738] {taskinstance.py:868} INFO - 
--------------------------------------------------------------------------------
[2020-12-22 14:27:51,753] {taskinstance.py:887} INFO - Executing <Task(LivyBatchOperator): preprocess_data> on 2020-12-22T12:43:23.210460+00:00
[2020-12-22 14:27:51,759] {standard_task_runner.py:53} INFO - Started process 63779 to run task
[2020-12-22 14:27:51,822] {logging_mixin.py:112} INFO - Running %s on host %s <TaskInstance: loan_prediction_train_model.preprocess_data 2020-12-22T12:43:23.210460+00:00 [running]> dcb43f18a24b
[2020-12-22 14:27:51,848] {logging_mixin.py:112} INFO - [2020-12-22 14:27:51,848] {batch.py:214} INFO - Submitting the batch to Livy... Payload:
{
  "file": "s3a://alanchn31-loan-default-prediction/dist/main.py",
  "args": [
    "--job",
    "preprocess_data",
    "--phase",
    "train",
    "--mode",
    "aws",
    "--awsKey",
    "AKIAUW4FKHTMR2UR3INH",
    "--awsSecretKey",
    "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",
    "--s3Bucket",
    "alanchn31-loan-default-prediction"
  ],
  "pyFiles": [
    "s3a://alanchn31-loan-default-prediction/dist/src.zip"
  ],
  "name": "preprocess_data_scheduled__2020-12-22T12:43:23.210460+00:00"
}
[2020-12-22 14:27:51,858] {logging_mixin.py:112} INFO - [2020-12-22 14:27:51,857] {base_hook.py:84} INFO - Using connection to: id: livy. Host: http://ec2-3-236-26-7.compute-1.amazonaws.com, Port: 8998, Schema: None, Login: None, Password: None, extra: None
[2020-12-22 14:27:51,861] {logging_mixin.py:112} INFO - [2020-12-22 14:27:51,861] {http_hook.py:136} INFO - Sending 'POST' to url: http://ec2-3-236-26-7.compute-1.amazonaws.com:8998/batches
[2020-12-22 14:27:51,879] {logging_mixin.py:112} INFO - [2020-12-22 14:27:51,879] {batch.py:166} INFO - Batch successfully submitted with id = 48.
[2020-12-22 14:27:51,882] {logging_mixin.py:112} INFO - [2020-12-22 14:27:51,882] {batch.py:80} INFO - Getting batch 48 status...
[2020-12-22 14:27:51,892] {logging_mixin.py:112} INFO - [2020-12-22 14:27:51,892] {base_hook.py:84} INFO - Using connection to: id: livy. Host: http://ec2-3-236-26-7.compute-1.amazonaws.com, Port: 8998, Schema: None, Login: None, Password: None, extra: None
[2020-12-22 14:27:51,895] {logging_mixin.py:112} INFO - [2020-12-22 14:27:51,895] {http_hook.py:136} INFO - Sending 'GET' to url: http://ec2-3-236-26-7.compute-1.amazonaws.com:8998/batches/48
[2020-12-22 14:27:51,902] {logging_mixin.py:112} INFO - [2020-12-22 14:27:51,902] {batch.py:90} INFO - Batch 48 has not finished yet (state is 'starting')
[2020-12-22 14:28:11,924] {logging_mixin.py:112} INFO - [2020-12-22 14:28:11,924] {batch.py:80} INFO - Getting batch 48 status...
[2020-12-22 14:28:11,930] {logging_mixin.py:112} INFO - [2020-12-22 14:28:11,930] {base_hook.py:84} INFO - Using connection to: id: livy. Host: http://ec2-3-236-26-7.compute-1.amazonaws.com, Port: 8998, Schema: None, Login: None, Password: None, extra: None
[2020-12-22 14:28:11,934] {logging_mixin.py:112} INFO - [2020-12-22 14:28:11,934] {http_hook.py:136} INFO - Sending 'GET' to url: http://ec2-3-236-26-7.compute-1.amazonaws.com:8998/batches/48
[2020-12-22 14:28:11,949] {logging_mixin.py:112} INFO - [2020-12-22 14:28:11,949] {batch.py:299} INFO - --------------------------------------------------Full log for batch 48--------------------------------------------------
[2020-12-22 14:28:11,962] {logging_mixin.py:112} INFO - [2020-12-22 14:28:11,962] {base_hook.py:84} INFO - Using connection to: id: livy. Host: http://ec2-3-236-26-7.compute-1.amazonaws.com, Port: 8998, Schema: None, Login: None, Password: None, extra: None
[2020-12-22 14:28:11,963] {logging_mixin.py:112} INFO - [2020-12-22 14:28:11,963] {http_hook.py:136} INFO - Sending 'GET' to url: http://ec2-3-236-26-7.compute-1.amazonaws.com:8998/batches/48/log?from=0&size=100
[2020-12-22 14:28:11,981] {logging_mixin.py:112} INFO - [2020-12-22 14:28:11,980] {batch.py:309} INFO - stdout: 
[2020-12-22 14:28:11,981] {logging_mixin.py:112} INFO - [2020-12-22 14:28:11,981] {batch.py:309} INFO - 2020-12-22 14:27:56,844 INFO spark.SecurityManager: Changing modify acls to: root
[2020-12-22 14:28:11,981] {logging_mixin.py:112} INFO - [2020-12-22 14:28:11,981] {batch.py:309} INFO - 2020-12-22 14:27:56,844 INFO spark.SecurityManager: Changing view acls groups to: 
[2020-12-22 14:28:11,981] {logging_mixin.py:112} INFO - [2020-12-22 14:28:11,981] {batch.py:309} INFO - 2020-12-22 14:27:56,845 INFO spark.SecurityManager: Changing modify acls groups to: 
[2020-12-22 14:28:11,981] {logging_mixin.py:112} INFO - [2020-12-22 14:28:11,981] {batch.py:309} INFO - 2020-12-22 14:27:56,845 INFO spark.SecurityManager: SecurityManager: authentication disabled; ui acls disabled; users  with view permissions: Set(root); groups with view permissions: Set(); users  with modify permissions: Set(root); groups with modify permissions: Set()
[2020-12-22 14:28:11,981] {logging_mixin.py:112} INFO - [2020-12-22 14:28:11,981] {batch.py:309} INFO - 2020-12-22 14:27:57,208 INFO util.Utils: Successfully started service 'sparkDriver' on port 7001.
[2020-12-22 14:28:11,982] {logging_mixin.py:112} INFO - [2020-12-22 14:28:11,981] {batch.py:309} INFO - 2020-12-22 14:27:57,245 INFO spark.SparkEnv: Registering MapOutputTracker
[2020-12-22 14:28:11,982] {logging_mixin.py:112} INFO - [2020-12-22 14:28:11,982] {batch.py:309} INFO - 2020-12-22 14:27:57,266 INFO spark.SparkEnv: Registering BlockManagerMaster
[2020-12-22 14:28:11,982] {logging_mixin.py:112} INFO - [2020-12-22 14:28:11,982] {batch.py:309} INFO - 2020-12-22 14:27:57,270 INFO storage.BlockManagerMasterEndpoint: Using org.apache.spark.storage.DefaultTopologyMapper for getting topology information
[2020-12-22 14:28:11,982] {logging_mixin.py:112} INFO - [2020-12-22 14:28:11,982] {batch.py:309} INFO - 2020-12-22 14:27:57,270 INFO storage.BlockManagerMasterEndpoint: BlockManagerMasterEndpoint up
[2020-12-22 14:28:11,982] {logging_mixin.py:112} INFO - [2020-12-22 14:28:11,982] {batch.py:309} INFO - 2020-12-22 14:27:57,282 INFO storage.DiskBlockManager: Created local directory at /tmp/blockmgr-19daf4f0-fbc5-4749-82bc-3d660b71a186
[2020-12-22 14:28:11,982] {logging_mixin.py:112} INFO - [2020-12-22 14:28:11,982] {batch.py:309} INFO - 2020-12-22 14:27:57,301 INFO memory.MemoryStore: MemoryStore started with capacity 366.3 MB
[2020-12-22 14:28:11,982] {logging_mixin.py:112} INFO - [2020-12-22 14:28:11,982] {batch.py:309} INFO - 2020-12-22 14:27:57,364 INFO spark.SparkEnv: Registering OutputCommitCoordinator
[2020-12-22 14:28:11,983] {logging_mixin.py:112} INFO - [2020-12-22 14:28:11,983] {batch.py:309} INFO - 2020-12-22 14:27:57,475 INFO util.log: Logging initialized @5409ms
[2020-12-22 14:28:11,983] {logging_mixin.py:112} INFO - [2020-12-22 14:28:11,983] {batch.py:309} INFO - 2020-12-22 14:27:57,591 INFO server.Server: jetty-9.3.z-SNAPSHOT, build timestamp: 2018-06-05T17:11:56Z, git hash: 84205aa28f11a4f31f2a3b86d1bba2cc8ab69827
[2020-12-22 14:28:11,983] {logging_mixin.py:112} INFO - [2020-12-22 14:28:11,983] {batch.py:309} INFO - 2020-12-22 14:27:57,667 INFO server.Server: Started @5603ms
[2020-12-22 14:28:11,983] {logging_mixin.py:112} INFO - [2020-12-22 14:28:11,983] {batch.py:309} INFO - 2020-12-22 14:27:57,702 INFO server.AbstractConnector: Started ServerConnector@42a225b0{HTTP/1.1,[http/1.1]}{0.0.0.0:4040}
[2020-12-22 14:28:11,983] {logging_mixin.py:112} INFO - [2020-12-22 14:28:11,983] {batch.py:309} INFO - 2020-12-22 14:27:57,702 INFO util.Utils: Successfully started service 'SparkUI' on port 4040.
[2020-12-22 14:28:11,983] {logging_mixin.py:112} INFO - [2020-12-22 14:28:11,983] {batch.py:309} INFO - 2020-12-22 14:27:57,759 INFO handler.ContextHandler: Started o.s.j.s.ServletContextHandler@459aabdb{/jobs,null,AVAILABLE,@Spark}
[2020-12-22 14:28:11,983] {logging_mixin.py:112} INFO - [2020-12-22 14:28:11,983] {batch.py:309} INFO - 2020-12-22 14:27:57,761 INFO handler.ContextHandler: Started o.s.j.s.ServletContextHandler@b8db091{/jobs/json,null,AVAILABLE,@Spark}
[2020-12-22 14:28:11,984] {logging_mixin.py:112} INFO - [2020-12-22 14:28:11,984] {batch.py:309} INFO - 2020-12-22 14:27:57,761 INFO handler.ContextHandler: Started o.s.j.s.ServletContextHandler@e683a51{/jobs/job,null,AVAILABLE,@Spark}
[2020-12-22 14:28:11,984] {logging_mixin.py:112} INFO - [2020-12-22 14:28:11,984] {batch.py:309} INFO - 2020-12-22 14:27:57,762 INFO handler.ContextHandler: Started o.s.j.s.ServletContextHandler@52cacd9d{/jobs/job/json,null,AVAILABLE,@Spark}
[2020-12-22 14:28:11,984] {logging_mixin.py:112} INFO - [2020-12-22 14:28:11,984] {batch.py:309} INFO - 2020-12-22 14:27:57,763 INFO handler.ContextHandler: Started o.s.j.s.ServletContextHandler@23cb7daa{/stages,null,AVAILABLE,@Spark}
[2020-12-22 14:28:11,984] {logging_mixin.py:112} INFO - [2020-12-22 14:28:11,984] {batch.py:309} INFO - 2020-12-22 14:27:57,764 INFO handler.ContextHandler: Started o.s.j.s.ServletContextHandler@4524587a{/stages/json,null,AVAILABLE,@Spark}
[2020-12-22 14:28:11,984] {logging_mixin.py:112} INFO - [2020-12-22 14:28:11,984] {batch.py:309} INFO - 2020-12-22 14:27:57,766 INFO handler.ContextHandler: Started o.s.j.s.ServletContextHandler@a51583d{/stages/stage,null,AVAILABLE,@Spark}
[2020-12-22 14:28:11,984] {logging_mixin.py:112} INFO - [2020-12-22 14:28:11,984] {batch.py:309} INFO - 2020-12-22 14:27:57,768 INFO handler.ContextHandler: Started o.s.j.s.ServletContextHandler@11adb1a1{/stages/stage/json,null,AVAILABLE,@Spark}
[2020-12-22 14:28:11,985] {logging_mixin.py:112} INFO - [2020-12-22 14:28:11,984] {batch.py:309} INFO - 2020-12-22 14:27:57,770 INFO handler.ContextHandler: Started o.s.j.s.ServletContextHandler@113d9319{/stages/pool,null,AVAILABLE,@Spark}
[2020-12-22 14:28:11,985] {logging_mixin.py:112} INFO - [2020-12-22 14:28:11,985] {batch.py:309} INFO - 2020-12-22 14:27:57,771 INFO handler.ContextHandler: Started o.s.j.s.ServletContextHandler@1888643{/stages/pool/json,null,AVAILABLE,@Spark}
[2020-12-22 14:28:11,985] {logging_mixin.py:112} INFO - [2020-12-22 14:28:11,985] {batch.py:309} INFO - 2020-12-22 14:27:57,772 INFO handler.ContextHandler: Started o.s.j.s.ServletContextHandler@19394f84{/storage,null,AVAILABLE,@Spark}
[2020-12-22 14:28:11,985] {logging_mixin.py:112} INFO - [2020-12-22 14:28:11,985] {batch.py:309} INFO - 2020-12-22 14:27:57,774 INFO handler.ContextHandler: Started o.s.j.s.ServletContextHandler@6565d5bb{/storage/json,null,AVAILABLE,@Spark}
[2020-12-22 14:28:11,985] {logging_mixin.py:112} INFO - [2020-12-22 14:28:11,985] {batch.py:309} INFO - 2020-12-22 14:27:57,775 INFO handler.ContextHandler: Started o.s.j.s.ServletContextHandler@183d2755{/storage/rdd,null,AVAILABLE,@Spark}
[2020-12-22 14:28:11,985] {logging_mixin.py:112} INFO - [2020-12-22 14:28:11,985] {batch.py:309} INFO - 2020-12-22 14:27:57,776 INFO handler.ContextHandler: Started o.s.j.s.ServletContextHandler@5dc2108f{/storage/rdd/json,null,AVAILABLE,@Spark}
[2020-12-22 14:28:11,987] {logging_mixin.py:112} INFO - [2020-12-22 14:28:11,987] {batch.py:309} INFO - 2020-12-22 14:27:57,778 INFO handler.ContextHandler: Started o.s.j.s.ServletContextHandler@e5421dc{/environment,null,AVAILABLE,@Spark}
[2020-12-22 14:28:11,989] {logging_mixin.py:112} INFO - [2020-12-22 14:28:11,988] {batch.py:309} INFO - 2020-12-22 14:27:57,779 INFO handler.ContextHandler: Started o.s.j.s.ServletContextHandler@45d7e5a0{/environment/json,null,AVAILABLE,@Spark}
[2020-12-22 14:28:11,990] {logging_mixin.py:112} INFO - [2020-12-22 14:28:11,989] {batch.py:309} INFO - 2020-12-22 14:27:57,779 INFO handler.ContextHandler: Started o.s.j.s.ServletContextHandler@34a165c0{/executors,null,AVAILABLE,@Spark}
[2020-12-22 14:28:11,990] {logging_mixin.py:112} INFO - [2020-12-22 14:28:11,990] {batch.py:309} INFO - 2020-12-22 14:27:57,780 INFO handler.ContextHandler: Started o.s.j.s.ServletContextHandler@792a4db3{/executors/json,null,AVAILABLE,@Spark}
[2020-12-22 14:28:11,990] {logging_mixin.py:112} INFO - [2020-12-22 14:28:11,990] {batch.py:309} INFO - 2020-12-22 14:27:57,780 INFO handler.ContextHandler: Started o.s.j.s.ServletContextHandler@56dfc98b{/executors/threadDump,null,AVAILABLE,@Spark}
[2020-12-22 14:28:11,990] {logging_mixin.py:112} INFO - [2020-12-22 14:28:11,990] {batch.py:309} INFO - 2020-12-22 14:27:57,783 INFO handler.ContextHandler: Started o.s.j.s.ServletContextHandler@2cdfdc15{/executors/threadDump/json,null,AVAILABLE,@Spark}
[2020-12-22 14:28:11,991] {logging_mixin.py:112} INFO - [2020-12-22 14:28:11,991] {batch.py:309} INFO - 2020-12-22 14:27:57,794 INFO handler.ContextHandler: Started o.s.j.s.ServletContextHandler@136f232b{/static,null,AVAILABLE,@Spark}
[2020-12-22 14:28:11,991] {logging_mixin.py:112} INFO - [2020-12-22 14:28:11,991] {batch.py:309} INFO - 2020-12-22 14:27:57,795 INFO handler.ContextHandler: Started o.s.j.s.ServletContextHandler@360d55e2{/,null,AVAILABLE,@Spark}
[2020-12-22 14:28:11,991] {logging_mixin.py:112} INFO - [2020-12-22 14:28:11,991] {batch.py:309} INFO - 2020-12-22 14:27:57,799 INFO handler.ContextHandler: Started o.s.j.s.ServletContextHandler@2ba1f5{/api,null,AVAILABLE,@Spark}
[2020-12-22 14:28:11,991] {logging_mixin.py:112} INFO - [2020-12-22 14:28:11,991] {batch.py:309} INFO - 2020-12-22 14:27:57,799 INFO handler.ContextHandler: Started o.s.j.s.ServletContextHandler@54b20b2f{/jobs/job/kill,null,AVAILABLE,@Spark}
[2020-12-22 14:28:11,992] {logging_mixin.py:112} INFO - [2020-12-22 14:28:11,992] {batch.py:309} INFO - 2020-12-22 14:27:57,800 INFO handler.ContextHandler: Started o.s.j.s.ServletContextHandler@b0626c9{/stages/stage/kill,null,AVAILABLE,@Spark}
[2020-12-22 14:28:11,992] {logging_mixin.py:112} INFO - [2020-12-22 14:28:11,992] {batch.py:309} INFO - 2020-12-22 14:27:57,802 INFO ui.SparkUI: Bound SparkUI to 0.0.0.0, and started at http://livy:4040
[2020-12-22 14:28:11,992] {logging_mixin.py:112} INFO - [2020-12-22 14:28:11,992] {batch.py:309} INFO - 2020-12-22 14:27:58,728 INFO client.RMProxy: Connecting to ResourceManager at master/172.20.0.8:8032
[2020-12-22 14:28:11,992] {logging_mixin.py:112} INFO - [2020-12-22 14:28:11,992] {batch.py:309} INFO - 2020-12-22 14:27:59,111 INFO yarn.Client: Requesting a new application from cluster with 2 NodeManagers
[2020-12-22 14:28:11,993] {logging_mixin.py:112} INFO - [2020-12-22 14:28:11,993] {batch.py:309} INFO - 2020-12-22 14:27:59,204 INFO conf.Configuration: resource-types.xml not found
[2020-12-22 14:28:11,993] {logging_mixin.py:112} INFO - [2020-12-22 14:28:11,993] {batch.py:309} INFO - 2020-12-22 14:27:59,205 INFO resource.ResourceUtils: Unable to find 'resource-types.xml'.
[2020-12-22 14:28:11,993] {logging_mixin.py:112} INFO - [2020-12-22 14:28:11,993] {batch.py:309} INFO - 2020-12-22 14:27:59,226 INFO yarn.Client: Verifying our application has not requested more than the maximum memory capability of the cluster (4096 MB per container)
[2020-12-22 14:28:11,993] {logging_mixin.py:112} INFO - [2020-12-22 14:28:11,993] {batch.py:309} INFO - 2020-12-22 14:27:59,227 INFO yarn.Client: Will allocate AM container, with 896 MB memory including 384 MB overhead
[2020-12-22 14:28:11,996] {logging_mixin.py:112} INFO - [2020-12-22 14:28:11,993] {batch.py:309} INFO - 2020-12-22 14:27:59,227 INFO yarn.Client: Setting up container launch context for our AM
[2020-12-22 14:28:11,996] {logging_mixin.py:112} INFO - [2020-12-22 14:28:11,996] {batch.py:309} INFO - 2020-12-22 14:27:59,238 INFO yarn.Client: Setting up the launch environment for our AM container
[2020-12-22 14:28:11,997] {logging_mixin.py:112} INFO - [2020-12-22 14:28:11,997] {batch.py:309} INFO - 2020-12-22 14:27:59,250 INFO yarn.Client: Preparing resources for our AM container
[2020-12-22 14:28:11,997] {logging_mixin.py:112} INFO - [2020-12-22 14:28:11,997] {batch.py:309} INFO - 2020-12-22 14:27:59,309 INFO yarn.Client: Uploading resource file:/usr/spark/python/lib/pyspark.zip -> hdfs://master:9000/user/root/.sparkStaging/application_1608640367429_0004/pyspark.zip
[2020-12-22 14:28:11,997] {logging_mixin.py:112} INFO - [2020-12-22 14:28:11,997] {batch.py:309} INFO - 2020-12-22 14:27:59,458 WARN hdfs.DataStreamer: DataStreamer Exception
[2020-12-22 14:28:11,997] {logging_mixin.py:112} INFO - [2020-12-22 14:28:11,997] {batch.py:309} INFO - org.apache.hadoop.ipc.RemoteException(java.io.IOException): File /user/root/.sparkStaging/application_1608640367429_0004/pyspark.zip could only be written to 0 of the 1 minReplication nodes. There are 0 datanode(s) running and 0 node(s) are excluded in this operation.
[2020-12-22 14:28:11,997] {logging_mixin.py:112} INFO - [2020-12-22 14:28:11,997] {batch.py:309} INFO - 	at org.apache.hadoop.hdfs.server.blockmanagement.BlockManager.chooseTarget4NewBlock(BlockManager.java:2135)
[2020-12-22 14:28:11,997] {logging_mixin.py:112} INFO - [2020-12-22 14:28:11,997] {batch.py:309} INFO - 	at org.apache.hadoop.hdfs.server.namenode.FSDirWriteFileOp.chooseTargetForNewBlock(FSDirWriteFileOp.java:294)
[2020-12-22 14:28:11,998] {logging_mixin.py:112} INFO - [2020-12-22 14:28:11,998] {batch.py:309} INFO - 	at org.apache.hadoop.hdfs.server.namenode.FSNamesystem.getAdditionalBlock(FSNamesystem.java:2771)
[2020-12-22 14:28:11,998] {logging_mixin.py:112} INFO - [2020-12-22 14:28:11,998] {batch.py:309} INFO - 	at org.apache.hadoop.hdfs.server.namenode.NameNodeRpcServer.addBlock(NameNodeRpcServer.java:876)
[2020-12-22 14:28:11,998] {logging_mixin.py:112} INFO - [2020-12-22 14:28:11,998] {batch.py:309} INFO - 	at org.apache.hadoop.hdfs.protocolPB.ClientNamenodeProtocolServerSideTranslatorPB.addBlock(ClientNamenodeProtocolServerSideTranslatorPB.java:567)
[2020-12-22 14:28:11,998] {logging_mixin.py:112} INFO - [2020-12-22 14:28:11,998] {batch.py:309} INFO - 	at org.apache.hadoop.hdfs.protocol.proto.ClientNamenodeProtocolProtos$ClientNamenodeProtocol$2.callBlockingMethod(ClientNamenodeProtocolProtos.java)
[2020-12-22 14:28:12,001] {logging_mixin.py:112} INFO - [2020-12-22 14:28:12,001] {batch.py:309} INFO - 	at org.apache.hadoop.ipc.ProtobufRpcEngine$Server$ProtoBufRpcInvoker.call(ProtobufRpcEngine.java:524)
[2020-12-22 14:28:12,001] {logging_mixin.py:112} INFO - [2020-12-22 14:28:12,001] {batch.py:309} INFO - 	at org.apache.hadoop.ipc.RPC$Server.call(RPC.java:1025)
[2020-12-22 14:28:12,001] {logging_mixin.py:112} INFO - [2020-12-22 14:28:12,001] {batch.py:309} INFO - 	at org.apache.hadoop.ipc.Server$RpcCall.run(Server.java:876)
[2020-12-22 14:28:12,001] {logging_mixin.py:112} INFO - [2020-12-22 14:28:12,001] {batch.py:309} INFO - 	at org.apache.hadoop.ipc.Server$RpcCall.run(Server.java:822)
[2020-12-22 14:28:12,002] {logging_mixin.py:112} INFO - [2020-12-22 14:28:12,002] {batch.py:309} INFO - 	at java.security.AccessController.doPrivileged(Native Method)
[2020-12-22 14:28:12,002] {logging_mixin.py:112} INFO - [2020-12-22 14:28:12,002] {batch.py:309} INFO - 	at javax.security.auth.Subject.doAs(Subject.java:422)
[2020-12-22 14:28:12,002] {logging_mixin.py:112} INFO - [2020-12-22 14:28:12,002] {batch.py:309} INFO - 	at org.apache.hadoop.security.UserGroupInformation.doAs(UserGroupInformation.java:1730)
[2020-12-22 14:28:12,002] {logging_mixin.py:112} INFO - [2020-12-22 14:28:12,002] {batch.py:309} INFO - 	at org.apache.hadoop.ipc.Server$Handler.run(Server.java:2682)
[2020-12-22 14:28:12,002] {logging_mixin.py:112} INFO - [2020-12-22 14:28:12,002] {batch.py:309} INFO - 
[2020-12-22 14:28:12,002] {logging_mixin.py:112} INFO - [2020-12-22 14:28:12,002] {batch.py:309} INFO - 	at org.apache.hadoop.ipc.Client.getRpcResponse(Client.java:1511)
[2020-12-22 14:28:12,003] {logging_mixin.py:112} INFO - [2020-12-22 14:28:12,002] {batch.py:309} INFO - 	at org.apache.hadoop.ipc.Client.call(Client.java:1457)
[2020-12-22 14:28:12,003] {logging_mixin.py:112} INFO - [2020-12-22 14:28:12,003] {batch.py:309} INFO - 	at org.apache.hadoop.ipc.Client.call(Client.java:1367)
[2020-12-22 14:28:12,003] {logging_mixin.py:112} INFO - [2020-12-22 14:28:12,003] {batch.py:309} INFO - 	at org.apache.hadoop.ipc.ProtobufRpcEngine$Invoker.invoke(ProtobufRpcEngine.java:228)
[2020-12-22 14:28:12,003] {logging_mixin.py:112} INFO - [2020-12-22 14:28:12,003] {batch.py:309} INFO - 	at org.apache.hadoop.ipc.ProtobufRpcEngine$Invoker.invoke(ProtobufRpcEngine.java:116)
[2020-12-22 14:28:12,003] {logging_mixin.py:112} INFO - [2020-12-22 14:28:12,003] {batch.py:309} INFO - 	at com.sun.proxy.$Proxy24.addBlock(Unknown Source)
[2020-12-22 14:28:12,003] {logging_mixin.py:112} INFO - [2020-12-22 14:28:12,003] {batch.py:309} INFO - 	at org.apache.hadoop.hdfs.protocolPB.ClientNamenodeProtocolTranslatorPB.addBlock(ClientNamenodeProtocolTranslatorPB.java:513)
[2020-12-22 14:28:12,003] {logging_mixin.py:112} INFO - [2020-12-22 14:28:12,003] {batch.py:309} INFO - 	at sun.reflect.NativeMethodAccessorImpl.invoke0(Native Method)
[2020-12-22 14:28:12,004] {logging_mixin.py:112} INFO - [2020-12-22 14:28:12,004] {batch.py:309} INFO - 	at sun.reflect.NativeMethodAccessorImpl.invoke(NativeMethodAccessorImpl.java:62)
[2020-12-22 14:28:12,004] {logging_mixin.py:112} INFO - [2020-12-22 14:28:12,004] {batch.py:309} INFO - 	at sun.reflect.DelegatingMethodAccessorImpl.invoke(DelegatingMethodAccessorImpl.java:43)
[2020-12-22 14:28:12,004] {logging_mixin.py:112} INFO - [2020-12-22 14:28:12,004] {batch.py:309} INFO - 	at java.lang.reflect.Method.invoke(Method.java:498)
[2020-12-22 14:28:12,004] {logging_mixin.py:112} INFO - [2020-12-22 14:28:12,004] {batch.py:309} INFO - 	at org.apache.hadoop.io.retry.RetryInvocationHandler.invokeMethod(RetryInvocationHandler.java:422)
[2020-12-22 14:28:12,004] {logging_mixin.py:112} INFO - [2020-12-22 14:28:12,004] {batch.py:309} INFO - 	at org.apache.hadoop.io.retry.RetryInvocationHandler$Call.invokeMethod(RetryInvocationHandler.java:165)
[2020-12-22 14:28:12,009] {logging_mixin.py:112} INFO - [2020-12-22 14:28:12,009] {batch.py:309} INFO - 	at org.apache.hadoop.io.retry.RetryInvocationHandler$Call.invoke(RetryInvocationHandler.java:157)
[2020-12-22 14:28:12,009] {logging_mixin.py:112} INFO - [2020-12-22 14:28:12,009] {batch.py:309} INFO - 	at org.apache.hadoop.io.retry.RetryInvocationHandler$Call.invokeOnce(RetryInvocationHandler.java:95)
[2020-12-22 14:28:12,009] {logging_mixin.py:112} INFO - [2020-12-22 14:28:12,009] {batch.py:309} INFO - 	at org.apache.hadoop.io.retry.RetryInvocationHandler.invoke(RetryInvocationHandler.java:359)
[2020-12-22 14:28:12,009] {logging_mixin.py:112} INFO - [2020-12-22 14:28:12,009] {batch.py:309} INFO - 	at com.sun.proxy.$Proxy25.addBlock(Unknown Source)
[2020-12-22 14:28:12,010] {logging_mixin.py:112} INFO - [2020-12-22 14:28:12,010] {batch.py:309} INFO - 	at org.apache.hadoop.hdfs.DFSOutputStream.addBlock(DFSOutputStream.java:1081)
[2020-12-22 14:28:12,010] {logging_mixin.py:112} INFO - [2020-12-22 14:28:12,010] {batch.py:309} INFO - 	at org.apache.hadoop.hdfs.DataStreamer.locateFollowingBlock(DataStreamer.java:1865)
[2020-12-22 14:28:12,010] {logging_mixin.py:112} INFO - [2020-12-22 14:28:12,010] {batch.py:309} INFO - 	at org.apache.hadoop.hdfs.DataStreamer.nextBlockOutputStream(DataStreamer.java:1668)
[2020-12-22 14:28:12,010] {logging_mixin.py:112} INFO - [2020-12-22 14:28:12,010] {batch.py:309} INFO - 	at org.apache.hadoop.hdfs.DataStreamer.run(DataStreamer.java:716)
[2020-12-22 14:28:12,010] {logging_mixin.py:112} INFO - [2020-12-22 14:28:12,010] {batch.py:309} INFO - 2020-12-22 14:27:59,480 INFO yarn.Client: Deleted staging directory hdfs://master:9000/user/root/.sparkStaging/application_1608640367429_0004
[2020-12-22 14:28:12,010] {logging_mixin.py:112} INFO - [2020-12-22 14:28:12,010] {batch.py:309} INFO - 2020-12-22 14:27:59,480 ERROR spark.SparkContext: Error initializing SparkContext.
[2020-12-22 14:28:12,010] {logging_mixin.py:112} INFO - [2020-12-22 14:28:12,010] {batch.py:309} INFO - org.apache.hadoop.ipc.RemoteException(java.io.IOException): File /user/root/.sparkStaging/application_1608640367429_0004/pyspark.zip could only be written to 0 of the 1 minReplication nodes. There are 0 datanode(s) running and 0 node(s) are excluded in this operation.
[2020-12-22 14:28:12,011] {logging_mixin.py:112} INFO - [2020-12-22 14:28:12,011] {batch.py:309} INFO - 	at org.apache.hadoop.hdfs.server.blockmanagement.BlockManager.chooseTarget4NewBlock(BlockManager.java:2135)
[2020-12-22 14:28:12,011] {logging_mixin.py:112} INFO - [2020-12-22 14:28:12,011] {batch.py:309} INFO - 	at org.apache.hadoop.hdfs.server.namenode.FSDirWriteFileOp.chooseTargetForNewBlock(FSDirWriteFileOp.java:294)
[2020-12-22 14:28:12,011] {logging_mixin.py:112} INFO - [2020-12-22 14:28:12,011] {batch.py:309} INFO - 	at org.apache.hadoop.hdfs.server.namenode.FSNamesystem.getAdditionalBlock(FSNamesystem.java:2771)
[2020-12-22 14:28:12,011] {logging_mixin.py:112} INFO - [2020-12-22 14:28:12,011] {batch.py:309} INFO - 	at org.apache.hadoop.hdfs.server.namenode.NameNodeRpcServer.addBlock(NameNodeRpcServer.java:876)
[2020-12-22 14:28:12,011] {logging_mixin.py:112} INFO - [2020-12-22 14:28:12,011] {batch.py:309} INFO - 	at org.apache.hadoop.hdfs.protocolPB.ClientNamenodeProtocolServerSideTranslatorPB.addBlock(ClientNamenodeProtocolServerSideTranslatorPB.java:567)
[2020-12-22 14:28:12,018] {logging_mixin.py:112} INFO - [2020-12-22 14:28:12,018] {base_hook.py:84} INFO - Using connection to: id: livy. Host: http://ec2-3-236-26-7.compute-1.amazonaws.com, Port: 8998, Schema: None, Login: None, Password: None, extra: None
[2020-12-22 14:28:12,019] {logging_mixin.py:112} INFO - [2020-12-22 14:28:12,019] {http_hook.py:136} INFO - Sending 'GET' to url: http://ec2-3-236-26-7.compute-1.amazonaws.com:8998/batches/48/log?from=100&size=100
[2020-12-22 14:28:12,030] {logging_mixin.py:112} INFO - [2020-12-22 14:28:12,030] {batch.py:309} INFO - 	at org.apache.hadoop.hdfs.protocol.proto.ClientNamenodeProtocolProtos$ClientNamenodeProtocol$2.callBlockingMethod(ClientNamenodeProtocolProtos.java)
[2020-12-22 14:28:12,030] {logging_mixin.py:112} INFO - [2020-12-22 14:28:12,030] {batch.py:309} INFO - 	at org.apache.hadoop.ipc.ProtobufRpcEngine$Server$ProtoBufRpcInvoker.call(ProtobufRpcEngine.java:524)
[2020-12-22 14:28:12,030] {logging_mixin.py:112} INFO - [2020-12-22 14:28:12,030] {batch.py:309} INFO - 	at org.apache.hadoop.ipc.RPC$Server.call(RPC.java:1025)
[2020-12-22 14:28:12,030] {logging_mixin.py:112} INFO - [2020-12-22 14:28:12,030] {batch.py:309} INFO - 	at org.apache.hadoop.ipc.Server$RpcCall.run(Server.java:876)
[2020-12-22 14:28:12,031] {logging_mixin.py:112} INFO - [2020-12-22 14:28:12,030] {batch.py:309} INFO - 	at org.apache.hadoop.ipc.Server$RpcCall.run(Server.java:822)
[2020-12-22 14:28:12,031] {logging_mixin.py:112} INFO - [2020-12-22 14:28:12,031] {batch.py:309} INFO - 	at java.security.AccessController.doPrivileged(Native Method)
[2020-12-22 14:28:12,031] {logging_mixin.py:112} INFO - [2020-12-22 14:28:12,031] {batch.py:309} INFO - 	at javax.security.auth.Subject.doAs(Subject.java:422)
[2020-12-22 14:28:12,031] {logging_mixin.py:112} INFO - [2020-12-22 14:28:12,031] {batch.py:309} INFO - 	at org.apache.hadoop.security.UserGroupInformation.doAs(UserGroupInformation.java:1730)
[2020-12-22 14:28:12,031] {logging_mixin.py:112} INFO - [2020-12-22 14:28:12,031] {batch.py:309} INFO - 	at org.apache.hadoop.ipc.Server$Handler.run(Server.java:2682)
[2020-12-22 14:28:12,031] {logging_mixin.py:112} INFO - [2020-12-22 14:28:12,031] {batch.py:309} INFO - 
[2020-12-22 14:28:12,032] {logging_mixin.py:112} INFO - [2020-12-22 14:28:12,032] {batch.py:309} INFO - 	at org.apache.hadoop.ipc.Client.getRpcResponse(Client.java:1511)
[2020-12-22 14:28:12,032] {logging_mixin.py:112} INFO - [2020-12-22 14:28:12,032] {batch.py:309} INFO - 	at org.apache.hadoop.ipc.Client.call(Client.java:1457)
[2020-12-22 14:28:12,032] {logging_mixin.py:112} INFO - [2020-12-22 14:28:12,032] {batch.py:309} INFO - 	at org.apache.hadoop.ipc.Client.call(Client.java:1367)
[2020-12-22 14:28:12,032] {logging_mixin.py:112} INFO - [2020-12-22 14:28:12,032] {batch.py:309} INFO - 	at org.apache.hadoop.ipc.ProtobufRpcEngine$Invoker.invoke(ProtobufRpcEngine.java:228)
[2020-12-22 14:28:12,032] {logging_mixin.py:112} INFO - [2020-12-22 14:28:12,032] {batch.py:309} INFO - 	at org.apache.hadoop.ipc.ProtobufRpcEngine$Invoker.invoke(ProtobufRpcEngine.java:116)
[2020-12-22 14:28:12,032] {logging_mixin.py:112} INFO - [2020-12-22 14:28:12,032] {batch.py:309} INFO - 	at com.sun.proxy.$Proxy24.addBlock(Unknown Source)
[2020-12-22 14:28:12,033] {logging_mixin.py:112} INFO - [2020-12-22 14:28:12,033] {batch.py:309} INFO - 	at org.apache.hadoop.hdfs.protocolPB.ClientNamenodeProtocolTranslatorPB.addBlock(ClientNamenodeProtocolTranslatorPB.java:513)
[2020-12-22 14:28:12,033] {logging_mixin.py:112} INFO - [2020-12-22 14:28:12,033] {batch.py:309} INFO - 	at sun.reflect.NativeMethodAccessorImpl.invoke0(Native Method)
[2020-12-22 14:28:12,033] {logging_mixin.py:112} INFO - [2020-12-22 14:28:12,033] {batch.py:309} INFO - 	at sun.reflect.NativeMethodAccessorImpl.invoke(NativeMethodAccessorImpl.java:62)
[2020-12-22 14:28:12,033] {logging_mixin.py:112} INFO - [2020-12-22 14:28:12,033] {batch.py:309} INFO - 	at sun.reflect.DelegatingMethodAccessorImpl.invoke(DelegatingMethodAccessorImpl.java:43)
[2020-12-22 14:28:12,033] {logging_mixin.py:112} INFO - [2020-12-22 14:28:12,033] {batch.py:309} INFO - 	at java.lang.reflect.Method.invoke(Method.java:498)
[2020-12-22 14:28:12,033] {logging_mixin.py:112} INFO - [2020-12-22 14:28:12,033] {batch.py:309} INFO - 	at org.apache.hadoop.io.retry.RetryInvocationHandler.invokeMethod(RetryInvocationHandler.java:422)
[2020-12-22 14:28:12,034] {logging_mixin.py:112} INFO - [2020-12-22 14:28:12,034] {batch.py:309} INFO - 	at org.apache.hadoop.io.retry.RetryInvocationHandler$Call.invokeMethod(RetryInvocationHandler.java:165)
[2020-12-22 14:28:12,034] {logging_mixin.py:112} INFO - [2020-12-22 14:28:12,034] {batch.py:309} INFO - 	at org.apache.hadoop.io.retry.RetryInvocationHandler$Call.invoke(RetryInvocationHandler.java:157)
[2020-12-22 14:28:12,034] {logging_mixin.py:112} INFO - [2020-12-22 14:28:12,034] {batch.py:309} INFO - 	at org.apache.hadoop.io.retry.RetryInvocationHandler$Call.invokeOnce(RetryInvocationHandler.java:95)
[2020-12-22 14:28:12,034] {logging_mixin.py:112} INFO - [2020-12-22 14:28:12,034] {batch.py:309} INFO - 	at org.apache.hadoop.io.retry.RetryInvocationHandler.invoke(RetryInvocationHandler.java:359)
[2020-12-22 14:28:12,034] {logging_mixin.py:112} INFO - [2020-12-22 14:28:12,034] {batch.py:309} INFO - 	at com.sun.proxy.$Proxy25.addBlock(Unknown Source)
[2020-12-22 14:28:12,035] {logging_mixin.py:112} INFO - [2020-12-22 14:28:12,034] {batch.py:309} INFO - 	at org.apache.hadoop.hdfs.DFSOutputStream.addBlock(DFSOutputStream.java:1081)
[2020-12-22 14:28:12,035] {logging_mixin.py:112} INFO - [2020-12-22 14:28:12,035] {batch.py:309} INFO - 	at org.apache.hadoop.hdfs.DataStreamer.locateFollowingBlock(DataStreamer.java:1865)
[2020-12-22 14:28:12,035] {logging_mixin.py:112} INFO - [2020-12-22 14:28:12,035] {batch.py:309} INFO - 	at org.apache.hadoop.hdfs.DataStreamer.nextBlockOutputStream(DataStreamer.java:1668)
[2020-12-22 14:28:12,035] {logging_mixin.py:112} INFO - [2020-12-22 14:28:12,035] {batch.py:309} INFO - 	at org.apache.hadoop.hdfs.DataStreamer.run(DataStreamer.java:716)
[2020-12-22 14:28:12,035] {logging_mixin.py:112} INFO - [2020-12-22 14:28:12,035] {batch.py:309} INFO - 2020-12-22 14:27:59,495 INFO server.AbstractConnector: Stopped Spark@42a225b0{HTTP/1.1,[http/1.1]}{0.0.0.0:4040}
[2020-12-22 14:28:12,035] {logging_mixin.py:112} INFO - [2020-12-22 14:28:12,035] {batch.py:309} INFO - 2020-12-22 14:27:59,501 INFO ui.SparkUI: Stopped Spark web UI at http://livy:4040
[2020-12-22 14:28:12,036] {logging_mixin.py:112} INFO - [2020-12-22 14:28:12,035] {batch.py:309} INFO - 2020-12-22 14:27:59,522 WARN cluster.YarnSchedulerBackend$YarnSchedulerEndpoint: Attempted to request executors before the AM has registered!
[2020-12-22 14:28:12,036] {logging_mixin.py:112} INFO - [2020-12-22 14:28:12,036] {batch.py:309} INFO - 2020-12-22 14:27:59,523 INFO cluster.YarnClientSchedulerBackend: Stopped
[2020-12-22 14:28:12,036] {logging_mixin.py:112} INFO - [2020-12-22 14:28:12,036] {batch.py:309} INFO - 2020-12-22 14:27:59,537 INFO spark.MapOutputTrackerMasterEndpoint: MapOutputTrackerMasterEndpoint stopped!
[2020-12-22 14:28:12,036] {logging_mixin.py:112} INFO - [2020-12-22 14:28:12,036] {batch.py:309} INFO - 2020-12-22 14:27:59,575 INFO memory.MemoryStore: MemoryStore cleared
[2020-12-22 14:28:12,036] {logging_mixin.py:112} INFO - [2020-12-22 14:28:12,036] {batch.py:309} INFO - 2020-12-22 14:27:59,576 INFO storage.BlockManager: BlockManager stopped
[2020-12-22 14:28:12,036] {logging_mixin.py:112} INFO - [2020-12-22 14:28:12,036] {batch.py:309} INFO - 2020-12-22 14:27:59,597 INFO storage.BlockManagerMaster: BlockManagerMaster stopped
[2020-12-22 14:28:12,036] {logging_mixin.py:112} INFO - [2020-12-22 14:28:12,036] {batch.py:309} INFO - 2020-12-22 14:27:59,597 WARN metrics.MetricsSystem: Stopping a MetricsSystem that is not running
[2020-12-22 14:28:12,037] {logging_mixin.py:112} INFO - [2020-12-22 14:28:12,037] {batch.py:309} INFO - 2020-12-22 14:27:59,610 INFO scheduler.OutputCommitCoordinator$OutputCommitCoordinatorEndpoint: OutputCommitCoordinator stopped!
[2020-12-22 14:28:12,037] {logging_mixin.py:112} INFO - [2020-12-22 14:28:12,037] {batch.py:309} INFO - 2020-12-22 14:27:59,655 INFO spark.SparkContext: Successfully stopped SparkContext
[2020-12-22 14:28:12,037] {logging_mixin.py:112} INFO - [2020-12-22 14:28:12,037] {batch.py:309} INFO - Traceback (most recent call last):
[2020-12-22 14:28:12,037] {logging_mixin.py:112} INFO - [2020-12-22 14:28:12,037] {batch.py:309} INFO -   File "/tmp/spark-cc014ed1-0771-4dea-a634-ecce559250c8/main.py", line 87, in <module>
[2020-12-22 14:28:12,038] {logging_mixin.py:112} INFO - [2020-12-22 14:28:12,037] {batch.py:309} INFO -     main()
[2020-12-22 14:28:12,038] {logging_mixin.py:112} INFO - [2020-12-22 14:28:12,038] {batch.py:309} INFO -   File "/tmp/spark-cc014ed1-0771-4dea-a634-ecce559250c8/main.py", line 56, in main
[2020-12-22 14:28:12,038] {logging_mixin.py:112} INFO - [2020-12-22 14:28:12,038] {batch.py:309} INFO -     spark = create_spark_session(args.mode, args.awsKey, args.awsSecretKey)
[2020-12-22 14:28:12,038] {logging_mixin.py:112} INFO - [2020-12-22 14:28:12,038] {batch.py:309} INFO -   File "/tmp/spark-cc014ed1-0771-4dea-a634-ecce559250c8/main.py", line 37, in create_spark_session
[2020-12-22 14:28:12,039] {logging_mixin.py:112} INFO - [2020-12-22 14:28:12,038] {batch.py:309} INFO -     .appName("LoanDefaultPrediction") \
[2020-12-22 14:28:12,039] {logging_mixin.py:112} INFO - [2020-12-22 14:28:12,039] {batch.py:309} INFO -   File "/usr/spark/python/lib/pyspark.zip/pyspark/sql/session.py", line 173, in getOrCreate
[2020-12-22 14:28:12,039] {logging_mixin.py:112} INFO - [2020-12-22 14:28:12,039] {batch.py:309} INFO -   File "/usr/spark/python/lib/pyspark.zip/pyspark/context.py", line 367, in getOrCreate
[2020-12-22 14:28:12,039] {logging_mixin.py:112} INFO - [2020-12-22 14:28:12,039] {batch.py:309} INFO -   File "/usr/spark/python/lib/pyspark.zip/pyspark/context.py", line 136, in __init__
[2020-12-22 14:28:12,039] {logging_mixin.py:112} INFO - [2020-12-22 14:28:12,039] {batch.py:309} INFO -   File "/usr/spark/python/lib/pyspark.zip/pyspark/context.py", line 198, in _do_init
[2020-12-22 14:28:12,039] {logging_mixin.py:112} INFO - [2020-12-22 14:28:12,039] {batch.py:309} INFO -   File "/usr/spark/python/lib/pyspark.zip/pyspark/context.py", line 306, in _initialize_context
[2020-12-22 14:28:12,040] {logging_mixin.py:112} INFO - [2020-12-22 14:28:12,040] {batch.py:309} INFO -   File "/usr/spark/python/lib/py4j-0.10.7-src.zip/py4j/java_gateway.py", line 1525, in __call__
[2020-12-22 14:28:12,040] {logging_mixin.py:112} INFO - [2020-12-22 14:28:12,040] {batch.py:309} INFO -   File "/usr/spark/python/lib/py4j-0.10.7-src.zip/py4j/protocol.py", line 328, in get_return_value
[2020-12-22 14:28:12,040] {logging_mixin.py:112} INFO - [2020-12-22 14:28:12,040] {batch.py:309} INFO - py4j.protocol.Py4JJavaError: An error occurred while calling None.org.apache.spark.api.java.JavaSparkContext.
[2020-12-22 14:28:12,040] {logging_mixin.py:112} INFO - [2020-12-22 14:28:12,040] {batch.py:309} INFO - : org.apache.hadoop.ipc.RemoteException(java.io.IOException): File /user/root/.sparkStaging/application_1608640367429_0004/pyspark.zip could only be written to 0 of the 1 minReplication nodes. There are 0 datanode(s) running and 0 node(s) are excluded in this operation.
[2020-12-22 14:28:12,040] {logging_mixin.py:112} INFO - [2020-12-22 14:28:12,040] {batch.py:309} INFO - 	at org.apache.hadoop.hdfs.server.blockmanagement.BlockManager.chooseTarget4NewBlock(BlockManager.java:2135)
[2020-12-22 14:28:12,041] {logging_mixin.py:112} INFO - [2020-12-22 14:28:12,040] {batch.py:309} INFO - 	at org.apache.hadoop.hdfs.server.namenode.FSDirWriteFileOp.chooseTargetForNewBlock(FSDirWriteFileOp.java:294)
[2020-12-22 14:28:12,041] {logging_mixin.py:112} INFO - [2020-12-22 14:28:12,041] {batch.py:309} INFO - 	at org.apache.hadoop.hdfs.server.namenode.FSNamesystem.getAdditionalBlock(FSNamesystem.java:2771)
[2020-12-22 14:28:12,041] {logging_mixin.py:112} INFO - [2020-12-22 14:28:12,041] {batch.py:309} INFO - 	at org.apache.hadoop.hdfs.server.namenode.NameNodeRpcServer.addBlock(NameNodeRpcServer.java:876)
[2020-12-22 14:28:12,041] {logging_mixin.py:112} INFO - [2020-12-22 14:28:12,041] {batch.py:309} INFO - 	at org.apache.hadoop.hdfs.protocolPB.ClientNamenodeProtocolServerSideTranslatorPB.addBlock(ClientNamenodeProtocolServerSideTranslatorPB.java:567)
[2020-12-22 14:28:12,041] {logging_mixin.py:112} INFO - [2020-12-22 14:28:12,041] {batch.py:309} INFO - 	at org.apache.hadoop.hdfs.protocol.proto.ClientNamenodeProtocolProtos$ClientNamenodeProtocol$2.callBlockingMethod(ClientNamenodeProtocolProtos.java)
[2020-12-22 14:28:12,041] {logging_mixin.py:112} INFO - [2020-12-22 14:28:12,041] {batch.py:309} INFO - 	at org.apache.hadoop.ipc.ProtobufRpcEngine$Server$ProtoBufRpcInvoker.call(ProtobufRpcEngine.java:524)
[2020-12-22 14:28:12,042] {logging_mixin.py:112} INFO - [2020-12-22 14:28:12,042] {batch.py:309} INFO - 	at org.apache.hadoop.ipc.RPC$Server.call(RPC.java:1025)
[2020-12-22 14:28:12,042] {logging_mixin.py:112} INFO - [2020-12-22 14:28:12,042] {batch.py:309} INFO - 	at org.apache.hadoop.ipc.Server$RpcCall.run(Server.java:876)
[2020-12-22 14:28:12,042] {logging_mixin.py:112} INFO - [2020-12-22 14:28:12,042] {batch.py:309} INFO - 	at org.apache.hadoop.ipc.Server$RpcCall.run(Server.java:822)
[2020-12-22 14:28:12,042] {logging_mixin.py:112} INFO - [2020-12-22 14:28:12,042] {batch.py:309} INFO - 	at java.security.AccessController.doPrivileged(Native Method)
[2020-12-22 14:28:12,042] {logging_mixin.py:112} INFO - [2020-12-22 14:28:12,042] {batch.py:309} INFO - 	at javax.security.auth.Subject.doAs(Subject.java:422)
[2020-12-22 14:28:12,042] {logging_mixin.py:112} INFO - [2020-12-22 14:28:12,042] {batch.py:309} INFO - 	at org.apache.hadoop.security.UserGroupInformation.doAs(UserGroupInformation.java:1730)
[2020-12-22 14:28:12,043] {logging_mixin.py:112} INFO - [2020-12-22 14:28:12,043] {batch.py:309} INFO - 	at org.apache.hadoop.ipc.Server$Handler.run(Server.java:2682)
[2020-12-22 14:28:12,043] {logging_mixin.py:112} INFO - [2020-12-22 14:28:12,043] {batch.py:309} INFO - 
[2020-12-22 14:28:12,043] {logging_mixin.py:112} INFO - [2020-12-22 14:28:12,043] {batch.py:309} INFO - 	at org.apache.hadoop.ipc.Client.getRpcResponse(Client.java:1511)
[2020-12-22 14:28:12,043] {logging_mixin.py:112} INFO - [2020-12-22 14:28:12,043] {batch.py:309} INFO - 	at org.apache.hadoop.ipc.Client.call(Client.java:1457)
[2020-12-22 14:28:12,043] {logging_mixin.py:112} INFO - [2020-12-22 14:28:12,043] {batch.py:309} INFO - 	at org.apache.hadoop.ipc.Client.call(Client.java:1367)
[2020-12-22 14:28:12,044] {logging_mixin.py:112} INFO - [2020-12-22 14:28:12,043] {batch.py:309} INFO - 	at org.apache.hadoop.ipc.ProtobufRpcEngine$Invoker.invoke(ProtobufRpcEngine.java:228)
[2020-12-22 14:28:12,044] {logging_mixin.py:112} INFO - [2020-12-22 14:28:12,044] {batch.py:309} INFO - 	at org.apache.hadoop.ipc.ProtobufRpcEngine$Invoker.invoke(ProtobufRpcEngine.java:116)
[2020-12-22 14:28:12,044] {logging_mixin.py:112} INFO - [2020-12-22 14:28:12,044] {batch.py:309} INFO - 	at com.sun.proxy.$Proxy24.addBlock(Unknown Source)
[2020-12-22 14:28:12,044] {logging_mixin.py:112} INFO - [2020-12-22 14:28:12,044] {batch.py:309} INFO - 	at org.apache.hadoop.hdfs.protocolPB.ClientNamenodeProtocolTranslatorPB.addBlock(ClientNamenodeProtocolTranslatorPB.java:513)
[2020-12-22 14:28:12,044] {logging_mixin.py:112} INFO - [2020-12-22 14:28:12,044] {batch.py:309} INFO - 	at sun.reflect.NativeMethodAccessorImpl.invoke0(Native Method)
[2020-12-22 14:28:12,044] {logging_mixin.py:112} INFO - [2020-12-22 14:28:12,044] {batch.py:309} INFO - 	at sun.reflect.NativeMethodAccessorImpl.invoke(NativeMethodAccessorImpl.java:62)
[2020-12-22 14:28:12,045] {logging_mixin.py:112} INFO - [2020-12-22 14:28:12,045] {batch.py:309} INFO - 	at sun.reflect.DelegatingMethodAccessorImpl.invoke(DelegatingMethodAccessorImpl.java:43)
[2020-12-22 14:28:12,045] {logging_mixin.py:112} INFO - [2020-12-22 14:28:12,045] {batch.py:309} INFO - 	at java.lang.reflect.Method.invoke(Method.java:498)
[2020-12-22 14:28:12,045] {logging_mixin.py:112} INFO - [2020-12-22 14:28:12,045] {batch.py:309} INFO - 	at org.apache.hadoop.io.retry.RetryInvocationHandler.invokeMethod(RetryInvocationHandler.java:422)
[2020-12-22 14:28:12,045] {logging_mixin.py:112} INFO - [2020-12-22 14:28:12,045] {batch.py:309} INFO - 	at org.apache.hadoop.io.retry.RetryInvocationHandler$Call.invokeMethod(RetryInvocationHandler.java:165)
[2020-12-22 14:28:12,045] {logging_mixin.py:112} INFO - [2020-12-22 14:28:12,045] {batch.py:309} INFO - 	at org.apache.hadoop.io.retry.RetryInvocationHandler$Call.invoke(RetryInvocationHandler.java:157)
[2020-12-22 14:28:12,045] {logging_mixin.py:112} INFO - [2020-12-22 14:28:12,045] {batch.py:309} INFO - 	at org.apache.hadoop.io.retry.RetryInvocationHandler$Call.invokeOnce(RetryInvocationHandler.java:95)
[2020-12-22 14:28:12,046] {logging_mixin.py:112} INFO - [2020-12-22 14:28:12,046] {batch.py:309} INFO - 	at org.apache.hadoop.io.retry.RetryInvocationHandler.invoke(RetryInvocationHandler.java:359)
[2020-12-22 14:28:12,046] {logging_mixin.py:112} INFO - [2020-12-22 14:28:12,046] {batch.py:309} INFO - 	at com.sun.proxy.$Proxy25.addBlock(Unknown Source)
[2020-12-22 14:28:12,046] {logging_mixin.py:112} INFO - [2020-12-22 14:28:12,046] {batch.py:309} INFO - 	at org.apache.hadoop.hdfs.DFSOutputStream.addBlock(DFSOutputStream.java:1081)
[2020-12-22 14:28:12,046] {logging_mixin.py:112} INFO - [2020-12-22 14:28:12,046] {batch.py:309} INFO - 	at org.apache.hadoop.hdfs.DataStreamer.locateFollowingBlock(DataStreamer.java:1865)
[2020-12-22 14:28:12,046] {logging_mixin.py:112} INFO - [2020-12-22 14:28:12,046] {batch.py:309} INFO - 	at org.apache.hadoop.hdfs.DataStreamer.nextBlockOutputStream(DataStreamer.java:1668)
[2020-12-22 14:28:12,046] {logging_mixin.py:112} INFO - [2020-12-22 14:28:12,046] {batch.py:309} INFO - 	at org.apache.hadoop.hdfs.DataStreamer.run(DataStreamer.java:716)
[2020-12-22 14:28:12,047] {logging_mixin.py:112} INFO - [2020-12-22 14:28:12,047] {batch.py:309} INFO - 
[2020-12-22 14:28:12,047] {logging_mixin.py:112} INFO - [2020-12-22 14:28:12,047] {batch.py:309} INFO - 2020-12-22 14:27:59,714 INFO util.ShutdownHookManager: Shutdown hook called
[2020-12-22 14:28:12,047] {logging_mixin.py:112} INFO - [2020-12-22 14:28:12,047] {batch.py:309} INFO - 2020-12-22 14:27:59,715 INFO util.ShutdownHookManager: Deleting directory /tmp/spark-cc014ed1-0771-4dea-a634-ecce559250c8
[2020-12-22 14:28:12,047] {logging_mixin.py:112} INFO - [2020-12-22 14:28:12,047] {batch.py:309} INFO - 2020-12-22 14:27:59,725 INFO util.ShutdownHookManager: Deleting directory /tmp/spark-97c222d1-d532-47b1-a2b9-689fb549f8a9
[2020-12-22 14:28:12,047] {logging_mixin.py:112} INFO - [2020-12-22 14:28:12,047] {batch.py:309} INFO - 2020-12-22 14:27:59,742 INFO impl.MetricsSystemImpl: Stopping s3a-file-system metrics system...
[2020-12-22 14:28:12,047] {logging_mixin.py:112} INFO - [2020-12-22 14:28:12,047] {batch.py:309} INFO - 2020-12-22 14:27:59,742 INFO impl.MetricsSystemImpl: s3a-file-system metrics system stopped.
[2020-12-22 14:28:12,054] {logging_mixin.py:112} INFO - [2020-12-22 14:28:12,054] {base_hook.py:84} INFO - Using connection to: id: livy. Host: http://ec2-3-236-26-7.compute-1.amazonaws.com, Port: 8998, Schema: None, Login: None, Password: None, extra: None
[2020-12-22 14:28:12,055] {logging_mixin.py:112} INFO - [2020-12-22 14:28:12,055] {http_hook.py:136} INFO - Sending 'GET' to url: http://ec2-3-236-26-7.compute-1.amazonaws.com:8998/batches/48/log?from=200&size=100
[2020-12-22 14:28:12,063] {logging_mixin.py:112} INFO - [2020-12-22 14:28:12,062] {batch.py:309} INFO - 2020-12-22 14:27:59,743 INFO impl.MetricsSystemImpl: s3a-file-system metrics system shutdown complete.
[2020-12-22 14:28:12,063] {logging_mixin.py:112} INFO - [2020-12-22 14:28:12,063] {batch.py:309} INFO - 
stderr: 
[2020-12-22 14:28:12,063] {logging_mixin.py:112} INFO - [2020-12-22 14:28:12,063] {batch.py:309} INFO - 
YARN Diagnostics: 
[2020-12-22 14:28:12,063] {logging_mixin.py:112} INFO - [2020-12-22 14:28:12,063] {batch.py:309} INFO - spark-submit start failed
[2020-12-22 14:28:12,063] {logging_mixin.py:112} INFO - [2020-12-22 14:28:12,063] {batch.py:318} INFO - --------------------------------------------------End of full log for batch 48--------------------------------------------------
[2020-12-22 14:28:12,064] {logging_mixin.py:112} INFO - [2020-12-22 14:28:12,064] {batch.py:335} INFO - Closing batch with id = 48
[2020-12-22 14:28:12,072] {logging_mixin.py:112} INFO - [2020-12-22 14:28:12,072] {base_hook.py:84} INFO - Using connection to: id: livy. Host: http://ec2-3-236-26-7.compute-1.amazonaws.com, Port: 8998, Schema: None, Login: None, Password: None, extra: None
[2020-12-22 14:28:12,073] {logging_mixin.py:112} INFO - [2020-12-22 14:28:12,073] {http_hook.py:136} INFO - Sending 'DELETE' to url: http://ec2-3-236-26-7.compute-1.amazonaws.com:8998/batches/48
[2020-12-22 14:28:12,082] {logging_mixin.py:112} INFO - [2020-12-22 14:28:12,082] {batch.py:340} INFO - Batch 48 has been closed
[2020-12-22 14:28:12,090] {taskinstance.py:1128} ERROR - Batch 48 failed with state 'dead'
Traceback (most recent call last):
  File "/opt/bitnami/python/lib/python3.6/site-packages/airflow/models/taskinstance.py", line 966, in _run_raw_task
    result = task_copy.execute(context=context)
  File "/usr/local/airflow/plugins/airflow_livy/batch.py", line 173, in execute
    ).execute(context)
  File "/opt/bitnami/python/lib/python3.6/site-packages/airflow/sensors/base_sensor_operator.py", line 107, in execute
    while not self.poke(context):
  File "/usr/local/airflow/plugins/airflow_livy/batch.py", line 96, in poke
    raise AirflowException(f"Batch {self.batch_id} failed with state '{state}'")
airflow.exceptions.AirflowException: Batch 48 failed with state 'dead'
[2020-12-22 14:28:12,092] {taskinstance.py:1151} INFO - Marking task as UP_FOR_RETRY
[2020-12-22 14:28:16,779] {logging_mixin.py:112} INFO - [2020-12-22 14:28:16,779] {local_task_job.py:103} INFO - Task exited with return code 1
