[2020-12-22 14:29:15,765] {taskinstance.py:655} INFO - Dependencies all met for <TaskInstance: loan_prediction_train_model.preprocess_data 2020-12-22T12:43:23.210460+00:00 [queued]>
[2020-12-22 14:29:15,780] {taskinstance.py:655} INFO - Dependencies all met for <TaskInstance: loan_prediction_train_model.preprocess_data 2020-12-22T12:43:23.210460+00:00 [queued]>
[2020-12-22 14:29:15,783] {taskinstance.py:866} INFO - 
--------------------------------------------------------------------------------
[2020-12-22 14:29:15,783] {taskinstance.py:867} INFO - Starting attempt 53 of 54
[2020-12-22 14:29:15,783] {taskinstance.py:868} INFO - 
--------------------------------------------------------------------------------
[2020-12-22 14:29:15,800] {taskinstance.py:887} INFO - Executing <Task(LivyBatchOperator): preprocess_data> on 2020-12-22T12:43:23.210460+00:00
[2020-12-22 14:29:15,805] {standard_task_runner.py:53} INFO - Started process 64228 to run task
[2020-12-22 14:29:15,864] {logging_mixin.py:112} INFO - Running %s on host %s <TaskInstance: loan_prediction_train_model.preprocess_data 2020-12-22T12:43:23.210460+00:00 [running]> dcb43f18a24b
[2020-12-22 14:29:15,890] {logging_mixin.py:112} INFO - [2020-12-22 14:29:15,890] {batch.py:214} INFO - Submitting the batch to Livy... Payload:
{
  "file": "s3a://alanchn31-loan-default-prediction/dist/main.py",
  "args": [
    "--job",
    "preprocess_data",
    "--phase",
    "train",
    "--mode",
    "aws",
    "--awsKey",
    "AKIAUW4FKHTMR2UR3INH",
    "--awsSecretKey",
    "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",
    "--s3Bucket",
    "alanchn31-loan-default-prediction"
  ],
  "pyFiles": [
    "s3a://alanchn31-loan-default-prediction/dist/src.zip"
  ],
  "name": "preprocess_data_scheduled__2020-12-22T12:43:23.210460+00:00"
}
[2020-12-22 14:29:15,901] {logging_mixin.py:112} INFO - [2020-12-22 14:29:15,899] {base_hook.py:84} INFO - Using connection to: id: livy. Host: http://ec2-3-236-26-7.compute-1.amazonaws.com, Port: 8998, Schema: None, Login: None, Password: None, extra: None
[2020-12-22 14:29:15,904] {logging_mixin.py:112} INFO - [2020-12-22 14:29:15,904] {http_hook.py:136} INFO - Sending 'POST' to url: http://ec2-3-236-26-7.compute-1.amazonaws.com:8998/batches
[2020-12-22 14:29:15,922] {logging_mixin.py:112} INFO - [2020-12-22 14:29:15,921] {batch.py:166} INFO - Batch successfully submitted with id = 49.
[2020-12-22 14:29:15,925] {logging_mixin.py:112} INFO - [2020-12-22 14:29:15,925] {batch.py:80} INFO - Getting batch 49 status...
[2020-12-22 14:29:15,937] {logging_mixin.py:112} INFO - [2020-12-22 14:29:15,936] {base_hook.py:84} INFO - Using connection to: id: livy. Host: http://ec2-3-236-26-7.compute-1.amazonaws.com, Port: 8998, Schema: None, Login: None, Password: None, extra: None
[2020-12-22 14:29:15,940] {logging_mixin.py:112} INFO - [2020-12-22 14:29:15,940] {http_hook.py:136} INFO - Sending 'GET' to url: http://ec2-3-236-26-7.compute-1.amazonaws.com:8998/batches/49
[2020-12-22 14:29:15,947] {logging_mixin.py:112} INFO - [2020-12-22 14:29:15,947] {batch.py:90} INFO - Batch 49 has not finished yet (state is 'starting')
[2020-12-22 14:29:35,970] {logging_mixin.py:112} INFO - [2020-12-22 14:29:35,970] {batch.py:80} INFO - Getting batch 49 status...
[2020-12-22 14:29:35,980] {logging_mixin.py:112} INFO - [2020-12-22 14:29:35,979] {base_hook.py:84} INFO - Using connection to: id: livy. Host: http://ec2-3-236-26-7.compute-1.amazonaws.com, Port: 8998, Schema: None, Login: None, Password: None, extra: None
[2020-12-22 14:29:35,980] {logging_mixin.py:112} INFO - [2020-12-22 14:29:35,980] {http_hook.py:136} INFO - Sending 'GET' to url: http://ec2-3-236-26-7.compute-1.amazonaws.com:8998/batches/49
[2020-12-22 14:29:35,991] {logging_mixin.py:112} INFO - [2020-12-22 14:29:35,991] {batch.py:299} INFO - --------------------------------------------------Full log for batch 49--------------------------------------------------
[2020-12-22 14:29:36,004] {logging_mixin.py:112} INFO - [2020-12-22 14:29:36,003] {base_hook.py:84} INFO - Using connection to: id: livy. Host: http://ec2-3-236-26-7.compute-1.amazonaws.com, Port: 8998, Schema: None, Login: None, Password: None, extra: None
[2020-12-22 14:29:36,004] {logging_mixin.py:112} INFO - [2020-12-22 14:29:36,004] {http_hook.py:136} INFO - Sending 'GET' to url: http://ec2-3-236-26-7.compute-1.amazonaws.com:8998/batches/49/log?from=0&size=100
[2020-12-22 14:29:36,027] {logging_mixin.py:112} INFO - [2020-12-22 14:29:36,027] {batch.py:309} INFO - stdout: 
[2020-12-22 14:29:36,027] {logging_mixin.py:112} INFO - [2020-12-22 14:29:36,027] {batch.py:309} INFO - 2020-12-22 14:29:21,525 INFO spark.SecurityManager: Changing modify acls to: root
[2020-12-22 14:29:36,027] {logging_mixin.py:112} INFO - [2020-12-22 14:29:36,027] {batch.py:309} INFO - 2020-12-22 14:29:21,525 INFO spark.SecurityManager: Changing view acls groups to: 
[2020-12-22 14:29:36,027] {logging_mixin.py:112} INFO - [2020-12-22 14:29:36,027] {batch.py:309} INFO - 2020-12-22 14:29:21,526 INFO spark.SecurityManager: Changing modify acls groups to: 
[2020-12-22 14:29:36,027] {logging_mixin.py:112} INFO - [2020-12-22 14:29:36,027] {batch.py:309} INFO - 2020-12-22 14:29:21,526 INFO spark.SecurityManager: SecurityManager: authentication disabled; ui acls disabled; users  with view permissions: Set(root); groups with view permissions: Set(); users  with modify permissions: Set(root); groups with modify permissions: Set()
[2020-12-22 14:29:36,028] {logging_mixin.py:112} INFO - [2020-12-22 14:29:36,028] {batch.py:309} INFO - 2020-12-22 14:29:21,870 INFO util.Utils: Successfully started service 'sparkDriver' on port 7001.
[2020-12-22 14:29:36,028] {logging_mixin.py:112} INFO - [2020-12-22 14:29:36,028] {batch.py:309} INFO - 2020-12-22 14:29:21,899 INFO spark.SparkEnv: Registering MapOutputTracker
[2020-12-22 14:29:36,028] {logging_mixin.py:112} INFO - [2020-12-22 14:29:36,028] {batch.py:309} INFO - 2020-12-22 14:29:21,920 INFO spark.SparkEnv: Registering BlockManagerMaster
[2020-12-22 14:29:36,028] {logging_mixin.py:112} INFO - [2020-12-22 14:29:36,028] {batch.py:309} INFO - 2020-12-22 14:29:21,923 INFO storage.BlockManagerMasterEndpoint: Using org.apache.spark.storage.DefaultTopologyMapper for getting topology information
[2020-12-22 14:29:36,028] {logging_mixin.py:112} INFO - [2020-12-22 14:29:36,028] {batch.py:309} INFO - 2020-12-22 14:29:21,924 INFO storage.BlockManagerMasterEndpoint: BlockManagerMasterEndpoint up
[2020-12-22 14:29:36,028] {logging_mixin.py:112} INFO - [2020-12-22 14:29:36,028] {batch.py:309} INFO - 2020-12-22 14:29:21,935 INFO storage.DiskBlockManager: Created local directory at /tmp/blockmgr-fd0c75ba-64d3-4619-9a5c-c9efd6c36437
[2020-12-22 14:29:36,029] {logging_mixin.py:112} INFO - [2020-12-22 14:29:36,029] {batch.py:309} INFO - 2020-12-22 14:29:21,954 INFO memory.MemoryStore: MemoryStore started with capacity 366.3 MB
[2020-12-22 14:29:36,029] {logging_mixin.py:112} INFO - [2020-12-22 14:29:36,029] {batch.py:309} INFO - 2020-12-22 14:29:22,050 INFO spark.SparkEnv: Registering OutputCommitCoordinator
[2020-12-22 14:29:36,029] {logging_mixin.py:112} INFO - [2020-12-22 14:29:36,029] {batch.py:309} INFO - 2020-12-22 14:29:22,175 INFO util.log: Logging initialized @5990ms
[2020-12-22 14:29:36,029] {logging_mixin.py:112} INFO - [2020-12-22 14:29:36,029] {batch.py:309} INFO - 2020-12-22 14:29:22,304 INFO server.Server: jetty-9.3.z-SNAPSHOT, build timestamp: 2018-06-05T17:11:56Z, git hash: 84205aa28f11a4f31f2a3b86d1bba2cc8ab69827
[2020-12-22 14:29:36,029] {logging_mixin.py:112} INFO - [2020-12-22 14:29:36,029] {batch.py:309} INFO - 2020-12-22 14:29:22,324 INFO server.Server: Started @6153ms
[2020-12-22 14:29:36,029] {logging_mixin.py:112} INFO - [2020-12-22 14:29:36,029] {batch.py:309} INFO - 2020-12-22 14:29:22,347 INFO server.AbstractConnector: Started ServerConnector@69b45d30{HTTP/1.1,[http/1.1]}{0.0.0.0:4040}
[2020-12-22 14:29:36,031] {logging_mixin.py:112} INFO - [2020-12-22 14:29:36,030] {batch.py:309} INFO - 2020-12-22 14:29:22,347 INFO util.Utils: Successfully started service 'SparkUI' on port 4040.
[2020-12-22 14:29:36,031] {logging_mixin.py:112} INFO - [2020-12-22 14:29:36,031] {batch.py:309} INFO - 2020-12-22 14:29:22,377 INFO handler.ContextHandler: Started o.s.j.s.ServletContextHandler@481223a{/jobs,null,AVAILABLE,@Spark}
[2020-12-22 14:29:36,032] {logging_mixin.py:112} INFO - [2020-12-22 14:29:36,032] {batch.py:309} INFO - 2020-12-22 14:29:22,379 INFO handler.ContextHandler: Started o.s.j.s.ServletContextHandler@911770a{/jobs/json,null,AVAILABLE,@Spark}
[2020-12-22 14:29:36,032] {logging_mixin.py:112} INFO - [2020-12-22 14:29:36,032] {batch.py:309} INFO - 2020-12-22 14:29:22,379 INFO handler.ContextHandler: Started o.s.j.s.ServletContextHandler@9be805b{/jobs/job,null,AVAILABLE,@Spark}
[2020-12-22 14:29:36,033] {logging_mixin.py:112} INFO - [2020-12-22 14:29:36,033] {batch.py:309} INFO - 2020-12-22 14:29:22,380 INFO handler.ContextHandler: Started o.s.j.s.ServletContextHandler@4bad4aed{/jobs/job/json,null,AVAILABLE,@Spark}
[2020-12-22 14:29:36,034] {logging_mixin.py:112} INFO - [2020-12-22 14:29:36,033] {batch.py:309} INFO - 2020-12-22 14:29:22,380 INFO handler.ContextHandler: Started o.s.j.s.ServletContextHandler@41b127de{/stages,null,AVAILABLE,@Spark}
[2020-12-22 14:29:36,034] {logging_mixin.py:112} INFO - [2020-12-22 14:29:36,034] {batch.py:309} INFO - 2020-12-22 14:29:22,381 INFO handler.ContextHandler: Started o.s.j.s.ServletContextHandler@431aa1c5{/stages/json,null,AVAILABLE,@Spark}
[2020-12-22 14:29:36,038] {logging_mixin.py:112} INFO - [2020-12-22 14:29:36,038] {batch.py:309} INFO - 2020-12-22 14:29:22,383 INFO handler.ContextHandler: Started o.s.j.s.ServletContextHandler@3edb4da5{/stages/stage,null,AVAILABLE,@Spark}
[2020-12-22 14:29:36,038] {logging_mixin.py:112} INFO - [2020-12-22 14:29:36,038] {batch.py:309} INFO - 2020-12-22 14:29:22,385 INFO handler.ContextHandler: Started o.s.j.s.ServletContextHandler@41c54efc{/stages/stage/json,null,AVAILABLE,@Spark}
[2020-12-22 14:29:36,038] {logging_mixin.py:112} INFO - [2020-12-22 14:29:36,038] {batch.py:309} INFO - 2020-12-22 14:29:22,387 INFO handler.ContextHandler: Started o.s.j.s.ServletContextHandler@25979504{/stages/pool,null,AVAILABLE,@Spark}
[2020-12-22 14:29:36,038] {logging_mixin.py:112} INFO - [2020-12-22 14:29:36,038] {batch.py:309} INFO - 2020-12-22 14:29:22,388 INFO handler.ContextHandler: Started o.s.j.s.ServletContextHandler@3e190e1d{/stages/pool/json,null,AVAILABLE,@Spark}
[2020-12-22 14:29:36,038] {logging_mixin.py:112} INFO - [2020-12-22 14:29:36,038] {batch.py:309} INFO - 2020-12-22 14:29:22,389 INFO handler.ContextHandler: Started o.s.j.s.ServletContextHandler@57fd1d8f{/storage,null,AVAILABLE,@Spark}
[2020-12-22 14:29:36,039] {logging_mixin.py:112} INFO - [2020-12-22 14:29:36,038] {batch.py:309} INFO - 2020-12-22 14:29:22,391 INFO handler.ContextHandler: Started o.s.j.s.ServletContextHandler@3c240b22{/storage/json,null,AVAILABLE,@Spark}
[2020-12-22 14:29:36,039] {logging_mixin.py:112} INFO - [2020-12-22 14:29:36,039] {batch.py:309} INFO - 2020-12-22 14:29:22,392 INFO handler.ContextHandler: Started o.s.j.s.ServletContextHandler@25028617{/storage/rdd,null,AVAILABLE,@Spark}
[2020-12-22 14:29:36,039] {logging_mixin.py:112} INFO - [2020-12-22 14:29:36,039] {batch.py:309} INFO - 2020-12-22 14:29:22,393 INFO handler.ContextHandler: Started o.s.j.s.ServletContextHandler@531d0d4c{/storage/rdd/json,null,AVAILABLE,@Spark}
[2020-12-22 14:29:36,039] {logging_mixin.py:112} INFO - [2020-12-22 14:29:36,039] {batch.py:309} INFO - 2020-12-22 14:29:22,395 INFO handler.ContextHandler: Started o.s.j.s.ServletContextHandler@6cb373c5{/environment,null,AVAILABLE,@Spark}
[2020-12-22 14:29:36,039] {logging_mixin.py:112} INFO - [2020-12-22 14:29:36,039] {batch.py:309} INFO - 2020-12-22 14:29:22,396 INFO handler.ContextHandler: Started o.s.j.s.ServletContextHandler@70d2086a{/environment/json,null,AVAILABLE,@Spark}
[2020-12-22 14:29:36,039] {logging_mixin.py:112} INFO - [2020-12-22 14:29:36,039] {batch.py:309} INFO - 2020-12-22 14:29:22,399 INFO handler.ContextHandler: Started o.s.j.s.ServletContextHandler@41d11a59{/executors,null,AVAILABLE,@Spark}
[2020-12-22 14:29:36,040] {logging_mixin.py:112} INFO - [2020-12-22 14:29:36,039] {batch.py:309} INFO - 2020-12-22 14:29:22,401 INFO handler.ContextHandler: Started o.s.j.s.ServletContextHandler@7a1d1842{/executors/json,null,AVAILABLE,@Spark}
[2020-12-22 14:29:36,040] {logging_mixin.py:112} INFO - [2020-12-22 14:29:36,040] {batch.py:309} INFO - 2020-12-22 14:29:22,402 INFO handler.ContextHandler: Started o.s.j.s.ServletContextHandler@d47619f{/executors/threadDump,null,AVAILABLE,@Spark}
[2020-12-22 14:29:36,040] {logging_mixin.py:112} INFO - [2020-12-22 14:29:36,040] {batch.py:309} INFO - 2020-12-22 14:29:22,403 INFO handler.ContextHandler: Started o.s.j.s.ServletContextHandler@6db6a905{/executors/threadDump/json,null,AVAILABLE,@Spark}
[2020-12-22 14:29:36,040] {logging_mixin.py:112} INFO - [2020-12-22 14:29:36,040] {batch.py:309} INFO - 2020-12-22 14:29:22,414 INFO handler.ContextHandler: Started o.s.j.s.ServletContextHandler@24fc7538{/static,null,AVAILABLE,@Spark}
[2020-12-22 14:29:36,040] {logging_mixin.py:112} INFO - [2020-12-22 14:29:36,040] {batch.py:309} INFO - 2020-12-22 14:29:22,415 INFO handler.ContextHandler: Started o.s.j.s.ServletContextHandler@53785af5{/,null,AVAILABLE,@Spark}
[2020-12-22 14:29:36,040] {logging_mixin.py:112} INFO - [2020-12-22 14:29:36,040] {batch.py:309} INFO - 2020-12-22 14:29:22,417 INFO handler.ContextHandler: Started o.s.j.s.ServletContextHandler@4da765e8{/api,null,AVAILABLE,@Spark}
[2020-12-22 14:29:36,040] {logging_mixin.py:112} INFO - [2020-12-22 14:29:36,040] {batch.py:309} INFO - 2020-12-22 14:29:22,419 INFO handler.ContextHandler: Started o.s.j.s.ServletContextHandler@4b79b491{/jobs/job/kill,null,AVAILABLE,@Spark}
[2020-12-22 14:29:36,041] {logging_mixin.py:112} INFO - [2020-12-22 14:29:36,040] {batch.py:309} INFO - 2020-12-22 14:29:22,420 INFO handler.ContextHandler: Started o.s.j.s.ServletContextHandler@32d3521f{/stages/stage/kill,null,AVAILABLE,@Spark}
[2020-12-22 14:29:36,041] {logging_mixin.py:112} INFO - [2020-12-22 14:29:36,041] {batch.py:309} INFO - 2020-12-22 14:29:22,422 INFO ui.SparkUI: Bound SparkUI to 0.0.0.0, and started at http://livy:4040
[2020-12-22 14:29:36,041] {logging_mixin.py:112} INFO - [2020-12-22 14:29:36,041] {batch.py:309} INFO - 2020-12-22 14:29:23,408 INFO client.RMProxy: Connecting to ResourceManager at master/172.20.0.8:8032
[2020-12-22 14:29:36,041] {logging_mixin.py:112} INFO - [2020-12-22 14:29:36,041] {batch.py:309} INFO - 2020-12-22 14:29:23,702 INFO yarn.Client: Requesting a new application from cluster with 2 NodeManagers
[2020-12-22 14:29:36,041] {logging_mixin.py:112} INFO - [2020-12-22 14:29:36,041] {batch.py:309} INFO - 2020-12-22 14:29:23,768 INFO conf.Configuration: resource-types.xml not found
[2020-12-22 14:29:36,041] {logging_mixin.py:112} INFO - [2020-12-22 14:29:36,041] {batch.py:309} INFO - 2020-12-22 14:29:23,769 INFO resource.ResourceUtils: Unable to find 'resource-types.xml'.
[2020-12-22 14:29:36,046] {logging_mixin.py:112} INFO - [2020-12-22 14:29:36,045] {batch.py:309} INFO - 2020-12-22 14:29:23,791 INFO yarn.Client: Verifying our application has not requested more than the maximum memory capability of the cluster (4096 MB per container)
[2020-12-22 14:29:36,046] {logging_mixin.py:112} INFO - [2020-12-22 14:29:36,046] {batch.py:309} INFO - 2020-12-22 14:29:23,791 INFO yarn.Client: Will allocate AM container, with 896 MB memory including 384 MB overhead
[2020-12-22 14:29:36,046] {logging_mixin.py:112} INFO - [2020-12-22 14:29:36,046] {batch.py:309} INFO - 2020-12-22 14:29:23,792 INFO yarn.Client: Setting up container launch context for our AM
[2020-12-22 14:29:36,046] {logging_mixin.py:112} INFO - [2020-12-22 14:29:36,046] {batch.py:309} INFO - 2020-12-22 14:29:23,796 INFO yarn.Client: Setting up the launch environment for our AM container
[2020-12-22 14:29:36,046] {logging_mixin.py:112} INFO - [2020-12-22 14:29:36,046] {batch.py:309} INFO - 2020-12-22 14:29:23,804 INFO yarn.Client: Preparing resources for our AM container
[2020-12-22 14:29:36,046] {logging_mixin.py:112} INFO - [2020-12-22 14:29:36,046] {batch.py:309} INFO - 2020-12-22 14:29:23,876 INFO yarn.Client: Uploading resource file:/usr/spark/python/lib/pyspark.zip -> hdfs://master:9000/user/root/.sparkStaging/application_1608640367429_0005/pyspark.zip
[2020-12-22 14:29:36,047] {logging_mixin.py:112} INFO - [2020-12-22 14:29:36,047] {batch.py:309} INFO - 2020-12-22 14:29:24,010 WARN hdfs.DataStreamer: DataStreamer Exception
[2020-12-22 14:29:36,047] {logging_mixin.py:112} INFO - [2020-12-22 14:29:36,047] {batch.py:309} INFO - org.apache.hadoop.ipc.RemoteException(java.io.IOException): File /user/root/.sparkStaging/application_1608640367429_0005/pyspark.zip could only be written to 0 of the 1 minReplication nodes. There are 0 datanode(s) running and 0 node(s) are excluded in this operation.
[2020-12-22 14:29:36,047] {logging_mixin.py:112} INFO - [2020-12-22 14:29:36,047] {batch.py:309} INFO - 	at org.apache.hadoop.hdfs.server.blockmanagement.BlockManager.chooseTarget4NewBlock(BlockManager.java:2135)
[2020-12-22 14:29:36,047] {logging_mixin.py:112} INFO - [2020-12-22 14:29:36,047] {batch.py:309} INFO - 	at org.apache.hadoop.hdfs.server.namenode.FSDirWriteFileOp.chooseTargetForNewBlock(FSDirWriteFileOp.java:294)
[2020-12-22 14:29:36,047] {logging_mixin.py:112} INFO - [2020-12-22 14:29:36,047] {batch.py:309} INFO - 	at org.apache.hadoop.hdfs.server.namenode.FSNamesystem.getAdditionalBlock(FSNamesystem.java:2771)
[2020-12-22 14:29:36,047] {logging_mixin.py:112} INFO - [2020-12-22 14:29:36,047] {batch.py:309} INFO - 	at org.apache.hadoop.hdfs.server.namenode.NameNodeRpcServer.addBlock(NameNodeRpcServer.java:876)
[2020-12-22 14:29:36,048] {logging_mixin.py:112} INFO - [2020-12-22 14:29:36,047] {batch.py:309} INFO - 	at org.apache.hadoop.hdfs.protocolPB.ClientNamenodeProtocolServerSideTranslatorPB.addBlock(ClientNamenodeProtocolServerSideTranslatorPB.java:567)
[2020-12-22 14:29:36,048] {logging_mixin.py:112} INFO - [2020-12-22 14:29:36,048] {batch.py:309} INFO - 	at org.apache.hadoop.hdfs.protocol.proto.ClientNamenodeProtocolProtos$ClientNamenodeProtocol$2.callBlockingMethod(ClientNamenodeProtocolProtos.java)
[2020-12-22 14:29:36,048] {logging_mixin.py:112} INFO - [2020-12-22 14:29:36,048] {batch.py:309} INFO - 	at org.apache.hadoop.ipc.ProtobufRpcEngine$Server$ProtoBufRpcInvoker.call(ProtobufRpcEngine.java:524)
[2020-12-22 14:29:36,048] {logging_mixin.py:112} INFO - [2020-12-22 14:29:36,048] {batch.py:309} INFO - 	at org.apache.hadoop.ipc.RPC$Server.call(RPC.java:1025)
[2020-12-22 14:29:36,048] {logging_mixin.py:112} INFO - [2020-12-22 14:29:36,048] {batch.py:309} INFO - 	at org.apache.hadoop.ipc.Server$RpcCall.run(Server.java:876)
[2020-12-22 14:29:36,048] {logging_mixin.py:112} INFO - [2020-12-22 14:29:36,048] {batch.py:309} INFO - 	at org.apache.hadoop.ipc.Server$RpcCall.run(Server.java:822)
[2020-12-22 14:29:36,048] {logging_mixin.py:112} INFO - [2020-12-22 14:29:36,048] {batch.py:309} INFO - 	at java.security.AccessController.doPrivileged(Native Method)
[2020-12-22 14:29:36,049] {logging_mixin.py:112} INFO - [2020-12-22 14:29:36,049] {batch.py:309} INFO - 	at javax.security.auth.Subject.doAs(Subject.java:422)
[2020-12-22 14:29:36,049] {logging_mixin.py:112} INFO - [2020-12-22 14:29:36,049] {batch.py:309} INFO - 	at org.apache.hadoop.security.UserGroupInformation.doAs(UserGroupInformation.java:1730)
[2020-12-22 14:29:36,049] {logging_mixin.py:112} INFO - [2020-12-22 14:29:36,049] {batch.py:309} INFO - 	at org.apache.hadoop.ipc.Server$Handler.run(Server.java:2682)
[2020-12-22 14:29:36,049] {logging_mixin.py:112} INFO - [2020-12-22 14:29:36,049] {batch.py:309} INFO - 
[2020-12-22 14:29:36,049] {logging_mixin.py:112} INFO - [2020-12-22 14:29:36,049] {batch.py:309} INFO - 	at org.apache.hadoop.ipc.Client.getRpcResponse(Client.java:1511)
[2020-12-22 14:29:36,049] {logging_mixin.py:112} INFO - [2020-12-22 14:29:36,049] {batch.py:309} INFO - 	at org.apache.hadoop.ipc.Client.call(Client.java:1457)
[2020-12-22 14:29:36,052] {logging_mixin.py:112} INFO - [2020-12-22 14:29:36,049] {batch.py:309} INFO - 	at org.apache.hadoop.ipc.Client.call(Client.java:1367)
[2020-12-22 14:29:36,052] {logging_mixin.py:112} INFO - [2020-12-22 14:29:36,052] {batch.py:309} INFO - 	at org.apache.hadoop.ipc.ProtobufRpcEngine$Invoker.invoke(ProtobufRpcEngine.java:228)
[2020-12-22 14:29:36,052] {logging_mixin.py:112} INFO - [2020-12-22 14:29:36,052] {batch.py:309} INFO - 	at org.apache.hadoop.ipc.ProtobufRpcEngine$Invoker.invoke(ProtobufRpcEngine.java:116)
[2020-12-22 14:29:36,053] {logging_mixin.py:112} INFO - [2020-12-22 14:29:36,053] {batch.py:309} INFO - 	at com.sun.proxy.$Proxy24.addBlock(Unknown Source)
[2020-12-22 14:29:36,053] {logging_mixin.py:112} INFO - [2020-12-22 14:29:36,053] {batch.py:309} INFO - 	at org.apache.hadoop.hdfs.protocolPB.ClientNamenodeProtocolTranslatorPB.addBlock(ClientNamenodeProtocolTranslatorPB.java:513)
[2020-12-22 14:29:36,053] {logging_mixin.py:112} INFO - [2020-12-22 14:29:36,053] {batch.py:309} INFO - 	at sun.reflect.NativeMethodAccessorImpl.invoke0(Native Method)
[2020-12-22 14:29:36,053] {logging_mixin.py:112} INFO - [2020-12-22 14:29:36,053] {batch.py:309} INFO - 	at sun.reflect.NativeMethodAccessorImpl.invoke(NativeMethodAccessorImpl.java:62)
[2020-12-22 14:29:36,053] {logging_mixin.py:112} INFO - [2020-12-22 14:29:36,053] {batch.py:309} INFO - 	at sun.reflect.DelegatingMethodAccessorImpl.invoke(DelegatingMethodAccessorImpl.java:43)
[2020-12-22 14:29:36,053] {logging_mixin.py:112} INFO - [2020-12-22 14:29:36,053] {batch.py:309} INFO - 	at java.lang.reflect.Method.invoke(Method.java:498)
[2020-12-22 14:29:36,054] {logging_mixin.py:112} INFO - [2020-12-22 14:29:36,054] {batch.py:309} INFO - 	at org.apache.hadoop.io.retry.RetryInvocationHandler.invokeMethod(RetryInvocationHandler.java:422)
[2020-12-22 14:29:36,054] {logging_mixin.py:112} INFO - [2020-12-22 14:29:36,054] {batch.py:309} INFO - 	at org.apache.hadoop.io.retry.RetryInvocationHandler$Call.invokeMethod(RetryInvocationHandler.java:165)
[2020-12-22 14:29:36,054] {logging_mixin.py:112} INFO - [2020-12-22 14:29:36,054] {batch.py:309} INFO - 	at org.apache.hadoop.io.retry.RetryInvocationHandler$Call.invoke(RetryInvocationHandler.java:157)
[2020-12-22 14:29:36,054] {logging_mixin.py:112} INFO - [2020-12-22 14:29:36,054] {batch.py:309} INFO - 	at org.apache.hadoop.io.retry.RetryInvocationHandler$Call.invokeOnce(RetryInvocationHandler.java:95)
[2020-12-22 14:29:36,054] {logging_mixin.py:112} INFO - [2020-12-22 14:29:36,054] {batch.py:309} INFO - 	at org.apache.hadoop.io.retry.RetryInvocationHandler.invoke(RetryInvocationHandler.java:359)
[2020-12-22 14:29:36,055] {logging_mixin.py:112} INFO - [2020-12-22 14:29:36,054] {batch.py:309} INFO - 	at com.sun.proxy.$Proxy25.addBlock(Unknown Source)
[2020-12-22 14:29:36,055] {logging_mixin.py:112} INFO - [2020-12-22 14:29:36,055] {batch.py:309} INFO - 	at org.apache.hadoop.hdfs.DFSOutputStream.addBlock(DFSOutputStream.java:1081)
[2020-12-22 14:29:36,055] {logging_mixin.py:112} INFO - [2020-12-22 14:29:36,055] {batch.py:309} INFO - 	at org.apache.hadoop.hdfs.DataStreamer.locateFollowingBlock(DataStreamer.java:1865)
[2020-12-22 14:29:36,055] {logging_mixin.py:112} INFO - [2020-12-22 14:29:36,055] {batch.py:309} INFO - 	at org.apache.hadoop.hdfs.DataStreamer.nextBlockOutputStream(DataStreamer.java:1668)
[2020-12-22 14:29:36,055] {logging_mixin.py:112} INFO - [2020-12-22 14:29:36,055] {batch.py:309} INFO - 	at org.apache.hadoop.hdfs.DataStreamer.run(DataStreamer.java:716)
[2020-12-22 14:29:36,056] {logging_mixin.py:112} INFO - [2020-12-22 14:29:36,056] {batch.py:309} INFO - 2020-12-22 14:29:24,025 INFO yarn.Client: Deleted staging directory hdfs://master:9000/user/root/.sparkStaging/application_1608640367429_0005
[2020-12-22 14:29:36,056] {logging_mixin.py:112} INFO - [2020-12-22 14:29:36,056] {batch.py:309} INFO - 2020-12-22 14:29:24,025 ERROR spark.SparkContext: Error initializing SparkContext.
[2020-12-22 14:29:36,056] {logging_mixin.py:112} INFO - [2020-12-22 14:29:36,056] {batch.py:309} INFO - org.apache.hadoop.ipc.RemoteException(java.io.IOException): File /user/root/.sparkStaging/application_1608640367429_0005/pyspark.zip could only be written to 0 of the 1 minReplication nodes. There are 0 datanode(s) running and 0 node(s) are excluded in this operation.
[2020-12-22 14:29:36,056] {logging_mixin.py:112} INFO - [2020-12-22 14:29:36,056] {batch.py:309} INFO - 	at org.apache.hadoop.hdfs.server.blockmanagement.BlockManager.chooseTarget4NewBlock(BlockManager.java:2135)
[2020-12-22 14:29:36,056] {logging_mixin.py:112} INFO - [2020-12-22 14:29:36,056] {batch.py:309} INFO - 	at org.apache.hadoop.hdfs.server.namenode.FSDirWriteFileOp.chooseTargetForNewBlock(FSDirWriteFileOp.java:294)
[2020-12-22 14:29:36,056] {logging_mixin.py:112} INFO - [2020-12-22 14:29:36,056] {batch.py:309} INFO - 	at org.apache.hadoop.hdfs.server.namenode.FSNamesystem.getAdditionalBlock(FSNamesystem.java:2771)
[2020-12-22 14:29:36,057] {logging_mixin.py:112} INFO - [2020-12-22 14:29:36,056] {batch.py:309} INFO - 	at org.apache.hadoop.hdfs.server.namenode.NameNodeRpcServer.addBlock(NameNodeRpcServer.java:876)
[2020-12-22 14:29:36,057] {logging_mixin.py:112} INFO - [2020-12-22 14:29:36,057] {batch.py:309} INFO - 	at org.apache.hadoop.hdfs.protocolPB.ClientNamenodeProtocolServerSideTranslatorPB.addBlock(ClientNamenodeProtocolServerSideTranslatorPB.java:567)
[2020-12-22 14:29:36,069] {logging_mixin.py:112} INFO - [2020-12-22 14:29:36,068] {base_hook.py:84} INFO - Using connection to: id: livy. Host: http://ec2-3-236-26-7.compute-1.amazonaws.com, Port: 8998, Schema: None, Login: None, Password: None, extra: None
[2020-12-22 14:29:36,069] {logging_mixin.py:112} INFO - [2020-12-22 14:29:36,069] {http_hook.py:136} INFO - Sending 'GET' to url: http://ec2-3-236-26-7.compute-1.amazonaws.com:8998/batches/49/log?from=100&size=100
[2020-12-22 14:29:36,084] {logging_mixin.py:112} INFO - [2020-12-22 14:29:36,084] {batch.py:309} INFO - 	at org.apache.hadoop.hdfs.protocol.proto.ClientNamenodeProtocolProtos$ClientNamenodeProtocol$2.callBlockingMethod(ClientNamenodeProtocolProtos.java)
[2020-12-22 14:29:36,088] {logging_mixin.py:112} INFO - [2020-12-22 14:29:36,087] {batch.py:309} INFO - 	at org.apache.hadoop.ipc.ProtobufRpcEngine$Server$ProtoBufRpcInvoker.call(ProtobufRpcEngine.java:524)
[2020-12-22 14:29:36,088] {logging_mixin.py:112} INFO - [2020-12-22 14:29:36,088] {batch.py:309} INFO - 	at org.apache.hadoop.ipc.RPC$Server.call(RPC.java:1025)
[2020-12-22 14:29:36,088] {logging_mixin.py:112} INFO - [2020-12-22 14:29:36,088] {batch.py:309} INFO - 	at org.apache.hadoop.ipc.Server$RpcCall.run(Server.java:876)
[2020-12-22 14:29:36,088] {logging_mixin.py:112} INFO - [2020-12-22 14:29:36,088] {batch.py:309} INFO - 	at org.apache.hadoop.ipc.Server$RpcCall.run(Server.java:822)
[2020-12-22 14:29:36,088] {logging_mixin.py:112} INFO - [2020-12-22 14:29:36,088] {batch.py:309} INFO - 	at java.security.AccessController.doPrivileged(Native Method)
[2020-12-22 14:29:36,088] {logging_mixin.py:112} INFO - [2020-12-22 14:29:36,088] {batch.py:309} INFO - 	at javax.security.auth.Subject.doAs(Subject.java:422)
[2020-12-22 14:29:36,089] {logging_mixin.py:112} INFO - [2020-12-22 14:29:36,088] {batch.py:309} INFO - 	at org.apache.hadoop.security.UserGroupInformation.doAs(UserGroupInformation.java:1730)
[2020-12-22 14:29:36,089] {logging_mixin.py:112} INFO - [2020-12-22 14:29:36,089] {batch.py:309} INFO - 	at org.apache.hadoop.ipc.Server$Handler.run(Server.java:2682)
[2020-12-22 14:29:36,089] {logging_mixin.py:112} INFO - [2020-12-22 14:29:36,089] {batch.py:309} INFO - 
[2020-12-22 14:29:36,089] {logging_mixin.py:112} INFO - [2020-12-22 14:29:36,089] {batch.py:309} INFO - 	at org.apache.hadoop.ipc.Client.getRpcResponse(Client.java:1511)
[2020-12-22 14:29:36,089] {logging_mixin.py:112} INFO - [2020-12-22 14:29:36,089] {batch.py:309} INFO - 	at org.apache.hadoop.ipc.Client.call(Client.java:1457)
[2020-12-22 14:29:36,089] {logging_mixin.py:112} INFO - [2020-12-22 14:29:36,089] {batch.py:309} INFO - 	at org.apache.hadoop.ipc.Client.call(Client.java:1367)
[2020-12-22 14:29:36,094] {logging_mixin.py:112} INFO - [2020-12-22 14:29:36,089] {batch.py:309} INFO - 	at org.apache.hadoop.ipc.ProtobufRpcEngine$Invoker.invoke(ProtobufRpcEngine.java:228)
[2020-12-22 14:29:36,094] {logging_mixin.py:112} INFO - [2020-12-22 14:29:36,094] {batch.py:309} INFO - 	at org.apache.hadoop.ipc.ProtobufRpcEngine$Invoker.invoke(ProtobufRpcEngine.java:116)
[2020-12-22 14:29:36,095] {logging_mixin.py:112} INFO - [2020-12-22 14:29:36,094] {batch.py:309} INFO - 	at com.sun.proxy.$Proxy24.addBlock(Unknown Source)
[2020-12-22 14:29:36,095] {logging_mixin.py:112} INFO - [2020-12-22 14:29:36,095] {batch.py:309} INFO - 	at org.apache.hadoop.hdfs.protocolPB.ClientNamenodeProtocolTranslatorPB.addBlock(ClientNamenodeProtocolTranslatorPB.java:513)
[2020-12-22 14:29:36,095] {logging_mixin.py:112} INFO - [2020-12-22 14:29:36,095] {batch.py:309} INFO - 	at sun.reflect.NativeMethodAccessorImpl.invoke0(Native Method)
[2020-12-22 14:29:36,095] {logging_mixin.py:112} INFO - [2020-12-22 14:29:36,095] {batch.py:309} INFO - 	at sun.reflect.NativeMethodAccessorImpl.invoke(NativeMethodAccessorImpl.java:62)
[2020-12-22 14:29:36,095] {logging_mixin.py:112} INFO - [2020-12-22 14:29:36,095] {batch.py:309} INFO - 	at sun.reflect.DelegatingMethodAccessorImpl.invoke(DelegatingMethodAccessorImpl.java:43)
[2020-12-22 14:29:36,095] {logging_mixin.py:112} INFO - [2020-12-22 14:29:36,095] {batch.py:309} INFO - 	at java.lang.reflect.Method.invoke(Method.java:498)
[2020-12-22 14:29:36,096] {logging_mixin.py:112} INFO - [2020-12-22 14:29:36,095] {batch.py:309} INFO - 	at org.apache.hadoop.io.retry.RetryInvocationHandler.invokeMethod(RetryInvocationHandler.java:422)
[2020-12-22 14:29:36,098] {logging_mixin.py:112} INFO - [2020-12-22 14:29:36,098] {batch.py:309} INFO - 	at org.apache.hadoop.io.retry.RetryInvocationHandler$Call.invokeMethod(RetryInvocationHandler.java:165)
[2020-12-22 14:29:36,099] {logging_mixin.py:112} INFO - [2020-12-22 14:29:36,098] {batch.py:309} INFO - 	at org.apache.hadoop.io.retry.RetryInvocationHandler$Call.invoke(RetryInvocationHandler.java:157)
[2020-12-22 14:29:36,099] {logging_mixin.py:112} INFO - [2020-12-22 14:29:36,099] {batch.py:309} INFO - 	at org.apache.hadoop.io.retry.RetryInvocationHandler$Call.invokeOnce(RetryInvocationHandler.java:95)
[2020-12-22 14:29:36,099] {logging_mixin.py:112} INFO - [2020-12-22 14:29:36,099] {batch.py:309} INFO - 	at org.apache.hadoop.io.retry.RetryInvocationHandler.invoke(RetryInvocationHandler.java:359)
[2020-12-22 14:29:36,099] {logging_mixin.py:112} INFO - [2020-12-22 14:29:36,099] {batch.py:309} INFO - 	at com.sun.proxy.$Proxy25.addBlock(Unknown Source)
[2020-12-22 14:29:36,099] {logging_mixin.py:112} INFO - [2020-12-22 14:29:36,099] {batch.py:309} INFO - 	at org.apache.hadoop.hdfs.DFSOutputStream.addBlock(DFSOutputStream.java:1081)
[2020-12-22 14:29:36,099] {logging_mixin.py:112} INFO - [2020-12-22 14:29:36,099] {batch.py:309} INFO - 	at org.apache.hadoop.hdfs.DataStreamer.locateFollowingBlock(DataStreamer.java:1865)
[2020-12-22 14:29:36,100] {logging_mixin.py:112} INFO - [2020-12-22 14:29:36,100] {batch.py:309} INFO - 	at org.apache.hadoop.hdfs.DataStreamer.nextBlockOutputStream(DataStreamer.java:1668)
[2020-12-22 14:29:36,100] {logging_mixin.py:112} INFO - [2020-12-22 14:29:36,100] {batch.py:309} INFO - 	at org.apache.hadoop.hdfs.DataStreamer.run(DataStreamer.java:716)
[2020-12-22 14:29:36,100] {logging_mixin.py:112} INFO - [2020-12-22 14:29:36,100] {batch.py:309} INFO - 2020-12-22 14:29:24,038 INFO server.AbstractConnector: Stopped Spark@69b45d30{HTTP/1.1,[http/1.1]}{0.0.0.0:4040}
[2020-12-22 14:29:36,100] {logging_mixin.py:112} INFO - [2020-12-22 14:29:36,100] {batch.py:309} INFO - 2020-12-22 14:29:24,045 INFO ui.SparkUI: Stopped Spark web UI at http://livy:4040
[2020-12-22 14:29:36,100] {logging_mixin.py:112} INFO - [2020-12-22 14:29:36,100] {batch.py:309} INFO - 2020-12-22 14:29:24,059 WARN cluster.YarnSchedulerBackend$YarnSchedulerEndpoint: Attempted to request executors before the AM has registered!
[2020-12-22 14:29:36,100] {logging_mixin.py:112} INFO - [2020-12-22 14:29:36,100] {batch.py:309} INFO - 2020-12-22 14:29:24,062 INFO cluster.YarnClientSchedulerBackend: Stopped
[2020-12-22 14:29:36,101] {logging_mixin.py:112} INFO - [2020-12-22 14:29:36,100] {batch.py:309} INFO - 2020-12-22 14:29:24,095 INFO spark.MapOutputTrackerMasterEndpoint: MapOutputTrackerMasterEndpoint stopped!
[2020-12-22 14:29:36,101] {logging_mixin.py:112} INFO - [2020-12-22 14:29:36,101] {batch.py:309} INFO - 2020-12-22 14:29:24,116 INFO memory.MemoryStore: MemoryStore cleared
[2020-12-22 14:29:36,101] {logging_mixin.py:112} INFO - [2020-12-22 14:29:36,101] {batch.py:309} INFO - 2020-12-22 14:29:24,118 INFO storage.BlockManager: BlockManager stopped
[2020-12-22 14:29:36,101] {logging_mixin.py:112} INFO - [2020-12-22 14:29:36,101] {batch.py:309} INFO - 2020-12-22 14:29:24,128 INFO storage.BlockManagerMaster: BlockManagerMaster stopped
[2020-12-22 14:29:36,101] {logging_mixin.py:112} INFO - [2020-12-22 14:29:36,101] {batch.py:309} INFO - 2020-12-22 14:29:24,129 WARN metrics.MetricsSystem: Stopping a MetricsSystem that is not running
[2020-12-22 14:29:36,101] {logging_mixin.py:112} INFO - [2020-12-22 14:29:36,101] {batch.py:309} INFO - 2020-12-22 14:29:24,132 INFO scheduler.OutputCommitCoordinator$OutputCommitCoordinatorEndpoint: OutputCommitCoordinator stopped!
[2020-12-22 14:29:36,104] {logging_mixin.py:112} INFO - [2020-12-22 14:29:36,101] {batch.py:309} INFO - 2020-12-22 14:29:24,165 INFO spark.SparkContext: Successfully stopped SparkContext
[2020-12-22 14:29:36,106] {logging_mixin.py:112} INFO - [2020-12-22 14:29:36,106] {batch.py:309} INFO - Traceback (most recent call last):
[2020-12-22 14:29:36,106] {logging_mixin.py:112} INFO - [2020-12-22 14:29:36,106] {batch.py:309} INFO -   File "/tmp/spark-21971586-b40b-4d5e-bed0-b2ed928e3037/main.py", line 87, in <module>
[2020-12-22 14:29:36,106] {logging_mixin.py:112} INFO - [2020-12-22 14:29:36,106] {batch.py:309} INFO -     main()
[2020-12-22 14:29:36,107] {logging_mixin.py:112} INFO - [2020-12-22 14:29:36,107] {batch.py:309} INFO -   File "/tmp/spark-21971586-b40b-4d5e-bed0-b2ed928e3037/main.py", line 56, in main
[2020-12-22 14:29:36,107] {logging_mixin.py:112} INFO - [2020-12-22 14:29:36,107] {batch.py:309} INFO -     spark = create_spark_session(args.mode, args.awsKey, args.awsSecretKey)
[2020-12-22 14:29:36,107] {logging_mixin.py:112} INFO - [2020-12-22 14:29:36,107] {batch.py:309} INFO -   File "/tmp/spark-21971586-b40b-4d5e-bed0-b2ed928e3037/main.py", line 37, in create_spark_session
[2020-12-22 14:29:36,107] {logging_mixin.py:112} INFO - [2020-12-22 14:29:36,107] {batch.py:309} INFO -     .appName("LoanDefaultPrediction") \
[2020-12-22 14:29:36,107] {logging_mixin.py:112} INFO - [2020-12-22 14:29:36,107] {batch.py:309} INFO -   File "/usr/spark/python/lib/pyspark.zip/pyspark/sql/session.py", line 173, in getOrCreate
[2020-12-22 14:29:36,107] {logging_mixin.py:112} INFO - [2020-12-22 14:29:36,107] {batch.py:309} INFO -   File "/usr/spark/python/lib/pyspark.zip/pyspark/context.py", line 367, in getOrCreate
[2020-12-22 14:29:36,108] {logging_mixin.py:112} INFO - [2020-12-22 14:29:36,107] {batch.py:309} INFO -   File "/usr/spark/python/lib/pyspark.zip/pyspark/context.py", line 136, in __init__
[2020-12-22 14:29:36,108] {logging_mixin.py:112} INFO - [2020-12-22 14:29:36,108] {batch.py:309} INFO -   File "/usr/spark/python/lib/pyspark.zip/pyspark/context.py", line 198, in _do_init
[2020-12-22 14:29:36,108] {logging_mixin.py:112} INFO - [2020-12-22 14:29:36,108] {batch.py:309} INFO -   File "/usr/spark/python/lib/pyspark.zip/pyspark/context.py", line 306, in _initialize_context
[2020-12-22 14:29:36,108] {logging_mixin.py:112} INFO - [2020-12-22 14:29:36,108] {batch.py:309} INFO -   File "/usr/spark/python/lib/py4j-0.10.7-src.zip/py4j/java_gateway.py", line 1525, in __call__
[2020-12-22 14:29:36,108] {logging_mixin.py:112} INFO - [2020-12-22 14:29:36,108] {batch.py:309} INFO -   File "/usr/spark/python/lib/py4j-0.10.7-src.zip/py4j/protocol.py", line 328, in get_return_value
[2020-12-22 14:29:36,108] {logging_mixin.py:112} INFO - [2020-12-22 14:29:36,108] {batch.py:309} INFO - py4j.protocol.Py4JJavaError: An error occurred while calling None.org.apache.spark.api.java.JavaSparkContext.
[2020-12-22 14:29:36,113] {logging_mixin.py:112} INFO - [2020-12-22 14:29:36,113] {batch.py:309} INFO - : org.apache.hadoop.ipc.RemoteException(java.io.IOException): File /user/root/.sparkStaging/application_1608640367429_0005/pyspark.zip could only be written to 0 of the 1 minReplication nodes. There are 0 datanode(s) running and 0 node(s) are excluded in this operation.
[2020-12-22 14:29:36,113] {logging_mixin.py:112} INFO - [2020-12-22 14:29:36,113] {batch.py:309} INFO - 	at org.apache.hadoop.hdfs.server.blockmanagement.BlockManager.chooseTarget4NewBlock(BlockManager.java:2135)
[2020-12-22 14:29:36,113] {logging_mixin.py:112} INFO - [2020-12-22 14:29:36,113] {batch.py:309} INFO - 	at org.apache.hadoop.hdfs.server.namenode.FSDirWriteFileOp.chooseTargetForNewBlock(FSDirWriteFileOp.java:294)
[2020-12-22 14:29:36,114] {logging_mixin.py:112} INFO - [2020-12-22 14:29:36,114] {batch.py:309} INFO - 	at org.apache.hadoop.hdfs.server.namenode.FSNamesystem.getAdditionalBlock(FSNamesystem.java:2771)
[2020-12-22 14:29:36,114] {logging_mixin.py:112} INFO - [2020-12-22 14:29:36,114] {batch.py:309} INFO - 	at org.apache.hadoop.hdfs.server.namenode.NameNodeRpcServer.addBlock(NameNodeRpcServer.java:876)
[2020-12-22 14:29:36,114] {logging_mixin.py:112} INFO - [2020-12-22 14:29:36,114] {batch.py:309} INFO - 	at org.apache.hadoop.hdfs.protocolPB.ClientNamenodeProtocolServerSideTranslatorPB.addBlock(ClientNamenodeProtocolServerSideTranslatorPB.java:567)
[2020-12-22 14:29:36,114] {logging_mixin.py:112} INFO - [2020-12-22 14:29:36,114] {batch.py:309} INFO - 	at org.apache.hadoop.hdfs.protocol.proto.ClientNamenodeProtocolProtos$ClientNamenodeProtocol$2.callBlockingMethod(ClientNamenodeProtocolProtos.java)
[2020-12-22 14:29:36,114] {logging_mixin.py:112} INFO - [2020-12-22 14:29:36,114] {batch.py:309} INFO - 	at org.apache.hadoop.ipc.ProtobufRpcEngine$Server$ProtoBufRpcInvoker.call(ProtobufRpcEngine.java:524)
[2020-12-22 14:29:36,114] {logging_mixin.py:112} INFO - [2020-12-22 14:29:36,114] {batch.py:309} INFO - 	at org.apache.hadoop.ipc.RPC$Server.call(RPC.java:1025)
[2020-12-22 14:29:36,115] {logging_mixin.py:112} INFO - [2020-12-22 14:29:36,115] {batch.py:309} INFO - 	at org.apache.hadoop.ipc.Server$RpcCall.run(Server.java:876)
[2020-12-22 14:29:36,115] {logging_mixin.py:112} INFO - [2020-12-22 14:29:36,115] {batch.py:309} INFO - 	at org.apache.hadoop.ipc.Server$RpcCall.run(Server.java:822)
[2020-12-22 14:29:36,115] {logging_mixin.py:112} INFO - [2020-12-22 14:29:36,115] {batch.py:309} INFO - 	at java.security.AccessController.doPrivileged(Native Method)
[2020-12-22 14:29:36,115] {logging_mixin.py:112} INFO - [2020-12-22 14:29:36,115] {batch.py:309} INFO - 	at javax.security.auth.Subject.doAs(Subject.java:422)
[2020-12-22 14:29:36,115] {logging_mixin.py:112} INFO - [2020-12-22 14:29:36,115] {batch.py:309} INFO - 	at org.apache.hadoop.security.UserGroupInformation.doAs(UserGroupInformation.java:1730)
[2020-12-22 14:29:36,115] {logging_mixin.py:112} INFO - [2020-12-22 14:29:36,115] {batch.py:309} INFO - 	at org.apache.hadoop.ipc.Server$Handler.run(Server.java:2682)
[2020-12-22 14:29:36,115] {logging_mixin.py:112} INFO - [2020-12-22 14:29:36,115] {batch.py:309} INFO - 
[2020-12-22 14:29:36,116] {logging_mixin.py:112} INFO - [2020-12-22 14:29:36,116] {batch.py:309} INFO - 	at org.apache.hadoop.ipc.Client.getRpcResponse(Client.java:1511)
[2020-12-22 14:29:36,116] {logging_mixin.py:112} INFO - [2020-12-22 14:29:36,116] {batch.py:309} INFO - 	at org.apache.hadoop.ipc.Client.call(Client.java:1457)
[2020-12-22 14:29:36,116] {logging_mixin.py:112} INFO - [2020-12-22 14:29:36,116] {batch.py:309} INFO - 	at org.apache.hadoop.ipc.Client.call(Client.java:1367)
[2020-12-22 14:29:36,116] {logging_mixin.py:112} INFO - [2020-12-22 14:29:36,116] {batch.py:309} INFO - 	at org.apache.hadoop.ipc.ProtobufRpcEngine$Invoker.invoke(ProtobufRpcEngine.java:228)
[2020-12-22 14:29:36,116] {logging_mixin.py:112} INFO - [2020-12-22 14:29:36,116] {batch.py:309} INFO - 	at org.apache.hadoop.ipc.ProtobufRpcEngine$Invoker.invoke(ProtobufRpcEngine.java:116)
[2020-12-22 14:29:36,116] {logging_mixin.py:112} INFO - [2020-12-22 14:29:36,116] {batch.py:309} INFO - 	at com.sun.proxy.$Proxy24.addBlock(Unknown Source)
[2020-12-22 14:29:36,117] {logging_mixin.py:112} INFO - [2020-12-22 14:29:36,117] {batch.py:309} INFO - 	at org.apache.hadoop.hdfs.protocolPB.ClientNamenodeProtocolTranslatorPB.addBlock(ClientNamenodeProtocolTranslatorPB.java:513)
[2020-12-22 14:29:36,117] {logging_mixin.py:112} INFO - [2020-12-22 14:29:36,117] {batch.py:309} INFO - 	at sun.reflect.NativeMethodAccessorImpl.invoke0(Native Method)
[2020-12-22 14:29:36,117] {logging_mixin.py:112} INFO - [2020-12-22 14:29:36,117] {batch.py:309} INFO - 	at sun.reflect.NativeMethodAccessorImpl.invoke(NativeMethodAccessorImpl.java:62)
[2020-12-22 14:29:36,117] {logging_mixin.py:112} INFO - [2020-12-22 14:29:36,117] {batch.py:309} INFO - 	at sun.reflect.DelegatingMethodAccessorImpl.invoke(DelegatingMethodAccessorImpl.java:43)
[2020-12-22 14:29:36,117] {logging_mixin.py:112} INFO - [2020-12-22 14:29:36,117] {batch.py:309} INFO - 	at java.lang.reflect.Method.invoke(Method.java:498)
[2020-12-22 14:29:36,117] {logging_mixin.py:112} INFO - [2020-12-22 14:29:36,117] {batch.py:309} INFO - 	at org.apache.hadoop.io.retry.RetryInvocationHandler.invokeMethod(RetryInvocationHandler.java:422)
[2020-12-22 14:29:36,126] {logging_mixin.py:112} INFO - [2020-12-22 14:29:36,126] {batch.py:309} INFO - 	at org.apache.hadoop.io.retry.RetryInvocationHandler$Call.invokeMethod(RetryInvocationHandler.java:165)
[2020-12-22 14:29:36,129] {logging_mixin.py:112} INFO - [2020-12-22 14:29:36,129] {batch.py:309} INFO - 	at org.apache.hadoop.io.retry.RetryInvocationHandler$Call.invoke(RetryInvocationHandler.java:157)
[2020-12-22 14:29:36,129] {logging_mixin.py:112} INFO - [2020-12-22 14:29:36,129] {batch.py:309} INFO - 	at org.apache.hadoop.io.retry.RetryInvocationHandler$Call.invokeOnce(RetryInvocationHandler.java:95)
[2020-12-22 14:29:36,129] {logging_mixin.py:112} INFO - [2020-12-22 14:29:36,129] {batch.py:309} INFO - 	at org.apache.hadoop.io.retry.RetryInvocationHandler.invoke(RetryInvocationHandler.java:359)
[2020-12-22 14:29:36,129] {logging_mixin.py:112} INFO - [2020-12-22 14:29:36,129] {batch.py:309} INFO - 	at com.sun.proxy.$Proxy25.addBlock(Unknown Source)
[2020-12-22 14:29:36,129] {logging_mixin.py:112} INFO - [2020-12-22 14:29:36,129] {batch.py:309} INFO - 	at org.apache.hadoop.hdfs.DFSOutputStream.addBlock(DFSOutputStream.java:1081)
[2020-12-22 14:29:36,130] {logging_mixin.py:112} INFO - [2020-12-22 14:29:36,129] {batch.py:309} INFO - 	at org.apache.hadoop.hdfs.DataStreamer.locateFollowingBlock(DataStreamer.java:1865)
[2020-12-22 14:29:36,133] {logging_mixin.py:112} INFO - [2020-12-22 14:29:36,133] {batch.py:309} INFO - 	at org.apache.hadoop.hdfs.DataStreamer.nextBlockOutputStream(DataStreamer.java:1668)
[2020-12-22 14:29:36,134] {logging_mixin.py:112} INFO - [2020-12-22 14:29:36,134] {batch.py:309} INFO - 	at org.apache.hadoop.hdfs.DataStreamer.run(DataStreamer.java:716)
[2020-12-22 14:29:36,134] {logging_mixin.py:112} INFO - [2020-12-22 14:29:36,134] {batch.py:309} INFO - 
[2020-12-22 14:29:36,134] {logging_mixin.py:112} INFO - [2020-12-22 14:29:36,134] {batch.py:309} INFO - 2020-12-22 14:29:24,239 INFO util.ShutdownHookManager: Shutdown hook called
[2020-12-22 14:29:36,134] {logging_mixin.py:112} INFO - [2020-12-22 14:29:36,134] {batch.py:309} INFO - 2020-12-22 14:29:24,240 INFO util.ShutdownHookManager: Deleting directory /tmp/spark-21971586-b40b-4d5e-bed0-b2ed928e3037
[2020-12-22 14:29:36,135] {logging_mixin.py:112} INFO - [2020-12-22 14:29:36,134] {batch.py:309} INFO - 2020-12-22 14:29:24,247 INFO util.ShutdownHookManager: Deleting directory /tmp/spark-7d3d6025-610c-4484-81c6-315f20e110de
[2020-12-22 14:29:36,135] {logging_mixin.py:112} INFO - [2020-12-22 14:29:36,135] {batch.py:309} INFO - 2020-12-22 14:29:24,353 INFO impl.MetricsSystemImpl: Stopping s3a-file-system metrics system...
[2020-12-22 14:29:36,135] {logging_mixin.py:112} INFO - [2020-12-22 14:29:36,135] {batch.py:309} INFO - 2020-12-22 14:29:24,354 INFO impl.MetricsSystemImpl: s3a-file-system metrics system stopped.
[2020-12-22 14:29:36,184] {logging_mixin.py:112} INFO - [2020-12-22 14:29:36,184] {base_hook.py:84} INFO - Using connection to: id: livy. Host: http://ec2-3-236-26-7.compute-1.amazonaws.com, Port: 8998, Schema: None, Login: None, Password: None, extra: None
[2020-12-22 14:29:36,189] {logging_mixin.py:112} INFO - [2020-12-22 14:29:36,188] {http_hook.py:136} INFO - Sending 'GET' to url: http://ec2-3-236-26-7.compute-1.amazonaws.com:8998/batches/49/log?from=200&size=100
[2020-12-22 14:29:36,245] {logging_mixin.py:112} INFO - [2020-12-22 14:29:36,245] {batch.py:309} INFO - 2020-12-22 14:29:24,355 INFO impl.MetricsSystemImpl: s3a-file-system metrics system shutdown complete.
[2020-12-22 14:29:36,262] {logging_mixin.py:112} INFO - [2020-12-22 14:29:36,262] {batch.py:309} INFO - 
stderr: 
[2020-12-22 14:29:36,265] {logging_mixin.py:112} INFO - [2020-12-22 14:29:36,262] {batch.py:309} INFO - 
YARN Diagnostics: 
[2020-12-22 14:29:36,265] {logging_mixin.py:112} INFO - [2020-12-22 14:29:36,265] {batch.py:309} INFO - spark-submit start failed
[2020-12-22 14:29:36,265] {logging_mixin.py:112} INFO - [2020-12-22 14:29:36,265] {batch.py:318} INFO - --------------------------------------------------End of full log for batch 49--------------------------------------------------
[2020-12-22 14:29:36,268] {logging_mixin.py:112} INFO - [2020-12-22 14:29:36,265] {batch.py:335} INFO - Closing batch with id = 49
[2020-12-22 14:29:36,301] {logging_mixin.py:112} INFO - [2020-12-22 14:29:36,300] {base_hook.py:84} INFO - Using connection to: id: livy. Host: http://ec2-3-236-26-7.compute-1.amazonaws.com, Port: 8998, Schema: None, Login: None, Password: None, extra: None
[2020-12-22 14:29:36,306] {logging_mixin.py:112} INFO - [2020-12-22 14:29:36,306] {http_hook.py:136} INFO - Sending 'DELETE' to url: http://ec2-3-236-26-7.compute-1.amazonaws.com:8998/batches/49
[2020-12-22 14:29:36,347] {logging_mixin.py:112} INFO - [2020-12-22 14:29:36,347] {batch.py:340} INFO - Batch 49 has been closed
[2020-12-22 14:29:36,446] {taskinstance.py:1128} ERROR - Batch 49 failed with state 'dead'
Traceback (most recent call last):
  File "/opt/bitnami/python/lib/python3.6/site-packages/airflow/models/taskinstance.py", line 966, in _run_raw_task
    result = task_copy.execute(context=context)
  File "/usr/local/airflow/plugins/airflow_livy/batch.py", line 173, in execute
    ).execute(context)
  File "/opt/bitnami/python/lib/python3.6/site-packages/airflow/sensors/base_sensor_operator.py", line 107, in execute
    while not self.poke(context):
  File "/usr/local/airflow/plugins/airflow_livy/batch.py", line 96, in poke
    raise AirflowException(f"Batch {self.batch_id} failed with state '{state}'")
airflow.exceptions.AirflowException: Batch 49 failed with state 'dead'
[2020-12-22 14:29:36,450] {taskinstance.py:1151} INFO - Marking task as UP_FOR_RETRY
[2020-12-22 14:29:40,809] {logging_mixin.py:112} INFO - [2020-12-22 14:29:40,809] {local_task_job.py:103} INFO - Task exited with return code 1
