[2020-12-22 12:56:36,181] {taskinstance.py:655} INFO - Dependencies all met for <TaskInstance: loan_prediction_train_model.preprocess_data 2020-12-22T12:43:23.210460+00:00 [queued]>
[2020-12-22 12:56:36,198] {taskinstance.py:655} INFO - Dependencies all met for <TaskInstance: loan_prediction_train_model.preprocess_data 2020-12-22T12:43:23.210460+00:00 [queued]>
[2020-12-22 12:56:36,199] {taskinstance.py:866} INFO - 
--------------------------------------------------------------------------------
[2020-12-22 12:56:36,199] {taskinstance.py:867} INFO - Starting attempt 6 of 6
[2020-12-22 12:56:36,199] {taskinstance.py:868} INFO - 
--------------------------------------------------------------------------------
[2020-12-22 12:56:36,210] {taskinstance.py:887} INFO - Executing <Task(LivyBatchOperator): preprocess_data> on 2020-12-22T12:43:23.210460+00:00
[2020-12-22 12:56:36,213] {standard_task_runner.py:53} INFO - Started process 15222 to run task
[2020-12-22 12:56:36,277] {logging_mixin.py:112} INFO - Running %s on host %s <TaskInstance: loan_prediction_train_model.preprocess_data 2020-12-22T12:43:23.210460+00:00 [running]> dcb43f18a24b
[2020-12-22 12:56:36,319] {logging_mixin.py:112} INFO - [2020-12-22 12:56:36,319] {batch.py:214} INFO - Submitting the batch to Livy... Payload:
{
  "file": "local:/tmp/airflowtmpqsaf8yls/usr/local/airflow/dist/main.py",
  "args": [
    "-job=preprocess_data",
    "-phase=train",
    "-mode=aws",
    "-awsKey=AKIAUW4FKHTMR2UR3INH",
    "-awsSecretKey=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",
    "-s3Bucket=alanchn31-loan-default-prediction"
  ],
  "pyFiles": [
    "local:/tmp/airflowtmpqsaf8yls/usr/local/airflow/dist/src.zip"
  ],
  "name": "preprocess_data_scheduled__2020-12-22T12:43:23.210460+00:00"
}
[2020-12-22 12:56:36,336] {logging_mixin.py:112} INFO - [2020-12-22 12:56:36,334] {base_hook.py:84} INFO - Using connection to: id: livy. Host: http://ec2-3-236-26-7.compute-1.amazonaws.com, Port: 8998, Schema: None, Login: None, Password: None, extra: None
[2020-12-22 12:56:36,338] {logging_mixin.py:112} INFO - [2020-12-22 12:56:36,338] {http_hook.py:136} INFO - Sending 'POST' to url: http://ec2-3-236-26-7.compute-1.amazonaws.com:8998/batches
[2020-12-22 12:56:36,380] {logging_mixin.py:112} INFO - [2020-12-22 12:56:36,379] {batch.py:166} INFO - Batch successfully submitted with id = 2.
[2020-12-22 12:56:36,380] {logging_mixin.py:112} INFO - [2020-12-22 12:56:36,380] {batch.py:80} INFO - Getting batch 2 status...
[2020-12-22 12:56:36,387] {logging_mixin.py:112} INFO - [2020-12-22 12:56:36,387] {base_hook.py:84} INFO - Using connection to: id: livy. Host: http://ec2-3-236-26-7.compute-1.amazonaws.com, Port: 8998, Schema: None, Login: None, Password: None, extra: None
[2020-12-22 12:56:36,388] {logging_mixin.py:112} INFO - [2020-12-22 12:56:36,388] {http_hook.py:136} INFO - Sending 'GET' to url: http://ec2-3-236-26-7.compute-1.amazonaws.com:8998/batches/2
[2020-12-22 12:56:36,401] {logging_mixin.py:112} INFO - [2020-12-22 12:56:36,401] {batch.py:90} INFO - Batch 2 has not finished yet (state is 'starting')
[2020-12-22 12:56:56,418] {logging_mixin.py:112} INFO - [2020-12-22 12:56:56,418] {batch.py:80} INFO - Getting batch 2 status...
[2020-12-22 12:56:56,425] {logging_mixin.py:112} INFO - [2020-12-22 12:56:56,424] {base_hook.py:84} INFO - Using connection to: id: livy. Host: http://ec2-3-236-26-7.compute-1.amazonaws.com, Port: 8998, Schema: None, Login: None, Password: None, extra: None
[2020-12-22 12:56:56,426] {logging_mixin.py:112} INFO - [2020-12-22 12:56:56,426] {http_hook.py:136} INFO - Sending 'GET' to url: http://ec2-3-236-26-7.compute-1.amazonaws.com:8998/batches/2
[2020-12-22 12:56:56,434] {logging_mixin.py:112} INFO - [2020-12-22 12:56:56,434] {batch.py:299} INFO - --------------------------------------------------Full log for batch 2--------------------------------------------------
[2020-12-22 12:56:56,442] {logging_mixin.py:112} INFO - [2020-12-22 12:56:56,442] {base_hook.py:84} INFO - Using connection to: id: livy. Host: http://ec2-3-236-26-7.compute-1.amazonaws.com, Port: 8998, Schema: None, Login: None, Password: None, extra: None
[2020-12-22 12:56:56,443] {logging_mixin.py:112} INFO - [2020-12-22 12:56:56,443] {http_hook.py:136} INFO - Sending 'GET' to url: http://ec2-3-236-26-7.compute-1.amazonaws.com:8998/batches/2/log?from=0&size=100
[2020-12-22 12:56:56,451] {logging_mixin.py:112} INFO - [2020-12-22 12:56:56,451] {batch.py:309} INFO - stdout: 
[2020-12-22 12:56:56,451] {logging_mixin.py:112} INFO - [2020-12-22 12:56:56,451] {batch.py:309} INFO - 2020-12-22 12:56:38,046 WARN util.NativeCodeLoader: Unable to load native-hadoop library for your platform... using builtin-java classes where applicable
[2020-12-22 12:56:56,451] {logging_mixin.py:112} INFO - [2020-12-22 12:56:56,451] {batch.py:309} INFO - python: can't open file '/tmp/airflowtmpqsaf8yls/usr/local/airflow/dist/main.py': [Errno 2] No such file or directory
[2020-12-22 12:56:56,452] {logging_mixin.py:112} INFO - [2020-12-22 12:56:56,452] {batch.py:309} INFO - 2020-12-22 12:56:38,320 INFO util.ShutdownHookManager: Shutdown hook called
[2020-12-22 12:56:56,452] {logging_mixin.py:112} INFO - [2020-12-22 12:56:56,452] {batch.py:309} INFO - 2020-12-22 12:56:38,326 INFO util.ShutdownHookManager: Deleting directory /tmp/spark-e93a1327-2d29-4f6a-b228-22a420b1721f
[2020-12-22 12:56:56,452] {logging_mixin.py:112} INFO - [2020-12-22 12:56:56,452] {batch.py:309} INFO - 
stderr: 
[2020-12-22 12:56:56,452] {logging_mixin.py:112} INFO - [2020-12-22 12:56:56,452] {batch.py:309} INFO - 
YARN Diagnostics: 
[2020-12-22 12:56:56,453] {logging_mixin.py:112} INFO - [2020-12-22 12:56:56,453] {batch.py:309} INFO - spark-submit start failed
[2020-12-22 12:56:56,453] {logging_mixin.py:112} INFO - [2020-12-22 12:56:56,453] {batch.py:318} INFO - --------------------------------------------------End of full log for batch 2--------------------------------------------------
[2020-12-22 12:56:56,453] {logging_mixin.py:112} INFO - [2020-12-22 12:56:56,453] {batch.py:335} INFO - Closing batch with id = 2
[2020-12-22 12:56:56,461] {logging_mixin.py:112} INFO - [2020-12-22 12:56:56,461] {base_hook.py:84} INFO - Using connection to: id: livy. Host: http://ec2-3-236-26-7.compute-1.amazonaws.com, Port: 8998, Schema: None, Login: None, Password: None, extra: None
[2020-12-22 12:56:56,462] {logging_mixin.py:112} INFO - [2020-12-22 12:56:56,462] {http_hook.py:136} INFO - Sending 'DELETE' to url: http://ec2-3-236-26-7.compute-1.amazonaws.com:8998/batches/2
[2020-12-22 12:56:56,477] {logging_mixin.py:112} INFO - [2020-12-22 12:56:56,477] {batch.py:340} INFO - Batch 2 has been closed
[2020-12-22 12:56:56,489] {taskinstance.py:1128} ERROR - Batch 2 failed with state 'dead'
Traceback (most recent call last):
  File "/opt/bitnami/python/lib/python3.6/site-packages/airflow/models/taskinstance.py", line 966, in _run_raw_task
    result = task_copy.execute(context=context)
  File "/usr/local/airflow/plugins/airflow_livy/batch.py", line 173, in execute
    ).execute(context)
  File "/opt/bitnami/python/lib/python3.6/site-packages/airflow/sensors/base_sensor_operator.py", line 107, in execute
    while not self.poke(context):
  File "/usr/local/airflow/plugins/airflow_livy/batch.py", line 96, in poke
    raise AirflowException(f"Batch {self.batch_id} failed with state '{state}'")
airflow.exceptions.AirflowException: Batch 2 failed with state 'dead'
[2020-12-22 12:56:56,492] {taskinstance.py:1170} INFO - All retries failed; marking task as FAILED.dag_id=loan_prediction_train_model, task_id=preprocess_data, execution_date=20201222T124323, start_date=20201222T125636, end_date=20201222T125656
[2020-12-22 12:57:01,222] {logging_mixin.py:112} INFO - [2020-12-22 12:57:01,222] {local_task_job.py:103} INFO - Task exited with return code 1
