[2020-12-22 13:07:06,917] {taskinstance.py:655} INFO - Dependencies all met for <TaskInstance: loan_prediction_train_model.preprocess_data 2020-12-22T12:43:23.210460+00:00 [queued]>
[2020-12-22 13:07:06,942] {taskinstance.py:655} INFO - Dependencies all met for <TaskInstance: loan_prediction_train_model.preprocess_data 2020-12-22T12:43:23.210460+00:00 [queued]>
[2020-12-22 13:07:06,943] {taskinstance.py:866} INFO - 
--------------------------------------------------------------------------------
[2020-12-22 13:07:06,945] {taskinstance.py:867} INFO - Starting attempt 7 of 12
[2020-12-22 13:07:06,945] {taskinstance.py:868} INFO - 
--------------------------------------------------------------------------------
[2020-12-22 13:07:06,959] {taskinstance.py:887} INFO - Executing <Task(LivyBatchOperator): preprocess_data> on 2020-12-22T12:43:23.210460+00:00
[2020-12-22 13:07:06,963] {standard_task_runner.py:53} INFO - Started process 21661 to run task
[2020-12-22 13:07:07,066] {logging_mixin.py:112} INFO - Running %s on host %s <TaskInstance: loan_prediction_train_model.preprocess_data 2020-12-22T12:43:23.210460+00:00 [running]> dcb43f18a24b
[2020-12-22 13:07:07,089] {logging_mixin.py:112} INFO - [2020-12-22 13:07:07,089] {batch.py:214} INFO - Submitting the batch to Livy... Payload:
{
  "file": "s3a://alanchn31-loan-default-prediction/dist/main.py",
  "args": [
    "-job=preprocess_data",
    "-phase=train",
    "-mode=aws",
    "-awsKey=AKIAUW4FKHTMR2UR3INH",
    "-awsSecretKey=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",
    "-s3Bucket=alanchn31-loan-default-prediction"
  ],
  "pyFiles": [
    "s3a://alanchn31-loan-default-prediction/dist/src.zip"
  ],
  "name": "preprocess_data_scheduled__2020-12-22T12:43:23.210460+00:00"
}
[2020-12-22 13:07:07,099] {logging_mixin.py:112} INFO - [2020-12-22 13:07:07,098] {base_hook.py:84} INFO - Using connection to: id: livy. Host: http://ec2-3-236-26-7.compute-1.amazonaws.com, Port: 8998, Schema: None, Login: None, Password: None, extra: None
[2020-12-22 13:07:07,102] {logging_mixin.py:112} INFO - [2020-12-22 13:07:07,101] {http_hook.py:136} INFO - Sending 'POST' to url: http://ec2-3-236-26-7.compute-1.amazonaws.com:8998/batches
[2020-12-22 13:07:07,122] {logging_mixin.py:112} INFO - [2020-12-22 13:07:07,122] {batch.py:166} INFO - Batch successfully submitted with id = 3.
[2020-12-22 13:07:07,123] {logging_mixin.py:112} INFO - [2020-12-22 13:07:07,123] {batch.py:80} INFO - Getting batch 3 status...
[2020-12-22 13:07:07,132] {logging_mixin.py:112} INFO - [2020-12-22 13:07:07,132] {base_hook.py:84} INFO - Using connection to: id: livy. Host: http://ec2-3-236-26-7.compute-1.amazonaws.com, Port: 8998, Schema: None, Login: None, Password: None, extra: None
[2020-12-22 13:07:07,133] {logging_mixin.py:112} INFO - [2020-12-22 13:07:07,133] {http_hook.py:136} INFO - Sending 'GET' to url: http://ec2-3-236-26-7.compute-1.amazonaws.com:8998/batches/3
[2020-12-22 13:07:07,147] {logging_mixin.py:112} INFO - [2020-12-22 13:07:07,147] {batch.py:90} INFO - Batch 3 has not finished yet (state is 'starting')
[2020-12-22 13:07:27,168] {logging_mixin.py:112} INFO - [2020-12-22 13:07:27,168] {batch.py:80} INFO - Getting batch 3 status...
[2020-12-22 13:07:27,188] {logging_mixin.py:112} INFO - [2020-12-22 13:07:27,188] {base_hook.py:84} INFO - Using connection to: id: livy. Host: http://ec2-3-236-26-7.compute-1.amazonaws.com, Port: 8998, Schema: None, Login: None, Password: None, extra: None
[2020-12-22 13:07:27,190] {logging_mixin.py:112} INFO - [2020-12-22 13:07:27,190] {http_hook.py:136} INFO - Sending 'GET' to url: http://ec2-3-236-26-7.compute-1.amazonaws.com:8998/batches/3
[2020-12-22 13:07:27,207] {logging_mixin.py:112} INFO - [2020-12-22 13:07:27,207] {batch.py:299} INFO - --------------------------------------------------Full log for batch 3--------------------------------------------------
[2020-12-22 13:07:27,221] {logging_mixin.py:112} INFO - [2020-12-22 13:07:27,221] {base_hook.py:84} INFO - Using connection to: id: livy. Host: http://ec2-3-236-26-7.compute-1.amazonaws.com, Port: 8998, Schema: None, Login: None, Password: None, extra: None
[2020-12-22 13:07:27,223] {logging_mixin.py:112} INFO - [2020-12-22 13:07:27,222] {http_hook.py:136} INFO - Sending 'GET' to url: http://ec2-3-236-26-7.compute-1.amazonaws.com:8998/batches/3/log?from=0&size=100
[2020-12-22 13:07:27,237] {logging_mixin.py:112} INFO - [2020-12-22 13:07:27,237] {batch.py:309} INFO - stdout: 
[2020-12-22 13:07:27,242] {logging_mixin.py:112} INFO - [2020-12-22 13:07:27,242] {batch.py:309} INFO - 2020-12-22 13:07:08,821 WARN util.NativeCodeLoader: Unable to load native-hadoop library for your platform... using builtin-java classes where applicable
[2020-12-22 13:07:27,243] {logging_mixin.py:112} INFO - [2020-12-22 13:07:27,243] {batch.py:309} INFO - usage: main.py [-h] --job JOB [--phase PHASE] --mode MODE [--awsKey AWSKEY]
[2020-12-22 13:07:27,244] {logging_mixin.py:112} INFO - [2020-12-22 13:07:27,244] {batch.py:309} INFO -                [--awsSecretKey AWSSECRETKEY] [--s3Bucket S3BUCKET]
[2020-12-22 13:07:27,245] {logging_mixin.py:112} INFO - [2020-12-22 13:07:27,244] {batch.py:309} INFO - main.py: error: the following arguments are required: --job, --mode
[2020-12-22 13:07:27,245] {logging_mixin.py:112} INFO - [2020-12-22 13:07:27,245] {batch.py:309} INFO - 2020-12-22 13:07:12,273 INFO util.ShutdownHookManager: Shutdown hook called
[2020-12-22 13:07:27,247] {logging_mixin.py:112} INFO - [2020-12-22 13:07:27,246] {batch.py:309} INFO - 2020-12-22 13:07:12,275 INFO util.ShutdownHookManager: Deleting directory /tmp/spark-96e7a9e7-764f-4a81-b04d-1f3794581cc2
[2020-12-22 13:07:27,247] {logging_mixin.py:112} INFO - [2020-12-22 13:07:27,247] {batch.py:309} INFO - 2020-12-22 13:07:12,280 INFO impl.MetricsSystemImpl: Stopping s3a-file-system metrics system...
[2020-12-22 13:07:27,248] {logging_mixin.py:112} INFO - [2020-12-22 13:07:27,248] {batch.py:309} INFO - 2020-12-22 13:07:12,280 INFO impl.MetricsSystemImpl: s3a-file-system metrics system stopped.
[2020-12-22 13:07:27,249] {logging_mixin.py:112} INFO - [2020-12-22 13:07:27,249] {batch.py:309} INFO - 2020-12-22 13:07:12,280 INFO impl.MetricsSystemImpl: s3a-file-system metrics system shutdown complete.
[2020-12-22 13:07:27,253] {logging_mixin.py:112} INFO - [2020-12-22 13:07:27,253] {batch.py:309} INFO - 
stderr: 
[2020-12-22 13:07:27,254] {logging_mixin.py:112} INFO - [2020-12-22 13:07:27,254] {batch.py:309} INFO - 
YARN Diagnostics: 
[2020-12-22 13:07:27,254] {logging_mixin.py:112} INFO - [2020-12-22 13:07:27,254] {batch.py:309} INFO - spark-submit start failed
[2020-12-22 13:07:27,255] {logging_mixin.py:112} INFO - [2020-12-22 13:07:27,255] {batch.py:318} INFO - --------------------------------------------------End of full log for batch 3--------------------------------------------------
[2020-12-22 13:07:27,256] {logging_mixin.py:112} INFO - [2020-12-22 13:07:27,256] {batch.py:335} INFO - Closing batch with id = 3
[2020-12-22 13:07:27,284] {logging_mixin.py:112} INFO - [2020-12-22 13:07:27,269] {base_hook.py:84} INFO - Using connection to: id: livy. Host: http://ec2-3-236-26-7.compute-1.amazonaws.com, Port: 8998, Schema: None, Login: None, Password: None, extra: None
[2020-12-22 13:07:27,292] {logging_mixin.py:112} INFO - [2020-12-22 13:07:27,292] {http_hook.py:136} INFO - Sending 'DELETE' to url: http://ec2-3-236-26-7.compute-1.amazonaws.com:8998/batches/3
[2020-12-22 13:07:27,305] {logging_mixin.py:112} INFO - [2020-12-22 13:07:27,305] {batch.py:340} INFO - Batch 3 has been closed
[2020-12-22 13:07:27,319] {taskinstance.py:1128} ERROR - Batch 3 failed with state 'dead'
Traceback (most recent call last):
  File "/opt/bitnami/python/lib/python3.6/site-packages/airflow/models/taskinstance.py", line 966, in _run_raw_task
    result = task_copy.execute(context=context)
  File "/usr/local/airflow/plugins/airflow_livy/batch.py", line 173, in execute
    ).execute(context)
  File "/opt/bitnami/python/lib/python3.6/site-packages/airflow/sensors/base_sensor_operator.py", line 107, in execute
    while not self.poke(context):
  File "/usr/local/airflow/plugins/airflow_livy/batch.py", line 96, in poke
    raise AirflowException(f"Batch {self.batch_id} failed with state '{state}'")
airflow.exceptions.AirflowException: Batch 3 failed with state 'dead'
[2020-12-22 13:07:27,322] {taskinstance.py:1151} INFO - Marking task as UP_FOR_RETRY
[2020-12-22 13:07:31,956] {logging_mixin.py:112} INFO - [2020-12-22 13:07:31,956] {local_task_job.py:103} INFO - Task exited with return code 1
